[3.553s] Invoking command in '/home/mike/roborama25_ws/src/robo24_stuff': PYTHONPATH=/home/mike/roborama25_ws/build/robo24_stuff/prefix_override:/usr/lib/python3/dist-packages/colcon_core/task/python/colcon_distutils_commands:/home/mike/roborama25_ws/install/robo24_stuff/lib/python3.10/site-packages:${PYTHONPATH} /usr/bin/python3 -W ignore:setup.py install is deprecated -W ignore:easy_install command is deprecated setup.py egg_info --egg-base ../../build/robo24_stuff build --build-base /home/mike/roborama25_ws/build/robo24_stuff/build install --record /home/mike/roborama25_ws/build/robo24_stuff/install.log --single-version-externally-managed install_data
[4.633s] running egg_info
[4.636s] writing ../../build/robo24_stuff/robo24_stuff.egg-info/PKG-INFO
[4.637s] writing dependency_links to ../../build/robo24_stuff/robo24_stuff.egg-info/dependency_links.txt
[4.638s] writing entry points to ../../build/robo24_stuff/robo24_stuff.egg-info/entry_points.txt
[4.639s] writing requirements to ../../build/robo24_stuff/robo24_stuff.egg-info/requires.txt
[4.640s] writing top-level names to ../../build/robo24_stuff/robo24_stuff.egg-info/top_level.txt
[4.650s] reading manifest file '../../build/robo24_stuff/robo24_stuff.egg-info/SOURCES.txt'
[4.655s] writing manifest file '../../build/robo24_stuff/robo24_stuff.egg-info/SOURCES.txt'
[4.655s] running build
[4.656s] running build_py
[4.658s] copying robo24_stuff/sensor_serial_node.py -> /home/mike/roborama25_ws/build/robo24_stuff/build/lib/robo24_stuff
[4.660s] running install
[4.662s] running install_lib
[4.666s] copying /home/mike/roborama25_ws/build/robo24_stuff/build/lib/robo24_stuff/sensor_serial_node.py -> /home/mike/roborama25_ws/install/robo24_stuff/lib/python3.10/site-packages/robo24_stuff
[4.670s] byte-compiling /home/mike/roborama25_ws/install/robo24_stuff/lib/python3.10/site-packages/robo24_stuff/sensor_serial_node.py to sensor_serial_node.cpython-310.pyc
[4.681s] running install_data
[4.682s] running install_egg_info
[4.689s] removing '/home/mike/roborama25_ws/install/robo24_stuff/lib/python3.10/site-packages/robo24_stuff-0.0.0-py3.10.egg-info' (and everything under it)
[4.690s] Copying ../../build/robo24_stuff/robo24_stuff.egg-info to /home/mike/roborama25_ws/install/robo24_stuff/lib/python3.10/site-packages/robo24_stuff-0.0.0-py3.10.egg-info
[4.696s] running install_scripts
[4.770s] Installing openmv_serial_node script to /home/mike/roborama25_ws/install/robo24_stuff/lib/robo24_stuff
[4.771s] Installing robo24_can_xy_node script to /home/mike/roborama25_ws/install/robo24_stuff/lib/robo24_stuff
[4.772s] Installing robo24_diynav_node script to /home/mike/roborama25_ws/install/robo24_stuff/lib/robo24_stuff
[4.772s] Installing robo24_diyslam_node script to /home/mike/roborama25_ws/install/robo24_stuff/lib/robo24_stuff
[4.773s] Installing robo24_imu_serial_node script to /home/mike/roborama25_ws/install/robo24_stuff/lib/robo24_stuff
[4.774s] Installing robo24_teleop_node script to /home/mike/roborama25_ws/install/robo24_stuff/lib/robo24_stuff
[4.775s] Installing robo24_watch_serial_node script to /home/mike/roborama25_ws/install/robo24_stuff/lib/robo24_stuff
[4.776s] Installing robo24_wheel_controller_node script to /home/mike/roborama25_ws/install/robo24_stuff/lib/robo24_stuff
[4.777s] Installing sensor_serial_node script to /home/mike/roborama25_ws/install/robo24_stuff/lib/robo24_stuff
[4.779s] writing list of installed files to '/home/mike/roborama25_ws/build/robo24_stuff/install.log'
[4.900s] Invoked command in '/home/mike/roborama25_ws/src/robo24_stuff' returned '0': PYTHONPATH=/home/mike/roborama25_ws/build/robo24_stuff/prefix_override:/usr/lib/python3/dist-packages/colcon_core/task/python/colcon_distutils_commands:/home/mike/roborama25_ws/install/robo24_stuff/lib/python3.10/site-packages:${PYTHONPATH} /usr/bin/python3 -W ignore:setup.py install is deprecated -W ignore:easy_install command is deprecated setup.py egg_info --egg-base ../../build/robo24_stuff build --build-base /home/mike/roborama25_ws/build/robo24_stuff/build install --record /home/mike/roborama25_ws/build/robo24_stuff/install.log --single-version-externally-managed install_data
