[0.436s] DEBUG:colcon:Command line arguments: ['/usr/bin/colcon', 'build']
[0.436s] DEBUG:colcon:Parsed command line arguments: Namespace(log_base=None, log_level=None, verb_name='build', build_base='build', install_base='install', merge_install=False, symlink_install=False, test_result_base=None, continue_on_error=False, executor='parallel', parallel_workers=4, event_handlers=None, ignore_user_meta=False, metas=['./colcon.meta'], base_paths=['.'], packages_ignore=None, packages_ignore_regex=None, paths=None, packages_up_to=None, packages_up_to_regex=None, packages_above=None, packages_above_and_dependencies=None, packages_above_depth=None, packages_select_by_dep=None, packages_skip_by_dep=None, packages_skip_up_to=None, packages_select_build_failed=False, packages_skip_build_finished=False, packages_select_test_failures=False, packages_skip_test_passed=False, packages_select=None, packages_skip=None, packages_select_regex=None, packages_skip_regex=None, packages_start=None, packages_end=None, allow_overriding=[], cmake_args=None, cmake_target=None, cmake_target_skip_unavailable=False, cmake_clean_cache=False, cmake_clean_first=False, cmake_force_configure=False, ament_cmake_args=None, catkin_cmake_args=None, catkin_skip_building_tests=False, verb_parser=<colcon_defaults.argument_parser.defaults.DefaultArgumentsDecorator object at 0xffff98263340>, verb_extension=<colcon_core.verb.build.BuildVerb object at 0xffff98448790>, main=<bound method BuildVerb.main of <colcon_core.verb.build.BuildVerb object at 0xffff98448790>>)
[1.197s] Level 1:colcon.colcon_core.package_discovery:discover_packages(colcon_meta) check parameters
[1.198s] Level 1:colcon.colcon_core.package_discovery:discover_packages(recursive) check parameters
[1.198s] Level 1:colcon.colcon_core.package_discovery:discover_packages(ignore) check parameters
[1.198s] Level 1:colcon.colcon_core.package_discovery:discover_packages(path) check parameters
[1.198s] Level 1:colcon.colcon_core.package_discovery:discover_packages(colcon_meta) discover
[1.198s] Level 1:colcon.colcon_core.package_discovery:discover_packages(recursive) discover
[1.199s] INFO:colcon.colcon_core.package_discovery:Crawling recursively for packages in '/home/mike/roborama25_ws'
[1.199s] Level 1:colcon.colcon_core.package_identification:_identify(.) by extensions ['ignore', 'ignore_ament_install']
[1.202s] Level 1:colcon.colcon_core.package_identification:_identify(.) by extension 'ignore'
[1.203s] Level 1:colcon.colcon_core.package_identification:_identify(.) by extension 'ignore_ament_install'
[1.203s] Level 1:colcon.colcon_core.package_identification:_identify(.) by extensions ['colcon_pkg']
[1.203s] Level 1:colcon.colcon_core.package_identification:_identify(.) by extension 'colcon_pkg'
[1.203s] Level 1:colcon.colcon_core.package_identification:_identify(.) by extensions ['colcon_meta']
[1.203s] Level 1:colcon.colcon_core.package_identification:_identify(.) by extension 'colcon_meta'
[1.204s] Level 1:colcon.colcon_core.package_identification:_identify(.) by extensions ['ros']
[1.204s] Level 1:colcon.colcon_core.package_identification:_identify(.) by extension 'ros'
[1.247s] Level 1:colcon.colcon_core.package_identification:_identify(.) by extensions ['cmake', 'python']
[1.247s] Level 1:colcon.colcon_core.package_identification:_identify(.) by extension 'cmake'
[1.248s] Level 1:colcon.colcon_core.package_identification:_identify(.) by extension 'python'
[1.248s] Level 1:colcon.colcon_core.package_identification:_identify(.) by extensions ['python_setup_py']
[1.248s] Level 1:colcon.colcon_core.package_identification:_identify(.) by extension 'python_setup_py'
[1.248s] Level 1:colcon.colcon_core.package_identification:_identify(build) by extensions ['ignore', 'ignore_ament_install']
[1.249s] Level 1:colcon.colcon_core.package_identification:_identify(build) by extension 'ignore'
[1.249s] Level 1:colcon.colcon_core.package_identification:_identify(build) ignored
[1.250s] Level 1:colcon.colcon_core.package_identification:_identify(install) by extensions ['ignore', 'ignore_ament_install']
[1.250s] Level 1:colcon.colcon_core.package_identification:_identify(install) by extension 'ignore'
[1.250s] Level 1:colcon.colcon_core.package_identification:_identify(install) ignored
[1.252s] Level 1:colcon.colcon_core.package_identification:_identify(log) by extensions ['ignore', 'ignore_ament_install']
[1.252s] Level 1:colcon.colcon_core.package_identification:_identify(log) by extension 'ignore'
[1.252s] Level 1:colcon.colcon_core.package_identification:_identify(log) ignored
[1.253s] Level 1:colcon.colcon_core.package_identification:_identify(src) by extensions ['ignore', 'ignore_ament_install']
[1.253s] Level 1:colcon.colcon_core.package_identification:_identify(src) by extension 'ignore'
[1.253s] Level 1:colcon.colcon_core.package_identification:_identify(src) by extension 'ignore_ament_install'
[1.253s] Level 1:colcon.colcon_core.package_identification:_identify(src) by extensions ['colcon_pkg']
[1.254s] Level 1:colcon.colcon_core.package_identification:_identify(src) by extension 'colcon_pkg'
[1.254s] Level 1:colcon.colcon_core.package_identification:_identify(src) by extensions ['colcon_meta']
[1.254s] Level 1:colcon.colcon_core.package_identification:_identify(src) by extension 'colcon_meta'
[1.254s] Level 1:colcon.colcon_core.package_identification:_identify(src) by extensions ['ros']
[1.254s] Level 1:colcon.colcon_core.package_identification:_identify(src) by extension 'ros'
[1.255s] Level 1:colcon.colcon_core.package_identification:_identify(src) by extensions ['cmake', 'python']
[1.255s] Level 1:colcon.colcon_core.package_identification:_identify(src) by extension 'cmake'
[1.255s] Level 1:colcon.colcon_core.package_identification:_identify(src) by extension 'python'
[1.255s] Level 1:colcon.colcon_core.package_identification:_identify(src) by extensions ['python_setup_py']
[1.255s] Level 1:colcon.colcon_core.package_identification:_identify(src) by extension 'python_setup_py'
[1.256s] Level 1:colcon.colcon_core.package_identification:_identify(src/robo24_interfaces) by extensions ['ignore', 'ignore_ament_install']
[1.256s] Level 1:colcon.colcon_core.package_identification:_identify(src/robo24_interfaces) by extension 'ignore'
[1.256s] Level 1:colcon.colcon_core.package_identification:_identify(src/robo24_interfaces) by extension 'ignore_ament_install'
[1.256s] Level 1:colcon.colcon_core.package_identification:_identify(src/robo24_interfaces) by extensions ['colcon_pkg']
[1.257s] Level 1:colcon.colcon_core.package_identification:_identify(src/robo24_interfaces) by extension 'colcon_pkg'
[1.257s] Level 1:colcon.colcon_core.package_identification:_identify(src/robo24_interfaces) by extensions ['colcon_meta']
[1.257s] Level 1:colcon.colcon_core.package_identification:_identify(src/robo24_interfaces) by extension 'colcon_meta'
[1.257s] Level 1:colcon.colcon_core.package_identification:_identify(src/robo24_interfaces) by extensions ['ros']
[1.257s] Level 1:colcon.colcon_core.package_identification:_identify(src/robo24_interfaces) by extension 'ros'
[1.266s] DEBUG:colcon.colcon_core.package_identification:Package 'src/robo24_interfaces' with type 'ros.ament_cmake' and name 'robo24_interfaces'
[1.267s] Level 1:colcon.colcon_core.package_identification:_identify(src/robo24_stuff) by extensions ['ignore', 'ignore_ament_install']
[1.267s] Level 1:colcon.colcon_core.package_identification:_identify(src/robo24_stuff) by extension 'ignore'
[1.267s] Level 1:colcon.colcon_core.package_identification:_identify(src/robo24_stuff) by extension 'ignore_ament_install'
[1.268s] Level 1:colcon.colcon_core.package_identification:_identify(src/robo24_stuff) by extensions ['colcon_pkg']
[1.268s] Level 1:colcon.colcon_core.package_identification:_identify(src/robo24_stuff) by extension 'colcon_pkg'
[1.268s] Level 1:colcon.colcon_core.package_identification:_identify(src/robo24_stuff) by extensions ['colcon_meta']
[1.268s] Level 1:colcon.colcon_core.package_identification:_identify(src/robo24_stuff) by extension 'colcon_meta'
[1.268s] Level 1:colcon.colcon_core.package_identification:_identify(src/robo24_stuff) by extensions ['ros']
[1.268s] Level 1:colcon.colcon_core.package_identification:_identify(src/robo24_stuff) by extension 'ros'
[1.270s] DEBUG:colcon.colcon_core.package_identification:Package 'src/robo24_stuff' with type 'ros.ament_python' and name 'robo24_stuff'
[1.271s] Level 1:colcon.colcon_core.package_identification:_identify(src/sllidar_ros2) by extensions ['ignore', 'ignore_ament_install']
[1.272s] Level 1:colcon.colcon_core.package_identification:_identify(src/sllidar_ros2) by extension 'ignore'
[1.272s] Level 1:colcon.colcon_core.package_identification:_identify(src/sllidar_ros2) by extension 'ignore_ament_install'
[1.272s] Level 1:colcon.colcon_core.package_identification:_identify(src/sllidar_ros2) by extensions ['colcon_pkg']
[1.272s] Level 1:colcon.colcon_core.package_identification:_identify(src/sllidar_ros2) by extension 'colcon_pkg'
[1.272s] Level 1:colcon.colcon_core.package_identification:_identify(src/sllidar_ros2) by extensions ['colcon_meta']
[1.273s] Level 1:colcon.colcon_core.package_identification:_identify(src/sllidar_ros2) by extension 'colcon_meta'
[1.273s] Level 1:colcon.colcon_core.package_identification:_identify(src/sllidar_ros2) by extensions ['ros']
[1.273s] Level 1:colcon.colcon_core.package_identification:_identify(src/sllidar_ros2) by extension 'ros'
[1.276s] DEBUG:colcon.colcon_core.package_identification:Package 'src/sllidar_ros2' with type 'ros.ament_cmake' and name 'sllidar_ros2'
[1.276s] Level 1:colcon.colcon_core.package_discovery:discover_packages(recursive) using defaults
[1.276s] Level 1:colcon.colcon_core.package_discovery:discover_packages(ignore) discover
[1.277s] Level 1:colcon.colcon_core.package_discovery:discover_packages(ignore) using defaults
[1.277s] Level 1:colcon.colcon_core.package_discovery:discover_packages(path) discover
[1.277s] Level 1:colcon.colcon_core.package_discovery:discover_packages(path) using defaults
[1.395s] Level 1:colcon.colcon_core.package_discovery:discover_packages(prefix_path) check parameters
[1.395s] Level 1:colcon.colcon_core.package_discovery:discover_packages(prefix_path) discover
[1.406s] DEBUG:colcon.colcon_installed_package_information.package_discovery:Found 3 installed packages in /home/mike/roborama25_ws/install
[1.409s] DEBUG:colcon.colcon_installed_package_information.package_discovery:Found 6 installed packages in /home/mike/ros2_ws/install
[1.418s] DEBUG:colcon.colcon_installed_package_information.package_discovery:Found 254 installed packages in /opt/ros/humble
[1.424s] Level 1:colcon.colcon_core.package_discovery:discover_packages(prefix_path) using defaults
[1.569s] Level 5:colcon.colcon_core.verb:set package 'robo24_interfaces' build argument 'cmake_args' from command line to 'None'
[1.569s] Level 5:colcon.colcon_core.verb:set package 'robo24_interfaces' build argument 'cmake_target' from command line to 'None'
[1.569s] Level 5:colcon.colcon_core.verb:set package 'robo24_interfaces' build argument 'cmake_target_skip_unavailable' from command line to 'False'
[1.570s] Level 5:colcon.colcon_core.verb:set package 'robo24_interfaces' build argument 'cmake_clean_cache' from command line to 'False'
[1.570s] Level 5:colcon.colcon_core.verb:set package 'robo24_interfaces' build argument 'cmake_clean_first' from command line to 'False'
[1.570s] Level 5:colcon.colcon_core.verb:set package 'robo24_interfaces' build argument 'cmake_force_configure' from command line to 'False'
[1.570s] Level 5:colcon.colcon_core.verb:set package 'robo24_interfaces' build argument 'ament_cmake_args' from command line to 'None'
[1.570s] Level 5:colcon.colcon_core.verb:set package 'robo24_interfaces' build argument 'catkin_cmake_args' from command line to 'None'
[1.570s] Level 5:colcon.colcon_core.verb:set package 'robo24_interfaces' build argument 'catkin_skip_building_tests' from command line to 'False'
[1.570s] DEBUG:colcon.colcon_core.verb:Building package 'robo24_interfaces' with the following arguments: {'ament_cmake_args': None, 'build_base': '/home/mike/roborama25_ws/build/robo24_interfaces', 'catkin_cmake_args': None, 'catkin_skip_building_tests': False, 'cmake_args': None, 'cmake_clean_cache': False, 'cmake_clean_first': False, 'cmake_force_configure': False, 'cmake_target': None, 'cmake_target_skip_unavailable': False, 'install_base': '/home/mike/roborama25_ws/install/robo24_interfaces', 'merge_install': False, 'path': '/home/mike/roborama25_ws/src/robo24_interfaces', 'symlink_install': False, 'test_result_base': None}
[1.572s] Level 5:colcon.colcon_core.verb:set package 'robo24_stuff' build argument 'cmake_args' from command line to 'None'
[1.572s] Level 5:colcon.colcon_core.verb:set package 'robo24_stuff' build argument 'cmake_target' from command line to 'None'
[1.572s] Level 5:colcon.colcon_core.verb:set package 'robo24_stuff' build argument 'cmake_target_skip_unavailable' from command line to 'False'
[1.572s] Level 5:colcon.colcon_core.verb:set package 'robo24_stuff' build argument 'cmake_clean_cache' from command line to 'False'
[1.572s] Level 5:colcon.colcon_core.verb:set package 'robo24_stuff' build argument 'cmake_clean_first' from command line to 'False'
[1.572s] Level 5:colcon.colcon_core.verb:set package 'robo24_stuff' build argument 'cmake_force_configure' from command line to 'False'
[1.573s] Level 5:colcon.colcon_core.verb:set package 'robo24_stuff' build argument 'ament_cmake_args' from command line to 'None'
[1.573s] Level 5:colcon.colcon_core.verb:set package 'robo24_stuff' build argument 'catkin_cmake_args' from command line to 'None'
[1.573s] Level 5:colcon.colcon_core.verb:set package 'robo24_stuff' build argument 'catkin_skip_building_tests' from command line to 'False'
[1.573s] DEBUG:colcon.colcon_core.verb:Building package 'robo24_stuff' with the following arguments: {'ament_cmake_args': None, 'build_base': '/home/mike/roborama25_ws/build/robo24_stuff', 'catkin_cmake_args': None, 'catkin_skip_building_tests': False, 'cmake_args': None, 'cmake_clean_cache': False, 'cmake_clean_first': False, 'cmake_force_configure': False, 'cmake_target': None, 'cmake_target_skip_unavailable': False, 'install_base': '/home/mike/roborama25_ws/install/robo24_stuff', 'merge_install': False, 'path': '/home/mike/roborama25_ws/src/robo24_stuff', 'symlink_install': False, 'test_result_base': None}
[1.574s] Level 5:colcon.colcon_core.verb:set package 'sllidar_ros2' build argument 'cmake_args' from command line to 'None'
[1.575s] Level 5:colcon.colcon_core.verb:set package 'sllidar_ros2' build argument 'cmake_target' from command line to 'None'
[1.575s] Level 5:colcon.colcon_core.verb:set package 'sllidar_ros2' build argument 'cmake_target_skip_unavailable' from command line to 'False'
[1.575s] Level 5:colcon.colcon_core.verb:set package 'sllidar_ros2' build argument 'cmake_clean_cache' from command line to 'False'
[1.575s] Level 5:colcon.colcon_core.verb:set package 'sllidar_ros2' build argument 'cmake_clean_first' from command line to 'False'
[1.575s] Level 5:colcon.colcon_core.verb:set package 'sllidar_ros2' build argument 'cmake_force_configure' from command line to 'False'
[1.575s] Level 5:colcon.colcon_core.verb:set package 'sllidar_ros2' build argument 'ament_cmake_args' from command line to 'None'
[1.575s] Level 5:colcon.colcon_core.verb:set package 'sllidar_ros2' build argument 'catkin_cmake_args' from command line to 'None'
[1.575s] Level 5:colcon.colcon_core.verb:set package 'sllidar_ros2' build argument 'catkin_skip_building_tests' from command line to 'False'
[1.575s] DEBUG:colcon.colcon_core.verb:Building package 'sllidar_ros2' with the following arguments: {'ament_cmake_args': None, 'build_base': '/home/mike/roborama25_ws/build/sllidar_ros2', 'catkin_cmake_args': None, 'catkin_skip_building_tests': False, 'cmake_args': None, 'cmake_clean_cache': False, 'cmake_clean_first': False, 'cmake_force_configure': False, 'cmake_target': None, 'cmake_target_skip_unavailable': False, 'install_base': '/home/mike/roborama25_ws/install/sllidar_ros2', 'merge_install': False, 'path': '/home/mike/roborama25_ws/src/sllidar_ros2', 'symlink_install': False, 'test_result_base': None}
[1.576s] INFO:colcon.colcon_core.executor:Executing jobs using 'parallel' executor
[1.579s] DEBUG:colcon.colcon_parallel_executor.executor.parallel:run_until_complete
[1.580s] INFO:colcon.colcon_ros.task.ament_cmake.build:Building ROS package in '/home/mike/roborama25_ws/src/robo24_interfaces' with build type 'ament_cmake'
[1.581s] INFO:colcon.colcon_cmake.task.cmake.build:Building CMake package in '/home/mike/roborama25_ws/src/robo24_interfaces'
[1.590s] INFO:colcon.colcon_core.plugin_system:Skipping extension 'colcon_core.shell.bat': Not used on non-Windows systems
[1.591s] INFO:colcon.colcon_core.shell:Skip shell extension 'powershell' for command environment: Not usable outside of PowerShell
[1.591s] DEBUG:colcon.colcon_core.shell:Skip shell extension 'dsv' for command environment
[1.613s] INFO:colcon.colcon_ros.task.ament_python.build:Building ROS package in '/home/mike/roborama25_ws/src/robo24_stuff' with build type 'ament_python'
[1.614s] Level 1:colcon.colcon_core.shell:create_environment_hook('robo24_stuff', 'ament_prefix_path')
[1.615s] INFO:colcon.colcon_core.shell:Creating environment hook '/home/mike/roborama25_ws/install/robo24_stuff/share/robo24_stuff/hook/ament_prefix_path.ps1'
[1.619s] INFO:colcon.colcon_core.shell:Creating environment descriptor '/home/mike/roborama25_ws/install/robo24_stuff/share/robo24_stuff/hook/ament_prefix_path.dsv'
[1.621s] INFO:colcon.colcon_core.shell:Creating environment hook '/home/mike/roborama25_ws/install/robo24_stuff/share/robo24_stuff/hook/ament_prefix_path.sh'
[1.625s] INFO:colcon.colcon_core.shell:Skip shell extension 'powershell' for command environment: Not usable outside of PowerShell
[1.625s] DEBUG:colcon.colcon_core.shell:Skip shell extension 'dsv' for command environment
[1.645s] INFO:colcon.colcon_ros.task.ament_cmake.build:Building ROS package in '/home/mike/roborama25_ws/src/sllidar_ros2' with build type 'ament_cmake'
[1.646s] INFO:colcon.colcon_cmake.task.cmake.build:Building CMake package in '/home/mike/roborama25_ws/src/sllidar_ros2'
[1.647s] INFO:colcon.colcon_core.shell:Skip shell extension 'powershell' for command environment: Not usable outside of PowerShell
[1.647s] DEBUG:colcon.colcon_core.shell:Skip shell extension 'dsv' for command environment
[1.686s] DEBUG:colcon.colcon_core.event_handler.log_command:Invoking command in '/home/mike/roborama25_ws/build/robo24_interfaces': CMAKE_PREFIX_PATH=${CMAKE_PREFIX_PATH}:/home/mike/roborama25_ws/install/robo24_stuff:/home/mike/ros2_ws/install/robo24_stuff:/home/mike/ros2_ws/install/robo24_nav:/home/mike/ros2_ws/install/robo24_localization:/home/mike/ros2_ws/install/robo24_bringup:/home/mike/ros2_ws/install/moonday24_demo:/opt/ros/humble /usr/bin/cmake --build /home/mike/roborama25_ws/build/robo24_interfaces -- -j4 -l4
[3.498s] INFO:colcon.colcon_core.task.python.build:Building Python package in '/home/mike/roborama25_ws/src/robo24_stuff'
[3.499s] INFO:colcon.colcon_core.shell:Skip shell extension 'powershell' for command environment: Not usable outside of PowerShell
[3.499s] DEBUG:colcon.colcon_core.shell:Skip shell extension 'dsv' for command environment
[3.567s] DEBUG:colcon.colcon_core.event_handler.log_command:Invoking command in '/home/mike/roborama25_ws/build/sllidar_ros2': CMAKE_PREFIX_PATH=${CMAKE_PREFIX_PATH}:/home/mike/roborama25_ws/install/robo24_stuff:/home/mike/ros2_ws/install/robo24_stuff:/home/mike/ros2_ws/install/robo24_nav:/home/mike/ros2_ws/install/robo24_localization:/home/mike/ros2_ws/install/robo24_bringup:/home/mike/ros2_ws/install/moonday24_demo:/opt/ros/humble /usr/bin/cmake --build /home/mike/roborama25_ws/build/sllidar_ros2 -- -j4 -l4
[4.093s] DEBUG:colcon.colcon_core.event_handler.log_command:Invoked command in '/home/mike/roborama25_ws/build/sllidar_ros2' returned '0': CMAKE_PREFIX_PATH=${CMAKE_PREFIX_PATH}:/home/mike/roborama25_ws/install/robo24_stuff:/home/mike/ros2_ws/install/robo24_stuff:/home/mike/ros2_ws/install/robo24_nav:/home/mike/ros2_ws/install/robo24_localization:/home/mike/ros2_ws/install/robo24_bringup:/home/mike/ros2_ws/install/moonday24_demo:/opt/ros/humble /usr/bin/cmake --build /home/mike/roborama25_ws/build/sllidar_ros2 -- -j4 -l4
[4.186s] DEBUG:colcon.colcon_core.event_handler.log_command:Invoking command in '/home/mike/roborama25_ws/build/sllidar_ros2': CMAKE_PREFIX_PATH=${CMAKE_PREFIX_PATH}:/home/mike/roborama25_ws/install/robo24_stuff:/home/mike/ros2_ws/install/robo24_stuff:/home/mike/ros2_ws/install/robo24_nav:/home/mike/ros2_ws/install/robo24_localization:/home/mike/ros2_ws/install/robo24_bringup:/home/mike/ros2_ws/install/moonday24_demo:/opt/ros/humble /usr/bin/cmake --install /home/mike/roborama25_ws/build/sllidar_ros2
[4.229s] DEBUG:colcon.colcon_core.event_handler.log_command:Invoked command in '/home/mike/roborama25_ws/build/robo24_interfaces' returned '0': CMAKE_PREFIX_PATH=${CMAKE_PREFIX_PATH}:/home/mike/roborama25_ws/install/robo24_stuff:/home/mike/ros2_ws/install/robo24_stuff:/home/mike/ros2_ws/install/robo24_nav:/home/mike/ros2_ws/install/robo24_localization:/home/mike/ros2_ws/install/robo24_bringup:/home/mike/ros2_ws/install/moonday24_demo:/opt/ros/humble /usr/bin/cmake --build /home/mike/roborama25_ws/build/robo24_interfaces -- -j4 -l4
[4.234s] DEBUG:colcon.colcon_core.event_handler.log_command:Invoking command in '/home/mike/roborama25_ws/build/robo24_interfaces': CMAKE_PREFIX_PATH=${CMAKE_PREFIX_PATH}:/home/mike/roborama25_ws/install/robo24_stuff:/home/mike/ros2_ws/install/robo24_stuff:/home/mike/ros2_ws/install/robo24_nav:/home/mike/ros2_ws/install/robo24_localization:/home/mike/ros2_ws/install/robo24_bringup:/home/mike/ros2_ws/install/moonday24_demo:/opt/ros/humble /usr/bin/cmake --install /home/mike/roborama25_ws/build/robo24_interfaces
[4.274s] Level 1:colcon.colcon_core.environment:create_environment_scripts_only(sllidar_ros2)
[4.325s] Level 1:colcon.colcon_core.environment:checking '/home/mike/roborama25_ws/install/sllidar_ros2' for CMake module files
[4.336s] DEBUG:colcon.colcon_core.event_handler.log_command:Invoked command in '/home/mike/roborama25_ws/build/sllidar_ros2' returned '0': CMAKE_PREFIX_PATH=${CMAKE_PREFIX_PATH}:/home/mike/roborama25_ws/install/robo24_stuff:/home/mike/ros2_ws/install/robo24_stuff:/home/mike/ros2_ws/install/robo24_nav:/home/mike/ros2_ws/install/robo24_localization:/home/mike/ros2_ws/install/robo24_bringup:/home/mike/ros2_ws/install/moonday24_demo:/opt/ros/humble /usr/bin/cmake --install /home/mike/roborama25_ws/build/sllidar_ros2
[4.342s] Level 1:colcon.colcon_core.environment:checking '/home/mike/roborama25_ws/install/sllidar_ros2' for CMake config files
[4.348s] Level 1:colcon.colcon_core.shell:create_environment_hook('sllidar_ros2', 'cmake_prefix_path')
[4.349s] INFO:colcon.colcon_core.shell:Creating environment hook '/home/mike/roborama25_ws/install/sllidar_ros2/share/sllidar_ros2/hook/cmake_prefix_path.ps1'
[4.363s] INFO:colcon.colcon_core.shell:Creating environment descriptor '/home/mike/roborama25_ws/install/sllidar_ros2/share/sllidar_ros2/hook/cmake_prefix_path.dsv'
[4.366s] INFO:colcon.colcon_core.shell:Creating environment hook '/home/mike/roborama25_ws/install/sllidar_ros2/share/sllidar_ros2/hook/cmake_prefix_path.sh'
[4.382s] Level 1:colcon.colcon_core.environment:checking '/home/mike/roborama25_ws/install/sllidar_ros2/lib'
[4.383s] Level 1:colcon.colcon_core.environment:checking '/home/mike/roborama25_ws/install/sllidar_ros2/bin'
[4.384s] Level 1:colcon.colcon_core.environment:checking '/home/mike/roborama25_ws/install/sllidar_ros2/lib/pkgconfig/sllidar_ros2.pc'
[4.385s] Level 1:colcon.colcon_core.environment:checking '/home/mike/roborama25_ws/install/sllidar_ros2/lib/python3.10/site-packages'
[4.386s] Level 1:colcon.colcon_core.environment:checking '/home/mike/roborama25_ws/install/sllidar_ros2/bin'
[4.388s] INFO:colcon.colcon_core.shell:Creating package script '/home/mike/roborama25_ws/install/sllidar_ros2/share/sllidar_ros2/package.ps1'
[4.417s] INFO:colcon.colcon_core.shell:Creating package descriptor '/home/mike/roborama25_ws/install/sllidar_ros2/share/sllidar_ros2/package.dsv'
[4.430s] INFO:colcon.colcon_core.shell:Creating package script '/home/mike/roborama25_ws/install/sllidar_ros2/share/sllidar_ros2/package.sh'
[4.455s] INFO:colcon.colcon_core.shell:Creating package script '/home/mike/roborama25_ws/install/sllidar_ros2/share/sllidar_ros2/package.bash'
[4.460s] INFO:colcon.colcon_core.shell:Creating package script '/home/mike/roborama25_ws/install/sllidar_ros2/share/sllidar_ros2/package.zsh'
[4.473s] Level 1:colcon.colcon_core.environment:create_file_with_runtime_dependencies(/home/mike/roborama25_ws/install/sllidar_ros2/share/colcon-core/packages/sllidar_ros2)
[4.476s] Level 1:colcon.colcon_core.environment:create_environment_scripts_only(sllidar_ros2)
[4.477s] Level 1:colcon.colcon_core.environment:checking '/home/mike/roborama25_ws/install/sllidar_ros2' for CMake module files
[4.481s] Level 1:colcon.colcon_core.environment:checking '/home/mike/roborama25_ws/install/sllidar_ros2' for CMake config files
[4.483s] Level 1:colcon.colcon_core.shell:create_environment_hook('sllidar_ros2', 'cmake_prefix_path')
[4.485s] INFO:colcon.colcon_core.shell:Creating environment hook '/home/mike/roborama25_ws/install/sllidar_ros2/share/sllidar_ros2/hook/cmake_prefix_path.ps1'
[4.488s] INFO:colcon.colcon_core.shell:Creating environment descriptor '/home/mike/roborama25_ws/install/sllidar_ros2/share/sllidar_ros2/hook/cmake_prefix_path.dsv'
[4.490s] INFO:colcon.colcon_core.shell:Creating environment hook '/home/mike/roborama25_ws/install/sllidar_ros2/share/sllidar_ros2/hook/cmake_prefix_path.sh'
[4.494s] Level 1:colcon.colcon_core.environment:checking '/home/mike/roborama25_ws/install/sllidar_ros2/lib'
[4.495s] Level 1:colcon.colcon_core.environment:checking '/home/mike/roborama25_ws/install/sllidar_ros2/bin'
[4.496s] Level 1:colcon.colcon_core.environment:checking '/home/mike/roborama25_ws/install/sllidar_ros2/lib/pkgconfig/sllidar_ros2.pc'
[4.497s] Level 1:colcon.colcon_core.environment:checking '/home/mike/roborama25_ws/install/sllidar_ros2/lib/python3.10/site-packages'
[4.498s] Level 1:colcon.colcon_core.environment:checking '/home/mike/roborama25_ws/install/sllidar_ros2/bin'
[4.500s] INFO:colcon.colcon_core.shell:Creating package script '/home/mike/roborama25_ws/install/sllidar_ros2/share/sllidar_ros2/package.ps1'
[4.503s] INFO:colcon.colcon_core.shell:Creating package descriptor '/home/mike/roborama25_ws/install/sllidar_ros2/share/sllidar_ros2/package.dsv'
[4.506s] INFO:colcon.colcon_core.shell:Creating package script '/home/mike/roborama25_ws/install/sllidar_ros2/share/sllidar_ros2/package.sh'
[4.510s] INFO:colcon.colcon_core.shell:Creating package script '/home/mike/roborama25_ws/install/sllidar_ros2/share/sllidar_ros2/package.bash'
[4.513s] INFO:colcon.colcon_core.shell:Creating package script '/home/mike/roborama25_ws/install/sllidar_ros2/share/sllidar_ros2/package.zsh'
[4.517s] Level 1:colcon.colcon_core.environment:create_file_with_runtime_dependencies(/home/mike/roborama25_ws/install/sllidar_ros2/share/colcon-core/packages/sllidar_ros2)
[4.658s] Level 1:colcon.colcon_core.environment:create_environment_scripts_only(robo24_interfaces)
[4.659s] Level 1:colcon.colcon_core.environment:checking '/home/mike/roborama25_ws/install/robo24_interfaces' for CMake module files
[4.664s] Level 1:colcon.colcon_core.environment:checking '/home/mike/roborama25_ws/install/robo24_interfaces' for CMake config files
[4.669s] Level 1:colcon.colcon_core.shell:create_environment_hook('robo24_interfaces', 'cmake_prefix_path')
[4.670s] INFO:colcon.colcon_core.shell:Creating environment hook '/home/mike/roborama25_ws/install/robo24_interfaces/share/robo24_interfaces/hook/cmake_prefix_path.ps1'
[4.687s] DEBUG:colcon.colcon_core.event_handler.log_command:Invoked command in '/home/mike/roborama25_ws/build/robo24_interfaces' returned '0': CMAKE_PREFIX_PATH=${CMAKE_PREFIX_PATH}:/home/mike/roborama25_ws/install/robo24_stuff:/home/mike/ros2_ws/install/robo24_stuff:/home/mike/ros2_ws/install/robo24_nav:/home/mike/ros2_ws/install/robo24_localization:/home/mike/ros2_ws/install/robo24_bringup:/home/mike/ros2_ws/install/moonday24_demo:/opt/ros/humble /usr/bin/cmake --install /home/mike/roborama25_ws/build/robo24_interfaces
[4.692s] INFO:colcon.colcon_core.shell:Creating environment descriptor '/home/mike/roborama25_ws/install/robo24_interfaces/share/robo24_interfaces/hook/cmake_prefix_path.dsv'
[4.694s] INFO:colcon.colcon_core.shell:Creating environment hook '/home/mike/roborama25_ws/install/robo24_interfaces/share/robo24_interfaces/hook/cmake_prefix_path.sh'
[4.698s] Level 1:colcon.colcon_core.environment:checking '/home/mike/roborama25_ws/install/robo24_interfaces/lib'
[4.699s] Level 1:colcon.colcon_core.shell:create_environment_hook('robo24_interfaces', 'ld_library_path_lib')
[4.700s] INFO:colcon.colcon_core.shell:Creating environment hook '/home/mike/roborama25_ws/install/robo24_interfaces/share/robo24_interfaces/hook/ld_library_path_lib.ps1'
[4.703s] INFO:colcon.colcon_core.shell:Creating environment descriptor '/home/mike/roborama25_ws/install/robo24_interfaces/share/robo24_interfaces/hook/ld_library_path_lib.dsv'
[4.705s] INFO:colcon.colcon_core.shell:Creating environment hook '/home/mike/roborama25_ws/install/robo24_interfaces/share/robo24_interfaces/hook/ld_library_path_lib.sh'
[4.708s] Level 1:colcon.colcon_core.environment:checking '/home/mike/roborama25_ws/install/robo24_interfaces/bin'
[4.708s] Level 1:colcon.colcon_core.environment:checking '/home/mike/roborama25_ws/install/robo24_interfaces/lib/pkgconfig/robo24_interfaces.pc'
[4.710s] Level 1:colcon.colcon_core.environment:checking '/home/mike/roborama25_ws/install/robo24_interfaces/lib/python3.10/site-packages'
[4.711s] Level 1:colcon.colcon_core.environment:checking '/home/mike/roborama25_ws/install/robo24_interfaces/bin'
[4.712s] INFO:colcon.colcon_core.shell:Creating package script '/home/mike/roborama25_ws/install/robo24_interfaces/share/robo24_interfaces/package.ps1'
[4.715s] INFO:colcon.colcon_core.shell:Creating package descriptor '/home/mike/roborama25_ws/install/robo24_interfaces/share/robo24_interfaces/package.dsv'
[4.719s] INFO:colcon.colcon_core.shell:Creating package script '/home/mike/roborama25_ws/install/robo24_interfaces/share/robo24_interfaces/package.sh'
[4.722s] INFO:colcon.colcon_core.shell:Creating package script '/home/mike/roborama25_ws/install/robo24_interfaces/share/robo24_interfaces/package.bash'
[4.725s] INFO:colcon.colcon_core.shell:Creating package script '/home/mike/roborama25_ws/install/robo24_interfaces/share/robo24_interfaces/package.zsh'
[4.727s] Level 1:colcon.colcon_core.environment:create_file_with_runtime_dependencies(/home/mike/roborama25_ws/install/robo24_interfaces/share/colcon-core/packages/robo24_interfaces)
[4.732s] Level 1:colcon.colcon_core.environment:create_environment_scripts_only(robo24_interfaces)
[4.733s] Level 1:colcon.colcon_core.environment:checking '/home/mike/roborama25_ws/install/robo24_interfaces' for CMake module files
[4.738s] Level 1:colcon.colcon_core.environment:checking '/home/mike/roborama25_ws/install/robo24_interfaces' for CMake config files
[4.742s] Level 1:colcon.colcon_core.shell:create_environment_hook('robo24_interfaces', 'cmake_prefix_path')
[4.744s] INFO:colcon.colcon_core.shell:Creating environment hook '/home/mike/roborama25_ws/install/robo24_interfaces/share/robo24_interfaces/hook/cmake_prefix_path.ps1'
[4.746s] INFO:colcon.colcon_core.shell:Creating environment descriptor '/home/mike/roborama25_ws/install/robo24_interfaces/share/robo24_interfaces/hook/cmake_prefix_path.dsv'
[4.749s] INFO:colcon.colcon_core.shell:Creating environment hook '/home/mike/roborama25_ws/install/robo24_interfaces/share/robo24_interfaces/hook/cmake_prefix_path.sh'
[4.752s] Level 1:colcon.colcon_core.environment:checking '/home/mike/roborama25_ws/install/robo24_interfaces/lib'
[4.753s] Level 1:colcon.colcon_core.shell:create_environment_hook('robo24_interfaces', 'ld_library_path_lib')
[4.754s] INFO:colcon.colcon_core.shell:Creating environment hook '/home/mike/roborama25_ws/install/robo24_interfaces/share/robo24_interfaces/hook/ld_library_path_lib.ps1'
[4.756s] INFO:colcon.colcon_core.shell:Creating environment descriptor '/home/mike/roborama25_ws/install/robo24_interfaces/share/robo24_interfaces/hook/ld_library_path_lib.dsv'
[4.759s] INFO:colcon.colcon_core.shell:Creating environment hook '/home/mike/roborama25_ws/install/robo24_interfaces/share/robo24_interfaces/hook/ld_library_path_lib.sh'
[4.761s] Level 1:colcon.colcon_core.environment:checking '/home/mike/roborama25_ws/install/robo24_interfaces/bin'
[4.762s] Level 1:colcon.colcon_core.environment:checking '/home/mike/roborama25_ws/install/robo24_interfaces/lib/pkgconfig/robo24_interfaces.pc'
[4.763s] Level 1:colcon.colcon_core.environment:checking '/home/mike/roborama25_ws/install/robo24_interfaces/lib/python3.10/site-packages'
[4.764s] Level 1:colcon.colcon_core.environment:checking '/home/mike/roborama25_ws/install/robo24_interfaces/bin'
[4.766s] INFO:colcon.colcon_core.shell:Creating package script '/home/mike/roborama25_ws/install/robo24_interfaces/share/robo24_interfaces/package.ps1'
[4.769s] INFO:colcon.colcon_core.shell:Creating package descriptor '/home/mike/roborama25_ws/install/robo24_interfaces/share/robo24_interfaces/package.dsv'
[4.772s] INFO:colcon.colcon_core.shell:Creating package script '/home/mike/roborama25_ws/install/robo24_interfaces/share/robo24_interfaces/package.sh'
[4.775s] INFO:colcon.colcon_core.shell:Creating package script '/home/mike/roborama25_ws/install/robo24_interfaces/share/robo24_interfaces/package.bash'
[4.778s] INFO:colcon.colcon_core.shell:Creating package script '/home/mike/roborama25_ws/install/robo24_interfaces/share/robo24_interfaces/package.zsh'
[4.781s] Level 1:colcon.colcon_core.environment:create_file_with_runtime_dependencies(/home/mike/roborama25_ws/install/robo24_interfaces/share/colcon-core/packages/robo24_interfaces)
[5.999s] DEBUG:colcon.colcon_core.event_handler.log_command:Invoking command in '/home/mike/roborama25_ws/src/robo24_stuff': PYTHONPATH=/home/mike/roborama25_ws/build/robo24_stuff/prefix_override:/usr/lib/python3/dist-packages/colcon_core/task/python/colcon_distutils_commands:/home/mike/roborama25_ws/install/robo24_stuff/lib/python3.10/site-packages:${PYTHONPATH} /usr/bin/python3 -W ignore:setup.py install is deprecated -W ignore:easy_install command is deprecated setup.py egg_info --egg-base ../../build/robo24_stuff build --build-base /home/mike/roborama25_ws/build/robo24_stuff/build install --record /home/mike/roborama25_ws/build/robo24_stuff/install.log --single-version-externally-managed install_data
[7.414s] Level 1:colcon.colcon_core.environment:checking '/home/mike/roborama25_ws/install/robo24_stuff' for CMake module files
[7.415s] DEBUG:colcon.colcon_core.event_handler.log_command:Invoked command in '/home/mike/roborama25_ws/src/robo24_stuff' returned '0': PYTHONPATH=/home/mike/roborama25_ws/build/robo24_stuff/prefix_override:/usr/lib/python3/dist-packages/colcon_core/task/python/colcon_distutils_commands:/home/mike/roborama25_ws/install/robo24_stuff/lib/python3.10/site-packages:${PYTHONPATH} /usr/bin/python3 -W ignore:setup.py install is deprecated -W ignore:easy_install command is deprecated setup.py egg_info --egg-base ../../build/robo24_stuff build --build-base /home/mike/roborama25_ws/build/robo24_stuff/build install --record /home/mike/roborama25_ws/build/robo24_stuff/install.log --single-version-externally-managed install_data
[7.417s] Level 1:colcon.colcon_core.environment:checking '/home/mike/roborama25_ws/install/robo24_stuff' for CMake config files
[7.421s] Level 1:colcon.colcon_core.environment:checking '/home/mike/roborama25_ws/install/robo24_stuff/lib'
[7.421s] Level 1:colcon.colcon_core.environment:checking '/home/mike/roborama25_ws/install/robo24_stuff/bin'
[7.422s] Level 1:colcon.colcon_core.environment:checking '/home/mike/roborama25_ws/install/robo24_stuff/lib/pkgconfig/robo24_stuff.pc'
[7.423s] Level 1:colcon.colcon_core.environment:checking '/home/mike/roborama25_ws/install/robo24_stuff/lib/python3.10/site-packages'
[7.423s] Level 1:colcon.colcon_core.shell:create_environment_hook('robo24_stuff', 'pythonpath')
[7.424s] INFO:colcon.colcon_core.shell:Creating environment hook '/home/mike/roborama25_ws/install/robo24_stuff/share/robo24_stuff/hook/pythonpath.ps1'
[7.426s] INFO:colcon.colcon_core.shell:Creating environment descriptor '/home/mike/roborama25_ws/install/robo24_stuff/share/robo24_stuff/hook/pythonpath.dsv'
[7.428s] INFO:colcon.colcon_core.shell:Creating environment hook '/home/mike/roborama25_ws/install/robo24_stuff/share/robo24_stuff/hook/pythonpath.sh'
[7.431s] Level 1:colcon.colcon_core.environment:checking '/home/mike/roborama25_ws/install/robo24_stuff/bin'
[7.432s] Level 1:colcon.colcon_core.environment:create_environment_scripts_only(robo24_stuff)
[7.433s] INFO:colcon.colcon_core.shell:Creating package script '/home/mike/roborama25_ws/install/robo24_stuff/share/robo24_stuff/package.ps1'
[7.436s] INFO:colcon.colcon_core.shell:Creating package descriptor '/home/mike/roborama25_ws/install/robo24_stuff/share/robo24_stuff/package.dsv'
[7.438s] INFO:colcon.colcon_core.shell:Creating package script '/home/mike/roborama25_ws/install/robo24_stuff/share/robo24_stuff/package.sh'
[7.441s] INFO:colcon.colcon_core.shell:Creating package script '/home/mike/roborama25_ws/install/robo24_stuff/share/robo24_stuff/package.bash'
[7.443s] INFO:colcon.colcon_core.shell:Creating package script '/home/mike/roborama25_ws/install/robo24_stuff/share/robo24_stuff/package.zsh'
[7.445s] Level 1:colcon.colcon_core.environment:create_file_with_runtime_dependencies(/home/mike/roborama25_ws/install/robo24_stuff/share/colcon-core/packages/robo24_stuff)
[7.447s] DEBUG:colcon.colcon_parallel_executor.executor.parallel:closing loop
[7.448s] DEBUG:colcon.colcon_parallel_executor.executor.parallel:loop closed
[7.448s] DEBUG:colcon.colcon_parallel_executor.executor.parallel:run_until_complete finished with '0'
[7.449s] DEBUG:colcon.colcon_core.event_reactor:joining thread
[7.473s] INFO:colcon.colcon_core.plugin_system:Skipping extension 'colcon_notification.desktop_notification.notify_send': Could not find 'notify-send'
[7.473s] INFO:colcon.colcon_core.plugin_system:Skipping extension 'colcon_notification.desktop_notification.terminal_notifier': Not used on non-Darwin systems
[7.474s] INFO:colcon.colcon_core.plugin_system:Skipping extension 'colcon_notification.desktop_notification.win32': Not used on non-Windows systems
[7.474s] INFO:colcon.colcon_notification.desktop_notification:Sending desktop notification using 'notify2'
[7.477s] DEBUG:colcon.colcon_notification.desktop_notification.notify2:Failed to initialize notify2: org.freedesktop.DBus.Error.ServiceUnknown: The name org.freedesktop.Notifications was not provided by any .service files
[7.477s] DEBUG:colcon.colcon_core.event_reactor:joined thread
[7.479s] INFO:colcon.colcon_core.shell:Creating prefix script '/home/mike/roborama25_ws/install/local_setup.ps1'
[7.483s] INFO:colcon.colcon_core.shell:Creating prefix util module '/home/mike/roborama25_ws/install/_local_setup_util_ps1.py'
[7.490s] INFO:colcon.colcon_core.shell:Creating prefix chain script '/home/mike/roborama25_ws/install/setup.ps1'
[7.497s] INFO:colcon.colcon_core.shell:Creating prefix script '/home/mike/roborama25_ws/install/local_setup.sh'
[7.500s] INFO:colcon.colcon_core.shell:Creating prefix util module '/home/mike/roborama25_ws/install/_local_setup_util_sh.py'
[7.503s] INFO:colcon.colcon_core.shell:Creating prefix chain script '/home/mike/roborama25_ws/install/setup.sh'
[7.509s] INFO:colcon.colcon_core.shell:Creating prefix script '/home/mike/roborama25_ws/install/local_setup.bash'
[7.512s] INFO:colcon.colcon_core.shell:Creating prefix chain script '/home/mike/roborama25_ws/install/setup.bash'
[7.518s] INFO:colcon.colcon_core.shell:Creating prefix script '/home/mike/roborama25_ws/install/local_setup.zsh'
[7.520s] INFO:colcon.colcon_core.shell:Creating prefix chain script '/home/mike/roborama25_ws/install/setup.zsh'
