[0.438s] DEBUG:colcon:Command line arguments: ['/usr/bin/colcon', 'build']
[0.438s] DEBUG:colcon:Parsed command line arguments: Namespace(log_base=None, log_level=None, verb_name='build', build_base='build', install_base='install', merge_install=False, symlink_install=False, test_result_base=None, continue_on_error=False, executor='parallel', parallel_workers=4, event_handlers=None, ignore_user_meta=False, metas=['./colcon.meta'], base_paths=['.'], packages_ignore=None, packages_ignore_regex=None, paths=None, packages_up_to=None, packages_up_to_regex=None, packages_above=None, packages_above_and_dependencies=None, packages_above_depth=None, packages_select_by_dep=None, packages_skip_by_dep=None, packages_skip_up_to=None, packages_select_build_failed=False, packages_skip_build_finished=False, packages_select_test_failures=False, packages_skip_test_passed=False, packages_select=None, packages_skip=None, packages_select_regex=None, packages_skip_regex=None, packages_start=None, packages_end=None, allow_overriding=[], cmake_args=None, cmake_target=None, cmake_target_skip_unavailable=False, cmake_clean_cache=False, cmake_clean_first=False, cmake_force_configure=False, ament_cmake_args=None, catkin_cmake_args=None, catkin_skip_building_tests=False, verb_parser=<colcon_defaults.argument_parser.defaults.DefaultArgumentsDecorator object at 0xffff7ecf3340>, verb_extension=<colcon_core.verb.build.BuildVerb object at 0xffff7eed8790>, main=<bound method BuildVerb.main of <colcon_core.verb.build.BuildVerb object at 0xffff7eed8790>>)
[1.210s] Level 1:colcon.colcon_core.package_discovery:discover_packages(colcon_meta) check parameters
[1.211s] Level 1:colcon.colcon_core.package_discovery:discover_packages(recursive) check parameters
[1.211s] Level 1:colcon.colcon_core.package_discovery:discover_packages(ignore) check parameters
[1.211s] Level 1:colcon.colcon_core.package_discovery:discover_packages(path) check parameters
[1.211s] Level 1:colcon.colcon_core.package_discovery:discover_packages(colcon_meta) discover
[1.211s] Level 1:colcon.colcon_core.package_discovery:discover_packages(recursive) discover
[1.212s] INFO:colcon.colcon_core.package_discovery:Crawling recursively for packages in '/home/mike/roborama25_ws'
[1.212s] Level 1:colcon.colcon_core.package_identification:_identify(.) by extensions ['ignore', 'ignore_ament_install']
[1.215s] Level 1:colcon.colcon_core.package_identification:_identify(.) by extension 'ignore'
[1.216s] Level 1:colcon.colcon_core.package_identification:_identify(.) by extension 'ignore_ament_install'
[1.216s] Level 1:colcon.colcon_core.package_identification:_identify(.) by extensions ['colcon_pkg']
[1.216s] Level 1:colcon.colcon_core.package_identification:_identify(.) by extension 'colcon_pkg'
[1.216s] Level 1:colcon.colcon_core.package_identification:_identify(.) by extensions ['colcon_meta']
[1.216s] Level 1:colcon.colcon_core.package_identification:_identify(.) by extension 'colcon_meta'
[1.216s] Level 1:colcon.colcon_core.package_identification:_identify(.) by extensions ['ros']
[1.217s] Level 1:colcon.colcon_core.package_identification:_identify(.) by extension 'ros'
[1.260s] Level 1:colcon.colcon_core.package_identification:_identify(.) by extensions ['cmake', 'python']
[1.260s] Level 1:colcon.colcon_core.package_identification:_identify(.) by extension 'cmake'
[1.260s] Level 1:colcon.colcon_core.package_identification:_identify(.) by extension 'python'
[1.261s] Level 1:colcon.colcon_core.package_identification:_identify(.) by extensions ['python_setup_py']
[1.261s] Level 1:colcon.colcon_core.package_identification:_identify(.) by extension 'python_setup_py'
[1.261s] Level 1:colcon.colcon_core.package_identification:_identify(build) by extensions ['ignore', 'ignore_ament_install']
[1.262s] Level 1:colcon.colcon_core.package_identification:_identify(build) by extension 'ignore'
[1.262s] Level 1:colcon.colcon_core.package_identification:_identify(build) ignored
[1.263s] Level 1:colcon.colcon_core.package_identification:_identify(install) by extensions ['ignore', 'ignore_ament_install']
[1.263s] Level 1:colcon.colcon_core.package_identification:_identify(install) by extension 'ignore'
[1.263s] Level 1:colcon.colcon_core.package_identification:_identify(install) ignored
[1.264s] Level 1:colcon.colcon_core.package_identification:_identify(log) by extensions ['ignore', 'ignore_ament_install']
[1.265s] Level 1:colcon.colcon_core.package_identification:_identify(log) by extension 'ignore'
[1.265s] Level 1:colcon.colcon_core.package_identification:_identify(log) ignored
[1.266s] Level 1:colcon.colcon_core.package_identification:_identify(src) by extensions ['ignore', 'ignore_ament_install']
[1.266s] Level 1:colcon.colcon_core.package_identification:_identify(src) by extension 'ignore'
[1.266s] Level 1:colcon.colcon_core.package_identification:_identify(src) by extension 'ignore_ament_install'
[1.266s] Level 1:colcon.colcon_core.package_identification:_identify(src) by extensions ['colcon_pkg']
[1.266s] Level 1:colcon.colcon_core.package_identification:_identify(src) by extension 'colcon_pkg'
[1.267s] Level 1:colcon.colcon_core.package_identification:_identify(src) by extensions ['colcon_meta']
[1.267s] Level 1:colcon.colcon_core.package_identification:_identify(src) by extension 'colcon_meta'
[1.267s] Level 1:colcon.colcon_core.package_identification:_identify(src) by extensions ['ros']
[1.267s] Level 1:colcon.colcon_core.package_identification:_identify(src) by extension 'ros'
[1.267s] Level 1:colcon.colcon_core.package_identification:_identify(src) by extensions ['cmake', 'python']
[1.268s] Level 1:colcon.colcon_core.package_identification:_identify(src) by extension 'cmake'
[1.268s] Level 1:colcon.colcon_core.package_identification:_identify(src) by extension 'python'
[1.268s] Level 1:colcon.colcon_core.package_identification:_identify(src) by extensions ['python_setup_py']
[1.268s] Level 1:colcon.colcon_core.package_identification:_identify(src) by extension 'python_setup_py'
[1.269s] Level 1:colcon.colcon_core.package_identification:_identify(src/robo24_interfaces) by extensions ['ignore', 'ignore_ament_install']
[1.269s] Level 1:colcon.colcon_core.package_identification:_identify(src/robo24_interfaces) by extension 'ignore'
[1.269s] Level 1:colcon.colcon_core.package_identification:_identify(src/robo24_interfaces) by extension 'ignore_ament_install'
[1.269s] Level 1:colcon.colcon_core.package_identification:_identify(src/robo24_interfaces) by extensions ['colcon_pkg']
[1.270s] Level 1:colcon.colcon_core.package_identification:_identify(src/robo24_interfaces) by extension 'colcon_pkg'
[1.270s] Level 1:colcon.colcon_core.package_identification:_identify(src/robo24_interfaces) by extensions ['colcon_meta']
[1.270s] Level 1:colcon.colcon_core.package_identification:_identify(src/robo24_interfaces) by extension 'colcon_meta'
[1.270s] Level 1:colcon.colcon_core.package_identification:_identify(src/robo24_interfaces) by extensions ['ros']
[1.270s] Level 1:colcon.colcon_core.package_identification:_identify(src/robo24_interfaces) by extension 'ros'
[1.279s] DEBUG:colcon.colcon_core.package_identification:Package 'src/robo24_interfaces' with type 'ros.ament_cmake' and name 'robo24_interfaces'
[1.279s] Level 1:colcon.colcon_core.package_identification:_identify(src/robo24_stuff) by extensions ['ignore', 'ignore_ament_install']
[1.280s] Level 1:colcon.colcon_core.package_identification:_identify(src/robo24_stuff) by extension 'ignore'
[1.280s] Level 1:colcon.colcon_core.package_identification:_identify(src/robo24_stuff) by extension 'ignore_ament_install'
[1.280s] Level 1:colcon.colcon_core.package_identification:_identify(src/robo24_stuff) by extensions ['colcon_pkg']
[1.280s] Level 1:colcon.colcon_core.package_identification:_identify(src/robo24_stuff) by extension 'colcon_pkg'
[1.281s] Level 1:colcon.colcon_core.package_identification:_identify(src/robo24_stuff) by extensions ['colcon_meta']
[1.281s] Level 1:colcon.colcon_core.package_identification:_identify(src/robo24_stuff) by extension 'colcon_meta'
[1.281s] Level 1:colcon.colcon_core.package_identification:_identify(src/robo24_stuff) by extensions ['ros']
[1.281s] Level 1:colcon.colcon_core.package_identification:_identify(src/robo24_stuff) by extension 'ros'
[1.283s] DEBUG:colcon.colcon_core.package_identification:Package 'src/robo24_stuff' with type 'ros.ament_python' and name 'robo24_stuff'
[1.284s] Level 1:colcon.colcon_core.package_identification:_identify(src/sllidar_ros2) by extensions ['ignore', 'ignore_ament_install']
[1.284s] Level 1:colcon.colcon_core.package_identification:_identify(src/sllidar_ros2) by extension 'ignore'
[1.284s] Level 1:colcon.colcon_core.package_identification:_identify(src/sllidar_ros2) by extension 'ignore_ament_install'
[1.285s] Level 1:colcon.colcon_core.package_identification:_identify(src/sllidar_ros2) by extensions ['colcon_pkg']
[1.285s] Level 1:colcon.colcon_core.package_identification:_identify(src/sllidar_ros2) by extension 'colcon_pkg'
[1.285s] Level 1:colcon.colcon_core.package_identification:_identify(src/sllidar_ros2) by extensions ['colcon_meta']
[1.285s] Level 1:colcon.colcon_core.package_identification:_identify(src/sllidar_ros2) by extension 'colcon_meta'
[1.285s] Level 1:colcon.colcon_core.package_identification:_identify(src/sllidar_ros2) by extensions ['ros']
[1.285s] Level 1:colcon.colcon_core.package_identification:_identify(src/sllidar_ros2) by extension 'ros'
[1.288s] DEBUG:colcon.colcon_core.package_identification:Package 'src/sllidar_ros2' with type 'ros.ament_cmake' and name 'sllidar_ros2'
[1.289s] Level 1:colcon.colcon_core.package_discovery:discover_packages(recursive) using defaults
[1.289s] Level 1:colcon.colcon_core.package_discovery:discover_packages(ignore) discover
[1.289s] Level 1:colcon.colcon_core.package_discovery:discover_packages(ignore) using defaults
[1.289s] Level 1:colcon.colcon_core.package_discovery:discover_packages(path) discover
[1.289s] Level 1:colcon.colcon_core.package_discovery:discover_packages(path) using defaults
[1.406s] Level 1:colcon.colcon_core.package_discovery:discover_packages(prefix_path) check parameters
[1.406s] Level 1:colcon.colcon_core.package_discovery:discover_packages(prefix_path) discover
[1.417s] DEBUG:colcon.colcon_installed_package_information.package_discovery:Found 3 installed packages in /home/mike/roborama25_ws/install
[1.420s] DEBUG:colcon.colcon_installed_package_information.package_discovery:Found 6 installed packages in /home/mike/ros2_ws/install
[1.429s] DEBUG:colcon.colcon_installed_package_information.package_discovery:Found 254 installed packages in /opt/ros/humble
[1.435s] Level 1:colcon.colcon_core.package_discovery:discover_packages(prefix_path) using defaults
[1.580s] Level 5:colcon.colcon_core.verb:set package 'robo24_interfaces' build argument 'cmake_args' from command line to 'None'
[1.580s] Level 5:colcon.colcon_core.verb:set package 'robo24_interfaces' build argument 'cmake_target' from command line to 'None'
[1.581s] Level 5:colcon.colcon_core.verb:set package 'robo24_interfaces' build argument 'cmake_target_skip_unavailable' from command line to 'False'
[1.581s] Level 5:colcon.colcon_core.verb:set package 'robo24_interfaces' build argument 'cmake_clean_cache' from command line to 'False'
[1.581s] Level 5:colcon.colcon_core.verb:set package 'robo24_interfaces' build argument 'cmake_clean_first' from command line to 'False'
[1.581s] Level 5:colcon.colcon_core.verb:set package 'robo24_interfaces' build argument 'cmake_force_configure' from command line to 'False'
[1.581s] Level 5:colcon.colcon_core.verb:set package 'robo24_interfaces' build argument 'ament_cmake_args' from command line to 'None'
[1.581s] Level 5:colcon.colcon_core.verb:set package 'robo24_interfaces' build argument 'catkin_cmake_args' from command line to 'None'
[1.581s] Level 5:colcon.colcon_core.verb:set package 'robo24_interfaces' build argument 'catkin_skip_building_tests' from command line to 'False'
[1.581s] DEBUG:colcon.colcon_core.verb:Building package 'robo24_interfaces' with the following arguments: {'ament_cmake_args': None, 'build_base': '/home/mike/roborama25_ws/build/robo24_interfaces', 'catkin_cmake_args': None, 'catkin_skip_building_tests': False, 'cmake_args': None, 'cmake_clean_cache': False, 'cmake_clean_first': False, 'cmake_force_configure': False, 'cmake_target': None, 'cmake_target_skip_unavailable': False, 'install_base': '/home/mike/roborama25_ws/install/robo24_interfaces', 'merge_install': False, 'path': '/home/mike/roborama25_ws/src/robo24_interfaces', 'symlink_install': False, 'test_result_base': None}
[1.583s] Level 5:colcon.colcon_core.verb:set package 'robo24_stuff' build argument 'cmake_args' from command line to 'None'
[1.583s] Level 5:colcon.colcon_core.verb:set package 'robo24_stuff' build argument 'cmake_target' from command line to 'None'
[1.583s] Level 5:colcon.colcon_core.verb:set package 'robo24_stuff' build argument 'cmake_target_skip_unavailable' from command line to 'False'
[1.583s] Level 5:colcon.colcon_core.verb:set package 'robo24_stuff' build argument 'cmake_clean_cache' from command line to 'False'
[1.584s] Level 5:colcon.colcon_core.verb:set package 'robo24_stuff' build argument 'cmake_clean_first' from command line to 'False'
[1.584s] Level 5:colcon.colcon_core.verb:set package 'robo24_stuff' build argument 'cmake_force_configure' from command line to 'False'
[1.584s] Level 5:colcon.colcon_core.verb:set package 'robo24_stuff' build argument 'ament_cmake_args' from command line to 'None'
[1.584s] Level 5:colcon.colcon_core.verb:set package 'robo24_stuff' build argument 'catkin_cmake_args' from command line to 'None'
[1.584s] Level 5:colcon.colcon_core.verb:set package 'robo24_stuff' build argument 'catkin_skip_building_tests' from command line to 'False'
[1.584s] DEBUG:colcon.colcon_core.verb:Building package 'robo24_stuff' with the following arguments: {'ament_cmake_args': None, 'build_base': '/home/mike/roborama25_ws/build/robo24_stuff', 'catkin_cmake_args': None, 'catkin_skip_building_tests': False, 'cmake_args': None, 'cmake_clean_cache': False, 'cmake_clean_first': False, 'cmake_force_configure': False, 'cmake_target': None, 'cmake_target_skip_unavailable': False, 'install_base': '/home/mike/roborama25_ws/install/robo24_stuff', 'merge_install': False, 'path': '/home/mike/roborama25_ws/src/robo24_stuff', 'symlink_install': False, 'test_result_base': None}
[1.585s] Level 5:colcon.colcon_core.verb:set package 'sllidar_ros2' build argument 'cmake_args' from command line to 'None'
[1.586s] Level 5:colcon.colcon_core.verb:set package 'sllidar_ros2' build argument 'cmake_target' from command line to 'None'
[1.586s] Level 5:colcon.colcon_core.verb:set package 'sllidar_ros2' build argument 'cmake_target_skip_unavailable' from command line to 'False'
[1.586s] Level 5:colcon.colcon_core.verb:set package 'sllidar_ros2' build argument 'cmake_clean_cache' from command line to 'False'
[1.586s] Level 5:colcon.colcon_core.verb:set package 'sllidar_ros2' build argument 'cmake_clean_first' from command line to 'False'
[1.586s] Level 5:colcon.colcon_core.verb:set package 'sllidar_ros2' build argument 'cmake_force_configure' from command line to 'False'
[1.586s] Level 5:colcon.colcon_core.verb:set package 'sllidar_ros2' build argument 'ament_cmake_args' from command line to 'None'
[1.586s] Level 5:colcon.colcon_core.verb:set package 'sllidar_ros2' build argument 'catkin_cmake_args' from command line to 'None'
[1.586s] Level 5:colcon.colcon_core.verb:set package 'sllidar_ros2' build argument 'catkin_skip_building_tests' from command line to 'False'
[1.587s] DEBUG:colcon.colcon_core.verb:Building package 'sllidar_ros2' with the following arguments: {'ament_cmake_args': None, 'build_base': '/home/mike/roborama25_ws/build/sllidar_ros2', 'catkin_cmake_args': None, 'catkin_skip_building_tests': False, 'cmake_args': None, 'cmake_clean_cache': False, 'cmake_clean_first': False, 'cmake_force_configure': False, 'cmake_target': None, 'cmake_target_skip_unavailable': False, 'install_base': '/home/mike/roborama25_ws/install/sllidar_ros2', 'merge_install': False, 'path': '/home/mike/roborama25_ws/src/sllidar_ros2', 'symlink_install': False, 'test_result_base': None}
[1.587s] INFO:colcon.colcon_core.executor:Executing jobs using 'parallel' executor
[1.590s] DEBUG:colcon.colcon_parallel_executor.executor.parallel:run_until_complete
[1.591s] INFO:colcon.colcon_ros.task.ament_cmake.build:Building ROS package in '/home/mike/roborama25_ws/src/robo24_interfaces' with build type 'ament_cmake'
[1.592s] INFO:colcon.colcon_cmake.task.cmake.build:Building CMake package in '/home/mike/roborama25_ws/src/robo24_interfaces'
[1.602s] INFO:colcon.colcon_core.plugin_system:Skipping extension 'colcon_core.shell.bat': Not used on non-Windows systems
[1.603s] INFO:colcon.colcon_core.shell:Skip shell extension 'powershell' for command environment: Not usable outside of PowerShell
[1.603s] DEBUG:colcon.colcon_core.shell:Skip shell extension 'dsv' for command environment
[1.625s] INFO:colcon.colcon_ros.task.ament_python.build:Building ROS package in '/home/mike/roborama25_ws/src/robo24_stuff' with build type 'ament_python'
[1.626s] Level 1:colcon.colcon_core.shell:create_environment_hook('robo24_stuff', 'ament_prefix_path')
[1.627s] INFO:colcon.colcon_core.shell:Creating environment hook '/home/mike/roborama25_ws/install/robo24_stuff/share/robo24_stuff/hook/ament_prefix_path.ps1'
[1.630s] INFO:colcon.colcon_core.shell:Creating environment descriptor '/home/mike/roborama25_ws/install/robo24_stuff/share/robo24_stuff/hook/ament_prefix_path.dsv'
[1.632s] INFO:colcon.colcon_core.shell:Creating environment hook '/home/mike/roborama25_ws/install/robo24_stuff/share/robo24_stuff/hook/ament_prefix_path.sh'
[1.636s] INFO:colcon.colcon_core.shell:Skip shell extension 'powershell' for command environment: Not usable outside of PowerShell
[1.637s] DEBUG:colcon.colcon_core.shell:Skip shell extension 'dsv' for command environment
[1.657s] INFO:colcon.colcon_ros.task.ament_cmake.build:Building ROS package in '/home/mike/roborama25_ws/src/sllidar_ros2' with build type 'ament_cmake'
[1.658s] INFO:colcon.colcon_cmake.task.cmake.build:Building CMake package in '/home/mike/roborama25_ws/src/sllidar_ros2'
[1.659s] INFO:colcon.colcon_core.shell:Skip shell extension 'powershell' for command environment: Not usable outside of PowerShell
[1.660s] DEBUG:colcon.colcon_core.shell:Skip shell extension 'dsv' for command environment
[1.698s] DEBUG:colcon.colcon_core.event_handler.log_command:Invoking command in '/home/mike/roborama25_ws/build/robo24_interfaces': CMAKE_PREFIX_PATH=${CMAKE_PREFIX_PATH}:/home/mike/roborama25_ws/install/robo24_stuff:/home/mike/ros2_ws/install/robo24_stuff:/home/mike/ros2_ws/install/robo24_nav:/home/mike/ros2_ws/install/robo24_localization:/home/mike/ros2_ws/install/robo24_bringup:/home/mike/ros2_ws/install/moonday24_demo:/opt/ros/humble /usr/bin/cmake --build /home/mike/roborama25_ws/build/robo24_interfaces -- -j4 -l4
[3.463s] INFO:colcon.colcon_core.task.python.build:Building Python package in '/home/mike/roborama25_ws/src/robo24_stuff'
[3.465s] INFO:colcon.colcon_core.shell:Skip shell extension 'powershell' for command environment: Not usable outside of PowerShell
[3.465s] DEBUG:colcon.colcon_core.shell:Skip shell extension 'dsv' for command environment
[3.531s] DEBUG:colcon.colcon_core.event_handler.log_command:Invoking command in '/home/mike/roborama25_ws/build/sllidar_ros2': CMAKE_PREFIX_PATH=${CMAKE_PREFIX_PATH}:/home/mike/roborama25_ws/install/robo24_stuff:/home/mike/ros2_ws/install/robo24_stuff:/home/mike/ros2_ws/install/robo24_nav:/home/mike/ros2_ws/install/robo24_localization:/home/mike/ros2_ws/install/robo24_bringup:/home/mike/ros2_ws/install/moonday24_demo:/opt/ros/humble /usr/bin/cmake --build /home/mike/roborama25_ws/build/sllidar_ros2 -- -j4 -l4
[4.086s] DEBUG:colcon.colcon_core.event_handler.log_command:Invoked command in '/home/mike/roborama25_ws/build/sllidar_ros2' returned '0': CMAKE_PREFIX_PATH=${CMAKE_PREFIX_PATH}:/home/mike/roborama25_ws/install/robo24_stuff:/home/mike/ros2_ws/install/robo24_stuff:/home/mike/ros2_ws/install/robo24_nav:/home/mike/ros2_ws/install/robo24_localization:/home/mike/ros2_ws/install/robo24_bringup:/home/mike/ros2_ws/install/moonday24_demo:/opt/ros/humble /usr/bin/cmake --build /home/mike/roborama25_ws/build/sllidar_ros2 -- -j4 -l4
[4.131s] DEBUG:colcon.colcon_core.event_handler.log_command:Invoking command in '/home/mike/roborama25_ws/build/sllidar_ros2': CMAKE_PREFIX_PATH=${CMAKE_PREFIX_PATH}:/home/mike/roborama25_ws/install/robo24_stuff:/home/mike/ros2_ws/install/robo24_stuff:/home/mike/ros2_ws/install/robo24_nav:/home/mike/ros2_ws/install/robo24_localization:/home/mike/ros2_ws/install/robo24_bringup:/home/mike/ros2_ws/install/moonday24_demo:/opt/ros/humble /usr/bin/cmake --install /home/mike/roborama25_ws/build/sllidar_ros2
[4.239s] DEBUG:colcon.colcon_core.event_handler.log_command:Invoked command in '/home/mike/roborama25_ws/build/robo24_interfaces' returned '0': CMAKE_PREFIX_PATH=${CMAKE_PREFIX_PATH}:/home/mike/roborama25_ws/install/robo24_stuff:/home/mike/ros2_ws/install/robo24_stuff:/home/mike/ros2_ws/install/robo24_nav:/home/mike/ros2_ws/install/robo24_localization:/home/mike/ros2_ws/install/robo24_bringup:/home/mike/ros2_ws/install/moonday24_demo:/opt/ros/humble /usr/bin/cmake --build /home/mike/roborama25_ws/build/robo24_interfaces -- -j4 -l4
[4.242s] DEBUG:colcon.colcon_core.event_handler.log_command:Invoking command in '/home/mike/roborama25_ws/build/robo24_interfaces': CMAKE_PREFIX_PATH=${CMAKE_PREFIX_PATH}:/home/mike/roborama25_ws/install/robo24_stuff:/home/mike/ros2_ws/install/robo24_stuff:/home/mike/ros2_ws/install/robo24_nav:/home/mike/ros2_ws/install/robo24_localization:/home/mike/ros2_ws/install/robo24_bringup:/home/mike/ros2_ws/install/moonday24_demo:/opt/ros/humble /usr/bin/cmake --install /home/mike/roborama25_ws/build/robo24_interfaces
[4.269s] Level 1:colcon.colcon_core.environment:create_environment_scripts_only(sllidar_ros2)
[4.274s] DEBUG:colcon.colcon_core.event_handler.log_command:Invoked command in '/home/mike/roborama25_ws/build/sllidar_ros2' returned '0': CMAKE_PREFIX_PATH=${CMAKE_PREFIX_PATH}:/home/mike/roborama25_ws/install/robo24_stuff:/home/mike/ros2_ws/install/robo24_stuff:/home/mike/ros2_ws/install/robo24_nav:/home/mike/ros2_ws/install/robo24_localization:/home/mike/ros2_ws/install/robo24_bringup:/home/mike/ros2_ws/install/moonday24_demo:/opt/ros/humble /usr/bin/cmake --install /home/mike/roborama25_ws/build/sllidar_ros2
[4.291s] Level 1:colcon.colcon_core.environment:checking '/home/mike/roborama25_ws/install/sllidar_ros2' for CMake module files
[4.296s] Level 1:colcon.colcon_core.environment:checking '/home/mike/roborama25_ws/install/sllidar_ros2' for CMake config files
[4.300s] Level 1:colcon.colcon_core.shell:create_environment_hook('sllidar_ros2', 'cmake_prefix_path')
[4.302s] INFO:colcon.colcon_core.shell:Creating environment hook '/home/mike/roborama25_ws/install/sllidar_ros2/share/sllidar_ros2/hook/cmake_prefix_path.ps1'
[4.304s] INFO:colcon.colcon_core.shell:Creating environment descriptor '/home/mike/roborama25_ws/install/sllidar_ros2/share/sllidar_ros2/hook/cmake_prefix_path.dsv'
[4.307s] INFO:colcon.colcon_core.shell:Creating environment hook '/home/mike/roborama25_ws/install/sllidar_ros2/share/sllidar_ros2/hook/cmake_prefix_path.sh'
[4.312s] Level 1:colcon.colcon_core.environment:checking '/home/mike/roborama25_ws/install/sllidar_ros2/lib'
[4.313s] Level 1:colcon.colcon_core.environment:checking '/home/mike/roborama25_ws/install/sllidar_ros2/bin'
[4.314s] Level 1:colcon.colcon_core.environment:checking '/home/mike/roborama25_ws/install/sllidar_ros2/lib/pkgconfig/sllidar_ros2.pc'
[4.316s] Level 1:colcon.colcon_core.environment:checking '/home/mike/roborama25_ws/install/sllidar_ros2/lib/python3.10/site-packages'
[4.317s] Level 1:colcon.colcon_core.environment:checking '/home/mike/roborama25_ws/install/sllidar_ros2/bin'
[4.319s] INFO:colcon.colcon_core.shell:Creating package script '/home/mike/roborama25_ws/install/sllidar_ros2/share/sllidar_ros2/package.ps1'
[4.331s] INFO:colcon.colcon_core.shell:Creating package descriptor '/home/mike/roborama25_ws/install/sllidar_ros2/share/sllidar_ros2/package.dsv'
[4.345s] INFO:colcon.colcon_core.shell:Creating package script '/home/mike/roborama25_ws/install/sllidar_ros2/share/sllidar_ros2/package.sh'
[4.359s] INFO:colcon.colcon_core.shell:Creating package script '/home/mike/roborama25_ws/install/sllidar_ros2/share/sllidar_ros2/package.bash'
[4.371s] INFO:colcon.colcon_core.shell:Creating package script '/home/mike/roborama25_ws/install/sllidar_ros2/share/sllidar_ros2/package.zsh'
[4.381s] Level 1:colcon.colcon_core.environment:create_file_with_runtime_dependencies(/home/mike/roborama25_ws/install/sllidar_ros2/share/colcon-core/packages/sllidar_ros2)
[4.385s] Level 1:colcon.colcon_core.environment:create_environment_scripts_only(sllidar_ros2)
[4.390s] Level 1:colcon.colcon_core.environment:checking '/home/mike/roborama25_ws/install/sllidar_ros2' for CMake module files
[4.402s] Level 1:colcon.colcon_core.environment:checking '/home/mike/roborama25_ws/install/sllidar_ros2' for CMake config files
[4.406s] Level 1:colcon.colcon_core.shell:create_environment_hook('sllidar_ros2', 'cmake_prefix_path')
[4.407s] INFO:colcon.colcon_core.shell:Creating environment hook '/home/mike/roborama25_ws/install/sllidar_ros2/share/sllidar_ros2/hook/cmake_prefix_path.ps1'
[4.422s] INFO:colcon.colcon_core.shell:Creating environment descriptor '/home/mike/roborama25_ws/install/sllidar_ros2/share/sllidar_ros2/hook/cmake_prefix_path.dsv'
[4.424s] INFO:colcon.colcon_core.shell:Creating environment hook '/home/mike/roborama25_ws/install/sllidar_ros2/share/sllidar_ros2/hook/cmake_prefix_path.sh'
[4.427s] Level 1:colcon.colcon_core.environment:checking '/home/mike/roborama25_ws/install/sllidar_ros2/lib'
[4.428s] Level 1:colcon.colcon_core.environment:checking '/home/mike/roborama25_ws/install/sllidar_ros2/bin'
[4.429s] Level 1:colcon.colcon_core.environment:checking '/home/mike/roborama25_ws/install/sllidar_ros2/lib/pkgconfig/sllidar_ros2.pc'
[4.430s] Level 1:colcon.colcon_core.environment:checking '/home/mike/roborama25_ws/install/sllidar_ros2/lib/python3.10/site-packages'
[4.431s] Level 1:colcon.colcon_core.environment:checking '/home/mike/roborama25_ws/install/sllidar_ros2/bin'
[4.433s] INFO:colcon.colcon_core.shell:Creating package script '/home/mike/roborama25_ws/install/sllidar_ros2/share/sllidar_ros2/package.ps1'
[4.436s] INFO:colcon.colcon_core.shell:Creating package descriptor '/home/mike/roborama25_ws/install/sllidar_ros2/share/sllidar_ros2/package.dsv'
[4.441s] INFO:colcon.colcon_core.shell:Creating package script '/home/mike/roborama25_ws/install/sllidar_ros2/share/sllidar_ros2/package.sh'
[4.445s] INFO:colcon.colcon_core.shell:Creating package script '/home/mike/roborama25_ws/install/sllidar_ros2/share/sllidar_ros2/package.bash'
[4.448s] INFO:colcon.colcon_core.shell:Creating package script '/home/mike/roborama25_ws/install/sllidar_ros2/share/sllidar_ros2/package.zsh'
[4.451s] Level 1:colcon.colcon_core.environment:create_file_with_runtime_dependencies(/home/mike/roborama25_ws/install/sllidar_ros2/share/colcon-core/packages/sllidar_ros2)
[4.684s] Level 1:colcon.colcon_core.environment:create_environment_scripts_only(robo24_interfaces)
[4.685s] Level 1:colcon.colcon_core.environment:checking '/home/mike/roborama25_ws/install/robo24_interfaces' for CMake module files
[4.694s] Level 1:colcon.colcon_core.environment:checking '/home/mike/roborama25_ws/install/robo24_interfaces' for CMake config files
[4.700s] Level 1:colcon.colcon_core.shell:create_environment_hook('robo24_interfaces', 'cmake_prefix_path')
[4.701s] INFO:colcon.colcon_core.shell:Creating environment hook '/home/mike/roborama25_ws/install/robo24_interfaces/share/robo24_interfaces/hook/cmake_prefix_path.ps1'
[4.707s] INFO:colcon.colcon_core.shell:Creating environment descriptor '/home/mike/roborama25_ws/install/robo24_interfaces/share/robo24_interfaces/hook/cmake_prefix_path.dsv'
[4.712s] INFO:colcon.colcon_core.shell:Creating environment hook '/home/mike/roborama25_ws/install/robo24_interfaces/share/robo24_interfaces/hook/cmake_prefix_path.sh'
[4.718s] Level 1:colcon.colcon_core.environment:checking '/home/mike/roborama25_ws/install/robo24_interfaces/lib'
[4.719s] Level 1:colcon.colcon_core.shell:create_environment_hook('robo24_interfaces', 'ld_library_path_lib')
[4.721s] INFO:colcon.colcon_core.shell:Creating environment hook '/home/mike/roborama25_ws/install/robo24_interfaces/share/robo24_interfaces/hook/ld_library_path_lib.ps1'
[4.722s] DEBUG:colcon.colcon_core.event_handler.log_command:Invoked command in '/home/mike/roborama25_ws/build/robo24_interfaces' returned '0': CMAKE_PREFIX_PATH=${CMAKE_PREFIX_PATH}:/home/mike/roborama25_ws/install/robo24_stuff:/home/mike/ros2_ws/install/robo24_stuff:/home/mike/ros2_ws/install/robo24_nav:/home/mike/ros2_ws/install/robo24_localization:/home/mike/ros2_ws/install/robo24_bringup:/home/mike/ros2_ws/install/moonday24_demo:/opt/ros/humble /usr/bin/cmake --install /home/mike/roborama25_ws/build/robo24_interfaces
[4.725s] INFO:colcon.colcon_core.shell:Creating environment descriptor '/home/mike/roborama25_ws/install/robo24_interfaces/share/robo24_interfaces/hook/ld_library_path_lib.dsv'
[4.728s] INFO:colcon.colcon_core.shell:Creating environment hook '/home/mike/roborama25_ws/install/robo24_interfaces/share/robo24_interfaces/hook/ld_library_path_lib.sh'
[4.731s] Level 1:colcon.colcon_core.environment:checking '/home/mike/roborama25_ws/install/robo24_interfaces/bin'
[4.731s] Level 1:colcon.colcon_core.environment:checking '/home/mike/roborama25_ws/install/robo24_interfaces/lib/pkgconfig/robo24_interfaces.pc'
[4.733s] Level 1:colcon.colcon_core.environment:checking '/home/mike/roborama25_ws/install/robo24_interfaces/lib/python3.10/site-packages'
[4.734s] Level 1:colcon.colcon_core.environment:checking '/home/mike/roborama25_ws/install/robo24_interfaces/bin'
[4.736s] INFO:colcon.colcon_core.shell:Creating package script '/home/mike/roborama25_ws/install/robo24_interfaces/share/robo24_interfaces/package.ps1'
[4.739s] INFO:colcon.colcon_core.shell:Creating package descriptor '/home/mike/roborama25_ws/install/robo24_interfaces/share/robo24_interfaces/package.dsv'
[4.743s] INFO:colcon.colcon_core.shell:Creating package script '/home/mike/roborama25_ws/install/robo24_interfaces/share/robo24_interfaces/package.sh'
[4.746s] INFO:colcon.colcon_core.shell:Creating package script '/home/mike/roborama25_ws/install/robo24_interfaces/share/robo24_interfaces/package.bash'
[4.748s] INFO:colcon.colcon_core.shell:Creating package script '/home/mike/roborama25_ws/install/robo24_interfaces/share/robo24_interfaces/package.zsh'
[4.751s] Level 1:colcon.colcon_core.environment:create_file_with_runtime_dependencies(/home/mike/roborama25_ws/install/robo24_interfaces/share/colcon-core/packages/robo24_interfaces)
[4.755s] Level 1:colcon.colcon_core.environment:create_environment_scripts_only(robo24_interfaces)
[4.757s] Level 1:colcon.colcon_core.environment:checking '/home/mike/roborama25_ws/install/robo24_interfaces' for CMake module files
[4.761s] Level 1:colcon.colcon_core.environment:checking '/home/mike/roborama25_ws/install/robo24_interfaces' for CMake config files
[4.766s] Level 1:colcon.colcon_core.shell:create_environment_hook('robo24_interfaces', 'cmake_prefix_path')
[4.767s] INFO:colcon.colcon_core.shell:Creating environment hook '/home/mike/roborama25_ws/install/robo24_interfaces/share/robo24_interfaces/hook/cmake_prefix_path.ps1'
[4.770s] INFO:colcon.colcon_core.shell:Creating environment descriptor '/home/mike/roborama25_ws/install/robo24_interfaces/share/robo24_interfaces/hook/cmake_prefix_path.dsv'
[4.773s] INFO:colcon.colcon_core.shell:Creating environment hook '/home/mike/roborama25_ws/install/robo24_interfaces/share/robo24_interfaces/hook/cmake_prefix_path.sh'
[4.776s] Level 1:colcon.colcon_core.environment:checking '/home/mike/roborama25_ws/install/robo24_interfaces/lib'
[4.777s] Level 1:colcon.colcon_core.shell:create_environment_hook('robo24_interfaces', 'ld_library_path_lib')
[4.778s] INFO:colcon.colcon_core.shell:Creating environment hook '/home/mike/roborama25_ws/install/robo24_interfaces/share/robo24_interfaces/hook/ld_library_path_lib.ps1'
[4.781s] INFO:colcon.colcon_core.shell:Creating environment descriptor '/home/mike/roborama25_ws/install/robo24_interfaces/share/robo24_interfaces/hook/ld_library_path_lib.dsv'
[4.784s] INFO:colcon.colcon_core.shell:Creating environment hook '/home/mike/roborama25_ws/install/robo24_interfaces/share/robo24_interfaces/hook/ld_library_path_lib.sh'
[4.787s] Level 1:colcon.colcon_core.environment:checking '/home/mike/roborama25_ws/install/robo24_interfaces/bin'
[4.787s] Level 1:colcon.colcon_core.environment:checking '/home/mike/roborama25_ws/install/robo24_interfaces/lib/pkgconfig/robo24_interfaces.pc'
[4.789s] Level 1:colcon.colcon_core.environment:checking '/home/mike/roborama25_ws/install/robo24_interfaces/lib/python3.10/site-packages'
[4.790s] Level 1:colcon.colcon_core.environment:checking '/home/mike/roborama25_ws/install/robo24_interfaces/bin'
[4.792s] INFO:colcon.colcon_core.shell:Creating package script '/home/mike/roborama25_ws/install/robo24_interfaces/share/robo24_interfaces/package.ps1'
[4.795s] INFO:colcon.colcon_core.shell:Creating package descriptor '/home/mike/roborama25_ws/install/robo24_interfaces/share/robo24_interfaces/package.dsv'
[4.798s] INFO:colcon.colcon_core.shell:Creating package script '/home/mike/roborama25_ws/install/robo24_interfaces/share/robo24_interfaces/package.sh'
[4.801s] INFO:colcon.colcon_core.shell:Creating package script '/home/mike/roborama25_ws/install/robo24_interfaces/share/robo24_interfaces/package.bash'
[4.804s] INFO:colcon.colcon_core.shell:Creating package script '/home/mike/roborama25_ws/install/robo24_interfaces/share/robo24_interfaces/package.zsh'
[4.807s] Level 1:colcon.colcon_core.environment:create_file_with_runtime_dependencies(/home/mike/roborama25_ws/install/robo24_interfaces/share/colcon-core/packages/robo24_interfaces)
[5.875s] DEBUG:colcon.colcon_core.event_handler.log_command:Invoking command in '/home/mike/roborama25_ws/src/robo24_stuff': PYTHONPATH=/home/mike/roborama25_ws/build/robo24_stuff/prefix_override:/usr/lib/python3/dist-packages/colcon_core/task/python/colcon_distutils_commands:/home/mike/roborama25_ws/install/robo24_stuff/lib/python3.10/site-packages:${PYTHONPATH} /usr/bin/python3 -W ignore:setup.py install is deprecated -W ignore:easy_install command is deprecated setup.py egg_info --egg-base ../../build/robo24_stuff build --build-base /home/mike/roborama25_ws/build/robo24_stuff/build install --record /home/mike/roborama25_ws/build/robo24_stuff/install.log --single-version-externally-managed install_data
[7.283s] Level 1:colcon.colcon_core.environment:checking '/home/mike/roborama25_ws/install/robo24_stuff' for CMake module files
[7.285s] DEBUG:colcon.colcon_core.event_handler.log_command:Invoked command in '/home/mike/roborama25_ws/src/robo24_stuff' returned '0': PYTHONPATH=/home/mike/roborama25_ws/build/robo24_stuff/prefix_override:/usr/lib/python3/dist-packages/colcon_core/task/python/colcon_distutils_commands:/home/mike/roborama25_ws/install/robo24_stuff/lib/python3.10/site-packages:${PYTHONPATH} /usr/bin/python3 -W ignore:setup.py install is deprecated -W ignore:easy_install command is deprecated setup.py egg_info --egg-base ../../build/robo24_stuff build --build-base /home/mike/roborama25_ws/build/robo24_stuff/build install --record /home/mike/roborama25_ws/build/robo24_stuff/install.log --single-version-externally-managed install_data
[7.288s] Level 1:colcon.colcon_core.environment:checking '/home/mike/roborama25_ws/install/robo24_stuff' for CMake config files
[7.292s] Level 1:colcon.colcon_core.environment:checking '/home/mike/roborama25_ws/install/robo24_stuff/lib'
[7.293s] Level 1:colcon.colcon_core.environment:checking '/home/mike/roborama25_ws/install/robo24_stuff/bin'
[7.293s] Level 1:colcon.colcon_core.environment:checking '/home/mike/roborama25_ws/install/robo24_stuff/lib/pkgconfig/robo24_stuff.pc'
[7.294s] Level 1:colcon.colcon_core.environment:checking '/home/mike/roborama25_ws/install/robo24_stuff/lib/python3.10/site-packages'
[7.294s] Level 1:colcon.colcon_core.shell:create_environment_hook('robo24_stuff', 'pythonpath')
[7.295s] INFO:colcon.colcon_core.shell:Creating environment hook '/home/mike/roborama25_ws/install/robo24_stuff/share/robo24_stuff/hook/pythonpath.ps1'
[7.298s] INFO:colcon.colcon_core.shell:Creating environment descriptor '/home/mike/roborama25_ws/install/robo24_stuff/share/robo24_stuff/hook/pythonpath.dsv'
[7.299s] INFO:colcon.colcon_core.shell:Creating environment hook '/home/mike/roborama25_ws/install/robo24_stuff/share/robo24_stuff/hook/pythonpath.sh'
[7.303s] Level 1:colcon.colcon_core.environment:checking '/home/mike/roborama25_ws/install/robo24_stuff/bin'
[7.303s] Level 1:colcon.colcon_core.environment:create_environment_scripts_only(robo24_stuff)
[7.305s] INFO:colcon.colcon_core.shell:Creating package script '/home/mike/roborama25_ws/install/robo24_stuff/share/robo24_stuff/package.ps1'
[7.307s] INFO:colcon.colcon_core.shell:Creating package descriptor '/home/mike/roborama25_ws/install/robo24_stuff/share/robo24_stuff/package.dsv'
[7.309s] INFO:colcon.colcon_core.shell:Creating package script '/home/mike/roborama25_ws/install/robo24_stuff/share/robo24_stuff/package.sh'
[7.312s] INFO:colcon.colcon_core.shell:Creating package script '/home/mike/roborama25_ws/install/robo24_stuff/share/robo24_stuff/package.bash'
[7.314s] INFO:colcon.colcon_core.shell:Creating package script '/home/mike/roborama25_ws/install/robo24_stuff/share/robo24_stuff/package.zsh'
[7.316s] Level 1:colcon.colcon_core.environment:create_file_with_runtime_dependencies(/home/mike/roborama25_ws/install/robo24_stuff/share/colcon-core/packages/robo24_stuff)
[7.317s] DEBUG:colcon.colcon_parallel_executor.executor.parallel:closing loop
[7.318s] DEBUG:colcon.colcon_parallel_executor.executor.parallel:loop closed
[7.318s] DEBUG:colcon.colcon_parallel_executor.executor.parallel:run_until_complete finished with '0'
[7.318s] DEBUG:colcon.colcon_core.event_reactor:joining thread
[7.341s] INFO:colcon.colcon_core.plugin_system:Skipping extension 'colcon_notification.desktop_notification.notify_send': Could not find 'notify-send'
[7.341s] INFO:colcon.colcon_core.plugin_system:Skipping extension 'colcon_notification.desktop_notification.terminal_notifier': Not used on non-Darwin systems
[7.341s] INFO:colcon.colcon_core.plugin_system:Skipping extension 'colcon_notification.desktop_notification.win32': Not used on non-Windows systems
[7.342s] INFO:colcon.colcon_notification.desktop_notification:Sending desktop notification using 'notify2'
[7.344s] DEBUG:colcon.colcon_notification.desktop_notification.notify2:Failed to initialize notify2: org.freedesktop.DBus.Error.ServiceUnknown: The name org.freedesktop.Notifications was not provided by any .service files
[7.345s] DEBUG:colcon.colcon_core.event_reactor:joined thread
[7.346s] INFO:colcon.colcon_core.shell:Creating prefix script '/home/mike/roborama25_ws/install/local_setup.ps1'
[7.350s] INFO:colcon.colcon_core.shell:Creating prefix util module '/home/mike/roborama25_ws/install/_local_setup_util_ps1.py'
[7.358s] INFO:colcon.colcon_core.shell:Creating prefix chain script '/home/mike/roborama25_ws/install/setup.ps1'
[7.365s] INFO:colcon.colcon_core.shell:Creating prefix script '/home/mike/roborama25_ws/install/local_setup.sh'
[7.368s] INFO:colcon.colcon_core.shell:Creating prefix util module '/home/mike/roborama25_ws/install/_local_setup_util_sh.py'
[7.371s] INFO:colcon.colcon_core.shell:Creating prefix chain script '/home/mike/roborama25_ws/install/setup.sh'
[7.377s] INFO:colcon.colcon_core.shell:Creating prefix script '/home/mike/roborama25_ws/install/local_setup.bash'
[7.380s] INFO:colcon.colcon_core.shell:Creating prefix chain script '/home/mike/roborama25_ws/install/setup.bash'
[7.386s] INFO:colcon.colcon_core.shell:Creating prefix script '/home/mike/roborama25_ws/install/local_setup.zsh'
[7.389s] INFO:colcon.colcon_core.shell:Creating prefix chain script '/home/mike/roborama25_ws/install/setup.zsh'
