[3.277s] Invoking command in '/home/mike/roborama25_ws/src/robo24_stuff': PYTHONPATH=/home/mike/roborama25_ws/build/robo24_stuff/prefix_override:/usr/lib/python3/dist-packages/colcon_core/task/python/colcon_distutils_commands:/home/mike/roborama25_ws/install/robo24_stuff/lib/python3.10/site-packages:${PYTHONPATH} /usr/bin/python3 -W ignore:setup.py install is deprecated -W ignore:easy_install command is deprecated setup.py egg_info --egg-base ../../build/robo24_stuff build --build-base /home/mike/roborama25_ws/build/robo24_stuff/build install --record /home/mike/roborama25_ws/build/robo24_stuff/install.log --single-version-externally-managed install_data
[4.447s] running egg_info
[4.449s] creating ../../build/robo24_stuff/robo24_stuff.egg-info
[4.450s] writing ../../build/robo24_stuff/robo24_stuff.egg-info/PKG-INFO
[4.451s] writing dependency_links to ../../build/robo24_stuff/robo24_stuff.egg-info/dependency_links.txt
[4.452s] writing entry points to ../../build/robo24_stuff/robo24_stuff.egg-info/entry_points.txt
[4.453s] writing requirements to ../../build/robo24_stuff/robo24_stuff.egg-info/requires.txt
[4.453s] writing top-level names to ../../build/robo24_stuff/robo24_stuff.egg-info/top_level.txt
[4.455s] writing manifest file '../../build/robo24_stuff/robo24_stuff.egg-info/SOURCES.txt'
[4.463s] reading manifest file '../../build/robo24_stuff/robo24_stuff.egg-info/SOURCES.txt'
[4.466s] writing manifest file '../../build/robo24_stuff/robo24_stuff.egg-info/SOURCES.txt'
[4.467s] running build
[4.467s] running build_py
[4.468s] creating /home/mike/roborama25_ws/build/robo24_stuff/build
[4.469s] creating /home/mike/roborama25_ws/build/robo24_stuff/build/lib
[4.469s] creating /home/mike/roborama25_ws/build/robo24_stuff/build/lib/robo24_stuff
[4.470s] copying robo24_stuff/robo24_teleop_node.py -> /home/mike/roborama25_ws/build/robo24_stuff/build/lib/robo24_stuff
[4.470s] copying robo24_stuff/openmv_serial_node.py -> /home/mike/roborama25_ws/build/robo24_stuff/build/lib/robo24_stuff
[4.471s] copying robo24_stuff/robo24_can_xy_node.py -> /home/mike/roborama25_ws/build/robo24_stuff/build/lib/robo24_stuff
[4.472s] copying robo24_stuff/robo24_imu_serial_node.py -> /home/mike/roborama25_ws/build/robo24_stuff/build/lib/robo24_stuff
[4.472s] copying robo24_stuff/sensor_serial_node.py -> /home/mike/roborama25_ws/build/robo24_stuff/build/lib/robo24_stuff
[4.473s] copying robo24_stuff/robo24_diynav_node.py -> /home/mike/roborama25_ws/build/robo24_stuff/build/lib/robo24_stuff
[4.474s] copying robo24_stuff/robo24_watch_serial_node.py -> /home/mike/roborama25_ws/build/robo24_stuff/build/lib/robo24_stuff
[4.475s] copying robo24_stuff/__init__.py -> /home/mike/roborama25_ws/build/robo24_stuff/build/lib/robo24_stuff
[4.476s] copying robo24_stuff/robo24_wheel_controller_node.py -> /home/mike/roborama25_ws/build/robo24_stuff/build/lib/robo24_stuff
[4.477s] copying robo24_stuff/robo24_diyslam_node.py -> /home/mike/roborama25_ws/build/robo24_stuff/build/lib/robo24_stuff
[4.478s] running install
[4.480s] running install_lib
[4.483s] creating /home/mike/roborama25_ws/install/robo24_stuff/lib/python3.10/site-packages/robo24_stuff
[4.484s] copying /home/mike/roborama25_ws/build/robo24_stuff/build/lib/robo24_stuff/robo24_teleop_node.py -> /home/mike/roborama25_ws/install/robo24_stuff/lib/python3.10/site-packages/robo24_stuff
[4.484s] copying /home/mike/roborama25_ws/build/robo24_stuff/build/lib/robo24_stuff/openmv_serial_node.py -> /home/mike/roborama25_ws/install/robo24_stuff/lib/python3.10/site-packages/robo24_stuff
[4.485s] copying /home/mike/roborama25_ws/build/robo24_stuff/build/lib/robo24_stuff/robo24_can_xy_node.py -> /home/mike/roborama25_ws/install/robo24_stuff/lib/python3.10/site-packages/robo24_stuff
[4.486s] copying /home/mike/roborama25_ws/build/robo24_stuff/build/lib/robo24_stuff/robo24_imu_serial_node.py -> /home/mike/roborama25_ws/install/robo24_stuff/lib/python3.10/site-packages/robo24_stuff
[4.487s] copying /home/mike/roborama25_ws/build/robo24_stuff/build/lib/robo24_stuff/sensor_serial_node.py -> /home/mike/roborama25_ws/install/robo24_stuff/lib/python3.10/site-packages/robo24_stuff
[4.488s] copying /home/mike/roborama25_ws/build/robo24_stuff/build/lib/robo24_stuff/robo24_diynav_node.py -> /home/mike/roborama25_ws/install/robo24_stuff/lib/python3.10/site-packages/robo24_stuff
[4.489s] copying /home/mike/roborama25_ws/build/robo24_stuff/build/lib/robo24_stuff/robo24_watch_serial_node.py -> /home/mike/roborama25_ws/install/robo24_stuff/lib/python3.10/site-packages/robo24_stuff
[4.490s] copying /home/mike/roborama25_ws/build/robo24_stuff/build/lib/robo24_stuff/__init__.py -> /home/mike/roborama25_ws/install/robo24_stuff/lib/python3.10/site-packages/robo24_stuff
[4.490s] copying /home/mike/roborama25_ws/build/robo24_stuff/build/lib/robo24_stuff/robo24_wheel_controller_node.py -> /home/mike/roborama25_ws/install/robo24_stuff/lib/python3.10/site-packages/robo24_stuff
[4.491s] copying /home/mike/roborama25_ws/build/robo24_stuff/build/lib/robo24_stuff/robo24_diyslam_node.py -> /home/mike/roborama25_ws/install/robo24_stuff/lib/python3.10/site-packages/robo24_stuff
[4.494s] byte-compiling /home/mike/roborama25_ws/install/robo24_stuff/lib/python3.10/site-packages/robo24_stuff/robo24_teleop_node.py to robo24_teleop_node.cpython-310.pyc
[4.497s] byte-compiling /home/mike/roborama25_ws/install/robo24_stuff/lib/python3.10/site-packages/robo24_stuff/openmv_serial_node.py to openmv_serial_node.cpython-310.pyc
[4.500s] byte-compiling /home/mike/roborama25_ws/install/robo24_stuff/lib/python3.10/site-packages/robo24_stuff/robo24_can_xy_node.py to robo24_can_xy_node.cpython-310.pyc
[4.507s] byte-compiling /home/mike/roborama25_ws/install/robo24_stuff/lib/python3.10/site-packages/robo24_stuff/robo24_imu_serial_node.py to robo24_imu_serial_node.cpython-310.pyc
[4.510s] byte-compiling /home/mike/roborama25_ws/install/robo24_stuff/lib/python3.10/site-packages/robo24_stuff/sensor_serial_node.py to sensor_serial_node.cpython-310.pyc
[4.513s] byte-compiling /home/mike/roborama25_ws/install/robo24_stuff/lib/python3.10/site-packages/robo24_stuff/robo24_diynav_node.py to robo24_diynav_node.cpython-310.pyc
[4.545s] byte-compiling /home/mike/roborama25_ws/install/robo24_stuff/lib/python3.10/site-packages/robo24_stuff/robo24_watch_serial_node.py to robo24_watch_serial_node.cpython-310.pyc
[4.548s] byte-compiling /home/mike/roborama25_ws/install/robo24_stuff/lib/python3.10/site-packages/robo24_stuff/__init__.py to __init__.cpython-310.pyc
[4.550s] byte-compiling /home/mike/roborama25_ws/install/robo24_stuff/lib/python3.10/site-packages/robo24_stuff/robo24_wheel_controller_node.py to robo24_wheel_controller_node.cpython-310.pyc
[4.557s] byte-compiling /home/mike/roborama25_ws/install/robo24_stuff/lib/python3.10/site-packages/robo24_stuff/robo24_diyslam_node.py to robo24_diyslam_node.cpython-310.pyc
[4.571s] running install_data
[4.572s] creating /home/mike/roborama25_ws/install/robo24_stuff/share/ament_index
[4.573s] creating /home/mike/roborama25_ws/install/robo24_stuff/share/ament_index/resource_index
[4.573s] creating /home/mike/roborama25_ws/install/robo24_stuff/share/ament_index/resource_index/packages
[4.574s] copying resource/robo24_stuff -> /home/mike/roborama25_ws/install/robo24_stuff/share/ament_index/resource_index/packages
[4.575s] copying package.xml -> /home/mike/roborama25_ws/install/robo24_stuff/share/robo24_stuff
[4.575s] creating /home/mike/roborama25_ws/install/robo24_stuff/share/robo24_stuff/launch
[4.576s] copying launch/robo24_bringup_launch.py -> /home/mike/roborama25_ws/install/robo24_stuff/share/robo24_stuff/launch
[4.576s] running install_egg_info
[4.583s] Copying ../../build/robo24_stuff/robo24_stuff.egg-info to /home/mike/roborama25_ws/install/robo24_stuff/lib/python3.10/site-packages/robo24_stuff-0.0.0-py3.10.egg-info
[4.589s] running install_scripts
[4.664s] Installing openmv_serial_node script to /home/mike/roborama25_ws/install/robo24_stuff/lib/robo24_stuff
[4.665s] Installing robo24_can_xy_node script to /home/mike/roborama25_ws/install/robo24_stuff/lib/robo24_stuff
[4.665s] Installing robo24_diynav_node script to /home/mike/roborama25_ws/install/robo24_stuff/lib/robo24_stuff
[4.666s] Installing robo24_diyslam_node script to /home/mike/roborama25_ws/install/robo24_stuff/lib/robo24_stuff
[4.667s] Installing robo24_imu_serial_node script to /home/mike/roborama25_ws/install/robo24_stuff/lib/robo24_stuff
[4.668s] Installing robo24_teleop_node script to /home/mike/roborama25_ws/install/robo24_stuff/lib/robo24_stuff
[4.668s] Installing robo24_watch_serial_node script to /home/mike/roborama25_ws/install/robo24_stuff/lib/robo24_stuff
[4.669s] Installing robo24_wheel_controller_node script to /home/mike/roborama25_ws/install/robo24_stuff/lib/robo24_stuff
[4.669s] Installing sensor_serial_node script to /home/mike/roborama25_ws/install/robo24_stuff/lib/robo24_stuff
[4.671s] writing list of installed files to '/home/mike/roborama25_ws/build/robo24_stuff/install.log'
[4.805s] Invoked command in '/home/mike/roborama25_ws/src/robo24_stuff' returned '0': PYTHONPATH=/home/mike/roborama25_ws/build/robo24_stuff/prefix_override:/usr/lib/python3/dist-packages/colcon_core/task/python/colcon_distutils_commands:/home/mike/roborama25_ws/install/robo24_stuff/lib/python3.10/site-packages:${PYTHONPATH} /usr/bin/python3 -W ignore:setup.py install is deprecated -W ignore:easy_install command is deprecated setup.py egg_info --egg-base ../../build/robo24_stuff build --build-base /home/mike/roborama25_ws/build/robo24_stuff/build install --record /home/mike/roborama25_ws/build/robo24_stuff/install.log --single-version-externally-managed install_data
