[1.872s] Invoking command in '/home/mike/roborama25_ws/build/sllidar_ros2': CMAKE_PREFIX_PATH=${CMAKE_PREFIX_PATH}:/home/mike/roborama25_ws/install/robo24_stuff:/home/mike/ros2_ws/install/robo24_stuff:/home/mike/ros2_ws/install/robo24_nav:/home/mike/ros2_ws/install/robo24_localization:/home/mike/ros2_ws/install/robo24_bringup:/home/mike/ros2_ws/install/moonday24_demo:/opt/ros/humble /usr/bin/cmake --build /home/mike/roborama25_ws/build/sllidar_ros2 -- -j4 -l4
[2.278s] [ 10%] Built target sllidar_client
[2.337s] [100%] Built target sllidar_node
[2.427s] Invoked command in '/home/mike/roborama25_ws/build/sllidar_ros2' returned '0': CMAKE_PREFIX_PATH=${CMAKE_PREFIX_PATH}:/home/mike/roborama25_ws/install/robo24_stuff:/home/mike/ros2_ws/install/robo24_stuff:/home/mike/ros2_ws/install/robo24_nav:/home/mike/ros2_ws/install/robo24_localization:/home/mike/ros2_ws/install/robo24_bringup:/home/mike/ros2_ws/install/moonday24_demo:/opt/ros/humble /usr/bin/cmake --build /home/mike/roborama25_ws/build/sllidar_ros2 -- -j4 -l4
[2.472s] Invoking command in '/home/mike/roborama25_ws/build/sllidar_ros2': CMAKE_PREFIX_PATH=${CMAKE_PREFIX_PATH}:/home/mike/roborama25_ws/install/robo24_stuff:/home/mike/ros2_ws/install/robo24_stuff:/home/mike/ros2_ws/install/robo24_nav:/home/mike/ros2_ws/install/robo24_localization:/home/mike/ros2_ws/install/robo24_bringup:/home/mike/ros2_ws/install/moonday24_demo:/opt/ros/humble /usr/bin/cmake --install /home/mike/roborama25_ws/build/sllidar_ros2
[2.512s] -- Install configuration: ""
[2.514s] -- Up-to-date: /home/mike/roborama25_ws/install/sllidar_ros2/share/sllidar_ros2/launch
[2.516s] -- Up-to-date: /home/mike/roborama25_ws/install/sllidar_ros2/share/sllidar_ros2/launch/view_sllidar_a3_launch.py
[2.517s] -- Up-to-date: /home/mike/roborama25_ws/install/sllidar_ros2/share/sllidar_ros2/launch/view_sllidar_a2m8_launch.py
[2.519s] -- Up-to-date: /home/mike/roborama25_ws/install/sllidar_ros2/share/sllidar_ros2/launch/view_sllidar_c1_launch.py
[2.521s] -- Up-to-date: /home/mike/roborama25_ws/install/sllidar_ros2/share/sllidar_ros2/launch/sllidar_a3_launch.py
[2.522s] -- Up-to-date: /home/mike/roborama25_ws/install/sllidar_ros2/share/sllidar_ros2/launch/view_sllidar_s3_launch.py
[2.524s] -- Up-to-date: /home/mike/roborama25_ws/install/sllidar_ros2/share/sllidar_ros2/launch/view_sllidar_s2e_launch.py
[2.525s] -- Up-to-date: /home/mike/roborama25_ws/install/sllidar_ros2/share/sllidar_ros2/launch/sllidar_s1_launch.py
[2.527s] -- Up-to-date: /home/mike/roborama25_ws/install/sllidar_ros2/share/sllidar_ros2/launch/sllidar_s1_tcp_launch.py
[2.528s] -- Up-to-date: /home/mike/roborama25_ws/install/sllidar_ros2/share/sllidar_ros2/launch/sllidar_s2_launch.py
[2.529s] -- Up-to-date: /home/mike/roborama25_ws/install/sllidar_ros2/share/sllidar_ros2/launch/sllidar_a1_launch.py
[2.531s] -- Up-to-date: /home/mike/roborama25_ws/install/sllidar_ros2/share/sllidar_ros2/launch/view_sllidar_s1_launch.py
[2.532s] -- Up-to-date: /home/mike/roborama25_ws/install/sllidar_ros2/share/sllidar_ros2/launch/sllidar_c1_launch.py
[2.533s] -- Up-to-date: /home/mike/roborama25_ws/install/sllidar_ros2/share/sllidar_ros2/launch/sllidar_s3_launch.py
[2.535s] -- Up-to-date: /home/mike/roborama25_ws/install/sllidar_ros2/share/sllidar_ros2/launch/view_sllidar_a2m7_launch.py
[2.536s] -- Up-to-date: /home/mike/roborama25_ws/install/sllidar_ros2/share/sllidar_ros2/launch/sllidar_t1_launch.py
[2.537s] -- Up-to-date: /home/mike/roborama25_ws/install/sllidar_ros2/share/sllidar_ros2/launch/view_sllidar_a2m12_launch.py
[2.545s] -- Up-to-date: /home/mike/roborama25_ws/install/sllidar_ros2/share/sllidar_ros2/launch/sllidar_a2m12_launch .py
[2.546s] -- Up-to-date: /home/mike/roborama25_ws/install/sllidar_ros2/share/sllidar_ros2/launch/view_sllidar_s2_launch.py
[2.546s] -- Up-to-date: /home/mike/roborama25_ws/install/sllidar_ros2/share/sllidar_ros2/launch/view_sllidar_s1_tcp_launch.py
[2.547s] -- Up-to-date: /home/mike/roborama25_ws/install/sllidar_ros2/share/sllidar_ros2/launch/view_sllidar_a1_launch.py
[2.547s] -- Up-to-date: /home/mike/roborama25_ws/install/sllidar_ros2/share/sllidar_ros2/launch/sllidar_a2m7_launch.py
[2.548s] -- Up-to-date: /home/mike/roborama25_ws/install/sllidar_ros2/share/sllidar_ros2/launch/view_sllidar_t1_launch.py
[2.549s] -- Up-to-date: /home/mike/roborama25_ws/install/sllidar_ros2/share/sllidar_ros2/launch/sllidar_a2m8_launch.py
[2.549s] -- Up-to-date: /home/mike/roborama25_ws/install/sllidar_ros2/share/sllidar_ros2/launch/sllidar_s2e_launch.py
[2.550s] -- Up-to-date: /home/mike/roborama25_ws/install/sllidar_ros2/share/sllidar_ros2/rviz
[2.550s] -- Up-to-date: /home/mike/roborama25_ws/install/sllidar_ros2/share/sllidar_ros2/rviz/sllidar_ros2.rviz
[2.551s] -- Up-to-date: /home/mike/roborama25_ws/install/sllidar_ros2/lib/sllidar_ros2/sllidar_node
[2.556s] -- Up-to-date: /home/mike/roborama25_ws/install/sllidar_ros2/lib/sllidar_ros2/sllidar_client
[2.562s] -- Up-to-date: /home/mike/roborama25_ws/install/sllidar_ros2/share/ament_index/resource_index/package_run_dependencies/sllidar_ros2
[2.564s] -- Up-to-date: /home/mike/roborama25_ws/install/sllidar_ros2/share/ament_index/resource_index/parent_prefix_path/sllidar_ros2
[2.565s] -- Up-to-date: /home/mike/roborama25_ws/install/sllidar_ros2/share/sllidar_ros2/environment/ament_prefix_path.sh
[2.567s] -- Up-to-date: /home/mike/roborama25_ws/install/sllidar_ros2/share/sllidar_ros2/environment/ament_prefix_path.dsv
[2.573s] -- Up-to-date: /home/mike/roborama25_ws/install/sllidar_ros2/share/sllidar_ros2/environment/path.sh
[2.581s] -- Up-to-date: /home/mike/roborama25_ws/install/sllidar_ros2/share/sllidar_ros2/environment/path.dsv
[2.582s] -- Up-to-date: /home/mike/roborama25_ws/install/sllidar_ros2/share/sllidar_ros2/local_setup.bash
[2.585s] -- Up-to-date: /home/mike/roborama25_ws/install/sllidar_ros2/share/sllidar_ros2/local_setup.sh
[2.586s] -- Up-to-date: /home/mike/roborama25_ws/install/sllidar_ros2/share/sllidar_ros2/local_setup.zsh
[2.587s] -- Up-to-date: /home/mike/roborama25_ws/install/sllidar_ros2/share/sllidar_ros2/local_setup.dsv
[2.592s] -- Installing: /home/mike/roborama25_ws/install/sllidar_ros2/share/sllidar_ros2/package.dsv
[2.592s] -- Up-to-date: /home/mike/roborama25_ws/install/sllidar_ros2/share/ament_index/resource_index/packages/sllidar_ros2
[2.593s] -- Up-to-date: /home/mike/roborama25_ws/install/sllidar_ros2/share/sllidar_ros2/cmake/ament_cmake_export_dependencies-extras.cmake
[2.593s] -- Up-to-date: /home/mike/roborama25_ws/install/sllidar_ros2/share/sllidar_ros2/cmake/ament_cmake_export_include_directories-extras.cmake
[2.594s] -- Up-to-date: /home/mike/roborama25_ws/install/sllidar_ros2/share/sllidar_ros2/cmake/sllidar_ros2Config.cmake
[2.595s] -- Up-to-date: /home/mike/roborama25_ws/install/sllidar_ros2/share/sllidar_ros2/cmake/sllidar_ros2Config-version.cmake
[2.595s] -- Up-to-date: /home/mike/roborama25_ws/install/sllidar_ros2/share/sllidar_ros2/package.xml
[2.616s] Invoked command in '/home/mike/roborama25_ws/build/sllidar_ros2' returned '0': CMAKE_PREFIX_PATH=${CMAKE_PREFIX_PATH}:/home/mike/roborama25_ws/install/robo24_stuff:/home/mike/ros2_ws/install/robo24_stuff:/home/mike/ros2_ws/install/robo24_nav:/home/mike/ros2_ws/install/robo24_localization:/home/mike/ros2_ws/install/robo24_bringup:/home/mike/ros2_ws/install/moonday24_demo:/opt/ros/humble /usr/bin/cmake --install /home/mike/roborama25_ws/build/sllidar_ros2
