[3.458s] Invoking command in '/home/mike/roborama25_ws/src/robo24_stuff': PYTHONPATH=/home/mike/roborama25_ws/build/robo24_stuff/prefix_override:/usr/lib/python3/dist-packages/colcon_core/task/python/colcon_distutils_commands:/home/mike/roborama25_ws/install/robo24_stuff/lib/python3.10/site-packages:${PYTHONPATH} /usr/bin/python3 -W ignore:setup.py install is deprecated -W ignore:easy_install command is deprecated setup.py egg_info --egg-base ../../build/robo24_stuff build --build-base /home/mike/roborama25_ws/build/robo24_stuff/build install --record /home/mike/roborama25_ws/build/robo24_stuff/install.log --single-version-externally-managed install_data
[4.525s] running egg_info
[4.527s] writing ../../build/robo24_stuff/robo24_stuff.egg-info/PKG-INFO
[4.529s] writing dependency_links to ../../build/robo24_stuff/robo24_stuff.egg-info/dependency_links.txt
[4.530s] writing entry points to ../../build/robo24_stuff/robo24_stuff.egg-info/entry_points.txt
[4.531s] writing requirements to ../../build/robo24_stuff/robo24_stuff.egg-info/requires.txt
[4.532s] writing top-level names to ../../build/robo24_stuff/robo24_stuff.egg-info/top_level.txt
[4.541s] reading manifest file '../../build/robo24_stuff/robo24_stuff.egg-info/SOURCES.txt'
[4.545s] writing manifest file '../../build/robo24_stuff/robo24_stuff.egg-info/SOURCES.txt'
[4.546s] running build
[4.546s] running build_py
[4.548s] copying robo24_stuff/sensor_serial_node.py -> /home/mike/roborama25_ws/build/robo24_stuff/build/lib/robo24_stuff
[4.551s] running install
[4.552s] running install_lib
[4.556s] copying /home/mike/roborama25_ws/build/robo24_stuff/build/lib/robo24_stuff/sensor_serial_node.py -> /home/mike/roborama25_ws/install/robo24_stuff/lib/python3.10/site-packages/robo24_stuff
[4.561s] byte-compiling /home/mike/roborama25_ws/install/robo24_stuff/lib/python3.10/site-packages/robo24_stuff/sensor_serial_node.py to sensor_serial_node.cpython-310.pyc
[4.570s] running install_data
[4.571s] running install_egg_info
[4.578s] removing '/home/mike/roborama25_ws/install/robo24_stuff/lib/python3.10/site-packages/robo24_stuff-0.0.0-py3.10.egg-info' (and everything under it)
[4.579s] Copying ../../build/robo24_stuff/robo24_stuff.egg-info to /home/mike/roborama25_ws/install/robo24_stuff/lib/python3.10/site-packages/robo24_stuff-0.0.0-py3.10.egg-info
[4.585s] running install_scripts
[4.660s] Installing openmv_serial_node script to /home/mike/roborama25_ws/install/robo24_stuff/lib/robo24_stuff
[4.661s] Installing robo24_can_xy_node script to /home/mike/roborama25_ws/install/robo24_stuff/lib/robo24_stuff
[4.661s] Installing robo24_diynav_node script to /home/mike/roborama25_ws/install/robo24_stuff/lib/robo24_stuff
[4.663s] Installing robo24_diyslam_node script to /home/mike/roborama25_ws/install/robo24_stuff/lib/robo24_stuff
[4.663s] Installing robo24_imu_serial_node script to /home/mike/roborama25_ws/install/robo24_stuff/lib/robo24_stuff
[4.664s] Installing robo24_teleop_node script to /home/mike/roborama25_ws/install/robo24_stuff/lib/robo24_stuff
[4.665s] Installing robo24_watch_serial_node script to /home/mike/roborama25_ws/install/robo24_stuff/lib/robo24_stuff
[4.666s] Installing robo24_wheel_controller_node script to /home/mike/roborama25_ws/install/robo24_stuff/lib/robo24_stuff
[4.667s] Installing sensor_serial_node script to /home/mike/roborama25_ws/install/robo24_stuff/lib/robo24_stuff
[4.669s] writing list of installed files to '/home/mike/roborama25_ws/build/robo24_stuff/install.log'
[4.789s] Invoked command in '/home/mike/roborama25_ws/src/robo24_stuff' returned '0': PYTHONPATH=/home/mike/roborama25_ws/build/robo24_stuff/prefix_override:/usr/lib/python3/dist-packages/colcon_core/task/python/colcon_distutils_commands:/home/mike/roborama25_ws/install/robo24_stuff/lib/python3.10/site-packages:${PYTHONPATH} /usr/bin/python3 -W ignore:setup.py install is deprecated -W ignore:easy_install command is deprecated setup.py egg_info --egg-base ../../build/robo24_stuff build --build-base /home/mike/roborama25_ws/build/robo24_stuff/build install --record /home/mike/roborama25_ws/build/robo24_stuff/install.log --single-version-externally-managed install_data
