[0.104s] Invoking command in '/home/mike/roborama25_ws/build/robo24_interfaces': CMAKE_PREFIX_PATH=${CMAKE_PREFIX_PATH}:/home/mike/roborama25_ws/install/robo24_stuff:/home/mike/ros2_ws/install/robo24_stuff:/home/mike/ros2_ws/install/robo24_nav:/home/mike/ros2_ws/install/robo24_localization:/home/mike/ros2_ws/install/robo24_bringup:/home/mike/ros2_ws/install/moonday24_demo:/opt/ros/humble /usr/bin/cmake --build /home/mike/roborama25_ws/build/robo24_interfaces -- -j4 -l4
[1.676s] [  3%] Built target robo24_interfaces__cpp
[1.680s] [ 12%] Built target robo24_interfaces__rosidl_generator_c
[1.682s] [ 12%] Built target ament_cmake_python_copy_robo24_interfaces
[1.684s] [ 22%] Built target robo24_interfaces__rosidl_typesupport_cpp
[1.692s] [ 32%] Built target robo24_interfaces__rosidl_typesupport_introspection_cpp
[1.694s] [ 41%] Built target robo24_interfaces__rosidl_typesupport_fastrtps_cpp
[1.695s] [ 51%] Built target robo24_interfaces__rosidl_typesupport_fastrtps_c
[1.696s] [ 61%] Built target robo24_interfaces__rosidl_typesupport_introspection_c
[1.696s] [ 70%] Built target robo24_interfaces__rosidl_typesupport_c
[1.697s] [ 70%] Built target robo24_interfaces
[1.697s] [ 74%] Built target robo24_interfaces__py
[1.698s] [ 80%] Built target robo24_interfaces__rosidl_generator_py
[1.698s] [ 87%] Built target robo24_interfaces__rosidl_typesupport_fastrtps_c__pyext
[1.699s] [ 93%] Built target robo24_interfaces__rosidl_typesupport_introspection_c__pyext
[1.699s] [100%] Built target robo24_interfaces__rosidl_typesupport_c__pyext
[1.947s] running egg_info
[1.951s] writing robo24_interfaces.egg-info/PKG-INFO
[1.957s] writing dependency_links to robo24_interfaces.egg-info/dependency_links.txt
[1.962s] writing top-level names to robo24_interfaces.egg-info/top_level.txt
[1.979s] reading manifest file 'robo24_interfaces.egg-info/SOURCES.txt'
[1.983s] writing manifest file 'robo24_interfaces.egg-info/SOURCES.txt'
[2.141s] [100%] Built target ament_cmake_python_build_robo24_interfaces_egg
[2.305s] Invoked command in '/home/mike/roborama25_ws/build/robo24_interfaces' returned '0': CMAKE_PREFIX_PATH=${CMAKE_PREFIX_PATH}:/home/mike/roborama25_ws/install/robo24_stuff:/home/mike/ros2_ws/install/robo24_stuff:/home/mike/ros2_ws/install/robo24_nav:/home/mike/ros2_ws/install/robo24_localization:/home/mike/ros2_ws/install/robo24_bringup:/home/mike/ros2_ws/install/moonday24_demo:/opt/ros/humble /usr/bin/cmake --build /home/mike/roborama25_ws/build/robo24_interfaces -- -j4 -l4
[2.313s] Invoking command in '/home/mike/roborama25_ws/build/robo24_interfaces': CMAKE_PREFIX_PATH=${CMAKE_PREFIX_PATH}:/home/mike/roborama25_ws/install/robo24_stuff:/home/mike/ros2_ws/install/robo24_stuff:/home/mike/ros2_ws/install/robo24_nav:/home/mike/ros2_ws/install/robo24_localization:/home/mike/ros2_ws/install/robo24_bringup:/home/mike/ros2_ws/install/moonday24_demo:/opt/ros/humble /usr/bin/cmake --install /home/mike/roborama25_ws/build/robo24_interfaces
[2.340s] -- Install configuration: ""
[2.347s] -- Up-to-date: /home/mike/roborama25_ws/install/robo24_interfaces/share/ament_index/resource_index/rosidl_interfaces/robo24_interfaces
[2.347s] -- Up-to-date: /home/mike/roborama25_ws/install/robo24_interfaces/include/robo24_interfaces/robo24_interfaces
[2.349s] -- Up-to-date: /home/mike/roborama25_ws/install/robo24_interfaces/include/robo24_interfaces/robo24_interfaces/msg
[2.350s] -- Up-to-date: /home/mike/roborama25_ws/install/robo24_interfaces/include/robo24_interfaces/robo24_interfaces/msg/rosidl_generator_c__visibility_control.h
[2.352s] -- Up-to-date: /home/mike/roborama25_ws/install/robo24_interfaces/include/robo24_interfaces/robo24_interfaces/srv
[2.353s] -- Up-to-date: /home/mike/roborama25_ws/install/robo24_interfaces/include/robo24_interfaces/robo24_interfaces/srv/detail
[2.354s] -- Up-to-date: /home/mike/roborama25_ws/install/robo24_interfaces/include/robo24_interfaces/robo24_interfaces/srv/detail/claw__type_support.h
[2.356s] -- Up-to-date: /home/mike/roborama25_ws/install/robo24_interfaces/include/robo24_interfaces/robo24_interfaces/srv/detail/claw__struct.h
[2.356s] -- Up-to-date: /home/mike/roborama25_ws/install/robo24_interfaces/include/robo24_interfaces/robo24_interfaces/srv/detail/claw__functions.h
[2.359s] -- Up-to-date: /home/mike/roborama25_ws/install/robo24_interfaces/include/robo24_interfaces/robo24_interfaces/srv/detail/claw__functions.c
[2.360s] -- Up-to-date: /home/mike/roborama25_ws/install/robo24_interfaces/include/robo24_interfaces/robo24_interfaces/srv/claw.h
[2.361s] -- Up-to-date: /home/mike/roborama25_ws/install/robo24_interfaces/share/robo24_interfaces/environment/library_path.sh
[2.363s] -- Up-to-date: /home/mike/roborama25_ws/install/robo24_interfaces/share/robo24_interfaces/environment/library_path.dsv
[2.367s] -- Up-to-date: /home/mike/roborama25_ws/install/robo24_interfaces/lib/librobo24_interfaces__rosidl_generator_c.so
[2.368s] -- Up-to-date: /home/mike/roborama25_ws/install/robo24_interfaces/include/robo24_interfaces/robo24_interfaces
[2.368s] -- Up-to-date: /home/mike/roborama25_ws/install/robo24_interfaces/include/robo24_interfaces/robo24_interfaces/msg
[2.370s] -- Up-to-date: /home/mike/roborama25_ws/install/robo24_interfaces/include/robo24_interfaces/robo24_interfaces/msg/rosidl_typesupport_fastrtps_c__visibility_control.h
[2.371s] -- Up-to-date: /home/mike/roborama25_ws/install/robo24_interfaces/include/robo24_interfaces/robo24_interfaces/srv
[2.372s] -- Up-to-date: /home/mike/roborama25_ws/install/robo24_interfaces/include/robo24_interfaces/robo24_interfaces/srv/detail
[2.373s] -- Up-to-date: /home/mike/roborama25_ws/install/robo24_interfaces/include/robo24_interfaces/robo24_interfaces/srv/detail/claw__rosidl_typesupport_fastrtps_c.h
[2.373s] -- Up-to-date: /home/mike/roborama25_ws/install/robo24_interfaces/lib/librobo24_interfaces__rosidl_typesupport_fastrtps_c.so
[2.374s] -- Up-to-date: /home/mike/roborama25_ws/install/robo24_interfaces/include/robo24_interfaces/robo24_interfaces
[2.375s] -- Up-to-date: /home/mike/roborama25_ws/install/robo24_interfaces/include/robo24_interfaces/robo24_interfaces/msg
[2.375s] -- Up-to-date: /home/mike/roborama25_ws/install/robo24_interfaces/include/robo24_interfaces/robo24_interfaces/msg/rosidl_typesupport_introspection_c__visibility_control.h
[2.375s] -- Up-to-date: /home/mike/roborama25_ws/install/robo24_interfaces/include/robo24_interfaces/robo24_interfaces/srv
[2.376s] -- Up-to-date: /home/mike/roborama25_ws/install/robo24_interfaces/include/robo24_interfaces/robo24_interfaces/srv/detail
[2.377s] -- Up-to-date: /home/mike/roborama25_ws/install/robo24_interfaces/include/robo24_interfaces/robo24_interfaces/srv/detail/claw__rosidl_typesupport_introspection_c.h
[2.377s] -- Up-to-date: /home/mike/roborama25_ws/install/robo24_interfaces/include/robo24_interfaces/robo24_interfaces/srv/detail/claw__type_support.c
[2.378s] -- Up-to-date: /home/mike/roborama25_ws/install/robo24_interfaces/lib/librobo24_interfaces__rosidl_typesupport_introspection_c.so
[2.379s] -- Up-to-date: /home/mike/roborama25_ws/install/robo24_interfaces/lib/librobo24_interfaces__rosidl_typesupport_c.so
[2.380s] -- Up-to-date: /home/mike/roborama25_ws/install/robo24_interfaces/include/robo24_interfaces/robo24_interfaces
[2.380s] -- Up-to-date: /home/mike/roborama25_ws/install/robo24_interfaces/include/robo24_interfaces/robo24_interfaces/msg
[2.381s] -- Up-to-date: /home/mike/roborama25_ws/install/robo24_interfaces/include/robo24_interfaces/robo24_interfaces/msg/rosidl_generator_cpp__visibility_control.hpp
[2.381s] -- Up-to-date: /home/mike/roborama25_ws/install/robo24_interfaces/include/robo24_interfaces/robo24_interfaces/srv
[2.382s] -- Up-to-date: /home/mike/roborama25_ws/install/robo24_interfaces/include/robo24_interfaces/robo24_interfaces/srv/detail
[2.382s] -- Up-to-date: /home/mike/roborama25_ws/install/robo24_interfaces/include/robo24_interfaces/robo24_interfaces/srv/detail/claw__struct.hpp
[2.383s] -- Up-to-date: /home/mike/roborama25_ws/install/robo24_interfaces/include/robo24_interfaces/robo24_interfaces/srv/detail/claw__type_support.hpp
[2.383s] -- Up-to-date: /home/mike/roborama25_ws/install/robo24_interfaces/include/robo24_interfaces/robo24_interfaces/srv/detail/claw__builder.hpp
[2.384s] -- Up-to-date: /home/mike/roborama25_ws/install/robo24_interfaces/include/robo24_interfaces/robo24_interfaces/srv/detail/claw__traits.hpp
[2.384s] -- Up-to-date: /home/mike/roborama25_ws/install/robo24_interfaces/include/robo24_interfaces/robo24_interfaces/srv/claw.hpp
[2.385s] -- Up-to-date: /home/mike/roborama25_ws/install/robo24_interfaces/include/robo24_interfaces/robo24_interfaces
[2.385s] -- Up-to-date: /home/mike/roborama25_ws/install/robo24_interfaces/include/robo24_interfaces/robo24_interfaces/msg
[2.387s] -- Up-to-date: /home/mike/roborama25_ws/install/robo24_interfaces/include/robo24_interfaces/robo24_interfaces/msg/rosidl_typesupport_fastrtps_cpp__visibility_control.h
[2.388s] -- Up-to-date: /home/mike/roborama25_ws/install/robo24_interfaces/include/robo24_interfaces/robo24_interfaces/srv
[2.388s] -- Up-to-date: /home/mike/roborama25_ws/install/robo24_interfaces/include/robo24_interfaces/robo24_interfaces/srv/detail
[2.389s] -- Up-to-date: /home/mike/roborama25_ws/install/robo24_interfaces/include/robo24_interfaces/robo24_interfaces/srv/detail/dds_fastrtps
[2.390s] -- Up-to-date: /home/mike/roborama25_ws/install/robo24_interfaces/include/robo24_interfaces/robo24_interfaces/srv/detail/claw__rosidl_typesupport_fastrtps_cpp.hpp
[2.391s] -- Up-to-date: /home/mike/roborama25_ws/install/robo24_interfaces/lib/librobo24_interfaces__rosidl_typesupport_fastrtps_cpp.so
[2.391s] -- Up-to-date: /home/mike/roborama25_ws/install/robo24_interfaces/include/robo24_interfaces/robo24_interfaces
[2.391s] -- Up-to-date: /home/mike/roborama25_ws/install/robo24_interfaces/include/robo24_interfaces/robo24_interfaces/srv
[2.392s] -- Up-to-date: /home/mike/roborama25_ws/install/robo24_interfaces/include/robo24_interfaces/robo24_interfaces/srv/detail
[2.392s] -- Up-to-date: /home/mike/roborama25_ws/install/robo24_interfaces/include/robo24_interfaces/robo24_interfaces/srv/detail/claw__type_support.cpp
[2.392s] -- Up-to-date: /home/mike/roborama25_ws/install/robo24_interfaces/include/robo24_interfaces/robo24_interfaces/srv/detail/claw__rosidl_typesupport_introspection_cpp.hpp
[2.393s] -- Up-to-date: /home/mike/roborama25_ws/install/robo24_interfaces/lib/librobo24_interfaces__rosidl_typesupport_introspection_cpp.so
[2.393s] -- Up-to-date: /home/mike/roborama25_ws/install/robo24_interfaces/lib/librobo24_interfaces__rosidl_typesupport_cpp.so
[2.393s] -- Up-to-date: /home/mike/roborama25_ws/install/robo24_interfaces/share/robo24_interfaces/environment/pythonpath.sh
[2.394s] -- Up-to-date: /home/mike/roborama25_ws/install/robo24_interfaces/share/robo24_interfaces/environment/pythonpath.dsv
[2.394s] -- Up-to-date: /home/mike/roborama25_ws/install/robo24_interfaces/local/lib/python3.10/dist-packages/robo24_interfaces-0.0.0-py3.10.egg-info
[2.394s] -- Installing: /home/mike/roborama25_ws/install/robo24_interfaces/local/lib/python3.10/dist-packages/robo24_interfaces-0.0.0-py3.10.egg-info/SOURCES.txt
[2.395s] -- Installing: /home/mike/roborama25_ws/install/robo24_interfaces/local/lib/python3.10/dist-packages/robo24_interfaces-0.0.0-py3.10.egg-info/dependency_links.txt
[2.395s] -- Installing: /home/mike/roborama25_ws/install/robo24_interfaces/local/lib/python3.10/dist-packages/robo24_interfaces-0.0.0-py3.10.egg-info/PKG-INFO
[2.395s] -- Installing: /home/mike/roborama25_ws/install/robo24_interfaces/local/lib/python3.10/dist-packages/robo24_interfaces-0.0.0-py3.10.egg-info/top_level.txt
[2.395s] -- Up-to-date: /home/mike/roborama25_ws/install/robo24_interfaces/local/lib/python3.10/dist-packages/robo24_interfaces
[2.396s] -- Up-to-date: /home/mike/roborama25_ws/install/robo24_interfaces/local/lib/python3.10/dist-packages/robo24_interfaces/librobo24_interfaces__rosidl_generator_py.so
[2.396s] -- Up-to-date: /home/mike/roborama25_ws/install/robo24_interfaces/local/lib/python3.10/dist-packages/robo24_interfaces/robo24_interfaces_s__rosidl_typesupport_fastrtps_c.cpython-310-aarch64-linux-gnu.so
[2.396s] -- Up-to-date: /home/mike/roborama25_ws/install/robo24_interfaces/local/lib/python3.10/dist-packages/robo24_interfaces/_robo24_interfaces_s.ep.rosidl_typesupport_fastrtps_c.c
[2.397s] -- Up-to-date: /home/mike/roborama25_ws/install/robo24_interfaces/local/lib/python3.10/dist-packages/robo24_interfaces/robo24_interfaces_s__rosidl_typesupport_introspection_c.cpython-310-aarch64-linux-gnu.so
[2.397s] -- Up-to-date: /home/mike/roborama25_ws/install/robo24_interfaces/local/lib/python3.10/dist-packages/robo24_interfaces/robo24_interfaces_s__rosidl_typesupport_c.cpython-310-aarch64-linux-gnu.so
[2.398s] -- Up-to-date: /home/mike/roborama25_ws/install/robo24_interfaces/local/lib/python3.10/dist-packages/robo24_interfaces/_robo24_interfaces_s.ep.rosidl_typesupport_introspection_c.c
[2.398s] -- Up-to-date: /home/mike/roborama25_ws/install/robo24_interfaces/local/lib/python3.10/dist-packages/robo24_interfaces/_robo24_interfaces_s.ep.rosidl_typesupport_c.c
[2.398s] -- Up-to-date: /home/mike/roborama25_ws/install/robo24_interfaces/local/lib/python3.10/dist-packages/robo24_interfaces/srv
[2.398s] -- Up-to-date: /home/mike/roborama25_ws/install/robo24_interfaces/local/lib/python3.10/dist-packages/robo24_interfaces/srv/_claw.py
[2.399s] -- Up-to-date: /home/mike/roborama25_ws/install/robo24_interfaces/local/lib/python3.10/dist-packages/robo24_interfaces/srv/__init__.py
[2.399s] -- Up-to-date: /home/mike/roborama25_ws/install/robo24_interfaces/local/lib/python3.10/dist-packages/robo24_interfaces/srv/_claw_s.c
[2.399s] -- Up-to-date: /home/mike/roborama25_ws/install/robo24_interfaces/local/lib/python3.10/dist-packages/robo24_interfaces/__init__.py
[2.576s] Listing '/home/mike/roborama25_ws/install/robo24_interfaces/local/lib/python3.10/dist-packages/robo24_interfaces'...
[2.578s] Listing '/home/mike/roborama25_ws/install/robo24_interfaces/local/lib/python3.10/dist-packages/robo24_interfaces/srv'...
[2.602s] -- Up-to-date: /home/mike/roborama25_ws/install/robo24_interfaces/local/lib/python3.10/dist-packages/robo24_interfaces/robo24_interfaces_s__rosidl_typesupport_fastrtps_c.cpython-310-aarch64-linux-gnu.so
[2.606s] -- Up-to-date: /home/mike/roborama25_ws/install/robo24_interfaces/local/lib/python3.10/dist-packages/robo24_interfaces/robo24_interfaces_s__rosidl_typesupport_introspection_c.cpython-310-aarch64-linux-gnu.so
[2.609s] -- Up-to-date: /home/mike/roborama25_ws/install/robo24_interfaces/local/lib/python3.10/dist-packages/robo24_interfaces/robo24_interfaces_s__rosidl_typesupport_c.cpython-310-aarch64-linux-gnu.so
[2.612s] -- Up-to-date: /home/mike/roborama25_ws/install/robo24_interfaces/lib/librobo24_interfaces__rosidl_generator_py.so
[2.614s] -- Up-to-date: /home/mike/roborama25_ws/install/robo24_interfaces/share/robo24_interfaces/srv/Claw.idl
[2.616s] -- Up-to-date: /home/mike/roborama25_ws/install/robo24_interfaces/share/robo24_interfaces/srv/Claw.srv
[2.617s] -- Up-to-date: /home/mike/roborama25_ws/install/robo24_interfaces/share/robo24_interfaces/srv/Claw_Request.msg
[2.619s] -- Up-to-date: /home/mike/roborama25_ws/install/robo24_interfaces/share/robo24_interfaces/srv/Claw_Response.msg
[2.620s] -- Up-to-date: /home/mike/roborama25_ws/install/robo24_interfaces/share/ament_index/resource_index/package_run_dependencies/robo24_interfaces
[2.621s] -- Up-to-date: /home/mike/roborama25_ws/install/robo24_interfaces/share/ament_index/resource_index/parent_prefix_path/robo24_interfaces
[2.621s] -- Up-to-date: /home/mike/roborama25_ws/install/robo24_interfaces/share/robo24_interfaces/environment/ament_prefix_path.sh
[2.622s] -- Up-to-date: /home/mike/roborama25_ws/install/robo24_interfaces/share/robo24_interfaces/environment/ament_prefix_path.dsv
[2.622s] -- Up-to-date: /home/mike/roborama25_ws/install/robo24_interfaces/share/robo24_interfaces/environment/path.sh
[2.623s] -- Up-to-date: /home/mike/roborama25_ws/install/robo24_interfaces/share/robo24_interfaces/environment/path.dsv
[2.624s] -- Up-to-date: /home/mike/roborama25_ws/install/robo24_interfaces/share/robo24_interfaces/local_setup.bash
[2.624s] -- Up-to-date: /home/mike/roborama25_ws/install/robo24_interfaces/share/robo24_interfaces/local_setup.sh
[2.625s] -- Up-to-date: /home/mike/roborama25_ws/install/robo24_interfaces/share/robo24_interfaces/local_setup.zsh
[2.625s] -- Up-to-date: /home/mike/roborama25_ws/install/robo24_interfaces/share/robo24_interfaces/local_setup.dsv
[2.636s] -- Installing: /home/mike/roborama25_ws/install/robo24_interfaces/share/robo24_interfaces/package.dsv
[2.637s] -- Up-to-date: /home/mike/roborama25_ws/install/robo24_interfaces/share/ament_index/resource_index/packages/robo24_interfaces
[2.637s] -- Up-to-date: /home/mike/roborama25_ws/install/robo24_interfaces/share/robo24_interfaces/cmake/export_robo24_interfaces__rosidl_generator_cExport.cmake
[2.638s] -- Up-to-date: /home/mike/roborama25_ws/install/robo24_interfaces/share/robo24_interfaces/cmake/export_robo24_interfaces__rosidl_generator_cExport-noconfig.cmake
[2.638s] -- Up-to-date: /home/mike/roborama25_ws/install/robo24_interfaces/share/robo24_interfaces/cmake/export_robo24_interfaces__rosidl_typesupport_fastrtps_cExport.cmake
[2.639s] -- Up-to-date: /home/mike/roborama25_ws/install/robo24_interfaces/share/robo24_interfaces/cmake/export_robo24_interfaces__rosidl_typesupport_fastrtps_cExport-noconfig.cmake
[2.640s] -- Up-to-date: /home/mike/roborama25_ws/install/robo24_interfaces/share/robo24_interfaces/cmake/robo24_interfaces__rosidl_typesupport_introspection_cExport.cmake
[2.640s] -- Up-to-date: /home/mike/roborama25_ws/install/robo24_interfaces/share/robo24_interfaces/cmake/robo24_interfaces__rosidl_typesupport_introspection_cExport-noconfig.cmake
[2.641s] -- Up-to-date: /home/mike/roborama25_ws/install/robo24_interfaces/share/robo24_interfaces/cmake/robo24_interfaces__rosidl_typesupport_cExport.cmake
[2.642s] -- Up-to-date: /home/mike/roborama25_ws/install/robo24_interfaces/share/robo24_interfaces/cmake/robo24_interfaces__rosidl_typesupport_cExport-noconfig.cmake
[2.642s] -- Up-to-date: /home/mike/roborama25_ws/install/robo24_interfaces/share/robo24_interfaces/cmake/export_robo24_interfaces__rosidl_generator_cppExport.cmake
[2.643s] -- Up-to-date: /home/mike/roborama25_ws/install/robo24_interfaces/share/robo24_interfaces/cmake/export_robo24_interfaces__rosidl_typesupport_fastrtps_cppExport.cmake
[2.645s] -- Up-to-date: /home/mike/roborama25_ws/install/robo24_interfaces/share/robo24_interfaces/cmake/export_robo24_interfaces__rosidl_typesupport_fastrtps_cppExport-noconfig.cmake
[2.645s] -- Up-to-date: /home/mike/roborama25_ws/install/robo24_interfaces/share/robo24_interfaces/cmake/robo24_interfaces__rosidl_typesupport_introspection_cppExport.cmake
[2.646s] -- Up-to-date: /home/mike/roborama25_ws/install/robo24_interfaces/share/robo24_interfaces/cmake/robo24_interfaces__rosidl_typesupport_introspection_cppExport-noconfig.cmake
[2.646s] -- Up-to-date: /home/mike/roborama25_ws/install/robo24_interfaces/share/robo24_interfaces/cmake/robo24_interfaces__rosidl_typesupport_cppExport.cmake
[2.647s] -- Up-to-date: /home/mike/roborama25_ws/install/robo24_interfaces/share/robo24_interfaces/cmake/robo24_interfaces__rosidl_typesupport_cppExport-noconfig.cmake
[2.647s] -- Up-to-date: /home/mike/roborama25_ws/install/robo24_interfaces/share/robo24_interfaces/cmake/export_robo24_interfaces__rosidl_generator_pyExport.cmake
[2.649s] -- Up-to-date: /home/mike/roborama25_ws/install/robo24_interfaces/share/robo24_interfaces/cmake/export_robo24_interfaces__rosidl_generator_pyExport-noconfig.cmake
[2.649s] -- Up-to-date: /home/mike/roborama25_ws/install/robo24_interfaces/share/robo24_interfaces/cmake/rosidl_cmake-extras.cmake
[2.654s] -- Up-to-date: /home/mike/roborama25_ws/install/robo24_interfaces/share/robo24_interfaces/cmake/ament_cmake_export_include_directories-extras.cmake
[2.656s] -- Up-to-date: /home/mike/roborama25_ws/install/robo24_interfaces/share/robo24_interfaces/cmake/ament_cmake_export_libraries-extras.cmake
[2.657s] -- Up-to-date: /home/mike/roborama25_ws/install/robo24_interfaces/share/robo24_interfaces/cmake/ament_cmake_export_targets-extras.cmake
[2.658s] -- Up-to-date: /home/mike/roborama25_ws/install/robo24_interfaces/share/robo24_interfaces/cmake/rosidl_cmake_export_typesupport_targets-extras.cmake
[2.659s] -- Up-to-date: /home/mike/roborama25_ws/install/robo24_interfaces/share/robo24_interfaces/cmake/ament_cmake_export_dependencies-extras.cmake
[2.659s] -- Up-to-date: /home/mike/roborama25_ws/install/robo24_interfaces/share/robo24_interfaces/cmake/rosidl_cmake_export_typesupport_libraries-extras.cmake
[2.660s] -- Up-to-date: /home/mike/roborama25_ws/install/robo24_interfaces/share/robo24_interfaces/cmake/robo24_interfacesConfig.cmake
[2.661s] -- Up-to-date: /home/mike/roborama25_ws/install/robo24_interfaces/share/robo24_interfaces/cmake/robo24_interfacesConfig-version.cmake
[2.661s] -- Up-to-date: /home/mike/roborama25_ws/install/robo24_interfaces/share/robo24_interfaces/package.xml
[2.662s] Invoked command in '/home/mike/roborama25_ws/build/robo24_interfaces' returned '0': CMAKE_PREFIX_PATH=${CMAKE_PREFIX_PATH}:/home/mike/roborama25_ws/install/robo24_stuff:/home/mike/ros2_ws/install/robo24_stuff:/home/mike/ros2_ws/install/robo24_nav:/home/mike/ros2_ws/install/robo24_localization:/home/mike/ros2_ws/install/robo24_bringup:/home/mike/ros2_ws/install/moonday24_demo:/opt/ros/humble /usr/bin/cmake --install /home/mike/roborama25_ws/build/robo24_interfaces
