[1.604s] Invoking command in '/home/mike/roborama25_ws/build/sllidar_ros2': CMAKE_PREFIX_PATH=${CMAKE_PREFIX_PATH}:/home/mike/roborama25_ws/install/robo24_stuff:/home/mike/ros2_ws/install/robo24_stuff:/home/mike/ros2_ws/install/robo24_nav:/home/mike/ros2_ws/install/robo24_localization:/home/mike/ros2_ws/install/robo24_bringup:/home/mike/ros2_ws/install/moonday24_demo:/opt/ros/humble /usr/bin/cmake --build /home/mike/roborama25_ws/build/sllidar_ros2 -- -j4 -l4
[1.886s] [ 10%] Built target sllidar_client
[1.924s] [100%] Built target sllidar_node
[1.981s] Invoked command in '/home/mike/roborama25_ws/build/sllidar_ros2' returned '0': CMAKE_PREFIX_PATH=${CMAKE_PREFIX_PATH}:/home/mike/roborama25_ws/install/robo24_stuff:/home/mike/ros2_ws/install/robo24_stuff:/home/mike/ros2_ws/install/robo24_nav:/home/mike/ros2_ws/install/robo24_localization:/home/mike/ros2_ws/install/robo24_bringup:/home/mike/ros2_ws/install/moonday24_demo:/opt/ros/humble /usr/bin/cmake --build /home/mike/roborama25_ws/build/sllidar_ros2 -- -j4 -l4
[2.040s] Invoking command in '/home/mike/roborama25_ws/build/sllidar_ros2': CMAKE_PREFIX_PATH=${CMAKE_PREFIX_PATH}:/home/mike/roborama25_ws/install/robo24_stuff:/home/mike/ros2_ws/install/robo24_stuff:/home/mike/ros2_ws/install/robo24_nav:/home/mike/ros2_ws/install/robo24_localization:/home/mike/ros2_ws/install/robo24_bringup:/home/mike/ros2_ws/install/moonday24_demo:/opt/ros/humble /usr/bin/cmake --install /home/mike/roborama25_ws/build/sllidar_ros2
[2.086s] -- Install configuration: ""
[2.091s] -- Up-to-date: /home/mike/roborama25_ws/install/sllidar_ros2/share/sllidar_ros2/launch
[2.092s] -- Up-to-date: /home/mike/roborama25_ws/install/sllidar_ros2/share/sllidar_ros2/launch/view_sllidar_a3_launch.py
[2.093s] -- Up-to-date: /home/mike/roborama25_ws/install/sllidar_ros2/share/sllidar_ros2/launch/view_sllidar_a2m8_launch.py
[2.094s] -- Up-to-date: /home/mike/roborama25_ws/install/sllidar_ros2/share/sllidar_ros2/launch/view_sllidar_c1_launch.py
[2.095s] -- Up-to-date: /home/mike/roborama25_ws/install/sllidar_ros2/share/sllidar_ros2/launch/sllidar_a3_launch.py
[2.095s] -- Up-to-date: /home/mike/roborama25_ws/install/sllidar_ros2/share/sllidar_ros2/launch/view_sllidar_s3_launch.py
[2.096s] -- Up-to-date: /home/mike/roborama25_ws/install/sllidar_ros2/share/sllidar_ros2/launch/view_sllidar_s2e_launch.py
[2.097s] -- Up-to-date: /home/mike/roborama25_ws/install/sllidar_ros2/share/sllidar_ros2/launch/sllidar_s1_launch.py
[2.098s] -- Up-to-date: /home/mike/roborama25_ws/install/sllidar_ros2/share/sllidar_ros2/launch/sllidar_s1_tcp_launch.py
[2.098s] -- Up-to-date: /home/mike/roborama25_ws/install/sllidar_ros2/share/sllidar_ros2/launch/sllidar_s2_launch.py
[2.107s] -- Up-to-date: /home/mike/roborama25_ws/install/sllidar_ros2/share/sllidar_ros2/launch/sllidar_a1_launch.py
[2.109s] -- Up-to-date: /home/mike/roborama25_ws/install/sllidar_ros2/share/sllidar_ros2/launch/view_sllidar_s1_launch.py
[2.110s] -- Up-to-date: /home/mike/roborama25_ws/install/sllidar_ros2/share/sllidar_ros2/launch/sllidar_c1_launch.py
[2.111s] -- Up-to-date: /home/mike/roborama25_ws/install/sllidar_ros2/share/sllidar_ros2/launch/sllidar_s3_launch.py
[2.111s] -- Up-to-date: /home/mike/roborama25_ws/install/sllidar_ros2/share/sllidar_ros2/launch/view_sllidar_a2m7_launch.py
[2.112s] -- Up-to-date: /home/mike/roborama25_ws/install/sllidar_ros2/share/sllidar_ros2/launch/sllidar_t1_launch.py
[2.113s] -- Up-to-date: /home/mike/roborama25_ws/install/sllidar_ros2/share/sllidar_ros2/launch/view_sllidar_a2m12_launch.py
[2.114s] -- Up-to-date: /home/mike/roborama25_ws/install/sllidar_ros2/share/sllidar_ros2/launch/sllidar_a2m12_launch .py
[2.114s] -- Up-to-date: /home/mike/roborama25_ws/install/sllidar_ros2/share/sllidar_ros2/launch/view_sllidar_s2_launch.py
[2.115s] -- Up-to-date: /home/mike/roborama25_ws/install/sllidar_ros2/share/sllidar_ros2/launch/view_sllidar_s1_tcp_launch.py
[2.116s] -- Up-to-date: /home/mike/roborama25_ws/install/sllidar_ros2/share/sllidar_ros2/launch/view_sllidar_a1_launch.py
[2.120s] -- Up-to-date: /home/mike/roborama25_ws/install/sllidar_ros2/share/sllidar_ros2/launch/sllidar_a2m7_launch.py
[2.132s] -- Up-to-date: /home/mike/roborama25_ws/install/sllidar_ros2/share/sllidar_ros2/launch/view_sllidar_t1_launch.py
[2.132s] -- Up-to-date: /home/mike/roborama25_ws/install/sllidar_ros2/share/sllidar_ros2/launch/sllidar_a2m8_launch.py
[2.133s] -- Up-to-date: /home/mike/roborama25_ws/install/sllidar_ros2/share/sllidar_ros2/launch/sllidar_s2e_launch.py
[2.133s] -- Up-to-date: /home/mike/roborama25_ws/install/sllidar_ros2/share/sllidar_ros2/rviz
[2.134s] -- Up-to-date: /home/mike/roborama25_ws/install/sllidar_ros2/share/sllidar_ros2/rviz/sllidar_ros2.rviz
[2.134s] -- Up-to-date: /home/mike/roborama25_ws/install/sllidar_ros2/lib/sllidar_ros2/sllidar_node
[2.135s] -- Up-to-date: /home/mike/roborama25_ws/install/sllidar_ros2/lib/sllidar_ros2/sllidar_client
[2.136s] -- Up-to-date: /home/mike/roborama25_ws/install/sllidar_ros2/share/ament_index/resource_index/package_run_dependencies/sllidar_ros2
[2.136s] -- Up-to-date: /home/mike/roborama25_ws/install/sllidar_ros2/share/ament_index/resource_index/parent_prefix_path/sllidar_ros2
[2.136s] -- Up-to-date: /home/mike/roborama25_ws/install/sllidar_ros2/share/sllidar_ros2/environment/ament_prefix_path.sh
[2.137s] -- Up-to-date: /home/mike/roborama25_ws/install/sllidar_ros2/share/sllidar_ros2/environment/ament_prefix_path.dsv
[2.137s] -- Up-to-date: /home/mike/roborama25_ws/install/sllidar_ros2/share/sllidar_ros2/environment/path.sh
[2.138s] -- Up-to-date: /home/mike/roborama25_ws/install/sllidar_ros2/share/sllidar_ros2/environment/path.dsv
[2.138s] -- Up-to-date: /home/mike/roborama25_ws/install/sllidar_ros2/share/sllidar_ros2/local_setup.bash
[2.139s] -- Up-to-date: /home/mike/roborama25_ws/install/sllidar_ros2/share/sllidar_ros2/local_setup.sh
[2.139s] -- Up-to-date: /home/mike/roborama25_ws/install/sllidar_ros2/share/sllidar_ros2/local_setup.zsh
[2.140s] -- Up-to-date: /home/mike/roborama25_ws/install/sllidar_ros2/share/sllidar_ros2/local_setup.dsv
[2.140s] -- Installing: /home/mike/roborama25_ws/install/sllidar_ros2/share/sllidar_ros2/package.dsv
[2.147s] -- Up-to-date: /home/mike/roborama25_ws/install/sllidar_ros2/share/ament_index/resource_index/packages/sllidar_ros2
[2.149s] -- Up-to-date: /home/mike/roborama25_ws/install/sllidar_ros2/share/sllidar_ros2/cmake/ament_cmake_export_dependencies-extras.cmake
[2.152s] -- Up-to-date: /home/mike/roborama25_ws/install/sllidar_ros2/share/sllidar_ros2/cmake/ament_cmake_export_include_directories-extras.cmake
[2.154s] -- Up-to-date: /home/mike/roborama25_ws/install/sllidar_ros2/share/sllidar_ros2/cmake/sllidar_ros2Config.cmake
[2.156s] -- Up-to-date: /home/mike/roborama25_ws/install/sllidar_ros2/share/sllidar_ros2/cmake/sllidar_ros2Config-version.cmake
[2.159s] -- Up-to-date: /home/mike/roborama25_ws/install/sllidar_ros2/share/sllidar_ros2/package.xml
[2.161s] Invoked command in '/home/mike/roborama25_ws/build/sllidar_ros2' returned '0': CMAKE_PREFIX_PATH=${CMAKE_PREFIX_PATH}:/home/mike/roborama25_ws/install/robo24_stuff:/home/mike/ros2_ws/install/robo24_stuff:/home/mike/ros2_ws/install/robo24_nav:/home/mike/ros2_ws/install/robo24_localization:/home/mike/ros2_ws/install/robo24_bringup:/home/mike/ros2_ws/install/moonday24_demo:/opt/ros/humble /usr/bin/cmake --install /home/mike/roborama25_ws/build/sllidar_ros2
