[3.963s] Invoking command in '/home/mike/roborama25_ws/build/robo24_stuff': PYTHONPATH=/home/mike/roborama25_ws/build/robo24_stuff/prefix_override:/usr/lib/python3/dist-packages/colcon_core/task/python/colcon_distutils_commands:/home/mike/roborama25_ws/install/robo24_stuff/lib/python3.10/site-packages:${PYTHONPATH} /usr/bin/python3 -W ignore:setup.py install is deprecated -W ignore:easy_install command is deprecated setup.py develop --editable --build-directory /home/mike/roborama25_ws/build/robo24_stuff/build --no-deps symlink_data --force
[5.545s] running develop
[6.358s] running egg_info
[6.358s] writing robo24_stuff.egg-info/PKG-INFO
[6.359s] writing dependency_links to robo24_stuff.egg-info/dependency_links.txt
[6.361s] writing entry points to robo24_stuff.egg-info/entry_points.txt
[6.362s] writing requirements to robo24_stuff.egg-info/requires.txt
[6.363s] writing top-level names to robo24_stuff.egg-info/top_level.txt
[6.373s] reading manifest file 'robo24_stuff.egg-info/SOURCES.txt'
[6.382s] writing manifest file 'robo24_stuff.egg-info/SOURCES.txt'
[6.389s] running build_ext
[6.389s] Creating /home/mike/roborama25_ws/install/robo24_stuff/lib/python3.10/site-packages/robo24-stuff.egg-link (link to .)
[6.393s] Installing openmv_serial_node script to /home/mike/roborama25_ws/install/robo24_stuff/lib/robo24_stuff
[6.394s] Installing robo24_can_xy_node script to /home/mike/roborama25_ws/install/robo24_stuff/lib/robo24_stuff
[6.395s] Installing robo24_diynav_node script to /home/mike/roborama25_ws/install/robo24_stuff/lib/robo24_stuff
[6.397s] Installing robo24_diyslam_node script to /home/mike/roborama25_ws/install/robo24_stuff/lib/robo24_stuff
[6.398s] Installing robo24_imu_serial_node script to /home/mike/roborama25_ws/install/robo24_stuff/lib/robo24_stuff
[6.399s] Installing robo24_teleop_node script to /home/mike/roborama25_ws/install/robo24_stuff/lib/robo24_stuff
[6.400s] Installing robo24_watch_serial_node script to /home/mike/roborama25_ws/install/robo24_stuff/lib/robo24_stuff
[6.401s] Installing robo24_wheel_controller_node script to /home/mike/roborama25_ws/install/robo24_stuff/lib/robo24_stuff
[6.402s] Installing sensor_serial_node script to /home/mike/roborama25_ws/install/robo24_stuff/lib/robo24_stuff
[6.405s] 
[6.417s] Installed /home/mike/roborama25_ws/build/robo24_stuff
[6.419s] running symlink_data
[6.420s] symbolically linking /home/mike/roborama25_ws/build/robo24_stuff/resource/robo24_stuff -> /home/mike/roborama25_ws/install/robo24_stuff/share/ament_index/resource_index/packages
[6.422s] symbolically linking /home/mike/roborama25_ws/build/robo24_stuff/package.xml -> /home/mike/roborama25_ws/install/robo24_stuff/share/robo24_stuff
[6.424s] symbolically linking /home/mike/roborama25_ws/build/robo24_stuff/launch/robo24_bringup_launch.py -> /home/mike/roborama25_ws/install/robo24_stuff/share/robo24_stuff/launch
[6.589s] Invoked command in '/home/mike/roborama25_ws/build/robo24_stuff' returned '0': PYTHONPATH=/home/mike/roborama25_ws/build/robo24_stuff/prefix_override:/usr/lib/python3/dist-packages/colcon_core/task/python/colcon_distutils_commands:/home/mike/roborama25_ws/install/robo24_stuff/lib/python3.10/site-packages:${PYTHONPATH} /usr/bin/python3 -W ignore:setup.py install is deprecated -W ignore:easy_install command is deprecated setup.py develop --editable --build-directory /home/mike/roborama25_ws/build/robo24_stuff/build --no-deps symlink_data --force
