[2.870s] Invoking command in '/home/mike/roborama25_ws/build/robo24_stuff': PYTHONPATH=/home/mike/roborama25_ws/build/robo24_stuff/prefix_override:/usr/lib/python3/dist-packages/colcon_core/task/python/colcon_distutils_commands:/home/mike/roborama25_ws/install/robo24_stuff/lib/python3.10/site-packages:${PYTHONPATH} /usr/bin/python3 -W ignore:setup.py install is deprecated -W ignore:easy_install command is deprecated setup.py develop --editable --build-directory /home/mike/roborama25_ws/build/robo24_stuff/build --no-deps symlink_data --force
[4.041s] running develop
[4.673s] running egg_info
[4.674s] writing robo24_stuff.egg-info/PKG-INFO
[4.675s] writing dependency_links to robo24_stuff.egg-info/dependency_links.txt
[4.676s] writing entry points to robo24_stuff.egg-info/entry_points.txt
[4.677s] writing requirements to robo24_stuff.egg-info/requires.txt
[4.677s] writing top-level names to robo24_stuff.egg-info/top_level.txt
[4.685s] reading manifest file 'robo24_stuff.egg-info/SOURCES.txt'
[4.689s] writing manifest file 'robo24_stuff.egg-info/SOURCES.txt'
[4.695s] running build_ext
[4.696s] Creating /home/mike/roborama25_ws/install/robo24_stuff/lib/python3.10/site-packages/robo24-stuff.egg-link (link to .)
[4.699s] Installing openmv_serial_node script to /home/mike/roborama25_ws/install/robo24_stuff/lib/robo24_stuff
[4.700s] Installing robo24_can_xy_node script to /home/mike/roborama25_ws/install/robo24_stuff/lib/robo24_stuff
[4.701s] Installing robo24_diynav_node script to /home/mike/roborama25_ws/install/robo24_stuff/lib/robo24_stuff
[4.702s] Installing robo24_diyslam_node script to /home/mike/roborama25_ws/install/robo24_stuff/lib/robo24_stuff
[4.703s] Installing robo24_imu_serial_node script to /home/mike/roborama25_ws/install/robo24_stuff/lib/robo24_stuff
[4.703s] Installing robo24_teleop_node script to /home/mike/roborama25_ws/install/robo24_stuff/lib/robo24_stuff
[4.704s] Installing robo24_watch_serial_node script to /home/mike/roborama25_ws/install/robo24_stuff/lib/robo24_stuff
[4.705s] Installing robo24_wheel_controller_node script to /home/mike/roborama25_ws/install/robo24_stuff/lib/robo24_stuff
[4.706s] Installing sensor_serial_node script to /home/mike/roborama25_ws/install/robo24_stuff/lib/robo24_stuff
[4.707s] 
[4.708s] Installed /home/mike/roborama25_ws/build/robo24_stuff
[4.708s] running symlink_data
[4.709s] symbolically linking /home/mike/roborama25_ws/build/robo24_stuff/resource/robo24_stuff -> /home/mike/roborama25_ws/install/robo24_stuff/share/ament_index/resource_index/packages
[4.709s] symbolically linking /home/mike/roborama25_ws/build/robo24_stuff/package.xml -> /home/mike/roborama25_ws/install/robo24_stuff/share/robo24_stuff
[4.710s] symbolically linking /home/mike/roborama25_ws/build/robo24_stuff/launch/robo24_bringup_launch.py -> /home/mike/roborama25_ws/install/robo24_stuff/share/robo24_stuff/launch
[4.846s] Invoked command in '/home/mike/roborama25_ws/build/robo24_stuff' returned '0': PYTHONPATH=/home/mike/roborama25_ws/build/robo24_stuff/prefix_override:/usr/lib/python3/dist-packages/colcon_core/task/python/colcon_distutils_commands:/home/mike/roborama25_ws/install/robo24_stuff/lib/python3.10/site-packages:${PYTHONPATH} /usr/bin/python3 -W ignore:setup.py install is deprecated -W ignore:easy_install command is deprecated setup.py develop --editable --build-directory /home/mike/roborama25_ws/build/robo24_stuff/build --no-deps symlink_data --force
