[0.436s] DEBUG:colcon:Command line arguments: ['/usr/bin/colcon', 'build']
[0.436s] DEBUG:colcon:Parsed command line arguments: Namespace(log_base=None, log_level=None, verb_name='build', build_base='build', install_base='install', merge_install=False, symlink_install=False, test_result_base=None, continue_on_error=False, executor='parallel', parallel_workers=4, event_handlers=None, ignore_user_meta=False, metas=['./colcon.meta'], base_paths=['.'], packages_ignore=None, packages_ignore_regex=None, paths=None, packages_up_to=None, packages_up_to_regex=None, packages_above=None, packages_above_and_dependencies=None, packages_above_depth=None, packages_select_by_dep=None, packages_skip_by_dep=None, packages_skip_up_to=None, packages_select_build_failed=False, packages_skip_build_finished=False, packages_select_test_failures=False, packages_skip_test_passed=False, packages_select=None, packages_skip=None, packages_select_regex=None, packages_skip_regex=None, packages_start=None, packages_end=None, allow_overriding=[], cmake_args=None, cmake_target=None, cmake_target_skip_unavailable=False, cmake_clean_cache=False, cmake_clean_first=False, cmake_force_configure=False, ament_cmake_args=None, catkin_cmake_args=None, catkin_skip_building_tests=False, verb_parser=<colcon_defaults.argument_parser.defaults.DefaultArgumentsDecorator object at 0xffffac5d3340>, verb_extension=<colcon_core.verb.build.BuildVerb object at 0xffffac7b8790>, main=<bound method BuildVerb.main of <colcon_core.verb.build.BuildVerb object at 0xffffac7b8790>>)
[1.238s] Level 1:colcon.colcon_core.package_discovery:discover_packages(colcon_meta) check parameters
[1.239s] Level 1:colcon.colcon_core.package_discovery:discover_packages(recursive) check parameters
[1.239s] Level 1:colcon.colcon_core.package_discovery:discover_packages(ignore) check parameters
[1.239s] Level 1:colcon.colcon_core.package_discovery:discover_packages(path) check parameters
[1.239s] Level 1:colcon.colcon_core.package_discovery:discover_packages(colcon_meta) discover
[1.240s] Level 1:colcon.colcon_core.package_discovery:discover_packages(recursive) discover
[1.240s] INFO:colcon.colcon_core.package_discovery:Crawling recursively for packages in '/home/mike/roborama25_ws'
[1.240s] Level 1:colcon.colcon_core.package_identification:_identify(.) by extensions ['ignore', 'ignore_ament_install']
[1.243s] Level 1:colcon.colcon_core.package_identification:_identify(.) by extension 'ignore'
[1.244s] Level 1:colcon.colcon_core.package_identification:_identify(.) by extension 'ignore_ament_install'
[1.244s] Level 1:colcon.colcon_core.package_identification:_identify(.) by extensions ['colcon_pkg']
[1.244s] Level 1:colcon.colcon_core.package_identification:_identify(.) by extension 'colcon_pkg'
[1.244s] Level 1:colcon.colcon_core.package_identification:_identify(.) by extensions ['colcon_meta']
[1.245s] Level 1:colcon.colcon_core.package_identification:_identify(.) by extension 'colcon_meta'
[1.245s] Level 1:colcon.colcon_core.package_identification:_identify(.) by extensions ['ros']
[1.245s] Level 1:colcon.colcon_core.package_identification:_identify(.) by extension 'ros'
[1.288s] Level 1:colcon.colcon_core.package_identification:_identify(.) by extensions ['cmake', 'python']
[1.289s] Level 1:colcon.colcon_core.package_identification:_identify(.) by extension 'cmake'
[1.289s] Level 1:colcon.colcon_core.package_identification:_identify(.) by extension 'python'
[1.289s] Level 1:colcon.colcon_core.package_identification:_identify(.) by extensions ['python_setup_py']
[1.290s] Level 1:colcon.colcon_core.package_identification:_identify(.) by extension 'python_setup_py'
[1.290s] Level 1:colcon.colcon_core.package_identification:_identify(build) by extensions ['ignore', 'ignore_ament_install']
[1.291s] Level 1:colcon.colcon_core.package_identification:_identify(build) by extension 'ignore'
[1.291s] Level 1:colcon.colcon_core.package_identification:_identify(build) ignored
[1.292s] Level 1:colcon.colcon_core.package_identification:_identify(install) by extensions ['ignore', 'ignore_ament_install']
[1.292s] Level 1:colcon.colcon_core.package_identification:_identify(install) by extension 'ignore'
[1.293s] Level 1:colcon.colcon_core.package_identification:_identify(install) ignored
[1.294s] Level 1:colcon.colcon_core.package_identification:_identify(log) by extensions ['ignore', 'ignore_ament_install']
[1.294s] Level 1:colcon.colcon_core.package_identification:_identify(log) by extension 'ignore'
[1.295s] Level 1:colcon.colcon_core.package_identification:_identify(log) ignored
[1.295s] Level 1:colcon.colcon_core.package_identification:_identify(src) by extensions ['ignore', 'ignore_ament_install']
[1.295s] Level 1:colcon.colcon_core.package_identification:_identify(src) by extension 'ignore'
[1.296s] Level 1:colcon.colcon_core.package_identification:_identify(src) by extension 'ignore_ament_install'
[1.296s] Level 1:colcon.colcon_core.package_identification:_identify(src) by extensions ['colcon_pkg']
[1.296s] Level 1:colcon.colcon_core.package_identification:_identify(src) by extension 'colcon_pkg'
[1.296s] Level 1:colcon.colcon_core.package_identification:_identify(src) by extensions ['colcon_meta']
[1.296s] Level 1:colcon.colcon_core.package_identification:_identify(src) by extension 'colcon_meta'
[1.296s] Level 1:colcon.colcon_core.package_identification:_identify(src) by extensions ['ros']
[1.297s] Level 1:colcon.colcon_core.package_identification:_identify(src) by extension 'ros'
[1.297s] Level 1:colcon.colcon_core.package_identification:_identify(src) by extensions ['cmake', 'python']
[1.297s] Level 1:colcon.colcon_core.package_identification:_identify(src) by extension 'cmake'
[1.297s] Level 1:colcon.colcon_core.package_identification:_identify(src) by extension 'python'
[1.297s] Level 1:colcon.colcon_core.package_identification:_identify(src) by extensions ['python_setup_py']
[1.298s] Level 1:colcon.colcon_core.package_identification:_identify(src) by extension 'python_setup_py'
[1.298s] Level 1:colcon.colcon_core.package_identification:_identify(src/robo24_interfaces) by extensions ['ignore', 'ignore_ament_install']
[1.299s] Level 1:colcon.colcon_core.package_identification:_identify(src/robo24_interfaces) by extension 'ignore'
[1.299s] Level 1:colcon.colcon_core.package_identification:_identify(src/robo24_interfaces) by extension 'ignore_ament_install'
[1.299s] Level 1:colcon.colcon_core.package_identification:_identify(src/robo24_interfaces) by extensions ['colcon_pkg']
[1.299s] Level 1:colcon.colcon_core.package_identification:_identify(src/robo24_interfaces) by extension 'colcon_pkg'
[1.299s] Level 1:colcon.colcon_core.package_identification:_identify(src/robo24_interfaces) by extensions ['colcon_meta']
[1.299s] Level 1:colcon.colcon_core.package_identification:_identify(src/robo24_interfaces) by extension 'colcon_meta'
[1.300s] Level 1:colcon.colcon_core.package_identification:_identify(src/robo24_interfaces) by extensions ['ros']
[1.300s] Level 1:colcon.colcon_core.package_identification:_identify(src/robo24_interfaces) by extension 'ros'
[1.308s] DEBUG:colcon.colcon_core.package_identification:Package 'src/robo24_interfaces' with type 'ros.ament_cmake' and name 'robo24_interfaces'
[1.309s] Level 1:colcon.colcon_core.package_identification:_identify(src/robo24_stuff) by extensions ['ignore', 'ignore_ament_install']
[1.310s] Level 1:colcon.colcon_core.package_identification:_identify(src/robo24_stuff) by extension 'ignore'
[1.310s] Level 1:colcon.colcon_core.package_identification:_identify(src/robo24_stuff) by extension 'ignore_ament_install'
[1.310s] Level 1:colcon.colcon_core.package_identification:_identify(src/robo24_stuff) by extensions ['colcon_pkg']
[1.310s] Level 1:colcon.colcon_core.package_identification:_identify(src/robo24_stuff) by extension 'colcon_pkg'
[1.310s] Level 1:colcon.colcon_core.package_identification:_identify(src/robo24_stuff) by extensions ['colcon_meta']
[1.311s] Level 1:colcon.colcon_core.package_identification:_identify(src/robo24_stuff) by extension 'colcon_meta'
[1.311s] Level 1:colcon.colcon_core.package_identification:_identify(src/robo24_stuff) by extensions ['ros']
[1.311s] Level 1:colcon.colcon_core.package_identification:_identify(src/robo24_stuff) by extension 'ros'
[1.313s] DEBUG:colcon.colcon_core.package_identification:Package 'src/robo24_stuff' with type 'ros.ament_python' and name 'robo24_stuff'
[1.314s] Level 1:colcon.colcon_core.package_identification:_identify(src/sllidar_ros2) by extensions ['ignore', 'ignore_ament_install']
[1.314s] Level 1:colcon.colcon_core.package_identification:_identify(src/sllidar_ros2) by extension 'ignore'
[1.314s] Level 1:colcon.colcon_core.package_identification:_identify(src/sllidar_ros2) by extension 'ignore_ament_install'
[1.315s] Level 1:colcon.colcon_core.package_identification:_identify(src/sllidar_ros2) by extensions ['colcon_pkg']
[1.315s] Level 1:colcon.colcon_core.package_identification:_identify(src/sllidar_ros2) by extension 'colcon_pkg'
[1.315s] Level 1:colcon.colcon_core.package_identification:_identify(src/sllidar_ros2) by extensions ['colcon_meta']
[1.315s] Level 1:colcon.colcon_core.package_identification:_identify(src/sllidar_ros2) by extension 'colcon_meta'
[1.316s] Level 1:colcon.colcon_core.package_identification:_identify(src/sllidar_ros2) by extensions ['ros']
[1.316s] Level 1:colcon.colcon_core.package_identification:_identify(src/sllidar_ros2) by extension 'ros'
[1.319s] DEBUG:colcon.colcon_core.package_identification:Package 'src/sllidar_ros2' with type 'ros.ament_cmake' and name 'sllidar_ros2'
[1.319s] Level 1:colcon.colcon_core.package_discovery:discover_packages(recursive) using defaults
[1.319s] Level 1:colcon.colcon_core.package_discovery:discover_packages(ignore) discover
[1.320s] Level 1:colcon.colcon_core.package_discovery:discover_packages(ignore) using defaults
[1.320s] Level 1:colcon.colcon_core.package_discovery:discover_packages(path) discover
[1.320s] Level 1:colcon.colcon_core.package_discovery:discover_packages(path) using defaults
[1.437s] Level 1:colcon.colcon_core.package_discovery:discover_packages(prefix_path) check parameters
[1.438s] Level 1:colcon.colcon_core.package_discovery:discover_packages(prefix_path) discover
[1.448s] DEBUG:colcon.colcon_installed_package_information.package_discovery:Found 3 installed packages in /home/mike/roborama25_ws/install
[1.452s] DEBUG:colcon.colcon_installed_package_information.package_discovery:Found 6 installed packages in /home/mike/ros2_ws/install
[1.461s] DEBUG:colcon.colcon_installed_package_information.package_discovery:Found 254 installed packages in /opt/ros/humble
[1.467s] Level 1:colcon.colcon_core.package_discovery:discover_packages(prefix_path) using defaults
[1.611s] Level 5:colcon.colcon_core.verb:set package 'robo24_interfaces' build argument 'cmake_args' from command line to 'None'
[1.611s] Level 5:colcon.colcon_core.verb:set package 'robo24_interfaces' build argument 'cmake_target' from command line to 'None'
[1.611s] Level 5:colcon.colcon_core.verb:set package 'robo24_interfaces' build argument 'cmake_target_skip_unavailable' from command line to 'False'
[1.612s] Level 5:colcon.colcon_core.verb:set package 'robo24_interfaces' build argument 'cmake_clean_cache' from command line to 'False'
[1.612s] Level 5:colcon.colcon_core.verb:set package 'robo24_interfaces' build argument 'cmake_clean_first' from command line to 'False'
[1.612s] Level 5:colcon.colcon_core.verb:set package 'robo24_interfaces' build argument 'cmake_force_configure' from command line to 'False'
[1.612s] Level 5:colcon.colcon_core.verb:set package 'robo24_interfaces' build argument 'ament_cmake_args' from command line to 'None'
[1.612s] Level 5:colcon.colcon_core.verb:set package 'robo24_interfaces' build argument 'catkin_cmake_args' from command line to 'None'
[1.612s] Level 5:colcon.colcon_core.verb:set package 'robo24_interfaces' build argument 'catkin_skip_building_tests' from command line to 'False'
[1.613s] DEBUG:colcon.colcon_core.verb:Building package 'robo24_interfaces' with the following arguments: {'ament_cmake_args': None, 'build_base': '/home/mike/roborama25_ws/build/robo24_interfaces', 'catkin_cmake_args': None, 'catkin_skip_building_tests': False, 'cmake_args': None, 'cmake_clean_cache': False, 'cmake_clean_first': False, 'cmake_force_configure': False, 'cmake_target': None, 'cmake_target_skip_unavailable': False, 'install_base': '/home/mike/roborama25_ws/install/robo24_interfaces', 'merge_install': False, 'path': '/home/mike/roborama25_ws/src/robo24_interfaces', 'symlink_install': False, 'test_result_base': None}
[1.614s] Level 5:colcon.colcon_core.verb:set package 'robo24_stuff' build argument 'cmake_args' from command line to 'None'
[1.614s] Level 5:colcon.colcon_core.verb:set package 'robo24_stuff' build argument 'cmake_target' from command line to 'None'
[1.614s] Level 5:colcon.colcon_core.verb:set package 'robo24_stuff' build argument 'cmake_target_skip_unavailable' from command line to 'False'
[1.615s] Level 5:colcon.colcon_core.verb:set package 'robo24_stuff' build argument 'cmake_clean_cache' from command line to 'False'
[1.615s] Level 5:colcon.colcon_core.verb:set package 'robo24_stuff' build argument 'cmake_clean_first' from command line to 'False'
[1.615s] Level 5:colcon.colcon_core.verb:set package 'robo24_stuff' build argument 'cmake_force_configure' from command line to 'False'
[1.615s] Level 5:colcon.colcon_core.verb:set package 'robo24_stuff' build argument 'ament_cmake_args' from command line to 'None'
[1.615s] Level 5:colcon.colcon_core.verb:set package 'robo24_stuff' build argument 'catkin_cmake_args' from command line to 'None'
[1.615s] Level 5:colcon.colcon_core.verb:set package 'robo24_stuff' build argument 'catkin_skip_building_tests' from command line to 'False'
[1.615s] DEBUG:colcon.colcon_core.verb:Building package 'robo24_stuff' with the following arguments: {'ament_cmake_args': None, 'build_base': '/home/mike/roborama25_ws/build/robo24_stuff', 'catkin_cmake_args': None, 'catkin_skip_building_tests': False, 'cmake_args': None, 'cmake_clean_cache': False, 'cmake_clean_first': False, 'cmake_force_configure': False, 'cmake_target': None, 'cmake_target_skip_unavailable': False, 'install_base': '/home/mike/roborama25_ws/install/robo24_stuff', 'merge_install': False, 'path': '/home/mike/roborama25_ws/src/robo24_stuff', 'symlink_install': False, 'test_result_base': None}
[1.617s] Level 5:colcon.colcon_core.verb:set package 'sllidar_ros2' build argument 'cmake_args' from command line to 'None'
[1.617s] Level 5:colcon.colcon_core.verb:set package 'sllidar_ros2' build argument 'cmake_target' from command line to 'None'
[1.617s] Level 5:colcon.colcon_core.verb:set package 'sllidar_ros2' build argument 'cmake_target_skip_unavailable' from command line to 'False'
[1.617s] Level 5:colcon.colcon_core.verb:set package 'sllidar_ros2' build argument 'cmake_clean_cache' from command line to 'False'
[1.617s] Level 5:colcon.colcon_core.verb:set package 'sllidar_ros2' build argument 'cmake_clean_first' from command line to 'False'
[1.617s] Level 5:colcon.colcon_core.verb:set package 'sllidar_ros2' build argument 'cmake_force_configure' from command line to 'False'
[1.617s] Level 5:colcon.colcon_core.verb:set package 'sllidar_ros2' build argument 'ament_cmake_args' from command line to 'None'
[1.617s] Level 5:colcon.colcon_core.verb:set package 'sllidar_ros2' build argument 'catkin_cmake_args' from command line to 'None'
[1.618s] Level 5:colcon.colcon_core.verb:set package 'sllidar_ros2' build argument 'catkin_skip_building_tests' from command line to 'False'
[1.618s] DEBUG:colcon.colcon_core.verb:Building package 'sllidar_ros2' with the following arguments: {'ament_cmake_args': None, 'build_base': '/home/mike/roborama25_ws/build/sllidar_ros2', 'catkin_cmake_args': None, 'catkin_skip_building_tests': False, 'cmake_args': None, 'cmake_clean_cache': False, 'cmake_clean_first': False, 'cmake_force_configure': False, 'cmake_target': None, 'cmake_target_skip_unavailable': False, 'install_base': '/home/mike/roborama25_ws/install/sllidar_ros2', 'merge_install': False, 'path': '/home/mike/roborama25_ws/src/sllidar_ros2', 'symlink_install': False, 'test_result_base': None}
[1.618s] INFO:colcon.colcon_core.executor:Executing jobs using 'parallel' executor
[1.621s] DEBUG:colcon.colcon_parallel_executor.executor.parallel:run_until_complete
[1.623s] INFO:colcon.colcon_ros.task.ament_cmake.build:Building ROS package in '/home/mike/roborama25_ws/src/robo24_interfaces' with build type 'ament_cmake'
[1.623s] INFO:colcon.colcon_cmake.task.cmake.build:Building CMake package in '/home/mike/roborama25_ws/src/robo24_interfaces'
[1.632s] INFO:colcon.colcon_core.plugin_system:Skipping extension 'colcon_core.shell.bat': Not used on non-Windows systems
[1.633s] INFO:colcon.colcon_core.shell:Skip shell extension 'powershell' for command environment: Not usable outside of PowerShell
[1.634s] DEBUG:colcon.colcon_core.shell:Skip shell extension 'dsv' for command environment
[1.656s] INFO:colcon.colcon_ros.task.ament_python.build:Building ROS package in '/home/mike/roborama25_ws/src/robo24_stuff' with build type 'ament_python'
[1.656s] Level 1:colcon.colcon_core.shell:create_environment_hook('robo24_stuff', 'ament_prefix_path')
[1.657s] INFO:colcon.colcon_core.shell:Creating environment hook '/home/mike/roborama25_ws/install/robo24_stuff/share/robo24_stuff/hook/ament_prefix_path.ps1'
[1.660s] INFO:colcon.colcon_core.shell:Creating environment descriptor '/home/mike/roborama25_ws/install/robo24_stuff/share/robo24_stuff/hook/ament_prefix_path.dsv'
[1.663s] INFO:colcon.colcon_core.shell:Creating environment hook '/home/mike/roborama25_ws/install/robo24_stuff/share/robo24_stuff/hook/ament_prefix_path.sh'
[1.667s] INFO:colcon.colcon_core.shell:Skip shell extension 'powershell' for command environment: Not usable outside of PowerShell
[1.667s] DEBUG:colcon.colcon_core.shell:Skip shell extension 'dsv' for command environment
[1.688s] INFO:colcon.colcon_ros.task.ament_cmake.build:Building ROS package in '/home/mike/roborama25_ws/src/sllidar_ros2' with build type 'ament_cmake'
[1.688s] INFO:colcon.colcon_cmake.task.cmake.build:Building CMake package in '/home/mike/roborama25_ws/src/sllidar_ros2'
[1.690s] INFO:colcon.colcon_core.shell:Skip shell extension 'powershell' for command environment: Not usable outside of PowerShell
[1.690s] DEBUG:colcon.colcon_core.shell:Skip shell extension 'dsv' for command environment
[1.729s] DEBUG:colcon.colcon_core.event_handler.log_command:Invoking command in '/home/mike/roborama25_ws/build/robo24_interfaces': CMAKE_PREFIX_PATH=${CMAKE_PREFIX_PATH}:/home/mike/roborama25_ws/install/robo24_stuff:/home/mike/ros2_ws/install/robo24_stuff:/home/mike/ros2_ws/install/robo24_nav:/home/mike/ros2_ws/install/robo24_localization:/home/mike/ros2_ws/install/robo24_bringup:/home/mike/ros2_ws/install/moonday24_demo:/opt/ros/humble /usr/bin/cmake --build /home/mike/roborama25_ws/build/robo24_interfaces -- -j4 -l4
[3.625s] INFO:colcon.colcon_core.task.python.build:Building Python package in '/home/mike/roborama25_ws/src/robo24_stuff'
[3.626s] INFO:colcon.colcon_core.shell:Skip shell extension 'powershell' for command environment: Not usable outside of PowerShell
[3.627s] DEBUG:colcon.colcon_core.shell:Skip shell extension 'dsv' for command environment
[3.693s] DEBUG:colcon.colcon_core.event_handler.log_command:Invoking command in '/home/mike/roborama25_ws/build/sllidar_ros2': CMAKE_PREFIX_PATH=${CMAKE_PREFIX_PATH}:/home/mike/roborama25_ws/install/robo24_stuff:/home/mike/ros2_ws/install/robo24_stuff:/home/mike/ros2_ws/install/robo24_nav:/home/mike/ros2_ws/install/robo24_localization:/home/mike/ros2_ws/install/robo24_bringup:/home/mike/ros2_ws/install/moonday24_demo:/opt/ros/humble /usr/bin/cmake --build /home/mike/roborama25_ws/build/sllidar_ros2 -- -j4 -l4
[4.408s] DEBUG:colcon.colcon_core.event_handler.log_command:Invoked command in '/home/mike/roborama25_ws/build/robo24_interfaces' returned '0': CMAKE_PREFIX_PATH=${CMAKE_PREFIX_PATH}:/home/mike/roborama25_ws/install/robo24_stuff:/home/mike/ros2_ws/install/robo24_stuff:/home/mike/ros2_ws/install/robo24_nav:/home/mike/ros2_ws/install/robo24_localization:/home/mike/ros2_ws/install/robo24_bringup:/home/mike/ros2_ws/install/moonday24_demo:/opt/ros/humble /usr/bin/cmake --build /home/mike/roborama25_ws/build/robo24_interfaces -- -j4 -l4
[4.458s] DEBUG:colcon.colcon_core.event_handler.log_command:Invoking command in '/home/mike/roborama25_ws/build/robo24_interfaces': CMAKE_PREFIX_PATH=${CMAKE_PREFIX_PATH}:/home/mike/roborama25_ws/install/robo24_stuff:/home/mike/ros2_ws/install/robo24_stuff:/home/mike/ros2_ws/install/robo24_nav:/home/mike/ros2_ws/install/robo24_localization:/home/mike/ros2_ws/install/robo24_bringup:/home/mike/ros2_ws/install/moonday24_demo:/opt/ros/humble /usr/bin/cmake --install /home/mike/roborama25_ws/build/robo24_interfaces
[5.075s] Level 1:colcon.colcon_core.environment:create_environment_scripts_only(robo24_interfaces)
[5.081s] DEBUG:colcon.colcon_core.event_handler.log_command:Invoked command in '/home/mike/roborama25_ws/build/robo24_interfaces' returned '0': CMAKE_PREFIX_PATH=${CMAKE_PREFIX_PATH}:/home/mike/roborama25_ws/install/robo24_stuff:/home/mike/ros2_ws/install/robo24_stuff:/home/mike/ros2_ws/install/robo24_nav:/home/mike/ros2_ws/install/robo24_localization:/home/mike/ros2_ws/install/robo24_bringup:/home/mike/ros2_ws/install/moonday24_demo:/opt/ros/humble /usr/bin/cmake --install /home/mike/roborama25_ws/build/robo24_interfaces
[5.101s] Level 1:colcon.colcon_core.environment:checking '/home/mike/roborama25_ws/install/robo24_interfaces' for CMake module files
[5.112s] Level 1:colcon.colcon_core.environment:checking '/home/mike/roborama25_ws/install/robo24_interfaces' for CMake config files
[5.118s] Level 1:colcon.colcon_core.shell:create_environment_hook('robo24_interfaces', 'cmake_prefix_path')
[5.119s] INFO:colcon.colcon_core.shell:Creating environment hook '/home/mike/roborama25_ws/install/robo24_interfaces/share/robo24_interfaces/hook/cmake_prefix_path.ps1'
[5.122s] INFO:colcon.colcon_core.shell:Creating environment descriptor '/home/mike/roborama25_ws/install/robo24_interfaces/share/robo24_interfaces/hook/cmake_prefix_path.dsv'
[5.125s] INFO:colcon.colcon_core.shell:Creating environment hook '/home/mike/roborama25_ws/install/robo24_interfaces/share/robo24_interfaces/hook/cmake_prefix_path.sh'
[5.129s] Level 1:colcon.colcon_core.environment:checking '/home/mike/roborama25_ws/install/robo24_interfaces/lib'
[5.130s] Level 1:colcon.colcon_core.shell:create_environment_hook('robo24_interfaces', 'ld_library_path_lib')
[5.132s] INFO:colcon.colcon_core.shell:Creating environment hook '/home/mike/roborama25_ws/install/robo24_interfaces/share/robo24_interfaces/hook/ld_library_path_lib.ps1'
[5.134s] INFO:colcon.colcon_core.shell:Creating environment descriptor '/home/mike/roborama25_ws/install/robo24_interfaces/share/robo24_interfaces/hook/ld_library_path_lib.dsv'
[5.142s] INFO:colcon.colcon_core.shell:Creating environment hook '/home/mike/roborama25_ws/install/robo24_interfaces/share/robo24_interfaces/hook/ld_library_path_lib.sh'
[5.151s] Level 1:colcon.colcon_core.environment:checking '/home/mike/roborama25_ws/install/robo24_interfaces/bin'
[5.152s] Level 1:colcon.colcon_core.environment:checking '/home/mike/roborama25_ws/install/robo24_interfaces/lib/pkgconfig/robo24_interfaces.pc'
[5.153s] Level 1:colcon.colcon_core.environment:checking '/home/mike/roborama25_ws/install/robo24_interfaces/lib/python3.10/site-packages'
[5.154s] Level 1:colcon.colcon_core.environment:checking '/home/mike/roborama25_ws/install/robo24_interfaces/bin'
[5.156s] INFO:colcon.colcon_core.shell:Creating package script '/home/mike/roborama25_ws/install/robo24_interfaces/share/robo24_interfaces/package.ps1'
[5.161s] INFO:colcon.colcon_core.shell:Creating package descriptor '/home/mike/roborama25_ws/install/robo24_interfaces/share/robo24_interfaces/package.dsv'
[5.165s] INFO:colcon.colcon_core.shell:Creating package script '/home/mike/roborama25_ws/install/robo24_interfaces/share/robo24_interfaces/package.sh'
[5.171s] INFO:colcon.colcon_core.shell:Creating package script '/home/mike/roborama25_ws/install/robo24_interfaces/share/robo24_interfaces/package.bash'
[5.177s] INFO:colcon.colcon_core.shell:Creating package script '/home/mike/roborama25_ws/install/robo24_interfaces/share/robo24_interfaces/package.zsh'
[5.181s] Level 1:colcon.colcon_core.environment:create_file_with_runtime_dependencies(/home/mike/roborama25_ws/install/robo24_interfaces/share/colcon-core/packages/robo24_interfaces)
[5.185s] Level 1:colcon.colcon_core.environment:create_environment_scripts_only(robo24_interfaces)
[5.187s] Level 1:colcon.colcon_core.environment:checking '/home/mike/roborama25_ws/install/robo24_interfaces' for CMake module files
[5.192s] Level 1:colcon.colcon_core.environment:checking '/home/mike/roborama25_ws/install/robo24_interfaces' for CMake config files
[5.196s] Level 1:colcon.colcon_core.shell:create_environment_hook('robo24_interfaces', 'cmake_prefix_path')
[5.198s] INFO:colcon.colcon_core.shell:Creating environment hook '/home/mike/roborama25_ws/install/robo24_interfaces/share/robo24_interfaces/hook/cmake_prefix_path.ps1'
[5.201s] INFO:colcon.colcon_core.shell:Creating environment descriptor '/home/mike/roborama25_ws/install/robo24_interfaces/share/robo24_interfaces/hook/cmake_prefix_path.dsv'
[5.204s] INFO:colcon.colcon_core.shell:Creating environment hook '/home/mike/roborama25_ws/install/robo24_interfaces/share/robo24_interfaces/hook/cmake_prefix_path.sh'
[5.208s] Level 1:colcon.colcon_core.environment:checking '/home/mike/roborama25_ws/install/robo24_interfaces/lib'
[5.209s] Level 1:colcon.colcon_core.shell:create_environment_hook('robo24_interfaces', 'ld_library_path_lib')
[5.210s] INFO:colcon.colcon_core.shell:Creating environment hook '/home/mike/roborama25_ws/install/robo24_interfaces/share/robo24_interfaces/hook/ld_library_path_lib.ps1'
[5.214s] INFO:colcon.colcon_core.shell:Creating environment descriptor '/home/mike/roborama25_ws/install/robo24_interfaces/share/robo24_interfaces/hook/ld_library_path_lib.dsv'
[5.217s] INFO:colcon.colcon_core.shell:Creating environment hook '/home/mike/roborama25_ws/install/robo24_interfaces/share/robo24_interfaces/hook/ld_library_path_lib.sh'
[5.220s] Level 1:colcon.colcon_core.environment:checking '/home/mike/roborama25_ws/install/robo24_interfaces/bin'
[5.221s] Level 1:colcon.colcon_core.environment:checking '/home/mike/roborama25_ws/install/robo24_interfaces/lib/pkgconfig/robo24_interfaces.pc'
[5.223s] Level 1:colcon.colcon_core.environment:checking '/home/mike/roborama25_ws/install/robo24_interfaces/lib/python3.10/site-packages'
[5.225s] Level 1:colcon.colcon_core.environment:checking '/home/mike/roborama25_ws/install/robo24_interfaces/bin'
[5.227s] INFO:colcon.colcon_core.shell:Creating package script '/home/mike/roborama25_ws/install/robo24_interfaces/share/robo24_interfaces/package.ps1'
[5.230s] INFO:colcon.colcon_core.shell:Creating package descriptor '/home/mike/roborama25_ws/install/robo24_interfaces/share/robo24_interfaces/package.dsv'
[5.235s] INFO:colcon.colcon_core.shell:Creating package script '/home/mike/roborama25_ws/install/robo24_interfaces/share/robo24_interfaces/package.sh'
[5.239s] INFO:colcon.colcon_core.shell:Creating package script '/home/mike/roborama25_ws/install/robo24_interfaces/share/robo24_interfaces/package.bash'
[5.242s] INFO:colcon.colcon_core.shell:Creating package script '/home/mike/roborama25_ws/install/robo24_interfaces/share/robo24_interfaces/package.zsh'
[5.245s] Level 1:colcon.colcon_core.environment:create_file_with_runtime_dependencies(/home/mike/roborama25_ws/install/robo24_interfaces/share/colcon-core/packages/robo24_interfaces)
[6.389s] DEBUG:colcon.colcon_core.event_handler.log_command:Invoking command in '/home/mike/roborama25_ws/src/robo24_stuff': PYTHONPATH=/home/mike/roborama25_ws/build/robo24_stuff/prefix_override:/usr/lib/python3/dist-packages/colcon_core/task/python/colcon_distutils_commands:/home/mike/roborama25_ws/install/robo24_stuff/lib/python3.10/site-packages:${PYTHONPATH} /usr/bin/python3 -W ignore:setup.py install is deprecated -W ignore:easy_install command is deprecated setup.py egg_info --egg-base ../../build/robo24_stuff build --build-base /home/mike/roborama25_ws/build/robo24_stuff/build install --record /home/mike/roborama25_ws/build/robo24_stuff/install.log --single-version-externally-managed install_data
[8.320s] Level 1:colcon.colcon_core.environment:checking '/home/mike/roborama25_ws/install/robo24_stuff' for CMake module files
[8.322s] DEBUG:colcon.colcon_core.event_handler.log_command:Invoked command in '/home/mike/roborama25_ws/src/robo24_stuff' returned '0': PYTHONPATH=/home/mike/roborama25_ws/build/robo24_stuff/prefix_override:/usr/lib/python3/dist-packages/colcon_core/task/python/colcon_distutils_commands:/home/mike/roborama25_ws/install/robo24_stuff/lib/python3.10/site-packages:${PYTHONPATH} /usr/bin/python3 -W ignore:setup.py install is deprecated -W ignore:easy_install command is deprecated setup.py egg_info --egg-base ../../build/robo24_stuff build --build-base /home/mike/roborama25_ws/build/robo24_stuff/build install --record /home/mike/roborama25_ws/build/robo24_stuff/install.log --single-version-externally-managed install_data
[8.324s] Level 1:colcon.colcon_core.environment:checking '/home/mike/roborama25_ws/install/robo24_stuff' for CMake config files
[8.329s] Level 1:colcon.colcon_core.environment:checking '/home/mike/roborama25_ws/install/robo24_stuff/lib'
[8.330s] Level 1:colcon.colcon_core.environment:checking '/home/mike/roborama25_ws/install/robo24_stuff/bin'
[8.330s] Level 1:colcon.colcon_core.environment:checking '/home/mike/roborama25_ws/install/robo24_stuff/lib/pkgconfig/robo24_stuff.pc'
[8.331s] Level 1:colcon.colcon_core.environment:checking '/home/mike/roborama25_ws/install/robo24_stuff/lib/python3.10/site-packages'
[8.332s] Level 1:colcon.colcon_core.shell:create_environment_hook('robo24_stuff', 'pythonpath')
[8.333s] INFO:colcon.colcon_core.shell:Creating environment hook '/home/mike/roborama25_ws/install/robo24_stuff/share/robo24_stuff/hook/pythonpath.ps1'
[8.336s] INFO:colcon.colcon_core.shell:Creating environment descriptor '/home/mike/roborama25_ws/install/robo24_stuff/share/robo24_stuff/hook/pythonpath.dsv'
[8.338s] INFO:colcon.colcon_core.shell:Creating environment hook '/home/mike/roborama25_ws/install/robo24_stuff/share/robo24_stuff/hook/pythonpath.sh'
[8.342s] Level 1:colcon.colcon_core.environment:checking '/home/mike/roborama25_ws/install/robo24_stuff/bin'
[8.342s] Level 1:colcon.colcon_core.environment:create_environment_scripts_only(robo24_stuff)
[8.344s] INFO:colcon.colcon_core.shell:Creating package script '/home/mike/roborama25_ws/install/robo24_stuff/share/robo24_stuff/package.ps1'
[8.346s] INFO:colcon.colcon_core.shell:Creating package descriptor '/home/mike/roborama25_ws/install/robo24_stuff/share/robo24_stuff/package.dsv'
[8.349s] INFO:colcon.colcon_core.shell:Creating package script '/home/mike/roborama25_ws/install/robo24_stuff/share/robo24_stuff/package.sh'
[8.352s] INFO:colcon.colcon_core.shell:Creating package script '/home/mike/roborama25_ws/install/robo24_stuff/share/robo24_stuff/package.bash'
[8.355s] INFO:colcon.colcon_core.shell:Creating package script '/home/mike/roborama25_ws/install/robo24_stuff/share/robo24_stuff/package.zsh'
[8.357s] Level 1:colcon.colcon_core.environment:create_file_with_runtime_dependencies(/home/mike/roborama25_ws/install/robo24_stuff/share/colcon-core/packages/robo24_stuff)
[26.651s] DEBUG:colcon.colcon_core.event_handler.log_command:Invoked command in '/home/mike/roborama25_ws/build/sllidar_ros2' returned '0': CMAKE_PREFIX_PATH=${CMAKE_PREFIX_PATH}:/home/mike/roborama25_ws/install/robo24_stuff:/home/mike/ros2_ws/install/robo24_stuff:/home/mike/ros2_ws/install/robo24_nav:/home/mike/ros2_ws/install/robo24_localization:/home/mike/ros2_ws/install/robo24_bringup:/home/mike/ros2_ws/install/moonday24_demo:/opt/ros/humble /usr/bin/cmake --build /home/mike/roborama25_ws/build/sllidar_ros2 -- -j4 -l4
[26.663s] DEBUG:colcon.colcon_core.event_handler.log_command:Invoking command in '/home/mike/roborama25_ws/build/sllidar_ros2': CMAKE_PREFIX_PATH=${CMAKE_PREFIX_PATH}:/home/mike/roborama25_ws/install/robo24_stuff:/home/mike/ros2_ws/install/robo24_stuff:/home/mike/ros2_ws/install/robo24_nav:/home/mike/ros2_ws/install/robo24_localization:/home/mike/ros2_ws/install/robo24_bringup:/home/mike/ros2_ws/install/moonday24_demo:/opt/ros/humble /usr/bin/cmake --install /home/mike/roborama25_ws/build/sllidar_ros2
[26.727s] Level 1:colcon.colcon_core.environment:create_environment_scripts_only(sllidar_ros2)
[26.729s] Level 1:colcon.colcon_core.environment:checking '/home/mike/roborama25_ws/install/sllidar_ros2' for CMake module files
[26.730s] DEBUG:colcon.colcon_core.event_handler.log_command:Invoked command in '/home/mike/roborama25_ws/build/sllidar_ros2' returned '0': CMAKE_PREFIX_PATH=${CMAKE_PREFIX_PATH}:/home/mike/roborama25_ws/install/robo24_stuff:/home/mike/ros2_ws/install/robo24_stuff:/home/mike/ros2_ws/install/robo24_nav:/home/mike/ros2_ws/install/robo24_localization:/home/mike/ros2_ws/install/robo24_bringup:/home/mike/ros2_ws/install/moonday24_demo:/opt/ros/humble /usr/bin/cmake --install /home/mike/roborama25_ws/build/sllidar_ros2
[26.732s] Level 1:colcon.colcon_core.environment:checking '/home/mike/roborama25_ws/install/sllidar_ros2' for CMake config files
[26.734s] Level 1:colcon.colcon_core.shell:create_environment_hook('sllidar_ros2', 'cmake_prefix_path')
[26.735s] INFO:colcon.colcon_core.shell:Creating environment hook '/home/mike/roborama25_ws/install/sllidar_ros2/share/sllidar_ros2/hook/cmake_prefix_path.ps1'
[26.738s] INFO:colcon.colcon_core.shell:Creating environment descriptor '/home/mike/roborama25_ws/install/sllidar_ros2/share/sllidar_ros2/hook/cmake_prefix_path.dsv'
[26.740s] INFO:colcon.colcon_core.shell:Creating environment hook '/home/mike/roborama25_ws/install/sllidar_ros2/share/sllidar_ros2/hook/cmake_prefix_path.sh'
[26.743s] Level 1:colcon.colcon_core.environment:checking '/home/mike/roborama25_ws/install/sllidar_ros2/lib'
[26.743s] Level 1:colcon.colcon_core.environment:checking '/home/mike/roborama25_ws/install/sllidar_ros2/bin'
[26.744s] Level 1:colcon.colcon_core.environment:checking '/home/mike/roborama25_ws/install/sllidar_ros2/lib/pkgconfig/sllidar_ros2.pc'
[26.745s] Level 1:colcon.colcon_core.environment:checking '/home/mike/roborama25_ws/install/sllidar_ros2/lib/python3.10/site-packages'
[26.746s] Level 1:colcon.colcon_core.environment:checking '/home/mike/roborama25_ws/install/sllidar_ros2/bin'
[26.747s] INFO:colcon.colcon_core.shell:Creating package script '/home/mike/roborama25_ws/install/sllidar_ros2/share/sllidar_ros2/package.ps1'
[26.749s] INFO:colcon.colcon_core.shell:Creating package descriptor '/home/mike/roborama25_ws/install/sllidar_ros2/share/sllidar_ros2/package.dsv'
[26.751s] INFO:colcon.colcon_core.shell:Creating package script '/home/mike/roborama25_ws/install/sllidar_ros2/share/sllidar_ros2/package.sh'
[26.753s] INFO:colcon.colcon_core.shell:Creating package script '/home/mike/roborama25_ws/install/sllidar_ros2/share/sllidar_ros2/package.bash'
[26.755s] INFO:colcon.colcon_core.shell:Creating package script '/home/mike/roborama25_ws/install/sllidar_ros2/share/sllidar_ros2/package.zsh'
[26.757s] Level 1:colcon.colcon_core.environment:create_file_with_runtime_dependencies(/home/mike/roborama25_ws/install/sllidar_ros2/share/colcon-core/packages/sllidar_ros2)
[26.760s] Level 1:colcon.colcon_core.environment:create_environment_scripts_only(sllidar_ros2)
[26.761s] Level 1:colcon.colcon_core.environment:checking '/home/mike/roborama25_ws/install/sllidar_ros2' for CMake module files
[26.764s] Level 1:colcon.colcon_core.environment:checking '/home/mike/roborama25_ws/install/sllidar_ros2' for CMake config files
[26.766s] Level 1:colcon.colcon_core.shell:create_environment_hook('sllidar_ros2', 'cmake_prefix_path')
[26.767s] INFO:colcon.colcon_core.shell:Creating environment hook '/home/mike/roborama25_ws/install/sllidar_ros2/share/sllidar_ros2/hook/cmake_prefix_path.ps1'
[26.769s] INFO:colcon.colcon_core.shell:Creating environment descriptor '/home/mike/roborama25_ws/install/sllidar_ros2/share/sllidar_ros2/hook/cmake_prefix_path.dsv'
[26.771s] INFO:colcon.colcon_core.shell:Creating environment hook '/home/mike/roborama25_ws/install/sllidar_ros2/share/sllidar_ros2/hook/cmake_prefix_path.sh'
[26.774s] Level 1:colcon.colcon_core.environment:checking '/home/mike/roborama25_ws/install/sllidar_ros2/lib'
[26.775s] Level 1:colcon.colcon_core.environment:checking '/home/mike/roborama25_ws/install/sllidar_ros2/bin'
[26.775s] Level 1:colcon.colcon_core.environment:checking '/home/mike/roborama25_ws/install/sllidar_ros2/lib/pkgconfig/sllidar_ros2.pc'
[26.776s] Level 1:colcon.colcon_core.environment:checking '/home/mike/roborama25_ws/install/sllidar_ros2/lib/python3.10/site-packages'
[26.777s] Level 1:colcon.colcon_core.environment:checking '/home/mike/roborama25_ws/install/sllidar_ros2/bin'
[26.778s] INFO:colcon.colcon_core.shell:Creating package script '/home/mike/roborama25_ws/install/sllidar_ros2/share/sllidar_ros2/package.ps1'
[26.780s] INFO:colcon.colcon_core.shell:Creating package descriptor '/home/mike/roborama25_ws/install/sllidar_ros2/share/sllidar_ros2/package.dsv'
[26.783s] INFO:colcon.colcon_core.shell:Creating package script '/home/mike/roborama25_ws/install/sllidar_ros2/share/sllidar_ros2/package.sh'
[26.785s] INFO:colcon.colcon_core.shell:Creating package script '/home/mike/roborama25_ws/install/sllidar_ros2/share/sllidar_ros2/package.bash'
[26.787s] INFO:colcon.colcon_core.shell:Creating package script '/home/mike/roborama25_ws/install/sllidar_ros2/share/sllidar_ros2/package.zsh'
[26.789s] Level 1:colcon.colcon_core.environment:create_file_with_runtime_dependencies(/home/mike/roborama25_ws/install/sllidar_ros2/share/colcon-core/packages/sllidar_ros2)
[26.790s] DEBUG:colcon.colcon_parallel_executor.executor.parallel:closing loop
[26.792s] DEBUG:colcon.colcon_parallel_executor.executor.parallel:loop closed
[26.792s] DEBUG:colcon.colcon_parallel_executor.executor.parallel:run_until_complete finished with '0'
[26.793s] DEBUG:colcon.colcon_core.event_reactor:joining thread
[26.816s] INFO:colcon.colcon_core.plugin_system:Skipping extension 'colcon_notification.desktop_notification.notify_send': Could not find 'notify-send'
[26.816s] INFO:colcon.colcon_core.plugin_system:Skipping extension 'colcon_notification.desktop_notification.terminal_notifier': Not used on non-Darwin systems
[26.817s] INFO:colcon.colcon_core.plugin_system:Skipping extension 'colcon_notification.desktop_notification.win32': Not used on non-Windows systems
[26.817s] INFO:colcon.colcon_notification.desktop_notification:Sending desktop notification using 'notify2'
[26.820s] DEBUG:colcon.colcon_notification.desktop_notification.notify2:Failed to initialize notify2: org.freedesktop.DBus.Error.ServiceUnknown: The name org.freedesktop.Notifications was not provided by any .service files
[26.820s] DEBUG:colcon.colcon_core.event_reactor:joined thread
[26.821s] INFO:colcon.colcon_core.shell:Creating prefix script '/home/mike/roborama25_ws/install/local_setup.ps1'
[26.825s] INFO:colcon.colcon_core.shell:Creating prefix util module '/home/mike/roborama25_ws/install/_local_setup_util_ps1.py'
[26.832s] INFO:colcon.colcon_core.shell:Creating prefix chain script '/home/mike/roborama25_ws/install/setup.ps1'
[26.839s] INFO:colcon.colcon_core.shell:Creating prefix script '/home/mike/roborama25_ws/install/local_setup.sh'
[26.842s] INFO:colcon.colcon_core.shell:Creating prefix util module '/home/mike/roborama25_ws/install/_local_setup_util_sh.py'
[26.845s] INFO:colcon.colcon_core.shell:Creating prefix chain script '/home/mike/roborama25_ws/install/setup.sh'
[26.851s] INFO:colcon.colcon_core.shell:Creating prefix script '/home/mike/roborama25_ws/install/local_setup.bash'
[26.854s] INFO:colcon.colcon_core.shell:Creating prefix chain script '/home/mike/roborama25_ws/install/setup.bash'
[26.860s] INFO:colcon.colcon_core.shell:Creating prefix script '/home/mike/roborama25_ws/install/local_setup.zsh'
[26.862s] INFO:colcon.colcon_core.shell:Creating prefix chain script '/home/mike/roborama25_ws/install/setup.zsh'
