[1.881s] Invoking command in '/home/mike/roborama25_ws/build/sllidar_ros2': CMAKE_PREFIX_PATH=${CMAKE_PREFIX_PATH}:/home/mike/roborama25_ws/install/robo24_stuff:/home/mike/ros2_ws/install/robo24_stuff:/home/mike/ros2_ws/install/robo24_nav:/home/mike/ros2_ws/install/robo24_localization:/home/mike/ros2_ws/install/robo24_bringup:/home/mike/ros2_ws/install/moonday24_demo:/opt/ros/humble /usr/bin/cmake --build /home/mike/roborama25_ws/build/sllidar_ros2 -- -j4 -l4
[2.283s] [ 90%] Built target sllidar_node
[2.321s] [100%] Built target sllidar_client
[2.387s] Invoked command in '/home/mike/roborama25_ws/build/sllidar_ros2' returned '0': CMAKE_PREFIX_PATH=${CMAKE_PREFIX_PATH}:/home/mike/roborama25_ws/install/robo24_stuff:/home/mike/ros2_ws/install/robo24_stuff:/home/mike/ros2_ws/install/robo24_nav:/home/mike/ros2_ws/install/robo24_localization:/home/mike/ros2_ws/install/robo24_bringup:/home/mike/ros2_ws/install/moonday24_demo:/opt/ros/humble /usr/bin/cmake --build /home/mike/roborama25_ws/build/sllidar_ros2 -- -j4 -l4
[2.474s] Invoking command in '/home/mike/roborama25_ws/build/sllidar_ros2': CMAKE_PREFIX_PATH=${CMAKE_PREFIX_PATH}:/home/mike/roborama25_ws/install/robo24_stuff:/home/mike/ros2_ws/install/robo24_stuff:/home/mike/ros2_ws/install/robo24_nav:/home/mike/ros2_ws/install/robo24_localization:/home/mike/ros2_ws/install/robo24_bringup:/home/mike/ros2_ws/install/moonday24_demo:/opt/ros/humble /usr/bin/cmake --install /home/mike/roborama25_ws/build/sllidar_ros2
[2.538s] -- Install configuration: ""
[2.539s] -- Up-to-date: /home/mike/roborama25_ws/install/sllidar_ros2/share/sllidar_ros2/launch
[2.540s] -- Up-to-date: /home/mike/roborama25_ws/install/sllidar_ros2/share/sllidar_ros2/launch/view_sllidar_a3_launch.py
[2.540s] -- Up-to-date: /home/mike/roborama25_ws/install/sllidar_ros2/share/sllidar_ros2/launch/view_sllidar_a2m8_launch.py
[2.541s] -- Up-to-date: /home/mike/roborama25_ws/install/sllidar_ros2/share/sllidar_ros2/launch/view_sllidar_c1_launch.py
[2.545s] -- Up-to-date: /home/mike/roborama25_ws/install/sllidar_ros2/share/sllidar_ros2/launch/sllidar_a3_launch.py
[2.545s] -- Up-to-date: /home/mike/roborama25_ws/install/sllidar_ros2/share/sllidar_ros2/launch/view_sllidar_s3_launch.py
[2.546s] -- Up-to-date: /home/mike/roborama25_ws/install/sllidar_ros2/share/sllidar_ros2/launch/view_sllidar_s2e_launch.py
[2.546s] -- Up-to-date: /home/mike/roborama25_ws/install/sllidar_ros2/share/sllidar_ros2/launch/sllidar_s1_launch.py
[2.547s] -- Up-to-date: /home/mike/roborama25_ws/install/sllidar_ros2/share/sllidar_ros2/launch/sllidar_s1_tcp_launch.py
[2.547s] -- Up-to-date: /home/mike/roborama25_ws/install/sllidar_ros2/share/sllidar_ros2/launch/sllidar_s2_launch.py
[2.548s] -- Up-to-date: /home/mike/roborama25_ws/install/sllidar_ros2/share/sllidar_ros2/launch/sllidar_a1_launch.py
[2.549s] -- Up-to-date: /home/mike/roborama25_ws/install/sllidar_ros2/share/sllidar_ros2/launch/view_sllidar_s1_launch.py
[2.555s] -- Up-to-date: /home/mike/roborama25_ws/install/sllidar_ros2/share/sllidar_ros2/launch/sllidar_c1_launch.py
[2.558s] -- Up-to-date: /home/mike/roborama25_ws/install/sllidar_ros2/share/sllidar_ros2/launch/sllidar_s3_launch.py
[2.558s] -- Up-to-date: /home/mike/roborama25_ws/install/sllidar_ros2/share/sllidar_ros2/launch/view_sllidar_a2m7_launch.py
[2.559s] -- Up-to-date: /home/mike/roborama25_ws/install/sllidar_ros2/share/sllidar_ros2/launch/sllidar_t1_launch.py
[2.559s] -- Up-to-date: /home/mike/roborama25_ws/install/sllidar_ros2/share/sllidar_ros2/launch/view_sllidar_a2m12_launch.py
[2.560s] -- Up-to-date: /home/mike/roborama25_ws/install/sllidar_ros2/share/sllidar_ros2/launch/sllidar_a2m12_launch .py
[2.567s] -- Up-to-date: /home/mike/roborama25_ws/install/sllidar_ros2/share/sllidar_ros2/launch/view_sllidar_s2_launch.py
[2.571s] -- Up-to-date: /home/mike/roborama25_ws/install/sllidar_ros2/share/sllidar_ros2/launch/view_sllidar_s1_tcp_launch.py
[2.571s] -- Up-to-date: /home/mike/roborama25_ws/install/sllidar_ros2/share/sllidar_ros2/launch/view_sllidar_a1_launch.py
[2.572s] -- Up-to-date: /home/mike/roborama25_ws/install/sllidar_ros2/share/sllidar_ros2/launch/sllidar_a2m7_launch.py
[2.576s] -- Up-to-date: /home/mike/roborama25_ws/install/sllidar_ros2/share/sllidar_ros2/launch/view_sllidar_t1_launch.py
[2.577s] -- Up-to-date: /home/mike/roborama25_ws/install/sllidar_ros2/share/sllidar_ros2/launch/sllidar_a2m8_launch.py
[2.596s] -- Up-to-date: /home/mike/roborama25_ws/install/sllidar_ros2/share/sllidar_ros2/launch/sllidar_s2e_launch.py
[2.597s] -- Up-to-date: /home/mike/roborama25_ws/install/sllidar_ros2/share/sllidar_ros2/rviz
[2.597s] -- Up-to-date: /home/mike/roborama25_ws/install/sllidar_ros2/share/sllidar_ros2/rviz/sllidar_ros2.rviz
[2.598s] -- Up-to-date: /home/mike/roborama25_ws/install/sllidar_ros2/lib/sllidar_ros2/sllidar_node
[2.598s] -- Up-to-date: /home/mike/roborama25_ws/install/sllidar_ros2/lib/sllidar_ros2/sllidar_client
[2.599s] -- Up-to-date: /home/mike/roborama25_ws/install/sllidar_ros2/share/ament_index/resource_index/package_run_dependencies/sllidar_ros2
[2.600s] -- Up-to-date: /home/mike/roborama25_ws/install/sllidar_ros2/share/ament_index/resource_index/parent_prefix_path/sllidar_ros2
[2.600s] -- Up-to-date: /home/mike/roborama25_ws/install/sllidar_ros2/share/sllidar_ros2/environment/ament_prefix_path.sh
[2.601s] -- Up-to-date: /home/mike/roborama25_ws/install/sllidar_ros2/share/sllidar_ros2/environment/ament_prefix_path.dsv
[2.601s] -- Up-to-date: /home/mike/roborama25_ws/install/sllidar_ros2/share/sllidar_ros2/environment/path.sh
[2.602s] -- Up-to-date: /home/mike/roborama25_ws/install/sllidar_ros2/share/sllidar_ros2/environment/path.dsv
[2.606s] -- Up-to-date: /home/mike/roborama25_ws/install/sllidar_ros2/share/sllidar_ros2/local_setup.bash
[2.612s] -- Up-to-date: /home/mike/roborama25_ws/install/sllidar_ros2/share/sllidar_ros2/local_setup.sh
[2.615s] -- Up-to-date: /home/mike/roborama25_ws/install/sllidar_ros2/share/sllidar_ros2/local_setup.zsh
[2.615s] -- Up-to-date: /home/mike/roborama25_ws/install/sllidar_ros2/share/sllidar_ros2/local_setup.dsv
[2.616s] -- Installing: /home/mike/roborama25_ws/install/sllidar_ros2/share/sllidar_ros2/package.dsv
[2.617s] -- Up-to-date: /home/mike/roborama25_ws/install/sllidar_ros2/share/ament_index/resource_index/packages/sllidar_ros2
[2.617s] -- Up-to-date: /home/mike/roborama25_ws/install/sllidar_ros2/share/sllidar_ros2/cmake/ament_cmake_export_dependencies-extras.cmake
[2.618s] -- Up-to-date: /home/mike/roborama25_ws/install/sllidar_ros2/share/sllidar_ros2/cmake/ament_cmake_export_include_directories-extras.cmake
[2.622s] -- Up-to-date: /home/mike/roborama25_ws/install/sllidar_ros2/share/sllidar_ros2/cmake/sllidar_ros2Config.cmake
[2.626s] -- Up-to-date: /home/mike/roborama25_ws/install/sllidar_ros2/share/sllidar_ros2/cmake/sllidar_ros2Config-version.cmake
[2.628s] -- Up-to-date: /home/mike/roborama25_ws/install/sllidar_ros2/share/sllidar_ros2/package.xml
[2.630s] Invoked command in '/home/mike/roborama25_ws/build/sllidar_ros2' returned '0': CMAKE_PREFIX_PATH=${CMAKE_PREFIX_PATH}:/home/mike/roborama25_ws/install/robo24_stuff:/home/mike/ros2_ws/install/robo24_stuff:/home/mike/ros2_ws/install/robo24_nav:/home/mike/ros2_ws/install/robo24_localization:/home/mike/ros2_ws/install/robo24_bringup:/home/mike/ros2_ws/install/moonday24_demo:/opt/ros/humble /usr/bin/cmake --install /home/mike/roborama25_ws/build/sllidar_ros2
