[0.104s] Invoking command in '/home/mike/roborama25_ws/build/robo24_interfaces': CMAKE_PREFIX_PATH=${CMAKE_PREFIX_PATH}:/home/mike/roborama25_ws/install/robo24_stuff:/home/mike/ros2_ws/install/robo24_stuff:/home/mike/ros2_ws/install/robo24_nav:/home/mike/ros2_ws/install/robo24_localization:/home/mike/ros2_ws/install/robo24_bringup:/home/mike/ros2_ws/install/moonday24_demo:/opt/ros/humble /usr/bin/cmake --build /home/mike/roborama25_ws/build/robo24_interfaces -- -j4 -l4
[1.949s] [  9%] Built target robo24_interfaces__rosidl_generator_c
[1.950s] [ 12%] Built target robo24_interfaces__cpp
[1.950s] [ 12%] Built target ament_cmake_python_copy_robo24_interfaces
[1.957s] [ 22%] Built target robo24_interfaces__rosidl_typesupport_introspection_c
[1.958s] [ 32%] Built target robo24_interfaces__rosidl_typesupport_fastrtps_c
[1.959s] [ 41%] Built target robo24_interfaces__rosidl_typesupport_c
[1.959s] [ 51%] Built target robo24_interfaces__rosidl_typesupport_fastrtps_cpp
[1.960s] [ 61%] Built target robo24_interfaces__rosidl_typesupport_introspection_cpp
[1.960s] [ 70%] Built target robo24_interfaces__rosidl_typesupport_cpp
[1.961s] [ 70%] Built target robo24_interfaces
[1.961s] [ 74%] Built target robo24_interfaces__py
[1.962s] [ 80%] Built target robo24_interfaces__rosidl_generator_py
[1.962s] [ 87%] Built target robo24_interfaces__rosidl_typesupport_c__pyext
[1.963s] [ 93%] Built target robo24_interfaces__rosidl_typesupport_fastrtps_c__pyext
[1.963s] [100%] Built target robo24_interfaces__rosidl_typesupport_introspection_c__pyext
[2.354s] running egg_info
[2.358s] writing robo24_interfaces.egg-info/PKG-INFO
[2.361s] writing dependency_links to robo24_interfaces.egg-info/dependency_links.txt
[2.362s] writing top-level names to robo24_interfaces.egg-info/top_level.txt
[2.372s] reading manifest file 'robo24_interfaces.egg-info/SOURCES.txt'
[2.376s] writing manifest file 'robo24_interfaces.egg-info/SOURCES.txt'
[2.552s] [100%] Built target ament_cmake_python_build_robo24_interfaces_egg
[2.646s] Invoked command in '/home/mike/roborama25_ws/build/robo24_interfaces' returned '0': CMAKE_PREFIX_PATH=${CMAKE_PREFIX_PATH}:/home/mike/roborama25_ws/install/robo24_stuff:/home/mike/ros2_ws/install/robo24_stuff:/home/mike/ros2_ws/install/robo24_nav:/home/mike/ros2_ws/install/robo24_localization:/home/mike/ros2_ws/install/robo24_bringup:/home/mike/ros2_ws/install/moonday24_demo:/opt/ros/humble /usr/bin/cmake --build /home/mike/roborama25_ws/build/robo24_interfaces -- -j4 -l4
[2.651s] Invoking command in '/home/mike/roborama25_ws/build/robo24_interfaces': CMAKE_PREFIX_PATH=${CMAKE_PREFIX_PATH}:/home/mike/roborama25_ws/install/robo24_stuff:/home/mike/ros2_ws/install/robo24_stuff:/home/mike/ros2_ws/install/robo24_nav:/home/mike/ros2_ws/install/robo24_localization:/home/mike/ros2_ws/install/robo24_bringup:/home/mike/ros2_ws/install/moonday24_demo:/opt/ros/humble /usr/bin/cmake --install /home/mike/roborama25_ws/build/robo24_interfaces
[2.758s] -- Install configuration: ""
[2.761s] -- Up-to-date: /home/mike/roborama25_ws/install/robo24_interfaces/share/ament_index/resource_index/rosidl_interfaces/robo24_interfaces
[2.763s] -- Up-to-date: /home/mike/roborama25_ws/install/robo24_interfaces/include/robo24_interfaces/robo24_interfaces
[2.763s] -- Up-to-date: /home/mike/roborama25_ws/install/robo24_interfaces/include/robo24_interfaces/robo24_interfaces/msg
[2.773s] -- Up-to-date: /home/mike/roborama25_ws/install/robo24_interfaces/include/robo24_interfaces/robo24_interfaces/msg/rosidl_generator_c__visibility_control.h
[2.775s] -- Up-to-date: /home/mike/roborama25_ws/install/robo24_interfaces/include/robo24_interfaces/robo24_interfaces/srv
[2.775s] -- Up-to-date: /home/mike/roborama25_ws/install/robo24_interfaces/include/robo24_interfaces/robo24_interfaces/srv/detail
[2.776s] -- Up-to-date: /home/mike/roborama25_ws/install/robo24_interfaces/include/robo24_interfaces/robo24_interfaces/srv/detail/claw__type_support.h
[2.777s] -- Up-to-date: /home/mike/roborama25_ws/install/robo24_interfaces/include/robo24_interfaces/robo24_interfaces/srv/detail/claw__struct.h
[2.778s] -- Up-to-date: /home/mike/roborama25_ws/install/robo24_interfaces/include/robo24_interfaces/robo24_interfaces/srv/detail/claw__functions.h
[2.778s] -- Up-to-date: /home/mike/roborama25_ws/install/robo24_interfaces/include/robo24_interfaces/robo24_interfaces/srv/detail/claw__functions.c
[2.779s] -- Up-to-date: /home/mike/roborama25_ws/install/robo24_interfaces/include/robo24_interfaces/robo24_interfaces/srv/claw.h
[2.779s] -- Up-to-date: /home/mike/roborama25_ws/install/robo24_interfaces/share/robo24_interfaces/environment/library_path.sh
[2.780s] -- Up-to-date: /home/mike/roborama25_ws/install/robo24_interfaces/share/robo24_interfaces/environment/library_path.dsv
[2.786s] -- Up-to-date: /home/mike/roborama25_ws/install/robo24_interfaces/lib/librobo24_interfaces__rosidl_generator_c.so
[2.787s] -- Up-to-date: /home/mike/roborama25_ws/install/robo24_interfaces/include/robo24_interfaces/robo24_interfaces
[2.788s] -- Up-to-date: /home/mike/roborama25_ws/install/robo24_interfaces/include/robo24_interfaces/robo24_interfaces/msg
[2.789s] -- Up-to-date: /home/mike/roborama25_ws/install/robo24_interfaces/include/robo24_interfaces/robo24_interfaces/msg/rosidl_typesupport_fastrtps_c__visibility_control.h
[2.791s] -- Up-to-date: /home/mike/roborama25_ws/install/robo24_interfaces/include/robo24_interfaces/robo24_interfaces/srv
[2.792s] -- Up-to-date: /home/mike/roborama25_ws/install/robo24_interfaces/include/robo24_interfaces/robo24_interfaces/srv/detail
[2.792s] -- Up-to-date: /home/mike/roborama25_ws/install/robo24_interfaces/include/robo24_interfaces/robo24_interfaces/srv/detail/claw__rosidl_typesupport_fastrtps_c.h
[2.793s] -- Up-to-date: /home/mike/roborama25_ws/install/robo24_interfaces/lib/librobo24_interfaces__rosidl_typesupport_fastrtps_c.so
[2.793s] -- Up-to-date: /home/mike/roborama25_ws/install/robo24_interfaces/include/robo24_interfaces/robo24_interfaces
[2.794s] -- Up-to-date: /home/mike/roborama25_ws/install/robo24_interfaces/include/robo24_interfaces/robo24_interfaces/msg
[2.794s] -- Up-to-date: /home/mike/roborama25_ws/install/robo24_interfaces/include/robo24_interfaces/robo24_interfaces/msg/rosidl_typesupport_introspection_c__visibility_control.h
[2.795s] -- Up-to-date: /home/mike/roborama25_ws/install/robo24_interfaces/include/robo24_interfaces/robo24_interfaces/srv
[2.795s] -- Up-to-date: /home/mike/roborama25_ws/install/robo24_interfaces/include/robo24_interfaces/robo24_interfaces/srv/detail
[2.796s] -- Up-to-date: /home/mike/roborama25_ws/install/robo24_interfaces/include/robo24_interfaces/robo24_interfaces/srv/detail/claw__rosidl_typesupport_introspection_c.h
[2.807s] -- Up-to-date: /home/mike/roborama25_ws/install/robo24_interfaces/include/robo24_interfaces/robo24_interfaces/srv/detail/claw__type_support.c
[2.808s] -- Up-to-date: /home/mike/roborama25_ws/install/robo24_interfaces/lib/librobo24_interfaces__rosidl_typesupport_introspection_c.so
[2.812s] -- Up-to-date: /home/mike/roborama25_ws/install/robo24_interfaces/lib/librobo24_interfaces__rosidl_typesupport_c.so
[2.812s] -- Up-to-date: /home/mike/roborama25_ws/install/robo24_interfaces/include/robo24_interfaces/robo24_interfaces
[2.813s] -- Up-to-date: /home/mike/roborama25_ws/install/robo24_interfaces/include/robo24_interfaces/robo24_interfaces/msg
[2.814s] -- Up-to-date: /home/mike/roborama25_ws/install/robo24_interfaces/include/robo24_interfaces/robo24_interfaces/msg/rosidl_generator_cpp__visibility_control.hpp
[2.814s] -- Up-to-date: /home/mike/roborama25_ws/install/robo24_interfaces/include/robo24_interfaces/robo24_interfaces/srv
[2.815s] -- Up-to-date: /home/mike/roborama25_ws/install/robo24_interfaces/include/robo24_interfaces/robo24_interfaces/srv/detail
[2.815s] -- Up-to-date: /home/mike/roborama25_ws/install/robo24_interfaces/include/robo24_interfaces/robo24_interfaces/srv/detail/claw__struct.hpp
[2.816s] -- Up-to-date: /home/mike/roborama25_ws/install/robo24_interfaces/include/robo24_interfaces/robo24_interfaces/srv/detail/claw__type_support.hpp
[2.816s] -- Up-to-date: /home/mike/roborama25_ws/install/robo24_interfaces/include/robo24_interfaces/robo24_interfaces/srv/detail/claw__builder.hpp
[2.817s] -- Up-to-date: /home/mike/roborama25_ws/install/robo24_interfaces/include/robo24_interfaces/robo24_interfaces/srv/detail/claw__traits.hpp
[2.818s] -- Up-to-date: /home/mike/roborama25_ws/install/robo24_interfaces/include/robo24_interfaces/robo24_interfaces/srv/claw.hpp
[2.818s] -- Up-to-date: /home/mike/roborama25_ws/install/robo24_interfaces/include/robo24_interfaces/robo24_interfaces
[2.819s] -- Up-to-date: /home/mike/roborama25_ws/install/robo24_interfaces/include/robo24_interfaces/robo24_interfaces/msg
[2.819s] -- Up-to-date: /home/mike/roborama25_ws/install/robo24_interfaces/include/robo24_interfaces/robo24_interfaces/msg/rosidl_typesupport_fastrtps_cpp__visibility_control.h
[2.820s] -- Up-to-date: /home/mike/roborama25_ws/install/robo24_interfaces/include/robo24_interfaces/robo24_interfaces/srv
[2.834s] -- Up-to-date: /home/mike/roborama25_ws/install/robo24_interfaces/include/robo24_interfaces/robo24_interfaces/srv/detail
[2.834s] -- Up-to-date: /home/mike/roborama25_ws/install/robo24_interfaces/include/robo24_interfaces/robo24_interfaces/srv/detail/dds_fastrtps
[2.844s] -- Up-to-date: /home/mike/roborama25_ws/install/robo24_interfaces/include/robo24_interfaces/robo24_interfaces/srv/detail/claw__rosidl_typesupport_fastrtps_cpp.hpp
[2.845s] -- Up-to-date: /home/mike/roborama25_ws/install/robo24_interfaces/lib/librobo24_interfaces__rosidl_typesupport_fastrtps_cpp.so
[2.846s] -- Up-to-date: /home/mike/roborama25_ws/install/robo24_interfaces/include/robo24_interfaces/robo24_interfaces
[2.846s] -- Up-to-date: /home/mike/roborama25_ws/install/robo24_interfaces/include/robo24_interfaces/robo24_interfaces/srv
[2.847s] -- Up-to-date: /home/mike/roborama25_ws/install/robo24_interfaces/include/robo24_interfaces/robo24_interfaces/srv/detail
[2.848s] -- Up-to-date: /home/mike/roborama25_ws/install/robo24_interfaces/include/robo24_interfaces/robo24_interfaces/srv/detail/claw__type_support.cpp
[2.857s] -- Up-to-date: /home/mike/roborama25_ws/install/robo24_interfaces/include/robo24_interfaces/robo24_interfaces/srv/detail/claw__rosidl_typesupport_introspection_cpp.hpp
[2.858s] -- Up-to-date: /home/mike/roborama25_ws/install/robo24_interfaces/lib/librobo24_interfaces__rosidl_typesupport_introspection_cpp.so
[2.859s] -- Up-to-date: /home/mike/roborama25_ws/install/robo24_interfaces/lib/librobo24_interfaces__rosidl_typesupport_cpp.so
[2.859s] -- Up-to-date: /home/mike/roborama25_ws/install/robo24_interfaces/share/robo24_interfaces/environment/pythonpath.sh
[2.860s] -- Up-to-date: /home/mike/roborama25_ws/install/robo24_interfaces/share/robo24_interfaces/environment/pythonpath.dsv
[2.861s] -- Up-to-date: /home/mike/roborama25_ws/install/robo24_interfaces/local/lib/python3.10/dist-packages/robo24_interfaces-0.0.0-py3.10.egg-info
[2.862s] -- Installing: /home/mike/roborama25_ws/install/robo24_interfaces/local/lib/python3.10/dist-packages/robo24_interfaces-0.0.0-py3.10.egg-info/SOURCES.txt
[2.863s] -- Installing: /home/mike/roborama25_ws/install/robo24_interfaces/local/lib/python3.10/dist-packages/robo24_interfaces-0.0.0-py3.10.egg-info/dependency_links.txt
[2.864s] -- Installing: /home/mike/roborama25_ws/install/robo24_interfaces/local/lib/python3.10/dist-packages/robo24_interfaces-0.0.0-py3.10.egg-info/PKG-INFO
[2.864s] -- Installing: /home/mike/roborama25_ws/install/robo24_interfaces/local/lib/python3.10/dist-packages/robo24_interfaces-0.0.0-py3.10.egg-info/top_level.txt
[2.865s] -- Up-to-date: /home/mike/roborama25_ws/install/robo24_interfaces/local/lib/python3.10/dist-packages/robo24_interfaces
[2.866s] -- Up-to-date: /home/mike/roborama25_ws/install/robo24_interfaces/local/lib/python3.10/dist-packages/robo24_interfaces/librobo24_interfaces__rosidl_generator_py.so
[2.866s] -- Up-to-date: /home/mike/roborama25_ws/install/robo24_interfaces/local/lib/python3.10/dist-packages/robo24_interfaces/robo24_interfaces_s__rosidl_typesupport_fastrtps_c.cpython-310-aarch64-linux-gnu.so
[2.866s] -- Up-to-date: /home/mike/roborama25_ws/install/robo24_interfaces/local/lib/python3.10/dist-packages/robo24_interfaces/_robo24_interfaces_s.ep.rosidl_typesupport_fastrtps_c.c
[2.867s] -- Up-to-date: /home/mike/roborama25_ws/install/robo24_interfaces/local/lib/python3.10/dist-packages/robo24_interfaces/robo24_interfaces_s__rosidl_typesupport_introspection_c.cpython-310-aarch64-linux-gnu.so
[2.867s] -- Up-to-date: /home/mike/roborama25_ws/install/robo24_interfaces/local/lib/python3.10/dist-packages/robo24_interfaces/robo24_interfaces_s__rosidl_typesupport_c.cpython-310-aarch64-linux-gnu.so
[2.868s] -- Up-to-date: /home/mike/roborama25_ws/install/robo24_interfaces/local/lib/python3.10/dist-packages/robo24_interfaces/_robo24_interfaces_s.ep.rosidl_typesupport_introspection_c.c
[2.868s] -- Up-to-date: /home/mike/roborama25_ws/install/robo24_interfaces/local/lib/python3.10/dist-packages/robo24_interfaces/_robo24_interfaces_s.ep.rosidl_typesupport_c.c
[2.883s] -- Up-to-date: /home/mike/roborama25_ws/install/robo24_interfaces/local/lib/python3.10/dist-packages/robo24_interfaces/srv
[2.884s] -- Up-to-date: /home/mike/roborama25_ws/install/robo24_interfaces/local/lib/python3.10/dist-packages/robo24_interfaces/srv/_claw.py
[2.885s] -- Up-to-date: /home/mike/roborama25_ws/install/robo24_interfaces/local/lib/python3.10/dist-packages/robo24_interfaces/srv/__init__.py
[2.885s] -- Up-to-date: /home/mike/roborama25_ws/install/robo24_interfaces/local/lib/python3.10/dist-packages/robo24_interfaces/srv/_claw_s.c
[2.886s] -- Up-to-date: /home/mike/roborama25_ws/install/robo24_interfaces/local/lib/python3.10/dist-packages/robo24_interfaces/__init__.py
[2.986s] Listing '/home/mike/roborama25_ws/install/robo24_interfaces/local/lib/python3.10/dist-packages/robo24_interfaces'...
[2.986s] Listing '/home/mike/roborama25_ws/install/robo24_interfaces/local/lib/python3.10/dist-packages/robo24_interfaces/srv'...
[3.017s] -- Up-to-date: /home/mike/roborama25_ws/install/robo24_interfaces/local/lib/python3.10/dist-packages/robo24_interfaces/robo24_interfaces_s__rosidl_typesupport_fastrtps_c.cpython-310-aarch64-linux-gnu.so
[3.020s] -- Up-to-date: /home/mike/roborama25_ws/install/robo24_interfaces/local/lib/python3.10/dist-packages/robo24_interfaces/robo24_interfaces_s__rosidl_typesupport_introspection_c.cpython-310-aarch64-linux-gnu.so
[3.023s] -- Up-to-date: /home/mike/roborama25_ws/install/robo24_interfaces/local/lib/python3.10/dist-packages/robo24_interfaces/robo24_interfaces_s__rosidl_typesupport_c.cpython-310-aarch64-linux-gnu.so
[3.025s] -- Up-to-date: /home/mike/roborama25_ws/install/robo24_interfaces/lib/librobo24_interfaces__rosidl_generator_py.so
[3.028s] -- Up-to-date: /home/mike/roborama25_ws/install/robo24_interfaces/share/robo24_interfaces/srv/Claw.idl
[3.029s] -- Up-to-date: /home/mike/roborama25_ws/install/robo24_interfaces/share/robo24_interfaces/srv/Claw.srv
[3.029s] -- Up-to-date: /home/mike/roborama25_ws/install/robo24_interfaces/share/robo24_interfaces/srv/Claw_Request.msg
[3.029s] -- Up-to-date: /home/mike/roborama25_ws/install/robo24_interfaces/share/robo24_interfaces/srv/Claw_Response.msg
[3.030s] -- Up-to-date: /home/mike/roborama25_ws/install/robo24_interfaces/share/ament_index/resource_index/package_run_dependencies/robo24_interfaces
[3.031s] -- Up-to-date: /home/mike/roborama25_ws/install/robo24_interfaces/share/ament_index/resource_index/parent_prefix_path/robo24_interfaces
[3.031s] -- Up-to-date: /home/mike/roborama25_ws/install/robo24_interfaces/share/robo24_interfaces/environment/ament_prefix_path.sh
[3.032s] -- Up-to-date: /home/mike/roborama25_ws/install/robo24_interfaces/share/robo24_interfaces/environment/ament_prefix_path.dsv
[3.033s] -- Up-to-date: /home/mike/roborama25_ws/install/robo24_interfaces/share/robo24_interfaces/environment/path.sh
[3.033s] -- Up-to-date: /home/mike/roborama25_ws/install/robo24_interfaces/share/robo24_interfaces/environment/path.dsv
[3.035s] -- Up-to-date: /home/mike/roborama25_ws/install/robo24_interfaces/share/robo24_interfaces/local_setup.bash
[3.035s] -- Up-to-date: /home/mike/roborama25_ws/install/robo24_interfaces/share/robo24_interfaces/local_setup.sh
[3.041s] -- Up-to-date: /home/mike/roborama25_ws/install/robo24_interfaces/share/robo24_interfaces/local_setup.zsh
[3.045s] -- Up-to-date: /home/mike/roborama25_ws/install/robo24_interfaces/share/robo24_interfaces/local_setup.dsv
[3.046s] -- Installing: /home/mike/roborama25_ws/install/robo24_interfaces/share/robo24_interfaces/package.dsv
[3.048s] -- Up-to-date: /home/mike/roborama25_ws/install/robo24_interfaces/share/ament_index/resource_index/packages/robo24_interfaces
[3.049s] -- Up-to-date: /home/mike/roborama25_ws/install/robo24_interfaces/share/robo24_interfaces/cmake/export_robo24_interfaces__rosidl_generator_cExport.cmake
[3.051s] -- Up-to-date: /home/mike/roborama25_ws/install/robo24_interfaces/share/robo24_interfaces/cmake/export_robo24_interfaces__rosidl_generator_cExport-noconfig.cmake
[3.052s] -- Up-to-date: /home/mike/roborama25_ws/install/robo24_interfaces/share/robo24_interfaces/cmake/export_robo24_interfaces__rosidl_typesupport_fastrtps_cExport.cmake
[3.054s] -- Up-to-date: /home/mike/roborama25_ws/install/robo24_interfaces/share/robo24_interfaces/cmake/export_robo24_interfaces__rosidl_typesupport_fastrtps_cExport-noconfig.cmake
[3.058s] -- Up-to-date: /home/mike/roborama25_ws/install/robo24_interfaces/share/robo24_interfaces/cmake/robo24_interfaces__rosidl_typesupport_introspection_cExport.cmake
[3.060s] -- Up-to-date: /home/mike/roborama25_ws/install/robo24_interfaces/share/robo24_interfaces/cmake/robo24_interfaces__rosidl_typesupport_introspection_cExport-noconfig.cmake
[3.062s] -- Up-to-date: /home/mike/roborama25_ws/install/robo24_interfaces/share/robo24_interfaces/cmake/robo24_interfaces__rosidl_typesupport_cExport.cmake
[3.064s] -- Up-to-date: /home/mike/roborama25_ws/install/robo24_interfaces/share/robo24_interfaces/cmake/robo24_interfaces__rosidl_typesupport_cExport-noconfig.cmake
[3.066s] -- Up-to-date: /home/mike/roborama25_ws/install/robo24_interfaces/share/robo24_interfaces/cmake/export_robo24_interfaces__rosidl_generator_cppExport.cmake
[3.069s] -- Up-to-date: /home/mike/roborama25_ws/install/robo24_interfaces/share/robo24_interfaces/cmake/export_robo24_interfaces__rosidl_typesupport_fastrtps_cppExport.cmake
[3.069s] -- Up-to-date: /home/mike/roborama25_ws/install/robo24_interfaces/share/robo24_interfaces/cmake/export_robo24_interfaces__rosidl_typesupport_fastrtps_cppExport-noconfig.cmake
[3.070s] -- Up-to-date: /home/mike/roborama25_ws/install/robo24_interfaces/share/robo24_interfaces/cmake/robo24_interfaces__rosidl_typesupport_introspection_cppExport.cmake
[3.071s] -- Up-to-date: /home/mike/roborama25_ws/install/robo24_interfaces/share/robo24_interfaces/cmake/robo24_interfaces__rosidl_typesupport_introspection_cppExport-noconfig.cmake
[3.072s] -- Up-to-date: /home/mike/roborama25_ws/install/robo24_interfaces/share/robo24_interfaces/cmake/robo24_interfaces__rosidl_typesupport_cppExport.cmake
[3.089s] -- Up-to-date: /home/mike/roborama25_ws/install/robo24_interfaces/share/robo24_interfaces/cmake/robo24_interfaces__rosidl_typesupport_cppExport-noconfig.cmake
[3.089s] -- Up-to-date: /home/mike/roborama25_ws/install/robo24_interfaces/share/robo24_interfaces/cmake/export_robo24_interfaces__rosidl_generator_pyExport.cmake
[3.090s] -- Up-to-date: /home/mike/roborama25_ws/install/robo24_interfaces/share/robo24_interfaces/cmake/export_robo24_interfaces__rosidl_generator_pyExport-noconfig.cmake
[3.090s] -- Up-to-date: /home/mike/roborama25_ws/install/robo24_interfaces/share/robo24_interfaces/cmake/rosidl_cmake-extras.cmake
[3.091s] -- Up-to-date: /home/mike/roborama25_ws/install/robo24_interfaces/share/robo24_interfaces/cmake/ament_cmake_export_include_directories-extras.cmake
[3.098s] -- Up-to-date: /home/mike/roborama25_ws/install/robo24_interfaces/share/robo24_interfaces/cmake/ament_cmake_export_libraries-extras.cmake
[3.099s] -- Up-to-date: /home/mike/roborama25_ws/install/robo24_interfaces/share/robo24_interfaces/cmake/ament_cmake_export_targets-extras.cmake
[3.100s] -- Up-to-date: /home/mike/roborama25_ws/install/robo24_interfaces/share/robo24_interfaces/cmake/rosidl_cmake_export_typesupport_targets-extras.cmake
[3.101s] -- Up-to-date: /home/mike/roborama25_ws/install/robo24_interfaces/share/robo24_interfaces/cmake/ament_cmake_export_dependencies-extras.cmake
[3.102s] -- Up-to-date: /home/mike/roborama25_ws/install/robo24_interfaces/share/robo24_interfaces/cmake/rosidl_cmake_export_typesupport_libraries-extras.cmake
[3.103s] -- Up-to-date: /home/mike/roborama25_ws/install/robo24_interfaces/share/robo24_interfaces/cmake/robo24_interfacesConfig.cmake
[3.103s] -- Up-to-date: /home/mike/roborama25_ws/install/robo24_interfaces/share/robo24_interfaces/cmake/robo24_interfacesConfig-version.cmake
[3.104s] -- Up-to-date: /home/mike/roborama25_ws/install/robo24_interfaces/share/robo24_interfaces/package.xml
[3.105s] Invoked command in '/home/mike/roborama25_ws/build/robo24_interfaces' returned '0': CMAKE_PREFIX_PATH=${CMAKE_PREFIX_PATH}:/home/mike/roborama25_ws/install/robo24_stuff:/home/mike/ros2_ws/install/robo24_stuff:/home/mike/ros2_ws/install/robo24_nav:/home/mike/ros2_ws/install/robo24_localization:/home/mike/ros2_ws/install/robo24_bringup:/home/mike/ros2_ws/install/moonday24_demo:/opt/ros/humble /usr/bin/cmake --install /home/mike/roborama25_ws/build/robo24_interfaces
