[0.075s] Invoking command in '/home/mike/roborama25_ws/build/robo24_interfaces': CMAKE_PREFIX_PATH=${CMAKE_PREFIX_PATH}:/home/mike/roborama25_ws/install/robo24_stuff:/home/mike/ros2_ws/install/robo24_stuff:/home/mike/ros2_ws/install/robo24_nav:/home/mike/ros2_ws/install/robo24_localization:/home/mike/ros2_ws/install/robo24_bringup:/home/mike/ros2_ws/install/moonday24_demo:/opt/ros/humble /usr/bin/cmake /home/mike/roborama25_ws/src/robo24_interfaces -DCMAKE_INSTALL_PREFIX=/home/mike/roborama25_ws/install/robo24_interfaces
[0.133s] -- Found ament_cmake: 1.3.11 (/opt/ros/humble/share/ament_cmake/cmake)
[0.769s] -- Override CMake install command with custom implementation using symlinks instead of copying resources
[0.806s] -- Found rosidl_default_generators: 1.2.0 (/opt/ros/humble/share/rosidl_default_generators/cmake)
[0.818s] -- Using all available rosidl_typesupport_c: rosidl_typesupport_fastrtps_c;rosidl_typesupport_introspection_c
[0.830s] -- Found rosidl_adapter: 3.1.6 (/opt/ros/humble/share/rosidl_adapter/cmake)
[1.006s] -- Using all available rosidl_typesupport_cpp: rosidl_typesupport_fastrtps_cpp;rosidl_typesupport_introspection_cpp
[2.415s] -- Found ament_cmake_ros: 0.10.0 (/opt/ros/humble/share/ament_cmake_ros/cmake)
[3.395s] -- Using all available rosidl_typesupport_c: rosidl_typesupport_fastrtps_c;rosidl_typesupport_introspection_c
[4.623s] -- Using all available rosidl_typesupport_cpp: rosidl_typesupport_fastrtps_cpp;rosidl_typesupport_introspection_cpp
[4.750s] -- Found python_cmake_module: 0.10.0 (/opt/ros/humble/share/python_cmake_module/cmake)
[4.874s] -- Using PYTHON_EXECUTABLE: /usr/bin/python3
[4.875s] -- Using PYTHON_INCLUDE_DIRS: /usr/include/python3.10
[4.875s] -- Using PYTHON_LIBRARIES: /usr/lib/aarch64-linux-gnu/libpython3.10.so
[4.938s] -- Found ament_lint_auto: 0.12.11 (/opt/ros/humble/share/ament_lint_auto/cmake)
[5.006s] -- Added test 'lint_cmake' to check CMake code style
[5.016s] -- Added test 'xmllint' to check XML markup files
[5.033s] -- Configuring done
[5.229s] -- Generating done
[5.287s] -- Build files have been written to: /home/mike/roborama25_ws/build/robo24_interfaces
[5.312s] Invoked command in '/home/mike/roborama25_ws/build/robo24_interfaces' returned '0': CMAKE_PREFIX_PATH=${CMAKE_PREFIX_PATH}:/home/mike/roborama25_ws/install/robo24_stuff:/home/mike/ros2_ws/install/robo24_stuff:/home/mike/ros2_ws/install/robo24_nav:/home/mike/ros2_ws/install/robo24_localization:/home/mike/ros2_ws/install/robo24_bringup:/home/mike/ros2_ws/install/moonday24_demo:/opt/ros/humble /usr/bin/cmake /home/mike/roborama25_ws/src/robo24_interfaces -DCMAKE_INSTALL_PREFIX=/home/mike/roborama25_ws/install/robo24_interfaces
[5.322s] Invoking command in '/home/mike/roborama25_ws/build/robo24_interfaces': CMAKE_PREFIX_PATH=${CMAKE_PREFIX_PATH}:/home/mike/roborama25_ws/install/robo24_stuff:/home/mike/ros2_ws/install/robo24_stuff:/home/mike/ros2_ws/install/robo24_nav:/home/mike/ros2_ws/install/robo24_localization:/home/mike/ros2_ws/install/robo24_bringup:/home/mike/ros2_ws/install/moonday24_demo:/opt/ros/humble /usr/bin/cmake --build /home/mike/roborama25_ws/build/robo24_interfaces -- -j4 -l4
[5.500s] [35m[1mConsolidate compiler generated dependencies of target robo24_interfaces__rosidl_generator_c[0m
[5.539s] failed to create symbolic link '/home/mike/roborama25_ws/build/robo24_interfaces/ament_cmake_python/robo24_interfaces/robo24_interfaces' because existing path cannot be removed: Is a directory
[5.542s] [  3%] Built target robo24_interfaces__cpp
[5.546s] gmake[2]: *** [CMakeFiles/ament_cmake_python_symlink_robo24_interfaces.dir/build.make:70: CMakeFiles/ament_cmake_python_symlink_robo24_interfaces] Error 1
[5.549s] gmake[1]: *** [CMakeFiles/Makefile2:421: CMakeFiles/ament_cmake_python_symlink_robo24_interfaces.dir/all] Error 2
[5.550s] gmake[1]: *** Waiting for unfinished jobs....
[5.585s] [ 12%] Built target robo24_interfaces__rosidl_generator_c
[5.590s] gmake: *** [Makefile:146: all] Error 2
[5.597s] Invoked command in '/home/mike/roborama25_ws/build/robo24_interfaces' returned '2': CMAKE_PREFIX_PATH=${CMAKE_PREFIX_PATH}:/home/mike/roborama25_ws/install/robo24_stuff:/home/mike/ros2_ws/install/robo24_stuff:/home/mike/ros2_ws/install/robo24_nav:/home/mike/ros2_ws/install/robo24_localization:/home/mike/ros2_ws/install/robo24_bringup:/home/mike/ros2_ws/install/moonday24_demo:/opt/ros/humble /usr/bin/cmake --build /home/mike/roborama25_ws/build/robo24_interfaces -- -j4 -l4
