[0.107s] Invoking command in '/home/mike/roborama25_ws/build/robo24_interfaces': CMAKE_PREFIX_PATH=${CMAKE_PREFIX_PATH}:/home/mike/roborama25_ws/install/robo24_stuff:/home/mike/ros2_ws/install/robo24_stuff:/home/mike/ros2_ws/install/robo24_nav:/home/mike/ros2_ws/install/robo24_localization:/home/mike/ros2_ws/install/robo24_bringup:/home/mike/ros2_ws/install/moonday24_demo:/opt/ros/humble /usr/bin/cmake --build /home/mike/roborama25_ws/build/robo24_interfaces -- -j4 -l4
[1.942s] [  3%] Built target robo24_interfaces__cpp
[1.943s] [ 12%] Built target robo24_interfaces__rosidl_generator_c
[1.943s] [ 12%] Built target ament_cmake_python_copy_robo24_interfaces
[1.944s] [ 22%] Built target robo24_interfaces__rosidl_typesupport_fastrtps_cpp
[1.944s] [ 32%] Built target robo24_interfaces__rosidl_typesupport_introspection_cpp
[1.945s] [ 41%] Built target robo24_interfaces__rosidl_typesupport_cpp
[1.945s] [ 51%] Built target robo24_interfaces__rosidl_typesupport_fastrtps_c
[1.946s] [ 61%] Built target robo24_interfaces__rosidl_typesupport_introspection_c
[1.946s] [ 70%] Built target robo24_interfaces__rosidl_typesupport_c
[1.947s] [ 70%] Built target robo24_interfaces
[1.947s] [ 74%] Built target robo24_interfaces__py
[1.948s] [ 80%] Built target robo24_interfaces__rosidl_generator_py
[1.948s] [ 87%] Built target robo24_interfaces__rosidl_typesupport_introspection_c__pyext
[1.949s] [ 93%] Built target robo24_interfaces__rosidl_typesupport_c__pyext
[1.949s] [100%] Built target robo24_interfaces__rosidl_typesupport_fastrtps_c__pyext
[2.302s] running egg_info
[2.318s] writing robo24_interfaces.egg-info/PKG-INFO
[2.320s] writing dependency_links to robo24_interfaces.egg-info/dependency_links.txt
[2.323s] writing top-level names to robo24_interfaces.egg-info/top_level.txt
[2.341s] reading manifest file 'robo24_interfaces.egg-info/SOURCES.txt'
[2.346s] writing manifest file 'robo24_interfaces.egg-info/SOURCES.txt'
[2.545s] [100%] Built target ament_cmake_python_build_robo24_interfaces_egg
[2.623s] Invoked command in '/home/mike/roborama25_ws/build/robo24_interfaces' returned '0': CMAKE_PREFIX_PATH=${CMAKE_PREFIX_PATH}:/home/mike/roborama25_ws/install/robo24_stuff:/home/mike/ros2_ws/install/robo24_stuff:/home/mike/ros2_ws/install/robo24_nav:/home/mike/ros2_ws/install/robo24_localization:/home/mike/ros2_ws/install/robo24_bringup:/home/mike/ros2_ws/install/moonday24_demo:/opt/ros/humble /usr/bin/cmake --build /home/mike/roborama25_ws/build/robo24_interfaces -- -j4 -l4
[2.625s] Invoking command in '/home/mike/roborama25_ws/build/robo24_interfaces': CMAKE_PREFIX_PATH=${CMAKE_PREFIX_PATH}:/home/mike/roborama25_ws/install/robo24_stuff:/home/mike/ros2_ws/install/robo24_stuff:/home/mike/ros2_ws/install/robo24_nav:/home/mike/ros2_ws/install/robo24_localization:/home/mike/ros2_ws/install/robo24_bringup:/home/mike/ros2_ws/install/moonday24_demo:/opt/ros/humble /usr/bin/cmake --install /home/mike/roborama25_ws/build/robo24_interfaces
[2.737s] -- Install configuration: ""
[2.738s] -- Up-to-date: /home/mike/roborama25_ws/install/robo24_interfaces/share/ament_index/resource_index/rosidl_interfaces/robo24_interfaces
[2.744s] -- Up-to-date: /home/mike/roborama25_ws/install/robo24_interfaces/include/robo24_interfaces/robo24_interfaces
[2.745s] -- Up-to-date: /home/mike/roborama25_ws/install/robo24_interfaces/include/robo24_interfaces/robo24_interfaces/msg
[2.746s] -- Up-to-date: /home/mike/roborama25_ws/install/robo24_interfaces/include/robo24_interfaces/robo24_interfaces/msg/rosidl_generator_c__visibility_control.h
[2.746s] -- Up-to-date: /home/mike/roborama25_ws/install/robo24_interfaces/include/robo24_interfaces/robo24_interfaces/srv
[2.747s] -- Up-to-date: /home/mike/roborama25_ws/install/robo24_interfaces/include/robo24_interfaces/robo24_interfaces/srv/detail
[2.747s] -- Up-to-date: /home/mike/roborama25_ws/install/robo24_interfaces/include/robo24_interfaces/robo24_interfaces/srv/detail/claw__type_support.h
[2.748s] -- Up-to-date: /home/mike/roborama25_ws/install/robo24_interfaces/include/robo24_interfaces/robo24_interfaces/srv/detail/claw__struct.h
[2.748s] -- Up-to-date: /home/mike/roborama25_ws/install/robo24_interfaces/include/robo24_interfaces/robo24_interfaces/srv/detail/claw__functions.h
[2.749s] -- Up-to-date: /home/mike/roborama25_ws/install/robo24_interfaces/include/robo24_interfaces/robo24_interfaces/srv/detail/claw__functions.c
[2.749s] -- Up-to-date: /home/mike/roborama25_ws/install/robo24_interfaces/include/robo24_interfaces/robo24_interfaces/srv/claw.h
[2.750s] -- Up-to-date: /home/mike/roborama25_ws/install/robo24_interfaces/share/robo24_interfaces/environment/library_path.sh
[2.750s] -- Up-to-date: /home/mike/roborama25_ws/install/robo24_interfaces/share/robo24_interfaces/environment/library_path.dsv
[2.751s] -- Up-to-date: /home/mike/roborama25_ws/install/robo24_interfaces/lib/librobo24_interfaces__rosidl_generator_c.so
[2.751s] -- Up-to-date: /home/mike/roborama25_ws/install/robo24_interfaces/include/robo24_interfaces/robo24_interfaces
[2.752s] -- Up-to-date: /home/mike/roborama25_ws/install/robo24_interfaces/include/robo24_interfaces/robo24_interfaces/msg
[2.752s] -- Up-to-date: /home/mike/roborama25_ws/install/robo24_interfaces/include/robo24_interfaces/robo24_interfaces/msg/rosidl_typesupport_fastrtps_c__visibility_control.h
[2.753s] -- Up-to-date: /home/mike/roborama25_ws/install/robo24_interfaces/include/robo24_interfaces/robo24_interfaces/srv
[2.756s] -- Up-to-date: /home/mike/roborama25_ws/install/robo24_interfaces/include/robo24_interfaces/robo24_interfaces/srv/detail
[2.767s] -- Up-to-date: /home/mike/roborama25_ws/install/robo24_interfaces/include/robo24_interfaces/robo24_interfaces/srv/detail/claw__rosidl_typesupport_fastrtps_c.h
[2.772s] -- Up-to-date: /home/mike/roborama25_ws/install/robo24_interfaces/lib/librobo24_interfaces__rosidl_typesupport_fastrtps_c.so
[2.773s] -- Up-to-date: /home/mike/roborama25_ws/install/robo24_interfaces/include/robo24_interfaces/robo24_interfaces
[2.774s] -- Up-to-date: /home/mike/roborama25_ws/install/robo24_interfaces/include/robo24_interfaces/robo24_interfaces/msg
[2.775s] -- Up-to-date: /home/mike/roborama25_ws/install/robo24_interfaces/include/robo24_interfaces/robo24_interfaces/msg/rosidl_typesupport_introspection_c__visibility_control.h
[2.776s] -- Up-to-date: /home/mike/roborama25_ws/install/robo24_interfaces/include/robo24_interfaces/robo24_interfaces/srv
[2.777s] -- Up-to-date: /home/mike/roborama25_ws/install/robo24_interfaces/include/robo24_interfaces/robo24_interfaces/srv/detail
[2.778s] -- Up-to-date: /home/mike/roborama25_ws/install/robo24_interfaces/include/robo24_interfaces/robo24_interfaces/srv/detail/claw__rosidl_typesupport_introspection_c.h
[2.781s] -- Up-to-date: /home/mike/roborama25_ws/install/robo24_interfaces/include/robo24_interfaces/robo24_interfaces/srv/detail/claw__type_support.c
[2.782s] -- Up-to-date: /home/mike/roborama25_ws/install/robo24_interfaces/lib/librobo24_interfaces__rosidl_typesupport_introspection_c.so
[2.784s] -- Up-to-date: /home/mike/roborama25_ws/install/robo24_interfaces/lib/librobo24_interfaces__rosidl_typesupport_c.so
[2.785s] -- Up-to-date: /home/mike/roborama25_ws/install/robo24_interfaces/include/robo24_interfaces/robo24_interfaces
[2.794s] -- Up-to-date: /home/mike/roborama25_ws/install/robo24_interfaces/include/robo24_interfaces/robo24_interfaces/msg
[2.795s] -- Up-to-date: /home/mike/roborama25_ws/install/robo24_interfaces/include/robo24_interfaces/robo24_interfaces/msg/rosidl_generator_cpp__visibility_control.hpp
[2.796s] -- Up-to-date: /home/mike/roborama25_ws/install/robo24_interfaces/include/robo24_interfaces/robo24_interfaces/srv
[2.796s] -- Up-to-date: /home/mike/roborama25_ws/install/robo24_interfaces/include/robo24_interfaces/robo24_interfaces/srv/detail
[2.797s] -- Up-to-date: /home/mike/roborama25_ws/install/robo24_interfaces/include/robo24_interfaces/robo24_interfaces/srv/detail/claw__struct.hpp
[2.797s] -- Up-to-date: /home/mike/roborama25_ws/install/robo24_interfaces/include/robo24_interfaces/robo24_interfaces/srv/detail/claw__type_support.hpp
[2.798s] -- Up-to-date: /home/mike/roborama25_ws/install/robo24_interfaces/include/robo24_interfaces/robo24_interfaces/srv/detail/claw__builder.hpp
[2.799s] -- Up-to-date: /home/mike/roborama25_ws/install/robo24_interfaces/include/robo24_interfaces/robo24_interfaces/srv/detail/claw__traits.hpp
[2.799s] -- Up-to-date: /home/mike/roborama25_ws/install/robo24_interfaces/include/robo24_interfaces/robo24_interfaces/srv/claw.hpp
[2.800s] -- Up-to-date: /home/mike/roborama25_ws/install/robo24_interfaces/include/robo24_interfaces/robo24_interfaces
[2.801s] -- Up-to-date: /home/mike/roborama25_ws/install/robo24_interfaces/include/robo24_interfaces/robo24_interfaces/msg
[2.819s] -- Up-to-date: /home/mike/roborama25_ws/install/robo24_interfaces/include/robo24_interfaces/robo24_interfaces/msg/rosidl_typesupport_fastrtps_cpp__visibility_control.h
[2.819s] -- Up-to-date: /home/mike/roborama25_ws/install/robo24_interfaces/include/robo24_interfaces/robo24_interfaces/srv
[2.820s] -- Up-to-date: /home/mike/roborama25_ws/install/robo24_interfaces/include/robo24_interfaces/robo24_interfaces/srv/detail
[2.821s] -- Up-to-date: /home/mike/roborama25_ws/install/robo24_interfaces/include/robo24_interfaces/robo24_interfaces/srv/detail/dds_fastrtps
[2.821s] -- Up-to-date: /home/mike/roborama25_ws/install/robo24_interfaces/include/robo24_interfaces/robo24_interfaces/srv/detail/claw__rosidl_typesupport_fastrtps_cpp.hpp
[2.822s] -- Up-to-date: /home/mike/roborama25_ws/install/robo24_interfaces/lib/librobo24_interfaces__rosidl_typesupport_fastrtps_cpp.so
[2.823s] -- Up-to-date: /home/mike/roborama25_ws/install/robo24_interfaces/include/robo24_interfaces/robo24_interfaces
[2.823s] -- Up-to-date: /home/mike/roborama25_ws/install/robo24_interfaces/include/robo24_interfaces/robo24_interfaces/srv
[2.824s] -- Up-to-date: /home/mike/roborama25_ws/install/robo24_interfaces/include/robo24_interfaces/robo24_interfaces/srv/detail
[2.824s] -- Up-to-date: /home/mike/roborama25_ws/install/robo24_interfaces/include/robo24_interfaces/robo24_interfaces/srv/detail/claw__type_support.cpp
[2.825s] -- Up-to-date: /home/mike/roborama25_ws/install/robo24_interfaces/include/robo24_interfaces/robo24_interfaces/srv/detail/claw__rosidl_typesupport_introspection_cpp.hpp
[2.834s] -- Up-to-date: /home/mike/roborama25_ws/install/robo24_interfaces/lib/librobo24_interfaces__rosidl_typesupport_introspection_cpp.so
[2.835s] -- Up-to-date: /home/mike/roborama25_ws/install/robo24_interfaces/lib/librobo24_interfaces__rosidl_typesupport_cpp.so
[2.835s] -- Up-to-date: /home/mike/roborama25_ws/install/robo24_interfaces/share/robo24_interfaces/environment/pythonpath.sh
[2.836s] -- Up-to-date: /home/mike/roborama25_ws/install/robo24_interfaces/share/robo24_interfaces/environment/pythonpath.dsv
[2.836s] -- Up-to-date: /home/mike/roborama25_ws/install/robo24_interfaces/local/lib/python3.10/dist-packages/robo24_interfaces-0.0.0-py3.10.egg-info
[2.837s] -- Installing: /home/mike/roborama25_ws/install/robo24_interfaces/local/lib/python3.10/dist-packages/robo24_interfaces-0.0.0-py3.10.egg-info/SOURCES.txt
[2.838s] -- Installing: /home/mike/roborama25_ws/install/robo24_interfaces/local/lib/python3.10/dist-packages/robo24_interfaces-0.0.0-py3.10.egg-info/dependency_links.txt
[2.838s] -- Installing: /home/mike/roborama25_ws/install/robo24_interfaces/local/lib/python3.10/dist-packages/robo24_interfaces-0.0.0-py3.10.egg-info/PKG-INFO
[2.839s] -- Installing: /home/mike/roborama25_ws/install/robo24_interfaces/local/lib/python3.10/dist-packages/robo24_interfaces-0.0.0-py3.10.egg-info/top_level.txt
[2.839s] -- Up-to-date: /home/mike/roborama25_ws/install/robo24_interfaces/local/lib/python3.10/dist-packages/robo24_interfaces
[2.840s] -- Up-to-date: /home/mike/roborama25_ws/install/robo24_interfaces/local/lib/python3.10/dist-packages/robo24_interfaces/librobo24_interfaces__rosidl_generator_py.so
[2.841s] -- Up-to-date: /home/mike/roborama25_ws/install/robo24_interfaces/local/lib/python3.10/dist-packages/robo24_interfaces/robo24_interfaces_s__rosidl_typesupport_fastrtps_c.cpython-310-aarch64-linux-gnu.so
[2.859s] -- Up-to-date: /home/mike/roborama25_ws/install/robo24_interfaces/local/lib/python3.10/dist-packages/robo24_interfaces/_robo24_interfaces_s.ep.rosidl_typesupport_fastrtps_c.c
[2.860s] -- Up-to-date: /home/mike/roborama25_ws/install/robo24_interfaces/local/lib/python3.10/dist-packages/robo24_interfaces/robo24_interfaces_s__rosidl_typesupport_introspection_c.cpython-310-aarch64-linux-gnu.so
[2.860s] -- Up-to-date: /home/mike/roborama25_ws/install/robo24_interfaces/local/lib/python3.10/dist-packages/robo24_interfaces/robo24_interfaces_s__rosidl_typesupport_c.cpython-310-aarch64-linux-gnu.so
[2.861s] -- Up-to-date: /home/mike/roborama25_ws/install/robo24_interfaces/local/lib/python3.10/dist-packages/robo24_interfaces/_robo24_interfaces_s.ep.rosidl_typesupport_introspection_c.c
[2.862s] -- Up-to-date: /home/mike/roborama25_ws/install/robo24_interfaces/local/lib/python3.10/dist-packages/robo24_interfaces/_robo24_interfaces_s.ep.rosidl_typesupport_c.c
[2.862s] -- Up-to-date: /home/mike/roborama25_ws/install/robo24_interfaces/local/lib/python3.10/dist-packages/robo24_interfaces/srv
[2.863s] -- Up-to-date: /home/mike/roborama25_ws/install/robo24_interfaces/local/lib/python3.10/dist-packages/robo24_interfaces/srv/_claw.py
[2.864s] -- Up-to-date: /home/mike/roborama25_ws/install/robo24_interfaces/local/lib/python3.10/dist-packages/robo24_interfaces/srv/__init__.py
[2.864s] -- Up-to-date: /home/mike/roborama25_ws/install/robo24_interfaces/local/lib/python3.10/dist-packages/robo24_interfaces/srv/_claw_s.c
[2.865s] -- Up-to-date: /home/mike/roborama25_ws/install/robo24_interfaces/local/lib/python3.10/dist-packages/robo24_interfaces/__init__.py
[3.020s] Listing '/home/mike/roborama25_ws/install/robo24_interfaces/local/lib/python3.10/dist-packages/robo24_interfaces'...
[3.021s] Listing '/home/mike/roborama25_ws/install/robo24_interfaces/local/lib/python3.10/dist-packages/robo24_interfaces/srv'...
[3.052s] -- Up-to-date: /home/mike/roborama25_ws/install/robo24_interfaces/local/lib/python3.10/dist-packages/robo24_interfaces/robo24_interfaces_s__rosidl_typesupport_fastrtps_c.cpython-310-aarch64-linux-gnu.so
[3.055s] -- Up-to-date: /home/mike/roborama25_ws/install/robo24_interfaces/local/lib/python3.10/dist-packages/robo24_interfaces/robo24_interfaces_s__rosidl_typesupport_introspection_c.cpython-310-aarch64-linux-gnu.so
[3.058s] -- Up-to-date: /home/mike/roborama25_ws/install/robo24_interfaces/local/lib/python3.10/dist-packages/robo24_interfaces/robo24_interfaces_s__rosidl_typesupport_c.cpython-310-aarch64-linux-gnu.so
[3.060s] -- Up-to-date: /home/mike/roborama25_ws/install/robo24_interfaces/lib/librobo24_interfaces__rosidl_generator_py.so
[3.062s] -- Up-to-date: /home/mike/roborama25_ws/install/robo24_interfaces/share/robo24_interfaces/srv/Claw.idl
[3.069s] -- Up-to-date: /home/mike/roborama25_ws/install/robo24_interfaces/share/robo24_interfaces/srv/Claw.srv
[3.070s] -- Up-to-date: /home/mike/roborama25_ws/install/robo24_interfaces/share/robo24_interfaces/srv/Claw_Request.msg
[3.072s] -- Up-to-date: /home/mike/roborama25_ws/install/robo24_interfaces/share/robo24_interfaces/srv/Claw_Response.msg
[3.074s] -- Up-to-date: /home/mike/roborama25_ws/install/robo24_interfaces/share/ament_index/resource_index/package_run_dependencies/robo24_interfaces
[3.075s] -- Up-to-date: /home/mike/roborama25_ws/install/robo24_interfaces/share/ament_index/resource_index/parent_prefix_path/robo24_interfaces
[3.077s] -- Up-to-date: /home/mike/roborama25_ws/install/robo24_interfaces/share/robo24_interfaces/environment/ament_prefix_path.sh
[3.079s] -- Up-to-date: /home/mike/roborama25_ws/install/robo24_interfaces/share/robo24_interfaces/environment/ament_prefix_path.dsv
[3.080s] -- Up-to-date: /home/mike/roborama25_ws/install/robo24_interfaces/share/robo24_interfaces/environment/path.sh
[3.081s] -- Up-to-date: /home/mike/roborama25_ws/install/robo24_interfaces/share/robo24_interfaces/environment/path.dsv
[3.083s] -- Up-to-date: /home/mike/roborama25_ws/install/robo24_interfaces/share/robo24_interfaces/local_setup.bash
[3.083s] -- Up-to-date: /home/mike/roborama25_ws/install/robo24_interfaces/share/robo24_interfaces/local_setup.sh
[3.084s] -- Up-to-date: /home/mike/roborama25_ws/install/robo24_interfaces/share/robo24_interfaces/local_setup.zsh
[3.085s] -- Up-to-date: /home/mike/roborama25_ws/install/robo24_interfaces/share/robo24_interfaces/local_setup.dsv
[3.086s] -- Installing: /home/mike/roborama25_ws/install/robo24_interfaces/share/robo24_interfaces/package.dsv
[3.086s] -- Up-to-date: /home/mike/roborama25_ws/install/robo24_interfaces/share/ament_index/resource_index/packages/robo24_interfaces
[3.087s] -- Up-to-date: /home/mike/roborama25_ws/install/robo24_interfaces/share/robo24_interfaces/cmake/export_robo24_interfaces__rosidl_generator_cExport.cmake
[3.090s] -- Up-to-date: /home/mike/roborama25_ws/install/robo24_interfaces/share/robo24_interfaces/cmake/export_robo24_interfaces__rosidl_generator_cExport-noconfig.cmake
[3.092s] -- Up-to-date: /home/mike/roborama25_ws/install/robo24_interfaces/share/robo24_interfaces/cmake/export_robo24_interfaces__rosidl_typesupport_fastrtps_cExport.cmake
[3.094s] -- Up-to-date: /home/mike/roborama25_ws/install/robo24_interfaces/share/robo24_interfaces/cmake/export_robo24_interfaces__rosidl_typesupport_fastrtps_cExport-noconfig.cmake
[3.096s] -- Up-to-date: /home/mike/roborama25_ws/install/robo24_interfaces/share/robo24_interfaces/cmake/robo24_interfaces__rosidl_typesupport_introspection_cExport.cmake
[3.099s] -- Up-to-date: /home/mike/roborama25_ws/install/robo24_interfaces/share/robo24_interfaces/cmake/robo24_interfaces__rosidl_typesupport_introspection_cExport-noconfig.cmake
[3.101s] -- Up-to-date: /home/mike/roborama25_ws/install/robo24_interfaces/share/robo24_interfaces/cmake/robo24_interfaces__rosidl_typesupport_cExport.cmake
[3.102s] -- Up-to-date: /home/mike/roborama25_ws/install/robo24_interfaces/share/robo24_interfaces/cmake/robo24_interfaces__rosidl_typesupport_cExport-noconfig.cmake
[3.104s] -- Up-to-date: /home/mike/roborama25_ws/install/robo24_interfaces/share/robo24_interfaces/cmake/export_robo24_interfaces__rosidl_generator_cppExport.cmake
[3.107s] -- Up-to-date: /home/mike/roborama25_ws/install/robo24_interfaces/share/robo24_interfaces/cmake/export_robo24_interfaces__rosidl_typesupport_fastrtps_cppExport.cmake
[3.109s] -- Up-to-date: /home/mike/roborama25_ws/install/robo24_interfaces/share/robo24_interfaces/cmake/export_robo24_interfaces__rosidl_typesupport_fastrtps_cppExport-noconfig.cmake
[3.111s] -- Up-to-date: /home/mike/roborama25_ws/install/robo24_interfaces/share/robo24_interfaces/cmake/robo24_interfaces__rosidl_typesupport_introspection_cppExport.cmake
[3.113s] -- Up-to-date: /home/mike/roborama25_ws/install/robo24_interfaces/share/robo24_interfaces/cmake/robo24_interfaces__rosidl_typesupport_introspection_cppExport-noconfig.cmake
[3.115s] -- Up-to-date: /home/mike/roborama25_ws/install/robo24_interfaces/share/robo24_interfaces/cmake/robo24_interfaces__rosidl_typesupport_cppExport.cmake
[3.116s] -- Up-to-date: /home/mike/roborama25_ws/install/robo24_interfaces/share/robo24_interfaces/cmake/robo24_interfaces__rosidl_typesupport_cppExport-noconfig.cmake
[3.118s] -- Up-to-date: /home/mike/roborama25_ws/install/robo24_interfaces/share/robo24_interfaces/cmake/export_robo24_interfaces__rosidl_generator_pyExport.cmake
[3.120s] -- Up-to-date: /home/mike/roborama25_ws/install/robo24_interfaces/share/robo24_interfaces/cmake/export_robo24_interfaces__rosidl_generator_pyExport-noconfig.cmake
[3.122s] -- Up-to-date: /home/mike/roborama25_ws/install/robo24_interfaces/share/robo24_interfaces/cmake/rosidl_cmake-extras.cmake
[3.123s] -- Up-to-date: /home/mike/roborama25_ws/install/robo24_interfaces/share/robo24_interfaces/cmake/ament_cmake_export_include_directories-extras.cmake
[3.125s] -- Up-to-date: /home/mike/roborama25_ws/install/robo24_interfaces/share/robo24_interfaces/cmake/ament_cmake_export_libraries-extras.cmake
[3.129s] -- Up-to-date: /home/mike/roborama25_ws/install/robo24_interfaces/share/robo24_interfaces/cmake/ament_cmake_export_targets-extras.cmake
[3.130s] -- Up-to-date: /home/mike/roborama25_ws/install/robo24_interfaces/share/robo24_interfaces/cmake/rosidl_cmake_export_typesupport_targets-extras.cmake
[3.131s] -- Up-to-date: /home/mike/roborama25_ws/install/robo24_interfaces/share/robo24_interfaces/cmake/ament_cmake_export_dependencies-extras.cmake
[3.132s] -- Up-to-date: /home/mike/roborama25_ws/install/robo24_interfaces/share/robo24_interfaces/cmake/rosidl_cmake_export_typesupport_libraries-extras.cmake
[3.132s] -- Up-to-date: /home/mike/roborama25_ws/install/robo24_interfaces/share/robo24_interfaces/cmake/robo24_interfacesConfig.cmake
[3.133s] -- Up-to-date: /home/mike/roborama25_ws/install/robo24_interfaces/share/robo24_interfaces/cmake/robo24_interfacesConfig-version.cmake
[3.134s] -- Up-to-date: /home/mike/roborama25_ws/install/robo24_interfaces/share/robo24_interfaces/package.xml
[3.142s] Invoked command in '/home/mike/roborama25_ws/build/robo24_interfaces' returned '0': CMAKE_PREFIX_PATH=${CMAKE_PREFIX_PATH}:/home/mike/roborama25_ws/install/robo24_stuff:/home/mike/ros2_ws/install/robo24_stuff:/home/mike/ros2_ws/install/robo24_nav:/home/mike/ros2_ws/install/robo24_localization:/home/mike/ros2_ws/install/robo24_bringup:/home/mike/ros2_ws/install/moonday24_demo:/opt/ros/humble /usr/bin/cmake --install /home/mike/roborama25_ws/build/robo24_interfaces
