[0.434s] DEBUG:colcon:Command line arguments: ['/usr/bin/colcon', 'build']
[0.434s] DEBUG:colcon:Parsed command line arguments: Namespace(log_base=None, log_level=None, verb_name='build', build_base='build', install_base='install', merge_install=False, symlink_install=False, test_result_base=None, continue_on_error=False, executor='parallel', parallel_workers=4, event_handlers=None, ignore_user_meta=False, metas=['./colcon.meta'], base_paths=['.'], packages_ignore=None, packages_ignore_regex=None, paths=None, packages_up_to=None, packages_up_to_regex=None, packages_above=None, packages_above_and_dependencies=None, packages_above_depth=None, packages_select_by_dep=None, packages_skip_by_dep=None, packages_skip_up_to=None, packages_select_build_failed=False, packages_skip_build_finished=False, packages_select_test_failures=False, packages_skip_test_passed=False, packages_select=None, packages_skip=None, packages_select_regex=None, packages_skip_regex=None, packages_start=None, packages_end=None, allow_overriding=[], cmake_args=None, cmake_target=None, cmake_target_skip_unavailable=False, cmake_clean_cache=False, cmake_clean_first=False, cmake_force_configure=False, ament_cmake_args=None, catkin_cmake_args=None, catkin_skip_building_tests=False, verb_parser=<colcon_defaults.argument_parser.defaults.DefaultArgumentsDecorator object at 0xffff9c143370>, verb_extension=<colcon_core.verb.build.BuildVerb object at 0xffff9c3287c0>, main=<bound method BuildVerb.main of <colcon_core.verb.build.BuildVerb object at 0xffff9c3287c0>>)
[1.195s] Level 1:colcon.colcon_core.package_discovery:discover_packages(colcon_meta) check parameters
[1.195s] Level 1:colcon.colcon_core.package_discovery:discover_packages(recursive) check parameters
[1.196s] Level 1:colcon.colcon_core.package_discovery:discover_packages(ignore) check parameters
[1.196s] Level 1:colcon.colcon_core.package_discovery:discover_packages(path) check parameters
[1.196s] Level 1:colcon.colcon_core.package_discovery:discover_packages(colcon_meta) discover
[1.196s] Level 1:colcon.colcon_core.package_discovery:discover_packages(recursive) discover
[1.196s] INFO:colcon.colcon_core.package_discovery:Crawling recursively for packages in '/home/mike/roborama25_ws'
[1.197s] Level 1:colcon.colcon_core.package_identification:_identify(.) by extensions ['ignore', 'ignore_ament_install']
[1.200s] Level 1:colcon.colcon_core.package_identification:_identify(.) by extension 'ignore'
[1.200s] Level 1:colcon.colcon_core.package_identification:_identify(.) by extension 'ignore_ament_install'
[1.200s] Level 1:colcon.colcon_core.package_identification:_identify(.) by extensions ['colcon_pkg']
[1.201s] Level 1:colcon.colcon_core.package_identification:_identify(.) by extension 'colcon_pkg'
[1.201s] Level 1:colcon.colcon_core.package_identification:_identify(.) by extensions ['colcon_meta']
[1.201s] Level 1:colcon.colcon_core.package_identification:_identify(.) by extension 'colcon_meta'
[1.201s] Level 1:colcon.colcon_core.package_identification:_identify(.) by extensions ['ros']
[1.201s] Level 1:colcon.colcon_core.package_identification:_identify(.) by extension 'ros'
[1.244s] Level 1:colcon.colcon_core.package_identification:_identify(.) by extensions ['cmake', 'python']
[1.245s] Level 1:colcon.colcon_core.package_identification:_identify(.) by extension 'cmake'
[1.245s] Level 1:colcon.colcon_core.package_identification:_identify(.) by extension 'python'
[1.245s] Level 1:colcon.colcon_core.package_identification:_identify(.) by extensions ['python_setup_py']
[1.245s] Level 1:colcon.colcon_core.package_identification:_identify(.) by extension 'python_setup_py'
[1.246s] Level 1:colcon.colcon_core.package_identification:_identify(build) by extensions ['ignore', 'ignore_ament_install']
[1.246s] Level 1:colcon.colcon_core.package_identification:_identify(build) by extension 'ignore'
[1.246s] Level 1:colcon.colcon_core.package_identification:_identify(build) ignored
[1.247s] Level 1:colcon.colcon_core.package_identification:_identify(install) by extensions ['ignore', 'ignore_ament_install']
[1.247s] Level 1:colcon.colcon_core.package_identification:_identify(install) by extension 'ignore'
[1.248s] Level 1:colcon.colcon_core.package_identification:_identify(install) ignored
[1.249s] Level 1:colcon.colcon_core.package_identification:_identify(log) by extensions ['ignore', 'ignore_ament_install']
[1.249s] Level 1:colcon.colcon_core.package_identification:_identify(log) by extension 'ignore'
[1.249s] Level 1:colcon.colcon_core.package_identification:_identify(log) ignored
[1.250s] Level 1:colcon.colcon_core.package_identification:_identify(src) by extensions ['ignore', 'ignore_ament_install']
[1.250s] Level 1:colcon.colcon_core.package_identification:_identify(src) by extension 'ignore'
[1.250s] Level 1:colcon.colcon_core.package_identification:_identify(src) by extension 'ignore_ament_install'
[1.251s] Level 1:colcon.colcon_core.package_identification:_identify(src) by extensions ['colcon_pkg']
[1.251s] Level 1:colcon.colcon_core.package_identification:_identify(src) by extension 'colcon_pkg'
[1.251s] Level 1:colcon.colcon_core.package_identification:_identify(src) by extensions ['colcon_meta']
[1.251s] Level 1:colcon.colcon_core.package_identification:_identify(src) by extension 'colcon_meta'
[1.251s] Level 1:colcon.colcon_core.package_identification:_identify(src) by extensions ['ros']
[1.251s] Level 1:colcon.colcon_core.package_identification:_identify(src) by extension 'ros'
[1.252s] Level 1:colcon.colcon_core.package_identification:_identify(src) by extensions ['cmake', 'python']
[1.252s] Level 1:colcon.colcon_core.package_identification:_identify(src) by extension 'cmake'
[1.252s] Level 1:colcon.colcon_core.package_identification:_identify(src) by extension 'python'
[1.252s] Level 1:colcon.colcon_core.package_identification:_identify(src) by extensions ['python_setup_py']
[1.252s] Level 1:colcon.colcon_core.package_identification:_identify(src) by extension 'python_setup_py'
[1.253s] Level 1:colcon.colcon_core.package_identification:_identify(src/robo24_interfaces) by extensions ['ignore', 'ignore_ament_install']
[1.253s] Level 1:colcon.colcon_core.package_identification:_identify(src/robo24_interfaces) by extension 'ignore'
[1.253s] Level 1:colcon.colcon_core.package_identification:_identify(src/robo24_interfaces) by extension 'ignore_ament_install'
[1.254s] Level 1:colcon.colcon_core.package_identification:_identify(src/robo24_interfaces) by extensions ['colcon_pkg']
[1.254s] Level 1:colcon.colcon_core.package_identification:_identify(src/robo24_interfaces) by extension 'colcon_pkg'
[1.254s] Level 1:colcon.colcon_core.package_identification:_identify(src/robo24_interfaces) by extensions ['colcon_meta']
[1.254s] Level 1:colcon.colcon_core.package_identification:_identify(src/robo24_interfaces) by extension 'colcon_meta'
[1.254s] Level 1:colcon.colcon_core.package_identification:_identify(src/robo24_interfaces) by extensions ['ros']
[1.254s] Level 1:colcon.colcon_core.package_identification:_identify(src/robo24_interfaces) by extension 'ros'
[1.263s] DEBUG:colcon.colcon_core.package_identification:Package 'src/robo24_interfaces' with type 'ros.ament_cmake' and name 'robo24_interfaces'
[1.264s] Level 1:colcon.colcon_core.package_identification:_identify(src/robo24_stuff) by extensions ['ignore', 'ignore_ament_install']
[1.264s] Level 1:colcon.colcon_core.package_identification:_identify(src/robo24_stuff) by extension 'ignore'
[1.264s] Level 1:colcon.colcon_core.package_identification:_identify(src/robo24_stuff) by extension 'ignore_ament_install'
[1.265s] Level 1:colcon.colcon_core.package_identification:_identify(src/robo24_stuff) by extensions ['colcon_pkg']
[1.265s] Level 1:colcon.colcon_core.package_identification:_identify(src/robo24_stuff) by extension 'colcon_pkg'
[1.265s] Level 1:colcon.colcon_core.package_identification:_identify(src/robo24_stuff) by extensions ['colcon_meta']
[1.265s] Level 1:colcon.colcon_core.package_identification:_identify(src/robo24_stuff) by extension 'colcon_meta'
[1.265s] Level 1:colcon.colcon_core.package_identification:_identify(src/robo24_stuff) by extensions ['ros']
[1.266s] Level 1:colcon.colcon_core.package_identification:_identify(src/robo24_stuff) by extension 'ros'
[1.268s] DEBUG:colcon.colcon_core.package_identification:Package 'src/robo24_stuff' with type 'ros.ament_python' and name 'robo24_stuff'
[1.268s] Level 1:colcon.colcon_core.package_discovery:discover_packages(recursive) using defaults
[1.268s] Level 1:colcon.colcon_core.package_discovery:discover_packages(ignore) discover
[1.268s] Level 1:colcon.colcon_core.package_discovery:discover_packages(ignore) using defaults
[1.268s] Level 1:colcon.colcon_core.package_discovery:discover_packages(path) discover
[1.268s] Level 1:colcon.colcon_core.package_discovery:discover_packages(path) using defaults
[1.384s] Level 1:colcon.colcon_core.package_discovery:discover_packages(prefix_path) check parameters
[1.384s] Level 1:colcon.colcon_core.package_discovery:discover_packages(prefix_path) discover
[1.393s] DEBUG:colcon.colcon_installed_package_information.package_discovery:Found 2 installed packages in /home/mike/roborama25_ws/install
[1.397s] DEBUG:colcon.colcon_installed_package_information.package_discovery:Found 6 installed packages in /home/mike/ros2_ws/install
[1.406s] DEBUG:colcon.colcon_installed_package_information.package_discovery:Found 254 installed packages in /opt/ros/humble
[1.412s] Level 1:colcon.colcon_core.package_discovery:discover_packages(prefix_path) using defaults
[1.558s] Level 5:colcon.colcon_core.verb:set package 'robo24_interfaces' build argument 'cmake_args' from command line to 'None'
[1.559s] Level 5:colcon.colcon_core.verb:set package 'robo24_interfaces' build argument 'cmake_target' from command line to 'None'
[1.559s] Level 5:colcon.colcon_core.verb:set package 'robo24_interfaces' build argument 'cmake_target_skip_unavailable' from command line to 'False'
[1.559s] Level 5:colcon.colcon_core.verb:set package 'robo24_interfaces' build argument 'cmake_clean_cache' from command line to 'False'
[1.559s] Level 5:colcon.colcon_core.verb:set package 'robo24_interfaces' build argument 'cmake_clean_first' from command line to 'False'
[1.559s] Level 5:colcon.colcon_core.verb:set package 'robo24_interfaces' build argument 'cmake_force_configure' from command line to 'False'
[1.559s] Level 5:colcon.colcon_core.verb:set package 'robo24_interfaces' build argument 'ament_cmake_args' from command line to 'None'
[1.559s] Level 5:colcon.colcon_core.verb:set package 'robo24_interfaces' build argument 'catkin_cmake_args' from command line to 'None'
[1.559s] Level 5:colcon.colcon_core.verb:set package 'robo24_interfaces' build argument 'catkin_skip_building_tests' from command line to 'False'
[1.560s] DEBUG:colcon.colcon_core.verb:Building package 'robo24_interfaces' with the following arguments: {'ament_cmake_args': None, 'build_base': '/home/mike/roborama25_ws/build/robo24_interfaces', 'catkin_cmake_args': None, 'catkin_skip_building_tests': False, 'cmake_args': None, 'cmake_clean_cache': False, 'cmake_clean_first': False, 'cmake_force_configure': False, 'cmake_target': None, 'cmake_target_skip_unavailable': False, 'install_base': '/home/mike/roborama25_ws/install/robo24_interfaces', 'merge_install': False, 'path': '/home/mike/roborama25_ws/src/robo24_interfaces', 'symlink_install': False, 'test_result_base': None}
[1.561s] Level 5:colcon.colcon_core.verb:set package 'robo24_stuff' build argument 'cmake_args' from command line to 'None'
[1.561s] Level 5:colcon.colcon_core.verb:set package 'robo24_stuff' build argument 'cmake_target' from command line to 'None'
[1.562s] Level 5:colcon.colcon_core.verb:set package 'robo24_stuff' build argument 'cmake_target_skip_unavailable' from command line to 'False'
[1.562s] Level 5:colcon.colcon_core.verb:set package 'robo24_stuff' build argument 'cmake_clean_cache' from command line to 'False'
[1.562s] Level 5:colcon.colcon_core.verb:set package 'robo24_stuff' build argument 'cmake_clean_first' from command line to 'False'
[1.562s] Level 5:colcon.colcon_core.verb:set package 'robo24_stuff' build argument 'cmake_force_configure' from command line to 'False'
[1.562s] Level 5:colcon.colcon_core.verb:set package 'robo24_stuff' build argument 'ament_cmake_args' from command line to 'None'
[1.562s] Level 5:colcon.colcon_core.verb:set package 'robo24_stuff' build argument 'catkin_cmake_args' from command line to 'None'
[1.562s] Level 5:colcon.colcon_core.verb:set package 'robo24_stuff' build argument 'catkin_skip_building_tests' from command line to 'False'
[1.563s] DEBUG:colcon.colcon_core.verb:Building package 'robo24_stuff' with the following arguments: {'ament_cmake_args': None, 'build_base': '/home/mike/roborama25_ws/build/robo24_stuff', 'catkin_cmake_args': None, 'catkin_skip_building_tests': False, 'cmake_args': None, 'cmake_clean_cache': False, 'cmake_clean_first': False, 'cmake_force_configure': False, 'cmake_target': None, 'cmake_target_skip_unavailable': False, 'install_base': '/home/mike/roborama25_ws/install/robo24_stuff', 'merge_install': False, 'path': '/home/mike/roborama25_ws/src/robo24_stuff', 'symlink_install': False, 'test_result_base': None}
[1.563s] INFO:colcon.colcon_core.executor:Executing jobs using 'parallel' executor
[1.567s] DEBUG:colcon.colcon_parallel_executor.executor.parallel:run_until_complete
[1.568s] INFO:colcon.colcon_ros.task.ament_cmake.build:Building ROS package in '/home/mike/roborama25_ws/src/robo24_interfaces' with build type 'ament_cmake'
[1.569s] INFO:colcon.colcon_cmake.task.cmake.build:Building CMake package in '/home/mike/roborama25_ws/src/robo24_interfaces'
[1.579s] INFO:colcon.colcon_core.plugin_system:Skipping extension 'colcon_core.shell.bat': Not used on non-Windows systems
[1.580s] INFO:colcon.colcon_core.shell:Skip shell extension 'powershell' for command environment: Not usable outside of PowerShell
[1.580s] DEBUG:colcon.colcon_core.shell:Skip shell extension 'dsv' for command environment
[1.601s] INFO:colcon.colcon_ros.task.ament_python.build:Building ROS package in '/home/mike/roborama25_ws/src/robo24_stuff' with build type 'ament_python'
[1.602s] Level 1:colcon.colcon_core.shell:create_environment_hook('robo24_stuff', 'ament_prefix_path')
[1.603s] INFO:colcon.colcon_core.shell:Creating environment hook '/home/mike/roborama25_ws/install/robo24_stuff/share/robo24_stuff/hook/ament_prefix_path.ps1'
[1.606s] INFO:colcon.colcon_core.shell:Creating environment descriptor '/home/mike/roborama25_ws/install/robo24_stuff/share/robo24_stuff/hook/ament_prefix_path.dsv'
[1.609s] INFO:colcon.colcon_core.shell:Creating environment hook '/home/mike/roborama25_ws/install/robo24_stuff/share/robo24_stuff/hook/ament_prefix_path.sh'
[1.613s] INFO:colcon.colcon_core.shell:Skip shell extension 'powershell' for command environment: Not usable outside of PowerShell
[1.613s] DEBUG:colcon.colcon_core.shell:Skip shell extension 'dsv' for command environment
[1.648s] DEBUG:colcon.colcon_core.event_handler.log_command:Invoking command in '/home/mike/roborama25_ws/build/robo24_interfaces': CMAKE_PREFIX_PATH=${CMAKE_PREFIX_PATH}:/home/mike/roborama25_ws/install/robo24_stuff:/home/mike/ros2_ws/install/robo24_stuff:/home/mike/ros2_ws/install/robo24_nav:/home/mike/ros2_ws/install/robo24_localization:/home/mike/ros2_ws/install/robo24_bringup:/home/mike/ros2_ws/install/moonday24_demo:/opt/ros/humble /usr/bin/cmake --build /home/mike/roborama25_ws/build/robo24_interfaces -- -j4 -l4
[3.188s] INFO:colcon.colcon_core.task.python.build:Building Python package in '/home/mike/roborama25_ws/src/robo24_stuff'
[3.189s] INFO:colcon.colcon_core.shell:Skip shell extension 'powershell' for command environment: Not usable outside of PowerShell
[3.190s] DEBUG:colcon.colcon_core.shell:Skip shell extension 'dsv' for command environment
[3.667s] DEBUG:colcon.colcon_core.event_handler.log_command:Invoked command in '/home/mike/roborama25_ws/build/robo24_interfaces' returned '0': CMAKE_PREFIX_PATH=${CMAKE_PREFIX_PATH}:/home/mike/roborama25_ws/install/robo24_stuff:/home/mike/ros2_ws/install/robo24_stuff:/home/mike/ros2_ws/install/robo24_nav:/home/mike/ros2_ws/install/robo24_localization:/home/mike/ros2_ws/install/robo24_bringup:/home/mike/ros2_ws/install/moonday24_demo:/opt/ros/humble /usr/bin/cmake --build /home/mike/roborama25_ws/build/robo24_interfaces -- -j4 -l4
[3.710s] DEBUG:colcon.colcon_core.event_handler.log_command:Invoking command in '/home/mike/roborama25_ws/build/robo24_interfaces': CMAKE_PREFIX_PATH=${CMAKE_PREFIX_PATH}:/home/mike/roborama25_ws/install/robo24_stuff:/home/mike/ros2_ws/install/robo24_stuff:/home/mike/ros2_ws/install/robo24_nav:/home/mike/ros2_ws/install/robo24_localization:/home/mike/ros2_ws/install/robo24_bringup:/home/mike/ros2_ws/install/moonday24_demo:/opt/ros/humble /usr/bin/cmake --install /home/mike/roborama25_ws/build/robo24_interfaces
[4.037s] Level 1:colcon.colcon_core.environment:create_environment_scripts_only(robo24_interfaces)
[4.039s] DEBUG:colcon.colcon_core.event_handler.log_command:Invoked command in '/home/mike/roborama25_ws/build/robo24_interfaces' returned '0': CMAKE_PREFIX_PATH=${CMAKE_PREFIX_PATH}:/home/mike/roborama25_ws/install/robo24_stuff:/home/mike/ros2_ws/install/robo24_stuff:/home/mike/ros2_ws/install/robo24_nav:/home/mike/ros2_ws/install/robo24_localization:/home/mike/ros2_ws/install/robo24_bringup:/home/mike/ros2_ws/install/moonday24_demo:/opt/ros/humble /usr/bin/cmake --install /home/mike/roborama25_ws/build/robo24_interfaces
[4.050s] Level 1:colcon.colcon_core.environment:checking '/home/mike/roborama25_ws/install/robo24_interfaces' for CMake module files
[4.054s] Level 1:colcon.colcon_core.environment:checking '/home/mike/roborama25_ws/install/robo24_interfaces' for CMake config files
[4.058s] Level 1:colcon.colcon_core.shell:create_environment_hook('robo24_interfaces', 'cmake_prefix_path')
[4.059s] INFO:colcon.colcon_core.shell:Creating environment hook '/home/mike/roborama25_ws/install/robo24_interfaces/share/robo24_interfaces/hook/cmake_prefix_path.ps1'
[4.062s] INFO:colcon.colcon_core.shell:Creating environment descriptor '/home/mike/roborama25_ws/install/robo24_interfaces/share/robo24_interfaces/hook/cmake_prefix_path.dsv'
[4.064s] INFO:colcon.colcon_core.shell:Creating environment hook '/home/mike/roborama25_ws/install/robo24_interfaces/share/robo24_interfaces/hook/cmake_prefix_path.sh'
[4.067s] Level 1:colcon.colcon_core.environment:checking '/home/mike/roborama25_ws/install/robo24_interfaces/lib'
[4.068s] Level 1:colcon.colcon_core.shell:create_environment_hook('robo24_interfaces', 'ld_library_path_lib')
[4.069s] INFO:colcon.colcon_core.shell:Creating environment hook '/home/mike/roborama25_ws/install/robo24_interfaces/share/robo24_interfaces/hook/ld_library_path_lib.ps1'
[4.072s] INFO:colcon.colcon_core.shell:Creating environment descriptor '/home/mike/roborama25_ws/install/robo24_interfaces/share/robo24_interfaces/hook/ld_library_path_lib.dsv'
[4.074s] INFO:colcon.colcon_core.shell:Creating environment hook '/home/mike/roborama25_ws/install/robo24_interfaces/share/robo24_interfaces/hook/ld_library_path_lib.sh'
[4.076s] Level 1:colcon.colcon_core.environment:checking '/home/mike/roborama25_ws/install/robo24_interfaces/bin'
[4.076s] Level 1:colcon.colcon_core.environment:checking '/home/mike/roborama25_ws/install/robo24_interfaces/lib/pkgconfig/robo24_interfaces.pc'
[4.077s] Level 1:colcon.colcon_core.environment:checking '/home/mike/roborama25_ws/install/robo24_interfaces/lib/python3.10/site-packages'
[4.078s] Level 1:colcon.colcon_core.environment:checking '/home/mike/roborama25_ws/install/robo24_interfaces/bin'
[4.080s] INFO:colcon.colcon_core.shell:Creating package script '/home/mike/roborama25_ws/install/robo24_interfaces/share/robo24_interfaces/package.ps1'
[4.084s] INFO:colcon.colcon_core.shell:Creating package descriptor '/home/mike/roborama25_ws/install/robo24_interfaces/share/robo24_interfaces/package.dsv'
[4.087s] INFO:colcon.colcon_core.shell:Creating package script '/home/mike/roborama25_ws/install/robo24_interfaces/share/robo24_interfaces/package.sh'
[4.091s] INFO:colcon.colcon_core.shell:Creating package script '/home/mike/roborama25_ws/install/robo24_interfaces/share/robo24_interfaces/package.bash'
[4.095s] INFO:colcon.colcon_core.shell:Creating package script '/home/mike/roborama25_ws/install/robo24_interfaces/share/robo24_interfaces/package.zsh'
[4.098s] Level 1:colcon.colcon_core.environment:create_file_with_runtime_dependencies(/home/mike/roborama25_ws/install/robo24_interfaces/share/colcon-core/packages/robo24_interfaces)
[4.101s] Level 1:colcon.colcon_core.environment:create_environment_scripts_only(robo24_interfaces)
[4.102s] Level 1:colcon.colcon_core.environment:checking '/home/mike/roborama25_ws/install/robo24_interfaces' for CMake module files
[4.107s] Level 1:colcon.colcon_core.environment:checking '/home/mike/roborama25_ws/install/robo24_interfaces' for CMake config files
[4.111s] Level 1:colcon.colcon_core.shell:create_environment_hook('robo24_interfaces', 'cmake_prefix_path')
[4.112s] INFO:colcon.colcon_core.shell:Creating environment hook '/home/mike/roborama25_ws/install/robo24_interfaces/share/robo24_interfaces/hook/cmake_prefix_path.ps1'
[4.114s] INFO:colcon.colcon_core.shell:Creating environment descriptor '/home/mike/roborama25_ws/install/robo24_interfaces/share/robo24_interfaces/hook/cmake_prefix_path.dsv'
[4.116s] INFO:colcon.colcon_core.shell:Creating environment hook '/home/mike/roborama25_ws/install/robo24_interfaces/share/robo24_interfaces/hook/cmake_prefix_path.sh'
[4.119s] Level 1:colcon.colcon_core.environment:checking '/home/mike/roborama25_ws/install/robo24_interfaces/lib'
[4.120s] Level 1:colcon.colcon_core.shell:create_environment_hook('robo24_interfaces', 'ld_library_path_lib')
[4.121s] INFO:colcon.colcon_core.shell:Creating environment hook '/home/mike/roborama25_ws/install/robo24_interfaces/share/robo24_interfaces/hook/ld_library_path_lib.ps1'
[4.123s] INFO:colcon.colcon_core.shell:Creating environment descriptor '/home/mike/roborama25_ws/install/robo24_interfaces/share/robo24_interfaces/hook/ld_library_path_lib.dsv'
[4.125s] INFO:colcon.colcon_core.shell:Creating environment hook '/home/mike/roborama25_ws/install/robo24_interfaces/share/robo24_interfaces/hook/ld_library_path_lib.sh'
[4.127s] Level 1:colcon.colcon_core.environment:checking '/home/mike/roborama25_ws/install/robo24_interfaces/bin'
[4.127s] Level 1:colcon.colcon_core.environment:checking '/home/mike/roborama25_ws/install/robo24_interfaces/lib/pkgconfig/robo24_interfaces.pc'
[4.128s] Level 1:colcon.colcon_core.environment:checking '/home/mike/roborama25_ws/install/robo24_interfaces/lib/python3.10/site-packages'
[4.130s] Level 1:colcon.colcon_core.environment:checking '/home/mike/roborama25_ws/install/robo24_interfaces/bin'
[4.131s] INFO:colcon.colcon_core.shell:Creating package script '/home/mike/roborama25_ws/install/robo24_interfaces/share/robo24_interfaces/package.ps1'
[4.134s] INFO:colcon.colcon_core.shell:Creating package descriptor '/home/mike/roborama25_ws/install/robo24_interfaces/share/robo24_interfaces/package.dsv'
[4.136s] INFO:colcon.colcon_core.shell:Creating package script '/home/mike/roborama25_ws/install/robo24_interfaces/share/robo24_interfaces/package.sh'
[4.139s] INFO:colcon.colcon_core.shell:Creating package script '/home/mike/roborama25_ws/install/robo24_interfaces/share/robo24_interfaces/package.bash'
[4.141s] INFO:colcon.colcon_core.shell:Creating package script '/home/mike/roborama25_ws/install/robo24_interfaces/share/robo24_interfaces/package.zsh'
[4.143s] Level 1:colcon.colcon_core.environment:create_file_with_runtime_dependencies(/home/mike/roborama25_ws/install/robo24_interfaces/share/colcon-core/packages/robo24_interfaces)
[5.017s] DEBUG:colcon.colcon_core.event_handler.log_command:Invoking command in '/home/mike/roborama25_ws/src/robo24_stuff': PYTHONPATH=/home/mike/roborama25_ws/build/robo24_stuff/prefix_override:/usr/lib/python3/dist-packages/colcon_core/task/python/colcon_distutils_commands:/home/mike/roborama25_ws/install/robo24_stuff/lib/python3.10/site-packages:${PYTHONPATH} /usr/bin/python3 -W ignore:setup.py install is deprecated -W ignore:easy_install command is deprecated setup.py egg_info --egg-base ../../build/robo24_stuff build --build-base /home/mike/roborama25_ws/build/robo24_stuff/build install --record /home/mike/roborama25_ws/build/robo24_stuff/install.log --single-version-externally-managed install_data
[6.351s] Level 1:colcon.colcon_core.environment:checking '/home/mike/roborama25_ws/install/robo24_stuff' for CMake module files
[6.352s] DEBUG:colcon.colcon_core.event_handler.log_command:Invoked command in '/home/mike/roborama25_ws/src/robo24_stuff' returned '0': PYTHONPATH=/home/mike/roborama25_ws/build/robo24_stuff/prefix_override:/usr/lib/python3/dist-packages/colcon_core/task/python/colcon_distutils_commands:/home/mike/roborama25_ws/install/robo24_stuff/lib/python3.10/site-packages:${PYTHONPATH} /usr/bin/python3 -W ignore:setup.py install is deprecated -W ignore:easy_install command is deprecated setup.py egg_info --egg-base ../../build/robo24_stuff build --build-base /home/mike/roborama25_ws/build/robo24_stuff/build install --record /home/mike/roborama25_ws/build/robo24_stuff/install.log --single-version-externally-managed install_data
[6.354s] Level 1:colcon.colcon_core.environment:checking '/home/mike/roborama25_ws/install/robo24_stuff' for CMake config files
[6.358s] Level 1:colcon.colcon_core.environment:checking '/home/mike/roborama25_ws/install/robo24_stuff/lib'
[6.359s] Level 1:colcon.colcon_core.environment:checking '/home/mike/roborama25_ws/install/robo24_stuff/bin'
[6.359s] Level 1:colcon.colcon_core.environment:checking '/home/mike/roborama25_ws/install/robo24_stuff/lib/pkgconfig/robo24_stuff.pc'
[6.360s] Level 1:colcon.colcon_core.environment:checking '/home/mike/roborama25_ws/install/robo24_stuff/lib/python3.10/site-packages'
[6.361s] Level 1:colcon.colcon_core.shell:create_environment_hook('robo24_stuff', 'pythonpath')
[6.362s] INFO:colcon.colcon_core.shell:Creating environment hook '/home/mike/roborama25_ws/install/robo24_stuff/share/robo24_stuff/hook/pythonpath.ps1'
[6.364s] INFO:colcon.colcon_core.shell:Creating environment descriptor '/home/mike/roborama25_ws/install/robo24_stuff/share/robo24_stuff/hook/pythonpath.dsv'
[6.367s] INFO:colcon.colcon_core.shell:Creating environment hook '/home/mike/roborama25_ws/install/robo24_stuff/share/robo24_stuff/hook/pythonpath.sh'
[6.370s] Level 1:colcon.colcon_core.environment:checking '/home/mike/roborama25_ws/install/robo24_stuff/bin'
[6.370s] Level 1:colcon.colcon_core.environment:create_environment_scripts_only(robo24_stuff)
[6.372s] INFO:colcon.colcon_core.shell:Creating package script '/home/mike/roborama25_ws/install/robo24_stuff/share/robo24_stuff/package.ps1'
[6.374s] INFO:colcon.colcon_core.shell:Creating package descriptor '/home/mike/roborama25_ws/install/robo24_stuff/share/robo24_stuff/package.dsv'
[6.376s] INFO:colcon.colcon_core.shell:Creating package script '/home/mike/roborama25_ws/install/robo24_stuff/share/robo24_stuff/package.sh'
[6.378s] INFO:colcon.colcon_core.shell:Creating package script '/home/mike/roborama25_ws/install/robo24_stuff/share/robo24_stuff/package.bash'
[6.380s] INFO:colcon.colcon_core.shell:Creating package script '/home/mike/roborama25_ws/install/robo24_stuff/share/robo24_stuff/package.zsh'
[6.382s] Level 1:colcon.colcon_core.environment:create_file_with_runtime_dependencies(/home/mike/roborama25_ws/install/robo24_stuff/share/colcon-core/packages/robo24_stuff)
[6.384s] DEBUG:colcon.colcon_parallel_executor.executor.parallel:closing loop
[6.385s] DEBUG:colcon.colcon_parallel_executor.executor.parallel:loop closed
[6.385s] DEBUG:colcon.colcon_parallel_executor.executor.parallel:run_until_complete finished with '0'
[6.385s] DEBUG:colcon.colcon_core.event_reactor:joining thread
[6.408s] INFO:colcon.colcon_core.plugin_system:Skipping extension 'colcon_notification.desktop_notification.notify_send': Could not find 'notify-send'
[6.408s] INFO:colcon.colcon_core.plugin_system:Skipping extension 'colcon_notification.desktop_notification.terminal_notifier': Not used on non-Darwin systems
[6.408s] INFO:colcon.colcon_core.plugin_system:Skipping extension 'colcon_notification.desktop_notification.win32': Not used on non-Windows systems
[6.409s] INFO:colcon.colcon_notification.desktop_notification:Sending desktop notification using 'notify2'
[6.412s] DEBUG:colcon.colcon_notification.desktop_notification.notify2:Failed to initialize notify2: org.freedesktop.DBus.Error.ServiceUnknown: The name org.freedesktop.Notifications was not provided by any .service files
[6.412s] DEBUG:colcon.colcon_core.event_reactor:joined thread
[6.413s] INFO:colcon.colcon_core.shell:Creating prefix script '/home/mike/roborama25_ws/install/local_setup.ps1'
[6.417s] INFO:colcon.colcon_core.shell:Creating prefix util module '/home/mike/roborama25_ws/install/_local_setup_util_ps1.py'
[6.424s] INFO:colcon.colcon_core.shell:Creating prefix chain script '/home/mike/roborama25_ws/install/setup.ps1'
[6.432s] INFO:colcon.colcon_core.shell:Creating prefix script '/home/mike/roborama25_ws/install/local_setup.sh'
[6.434s] INFO:colcon.colcon_core.shell:Creating prefix util module '/home/mike/roborama25_ws/install/_local_setup_util_sh.py'
[6.437s] INFO:colcon.colcon_core.shell:Creating prefix chain script '/home/mike/roborama25_ws/install/setup.sh'
[6.443s] INFO:colcon.colcon_core.shell:Creating prefix script '/home/mike/roborama25_ws/install/local_setup.bash'
[6.446s] INFO:colcon.colcon_core.shell:Creating prefix chain script '/home/mike/roborama25_ws/install/setup.bash'
[6.452s] INFO:colcon.colcon_core.shell:Creating prefix script '/home/mike/roborama25_ws/install/local_setup.zsh'
[6.455s] INFO:colcon.colcon_core.shell:Creating prefix chain script '/home/mike/roborama25_ws/install/setup.zsh'
