[0.079s] Invoking command in '/home/mike/roborama25_ws/build/robo24_interfaces': CMAKE_PREFIX_PATH=${CMAKE_PREFIX_PATH}:/home/mike/roborama25_ws/install/robo24_stuff:/home/mike/ros2_ws/install/robo24_stuff:/home/mike/ros2_ws/install/robo24_nav:/home/mike/ros2_ws/install/robo24_localization:/home/mike/ros2_ws/install/robo24_bringup:/home/mike/ros2_ws/install/moonday24_demo:/opt/ros/humble /usr/bin/cmake --build /home/mike/roborama25_ws/build/robo24_interfaces -- -j4 -l4
[0.309s] [  3%] Built target robo24_interfaces__cpp
[0.317s] [ 12%] Built target robo24_interfaces__rosidl_generator_c
[0.427s] [ 12%] Built target ament_cmake_python_copy_robo24_interfaces
[0.446s] [ 22%] Built target robo24_interfaces__rosidl_typesupport_fastrtps_cpp
[0.463s] [ 32%] Built target robo24_interfaces__rosidl_typesupport_cpp
[0.523s] [ 41%] Built target robo24_interfaces__rosidl_typesupport_introspection_cpp
[0.544s] [ 51%] Built target robo24_interfaces__rosidl_typesupport_fastrtps_c
[0.590s] [ 61%] Built target robo24_interfaces__rosidl_typesupport_introspection_c
[0.593s] [ 70%] Built target robo24_interfaces__rosidl_typesupport_c
[0.687s] [ 70%] Built target robo24_interfaces
[0.785s] [ 74%] Built target robo24_interfaces__py
[0.897s] [ 80%] Built target robo24_interfaces__rosidl_generator_py
[1.019s] [ 87%] Built target robo24_interfaces__rosidl_typesupport_fastrtps_c__pyext
[1.058s] [ 96%] Built target robo24_interfaces__rosidl_typesupport_introspection_c__pyext
[1.061s] [100%] Built target robo24_interfaces__rosidl_typesupport_c__pyext
[1.933s] running egg_info
[1.935s] writing robo24_interfaces.egg-info/PKG-INFO
[1.937s] writing dependency_links to robo24_interfaces.egg-info/dependency_links.txt
[1.938s] writing top-level names to robo24_interfaces.egg-info/top_level.txt
[1.950s] reading manifest file 'robo24_interfaces.egg-info/SOURCES.txt'
[1.953s] writing manifest file 'robo24_interfaces.egg-info/SOURCES.txt'
[2.086s] [100%] Built target ament_cmake_python_build_robo24_interfaces_egg
[2.133s] Invoked command in '/home/mike/roborama25_ws/build/robo24_interfaces' returned '0': CMAKE_PREFIX_PATH=${CMAKE_PREFIX_PATH}:/home/mike/roborama25_ws/install/robo24_stuff:/home/mike/ros2_ws/install/robo24_stuff:/home/mike/ros2_ws/install/robo24_nav:/home/mike/ros2_ws/install/robo24_localization:/home/mike/ros2_ws/install/robo24_bringup:/home/mike/ros2_ws/install/moonday24_demo:/opt/ros/humble /usr/bin/cmake --build /home/mike/roborama25_ws/build/robo24_interfaces -- -j4 -l4
[2.173s] Invoking command in '/home/mike/roborama25_ws/build/robo24_interfaces': CMAKE_PREFIX_PATH=${CMAKE_PREFIX_PATH}:/home/mike/roborama25_ws/install/robo24_stuff:/home/mike/ros2_ws/install/robo24_stuff:/home/mike/ros2_ws/install/robo24_nav:/home/mike/ros2_ws/install/robo24_localization:/home/mike/ros2_ws/install/robo24_bringup:/home/mike/ros2_ws/install/moonday24_demo:/opt/ros/humble /usr/bin/cmake --install /home/mike/roborama25_ws/build/robo24_interfaces
[2.202s] -- Install configuration: ""
[2.203s] -- Up-to-date: /home/mike/roborama25_ws/install/robo24_interfaces/share/ament_index/resource_index/rosidl_interfaces/robo24_interfaces
[2.203s] -- Up-to-date: /home/mike/roborama25_ws/install/robo24_interfaces/include/robo24_interfaces/robo24_interfaces
[2.204s] -- Up-to-date: /home/mike/roborama25_ws/install/robo24_interfaces/include/robo24_interfaces/robo24_interfaces/msg
[2.204s] -- Up-to-date: /home/mike/roborama25_ws/install/robo24_interfaces/include/robo24_interfaces/robo24_interfaces/msg/rosidl_generator_c__visibility_control.h
[2.205s] -- Up-to-date: /home/mike/roborama25_ws/install/robo24_interfaces/include/robo24_interfaces/robo24_interfaces/srv
[2.205s] -- Up-to-date: /home/mike/roborama25_ws/install/robo24_interfaces/include/robo24_interfaces/robo24_interfaces/srv/detail
[2.206s] -- Up-to-date: /home/mike/roborama25_ws/install/robo24_interfaces/include/robo24_interfaces/robo24_interfaces/srv/detail/claw__type_support.h
[2.206s] -- Up-to-date: /home/mike/roborama25_ws/install/robo24_interfaces/include/robo24_interfaces/robo24_interfaces/srv/detail/claw__struct.h
[2.207s] -- Up-to-date: /home/mike/roborama25_ws/install/robo24_interfaces/include/robo24_interfaces/robo24_interfaces/srv/detail/claw__functions.h
[2.208s] -- Up-to-date: /home/mike/roborama25_ws/install/robo24_interfaces/include/robo24_interfaces/robo24_interfaces/srv/detail/claw__functions.c
[2.208s] -- Up-to-date: /home/mike/roborama25_ws/install/robo24_interfaces/include/robo24_interfaces/robo24_interfaces/srv/claw.h
[2.209s] -- Up-to-date: /home/mike/roborama25_ws/install/robo24_interfaces/share/robo24_interfaces/environment/library_path.sh
[2.209s] -- Up-to-date: /home/mike/roborama25_ws/install/robo24_interfaces/share/robo24_interfaces/environment/library_path.dsv
[2.212s] -- Up-to-date: /home/mike/roborama25_ws/install/robo24_interfaces/lib/librobo24_interfaces__rosidl_generator_c.so
[2.212s] -- Up-to-date: /home/mike/roborama25_ws/install/robo24_interfaces/include/robo24_interfaces/robo24_interfaces
[2.213s] -- Up-to-date: /home/mike/roborama25_ws/install/robo24_interfaces/include/robo24_interfaces/robo24_interfaces/msg
[2.214s] -- Up-to-date: /home/mike/roborama25_ws/install/robo24_interfaces/include/robo24_interfaces/robo24_interfaces/msg/rosidl_typesupport_fastrtps_c__visibility_control.h
[2.214s] -- Up-to-date: /home/mike/roborama25_ws/install/robo24_interfaces/include/robo24_interfaces/robo24_interfaces/srv
[2.215s] -- Up-to-date: /home/mike/roborama25_ws/install/robo24_interfaces/include/robo24_interfaces/robo24_interfaces/srv/detail
[2.216s] -- Up-to-date: /home/mike/roborama25_ws/install/robo24_interfaces/include/robo24_interfaces/robo24_interfaces/srv/detail/claw__rosidl_typesupport_fastrtps_c.h
[2.217s] -- Up-to-date: /home/mike/roborama25_ws/install/robo24_interfaces/lib/librobo24_interfaces__rosidl_typesupport_fastrtps_c.so
[2.218s] -- Up-to-date: /home/mike/roborama25_ws/install/robo24_interfaces/include/robo24_interfaces/robo24_interfaces
[2.218s] -- Up-to-date: /home/mike/roborama25_ws/install/robo24_interfaces/include/robo24_interfaces/robo24_interfaces/msg
[2.219s] -- Up-to-date: /home/mike/roborama25_ws/install/robo24_interfaces/include/robo24_interfaces/robo24_interfaces/msg/rosidl_typesupport_introspection_c__visibility_control.h
[2.220s] -- Up-to-date: /home/mike/roborama25_ws/install/robo24_interfaces/include/robo24_interfaces/robo24_interfaces/srv
[2.220s] -- Up-to-date: /home/mike/roborama25_ws/install/robo24_interfaces/include/robo24_interfaces/robo24_interfaces/srv/detail
[2.220s] -- Up-to-date: /home/mike/roborama25_ws/install/robo24_interfaces/include/robo24_interfaces/robo24_interfaces/srv/detail/claw__rosidl_typesupport_introspection_c.h
[2.221s] -- Up-to-date: /home/mike/roborama25_ws/install/robo24_interfaces/include/robo24_interfaces/robo24_interfaces/srv/detail/claw__type_support.c
[2.222s] -- Up-to-date: /home/mike/roborama25_ws/install/robo24_interfaces/lib/librobo24_interfaces__rosidl_typesupport_introspection_c.so
[2.222s] -- Up-to-date: /home/mike/roborama25_ws/install/robo24_interfaces/lib/librobo24_interfaces__rosidl_typesupport_c.so
[2.223s] -- Up-to-date: /home/mike/roborama25_ws/install/robo24_interfaces/include/robo24_interfaces/robo24_interfaces
[2.224s] -- Up-to-date: /home/mike/roborama25_ws/install/robo24_interfaces/include/robo24_interfaces/robo24_interfaces/msg
[2.224s] -- Up-to-date: /home/mike/roborama25_ws/install/robo24_interfaces/include/robo24_interfaces/robo24_interfaces/msg/rosidl_generator_cpp__visibility_control.hpp
[2.225s] -- Up-to-date: /home/mike/roborama25_ws/install/robo24_interfaces/include/robo24_interfaces/robo24_interfaces/srv
[2.226s] -- Up-to-date: /home/mike/roborama25_ws/install/robo24_interfaces/include/robo24_interfaces/robo24_interfaces/srv/detail
[2.227s] -- Up-to-date: /home/mike/roborama25_ws/install/robo24_interfaces/include/robo24_interfaces/robo24_interfaces/srv/detail/claw__struct.hpp
[2.228s] -- Up-to-date: /home/mike/roborama25_ws/install/robo24_interfaces/include/robo24_interfaces/robo24_interfaces/srv/detail/claw__type_support.hpp
[2.229s] -- Up-to-date: /home/mike/roborama25_ws/install/robo24_interfaces/include/robo24_interfaces/robo24_interfaces/srv/detail/claw__builder.hpp
[2.230s] -- Up-to-date: /home/mike/roborama25_ws/install/robo24_interfaces/include/robo24_interfaces/robo24_interfaces/srv/detail/claw__traits.hpp
[2.230s] -- Up-to-date: /home/mike/roborama25_ws/install/robo24_interfaces/include/robo24_interfaces/robo24_interfaces/srv/claw.hpp
[2.231s] -- Up-to-date: /home/mike/roborama25_ws/install/robo24_interfaces/include/robo24_interfaces/robo24_interfaces
[2.231s] -- Up-to-date: /home/mike/roborama25_ws/install/robo24_interfaces/include/robo24_interfaces/robo24_interfaces/msg
[2.232s] -- Up-to-date: /home/mike/roborama25_ws/install/robo24_interfaces/include/robo24_interfaces/robo24_interfaces/msg/rosidl_typesupport_fastrtps_cpp__visibility_control.h
[2.232s] -- Up-to-date: /home/mike/roborama25_ws/install/robo24_interfaces/include/robo24_interfaces/robo24_interfaces/srv
[2.233s] -- Up-to-date: /home/mike/roborama25_ws/install/robo24_interfaces/include/robo24_interfaces/robo24_interfaces/srv/detail
[2.234s] -- Up-to-date: /home/mike/roborama25_ws/install/robo24_interfaces/include/robo24_interfaces/robo24_interfaces/srv/detail/dds_fastrtps
[2.235s] -- Up-to-date: /home/mike/roborama25_ws/install/robo24_interfaces/include/robo24_interfaces/robo24_interfaces/srv/detail/claw__rosidl_typesupport_fastrtps_cpp.hpp
[2.235s] -- Up-to-date: /home/mike/roborama25_ws/install/robo24_interfaces/lib/librobo24_interfaces__rosidl_typesupport_fastrtps_cpp.so
[2.236s] -- Up-to-date: /home/mike/roborama25_ws/install/robo24_interfaces/include/robo24_interfaces/robo24_interfaces
[2.237s] -- Up-to-date: /home/mike/roborama25_ws/install/robo24_interfaces/include/robo24_interfaces/robo24_interfaces/srv
[2.237s] -- Up-to-date: /home/mike/roborama25_ws/install/robo24_interfaces/include/robo24_interfaces/robo24_interfaces/srv/detail
[2.237s] -- Up-to-date: /home/mike/roborama25_ws/install/robo24_interfaces/include/robo24_interfaces/robo24_interfaces/srv/detail/claw__type_support.cpp
[2.238s] -- Up-to-date: /home/mike/roborama25_ws/install/robo24_interfaces/include/robo24_interfaces/robo24_interfaces/srv/detail/claw__rosidl_typesupport_introspection_cpp.hpp
[2.239s] -- Up-to-date: /home/mike/roborama25_ws/install/robo24_interfaces/lib/librobo24_interfaces__rosidl_typesupport_introspection_cpp.so
[2.239s] -- Up-to-date: /home/mike/roborama25_ws/install/robo24_interfaces/lib/librobo24_interfaces__rosidl_typesupport_cpp.so
[2.240s] -- Up-to-date: /home/mike/roborama25_ws/install/robo24_interfaces/share/robo24_interfaces/environment/pythonpath.sh
[2.241s] -- Up-to-date: /home/mike/roborama25_ws/install/robo24_interfaces/share/robo24_interfaces/environment/pythonpath.dsv
[2.242s] -- Up-to-date: /home/mike/roborama25_ws/install/robo24_interfaces/local/lib/python3.10/dist-packages/robo24_interfaces-0.0.0-py3.10.egg-info
[2.242s] -- Installing: /home/mike/roborama25_ws/install/robo24_interfaces/local/lib/python3.10/dist-packages/robo24_interfaces-0.0.0-py3.10.egg-info/SOURCES.txt
[2.243s] -- Installing: /home/mike/roborama25_ws/install/robo24_interfaces/local/lib/python3.10/dist-packages/robo24_interfaces-0.0.0-py3.10.egg-info/dependency_links.txt
[2.245s] -- Installing: /home/mike/roborama25_ws/install/robo24_interfaces/local/lib/python3.10/dist-packages/robo24_interfaces-0.0.0-py3.10.egg-info/PKG-INFO
[2.246s] -- Installing: /home/mike/roborama25_ws/install/robo24_interfaces/local/lib/python3.10/dist-packages/robo24_interfaces-0.0.0-py3.10.egg-info/top_level.txt
[2.248s] -- Up-to-date: /home/mike/roborama25_ws/install/robo24_interfaces/local/lib/python3.10/dist-packages/robo24_interfaces
[2.249s] -- Up-to-date: /home/mike/roborama25_ws/install/robo24_interfaces/local/lib/python3.10/dist-packages/robo24_interfaces/librobo24_interfaces__rosidl_generator_py.so
[2.250s] -- Up-to-date: /home/mike/roborama25_ws/install/robo24_interfaces/local/lib/python3.10/dist-packages/robo24_interfaces/robo24_interfaces_s__rosidl_typesupport_fastrtps_c.cpython-310-aarch64-linux-gnu.so
[2.251s] -- Up-to-date: /home/mike/roborama25_ws/install/robo24_interfaces/local/lib/python3.10/dist-packages/robo24_interfaces/_robo24_interfaces_s.ep.rosidl_typesupport_fastrtps_c.c
[2.252s] -- Up-to-date: /home/mike/roborama25_ws/install/robo24_interfaces/local/lib/python3.10/dist-packages/robo24_interfaces/robo24_interfaces_s__rosidl_typesupport_introspection_c.cpython-310-aarch64-linux-gnu.so
[2.253s] -- Up-to-date: /home/mike/roborama25_ws/install/robo24_interfaces/local/lib/python3.10/dist-packages/robo24_interfaces/robo24_interfaces_s__rosidl_typesupport_c.cpython-310-aarch64-linux-gnu.so
[2.253s] -- Up-to-date: /home/mike/roborama25_ws/install/robo24_interfaces/local/lib/python3.10/dist-packages/robo24_interfaces/_robo24_interfaces_s.ep.rosidl_typesupport_introspection_c.c
[2.254s] -- Up-to-date: /home/mike/roborama25_ws/install/robo24_interfaces/local/lib/python3.10/dist-packages/robo24_interfaces/_robo24_interfaces_s.ep.rosidl_typesupport_c.c
[2.254s] -- Up-to-date: /home/mike/roborama25_ws/install/robo24_interfaces/local/lib/python3.10/dist-packages/robo24_interfaces/srv
[2.254s] -- Up-to-date: /home/mike/roborama25_ws/install/robo24_interfaces/local/lib/python3.10/dist-packages/robo24_interfaces/srv/_claw.py
[2.255s] -- Up-to-date: /home/mike/roborama25_ws/install/robo24_interfaces/local/lib/python3.10/dist-packages/robo24_interfaces/srv/__init__.py
[2.255s] -- Up-to-date: /home/mike/roborama25_ws/install/robo24_interfaces/local/lib/python3.10/dist-packages/robo24_interfaces/srv/_claw_s.c
[2.256s] -- Up-to-date: /home/mike/roborama25_ws/install/robo24_interfaces/local/lib/python3.10/dist-packages/robo24_interfaces/__init__.py
[2.429s] Listing '/home/mike/roborama25_ws/install/robo24_interfaces/local/lib/python3.10/dist-packages/robo24_interfaces'...
[2.430s] Listing '/home/mike/roborama25_ws/install/robo24_interfaces/local/lib/python3.10/dist-packages/robo24_interfaces/srv'...
[2.457s] -- Up-to-date: /home/mike/roborama25_ws/install/robo24_interfaces/local/lib/python3.10/dist-packages/robo24_interfaces/robo24_interfaces_s__rosidl_typesupport_fastrtps_c.cpython-310-aarch64-linux-gnu.so
[2.460s] -- Up-to-date: /home/mike/roborama25_ws/install/robo24_interfaces/local/lib/python3.10/dist-packages/robo24_interfaces/robo24_interfaces_s__rosidl_typesupport_introspection_c.cpython-310-aarch64-linux-gnu.so
[2.462s] -- Up-to-date: /home/mike/roborama25_ws/install/robo24_interfaces/local/lib/python3.10/dist-packages/robo24_interfaces/robo24_interfaces_s__rosidl_typesupport_c.cpython-310-aarch64-linux-gnu.so
[2.464s] -- Up-to-date: /home/mike/roborama25_ws/install/robo24_interfaces/lib/librobo24_interfaces__rosidl_generator_py.so
[2.466s] -- Up-to-date: /home/mike/roborama25_ws/install/robo24_interfaces/share/robo24_interfaces/srv/Claw.idl
[2.467s] -- Up-to-date: /home/mike/roborama25_ws/install/robo24_interfaces/share/robo24_interfaces/srv/Claw.srv
[2.468s] -- Up-to-date: /home/mike/roborama25_ws/install/robo24_interfaces/share/robo24_interfaces/srv/Claw_Request.msg
[2.468s] -- Up-to-date: /home/mike/roborama25_ws/install/robo24_interfaces/share/robo24_interfaces/srv/Claw_Response.msg
[2.469s] -- Up-to-date: /home/mike/roborama25_ws/install/robo24_interfaces/share/ament_index/resource_index/package_run_dependencies/robo24_interfaces
[2.470s] -- Up-to-date: /home/mike/roborama25_ws/install/robo24_interfaces/share/ament_index/resource_index/parent_prefix_path/robo24_interfaces
[2.470s] -- Up-to-date: /home/mike/roborama25_ws/install/robo24_interfaces/share/robo24_interfaces/environment/ament_prefix_path.sh
[2.471s] -- Up-to-date: /home/mike/roborama25_ws/install/robo24_interfaces/share/robo24_interfaces/environment/ament_prefix_path.dsv
[2.472s] -- Up-to-date: /home/mike/roborama25_ws/install/robo24_interfaces/share/robo24_interfaces/environment/path.sh
[2.473s] -- Up-to-date: /home/mike/roborama25_ws/install/robo24_interfaces/share/robo24_interfaces/environment/path.dsv
[2.473s] -- Up-to-date: /home/mike/roborama25_ws/install/robo24_interfaces/share/robo24_interfaces/local_setup.bash
[2.474s] -- Up-to-date: /home/mike/roborama25_ws/install/robo24_interfaces/share/robo24_interfaces/local_setup.sh
[2.474s] -- Up-to-date: /home/mike/roborama25_ws/install/robo24_interfaces/share/robo24_interfaces/local_setup.zsh
[2.475s] -- Up-to-date: /home/mike/roborama25_ws/install/robo24_interfaces/share/robo24_interfaces/local_setup.dsv
[2.476s] -- Installing: /home/mike/roborama25_ws/install/robo24_interfaces/share/robo24_interfaces/package.dsv
[2.477s] -- Up-to-date: /home/mike/roborama25_ws/install/robo24_interfaces/share/ament_index/resource_index/packages/robo24_interfaces
[2.477s] -- Up-to-date: /home/mike/roborama25_ws/install/robo24_interfaces/share/robo24_interfaces/cmake/export_robo24_interfaces__rosidl_generator_cExport.cmake
[2.478s] -- Up-to-date: /home/mike/roborama25_ws/install/robo24_interfaces/share/robo24_interfaces/cmake/export_robo24_interfaces__rosidl_generator_cExport-noconfig.cmake
[2.479s] -- Up-to-date: /home/mike/roborama25_ws/install/robo24_interfaces/share/robo24_interfaces/cmake/export_robo24_interfaces__rosidl_typesupport_fastrtps_cExport.cmake
[2.480s] -- Up-to-date: /home/mike/roborama25_ws/install/robo24_interfaces/share/robo24_interfaces/cmake/export_robo24_interfaces__rosidl_typesupport_fastrtps_cExport-noconfig.cmake
[2.480s] -- Up-to-date: /home/mike/roborama25_ws/install/robo24_interfaces/share/robo24_interfaces/cmake/robo24_interfaces__rosidl_typesupport_introspection_cExport.cmake
[2.481s] -- Up-to-date: /home/mike/roborama25_ws/install/robo24_interfaces/share/robo24_interfaces/cmake/robo24_interfaces__rosidl_typesupport_introspection_cExport-noconfig.cmake
[2.482s] -- Up-to-date: /home/mike/roborama25_ws/install/robo24_interfaces/share/robo24_interfaces/cmake/robo24_interfaces__rosidl_typesupport_cExport.cmake
[2.482s] -- Up-to-date: /home/mike/roborama25_ws/install/robo24_interfaces/share/robo24_interfaces/cmake/robo24_interfaces__rosidl_typesupport_cExport-noconfig.cmake
[2.483s] -- Up-to-date: /home/mike/roborama25_ws/install/robo24_interfaces/share/robo24_interfaces/cmake/export_robo24_interfaces__rosidl_generator_cppExport.cmake
[2.484s] -- Up-to-date: /home/mike/roborama25_ws/install/robo24_interfaces/share/robo24_interfaces/cmake/export_robo24_interfaces__rosidl_typesupport_fastrtps_cppExport.cmake
[2.484s] -- Up-to-date: /home/mike/roborama25_ws/install/robo24_interfaces/share/robo24_interfaces/cmake/export_robo24_interfaces__rosidl_typesupport_fastrtps_cppExport-noconfig.cmake
[2.485s] -- Up-to-date: /home/mike/roborama25_ws/install/robo24_interfaces/share/robo24_interfaces/cmake/robo24_interfaces__rosidl_typesupport_introspection_cppExport.cmake
[2.486s] -- Up-to-date: /home/mike/roborama25_ws/install/robo24_interfaces/share/robo24_interfaces/cmake/robo24_interfaces__rosidl_typesupport_introspection_cppExport-noconfig.cmake
[2.487s] -- Up-to-date: /home/mike/roborama25_ws/install/robo24_interfaces/share/robo24_interfaces/cmake/robo24_interfaces__rosidl_typesupport_cppExport.cmake
[2.488s] -- Up-to-date: /home/mike/roborama25_ws/install/robo24_interfaces/share/robo24_interfaces/cmake/robo24_interfaces__rosidl_typesupport_cppExport-noconfig.cmake
[2.489s] -- Up-to-date: /home/mike/roborama25_ws/install/robo24_interfaces/share/robo24_interfaces/cmake/export_robo24_interfaces__rosidl_generator_pyExport.cmake
[2.490s] -- Up-to-date: /home/mike/roborama25_ws/install/robo24_interfaces/share/robo24_interfaces/cmake/export_robo24_interfaces__rosidl_generator_pyExport-noconfig.cmake
[2.490s] -- Up-to-date: /home/mike/roborama25_ws/install/robo24_interfaces/share/robo24_interfaces/cmake/rosidl_cmake-extras.cmake
[2.491s] -- Up-to-date: /home/mike/roborama25_ws/install/robo24_interfaces/share/robo24_interfaces/cmake/ament_cmake_export_include_directories-extras.cmake
[2.492s] -- Up-to-date: /home/mike/roborama25_ws/install/robo24_interfaces/share/robo24_interfaces/cmake/ament_cmake_export_libraries-extras.cmake
[2.493s] -- Up-to-date: /home/mike/roborama25_ws/install/robo24_interfaces/share/robo24_interfaces/cmake/ament_cmake_export_targets-extras.cmake
[2.493s] -- Up-to-date: /home/mike/roborama25_ws/install/robo24_interfaces/share/robo24_interfaces/cmake/rosidl_cmake_export_typesupport_targets-extras.cmake
[2.495s] -- Up-to-date: /home/mike/roborama25_ws/install/robo24_interfaces/share/robo24_interfaces/cmake/ament_cmake_export_dependencies-extras.cmake
[2.495s] -- Up-to-date: /home/mike/roborama25_ws/install/robo24_interfaces/share/robo24_interfaces/cmake/rosidl_cmake_export_typesupport_libraries-extras.cmake
[2.496s] -- Up-to-date: /home/mike/roborama25_ws/install/robo24_interfaces/share/robo24_interfaces/cmake/robo24_interfacesConfig.cmake
[2.496s] -- Up-to-date: /home/mike/roborama25_ws/install/robo24_interfaces/share/robo24_interfaces/cmake/robo24_interfacesConfig-version.cmake
[2.497s] -- Up-to-date: /home/mike/roborama25_ws/install/robo24_interfaces/share/robo24_interfaces/package.xml
[2.503s] Invoked command in '/home/mike/roborama25_ws/build/robo24_interfaces' returned '0': CMAKE_PREFIX_PATH=${CMAKE_PREFIX_PATH}:/home/mike/roborama25_ws/install/robo24_stuff:/home/mike/ros2_ws/install/robo24_stuff:/home/mike/ros2_ws/install/robo24_nav:/home/mike/ros2_ws/install/robo24_localization:/home/mike/ros2_ws/install/robo24_bringup:/home/mike/ros2_ws/install/moonday24_demo:/opt/ros/humble /usr/bin/cmake --install /home/mike/roborama25_ws/build/robo24_interfaces
