[0.068s] Invoking command in '/home/mike/roborama25_ws/build/robo24_interfaces': CMAKE_PREFIX_PATH=${CMAKE_PREFIX_PATH}:/home/mike/ros2_ws/install/robo24_stuff:/home/mike/ros2_ws/install/robo24_nav:/home/mike/ros2_ws/install/robo24_localization:/home/mike/ros2_ws/install/robo24_bringup:/home/mike/ros2_ws/install/moonday24_demo:/opt/ros/humble /usr/bin/cmake /home/mike/roborama25_ws/src/robo24_interfaces -DCMAKE_INSTALL_PREFIX=/home/mike/roborama25_ws/install/robo24_interfaces
[0.335s] -- The C compiler identification is GNU 11.4.0
[0.592s] -- The CXX compiler identification is GNU 11.4.0
[0.620s] -- Detecting C compiler ABI info
[0.935s] -- Detecting C compiler ABI info - done
[0.960s] -- Check for working C compiler: /usr/bin/cc - skipped
[0.961s] -- Detecting C compile features
[0.962s] -- Detecting C compile features - done
[0.974s] -- Detecting CXX compiler ABI info
[1.329s] -- Detecting CXX compiler ABI info - done
[1.356s] -- Check for working CXX compiler: /usr/bin/c++ - skipped
[1.357s] -- Detecting CXX compile features
[1.359s] -- Detecting CXX compile features - done
[1.397s] -- Found ament_cmake: 1.3.11 (/opt/ros/humble/share/ament_cmake/cmake)
[2.258s] -- Found Python3: /usr/bin/python3 (found version "3.10.12") found components: Interpreter 
[2.963s] -- Found rosidl_default_generators: 1.2.0 (/opt/ros/humble/share/rosidl_default_generators/cmake)
[2.997s] -- Using all available rosidl_typesupport_c: rosidl_typesupport_fastrtps_c;rosidl_typesupport_introspection_c
[3.081s] -- Found rosidl_adapter: 3.1.6 (/opt/ros/humble/share/rosidl_adapter/cmake)
[3.478s] -- Using all available rosidl_typesupport_cpp: rosidl_typesupport_fastrtps_cpp;rosidl_typesupport_introspection_cpp
[5.049s] -- Found ament_cmake_ros: 0.10.0 (/opt/ros/humble/share/ament_cmake_ros/cmake)
[5.959s] -- Using all available rosidl_typesupport_c: rosidl_typesupport_fastrtps_c;rosidl_typesupport_introspection_c
[7.055s] -- Using all available rosidl_typesupport_cpp: rosidl_typesupport_fastrtps_cpp;rosidl_typesupport_introspection_cpp
[7.167s] -- Found PythonInterp: /usr/bin/python3 (found suitable version "3.10.12", minimum required is "3.6") 
[7.192s] -- Found python_cmake_module: 0.10.0 (/opt/ros/humble/share/python_cmake_module/cmake)
[7.309s] -- Found PythonLibs: /usr/lib/aarch64-linux-gnu/libpython3.10.so (found suitable version "3.10.12", minimum required is "3.5") 
[7.310s] -- Using PYTHON_EXECUTABLE: /usr/bin/python3
[7.310s] -- Using PYTHON_INCLUDE_DIRS: /usr/include/python3.10
[7.310s] -- Using PYTHON_LIBRARIES: /usr/lib/aarch64-linux-gnu/libpython3.10.so
[7.412s] -- Found PythonExtra: .so  
[7.589s] -- Found ament_lint_auto: 0.12.11 (/opt/ros/humble/share/ament_lint_auto/cmake)
[7.811s] -- Added test 'lint_cmake' to check CMake code style
[7.823s] -- Added test 'xmllint' to check XML markup files
[7.841s] -- Configuring done
[8.004s] -- Generating done
[8.045s] -- Build files have been written to: /home/mike/roborama25_ws/build/robo24_interfaces
[8.064s] Invoked command in '/home/mike/roborama25_ws/build/robo24_interfaces' returned '0': CMAKE_PREFIX_PATH=${CMAKE_PREFIX_PATH}:/home/mike/ros2_ws/install/robo24_stuff:/home/mike/ros2_ws/install/robo24_nav:/home/mike/ros2_ws/install/robo24_localization:/home/mike/ros2_ws/install/robo24_bringup:/home/mike/ros2_ws/install/moonday24_demo:/opt/ros/humble /usr/bin/cmake /home/mike/roborama25_ws/src/robo24_interfaces -DCMAKE_INSTALL_PREFIX=/home/mike/roborama25_ws/install/robo24_interfaces
[8.074s] Invoking command in '/home/mike/roborama25_ws/build/robo24_interfaces': CMAKE_PREFIX_PATH=${CMAKE_PREFIX_PATH}:/home/mike/ros2_ws/install/robo24_stuff:/home/mike/ros2_ws/install/robo24_nav:/home/mike/ros2_ws/install/robo24_localization:/home/mike/ros2_ws/install/robo24_bringup:/home/mike/ros2_ws/install/moonday24_demo:/opt/ros/humble /usr/bin/cmake --build /home/mike/roborama25_ws/build/robo24_interfaces -- -j4 -l4
[8.241s] [  3%] [34m[1mGenerating C code for ROS interfaces[0m
[8.286s] [  6%] [34m[1mGenerating C++ code for ROS interfaces[0m
[8.336s] [  6%] Built target ament_cmake_python_copy_robo24_interfaces
[9.736s] [  9%] [32mBuilding C object CMakeFiles/robo24_interfaces__rosidl_generator_c.dir/rosidl_generator_c/robo24_interfaces/srv/detail/claw__functions.c.o[0m
[9.737s] [  9%] Built target robo24_interfaces__cpp
[9.789s] [ 12%] [34m[1mGenerating C++ type support for eProsima Fast-RTPS[0m
[9.790s] [ 16%] [34m[1mGenerating C++ introspection for ROS interfaces[0m
[9.870s] running egg_info
[9.874s] creating robo24_interfaces.egg-info
[9.876s] writing robo24_interfaces.egg-info/PKG-INFO
[9.882s] writing dependency_links to robo24_interfaces.egg-info/dependency_links.txt
[9.886s] writing top-level names to robo24_interfaces.egg-info/top_level.txt
[9.889s] writing manifest file 'robo24_interfaces.egg-info/SOURCES.txt'
[9.900s] reading manifest file 'robo24_interfaces.egg-info/SOURCES.txt'
[9.904s] writing manifest file 'robo24_interfaces.egg-info/SOURCES.txt'
[10.086s] [ 16%] Built target ament_cmake_python_build_robo24_interfaces_egg
[10.132s] [ 19%] [32m[1mLinking C shared library librobo24_interfaces__rosidl_generator_c.so[0m
[10.142s] [ 22%] [34m[1mGenerating C++ type support dispatch for ROS interfaces[0m
[10.358s] [ 22%] Built target robo24_interfaces__rosidl_generator_c
[10.409s] [ 25%] [34m[1mGenerating C type support for eProsima Fast-RTPS[0m
[11.316s] [ 29%] [32mBuilding CXX object CMakeFiles/robo24_interfaces__rosidl_typesupport_introspection_cpp.dir/rosidl_typesupport_introspection_cpp/robo24_interfaces/srv/detail/claw__type_support.cpp.o[0m
[11.339s] [ 32%] [32mBuilding CXX object CMakeFiles/robo24_interfaces__rosidl_typesupport_fastrtps_cpp.dir/rosidl_typesupport_fastrtps_cpp/robo24_interfaces/srv/detail/dds_fastrtps/claw__type_support.cpp.o[0m
[11.457s] [ 35%] [32mBuilding CXX object CMakeFiles/robo24_interfaces__rosidl_typesupport_cpp.dir/rosidl_typesupport_cpp/robo24_interfaces/srv/claw__type_support.cpp.o[0m
[11.915s] [ 38%] [32mBuilding CXX object CMakeFiles/robo24_interfaces__rosidl_typesupport_fastrtps_c.dir/rosidl_typesupport_fastrtps_c/robo24_interfaces/srv/detail/claw__type_support_c.cpp.o[0m
[13.005s] [ 41%] [32m[1mLinking CXX shared library librobo24_interfaces__rosidl_typesupport_cpp.so[0m
[13.232s] [ 41%] Built target robo24_interfaces__rosidl_typesupport_cpp
[13.291s] [ 45%] [34m[1mGenerating C introspection for ROS interfaces[0m
[13.655s] [ 48%] [32m[1mLinking CXX shared library librobo24_interfaces__rosidl_typesupport_introspection_cpp.so[0m
[13.973s] [ 51%] [32m[1mLinking CXX shared library librobo24_interfaces__rosidl_typesupport_fastrtps_cpp.so[0m
[14.036s] [ 51%] Built target robo24_interfaces__rosidl_typesupport_introspection_cpp
[14.091s] [ 54%] [34m[1mGenerating C type support dispatch for ROS interfaces[0m
[14.178s] [ 58%] [32m[1mLinking CXX shared library librobo24_interfaces__rosidl_typesupport_fastrtps_c.so[0m
[14.369s] [ 58%] Built target robo24_interfaces__rosidl_typesupport_fastrtps_cpp
[14.557s] [ 58%] Built target robo24_interfaces__rosidl_typesupport_fastrtps_c
[14.826s] [ 61%] [32mBuilding C object CMakeFiles/robo24_interfaces__rosidl_typesupport_introspection_c.dir/rosidl_typesupport_introspection_c/robo24_interfaces/srv/detail/claw__type_support.c.o[0m
[15.000s] [ 64%] [32m[1mLinking C shared library librobo24_interfaces__rosidl_typesupport_introspection_c.so[0m
[15.127s] [ 64%] Built target robo24_interfaces__rosidl_typesupport_introspection_c
[15.262s] [ 67%] [32mBuilding CXX object CMakeFiles/robo24_interfaces__rosidl_typesupport_c.dir/rosidl_typesupport_c/robo24_interfaces/srv/claw__type_support.cpp.o[0m
[15.410s] [ 70%] [32m[1mLinking CXX shared library librobo24_interfaces__rosidl_typesupport_c.so[0m
[15.568s] [ 70%] Built target robo24_interfaces__rosidl_typesupport_c
[15.652s] [ 70%] Built target robo24_interfaces
[15.742s] [ 74%] [34m[1mGenerating Python code for ROS interfaces[0m
[17.204s] [ 74%] Built target robo24_interfaces__py
[17.288s] [ 77%] [32mBuilding C object CMakeFiles/robo24_interfaces__rosidl_generator_py.dir/rosidl_generator_py/robo24_interfaces/srv/_claw_s.c.o[0m
[17.739s] [ 80%] [32m[1mLinking C shared library rosidl_generator_py/robo24_interfaces/librobo24_interfaces__rosidl_generator_py.so[0m
[17.915s] [ 80%] Built target robo24_interfaces__rosidl_generator_py
[18.003s] [ 83%] [32mBuilding C object CMakeFiles/robo24_interfaces__rosidl_typesupport_introspection_c__pyext.dir/rosidl_generator_py/robo24_interfaces/_robo24_interfaces_s.ep.rosidl_typesupport_introspection_c.c.o[0m
[18.006s] [ 87%] [32mBuilding C object CMakeFiles/robo24_interfaces__rosidl_typesupport_fastrtps_c__pyext.dir/rosidl_generator_py/robo24_interfaces/_robo24_interfaces_s.ep.rosidl_typesupport_fastrtps_c.c.o[0m
[18.010s] [ 90%] [32mBuilding C object CMakeFiles/robo24_interfaces__rosidl_typesupport_c__pyext.dir/rosidl_generator_py/robo24_interfaces/_robo24_interfaces_s.ep.rosidl_typesupport_c.c.o[0m
[18.465s] [ 93%] [32m[1mLinking C shared library rosidl_generator_py/robo24_interfaces/robo24_interfaces_s__rosidl_typesupport_c.cpython-310-aarch64-linux-gnu.so[0m
[18.474s] [ 96%] [32m[1mLinking C shared library rosidl_generator_py/robo24_interfaces/robo24_interfaces_s__rosidl_typesupport_introspection_c.cpython-310-aarch64-linux-gnu.so[0m
[18.516s] [100%] [32m[1mLinking C shared library rosidl_generator_py/robo24_interfaces/robo24_interfaces_s__rosidl_typesupport_fastrtps_c.cpython-310-aarch64-linux-gnu.so[0m
[18.633s] [100%] Built target robo24_interfaces__rosidl_typesupport_c__pyext
[18.644s] [100%] Built target robo24_interfaces__rosidl_typesupport_introspection_c__pyext
[18.691s] [100%] Built target robo24_interfaces__rosidl_typesupport_fastrtps_c__pyext
[18.733s] Invoked command in '/home/mike/roborama25_ws/build/robo24_interfaces' returned '0': CMAKE_PREFIX_PATH=${CMAKE_PREFIX_PATH}:/home/mike/ros2_ws/install/robo24_stuff:/home/mike/ros2_ws/install/robo24_nav:/home/mike/ros2_ws/install/robo24_localization:/home/mike/ros2_ws/install/robo24_bringup:/home/mike/ros2_ws/install/moonday24_demo:/opt/ros/humble /usr/bin/cmake --build /home/mike/roborama25_ws/build/robo24_interfaces -- -j4 -l4
[18.773s] Invoking command in '/home/mike/roborama25_ws/build/robo24_interfaces': CMAKE_PREFIX_PATH=${CMAKE_PREFIX_PATH}:/home/mike/ros2_ws/install/robo24_stuff:/home/mike/ros2_ws/install/robo24_nav:/home/mike/ros2_ws/install/robo24_localization:/home/mike/ros2_ws/install/robo24_bringup:/home/mike/ros2_ws/install/moonday24_demo:/opt/ros/humble /usr/bin/cmake --install /home/mike/roborama25_ws/build/robo24_interfaces
[18.803s] -- Install configuration: ""
[18.804s] -- Installing: /home/mike/roborama25_ws/install/robo24_interfaces/share/ament_index/resource_index/rosidl_interfaces/robo24_interfaces
[18.805s] -- Installing: /home/mike/roborama25_ws/install/robo24_interfaces/include/robo24_interfaces/robo24_interfaces
[18.806s] -- Installing: /home/mike/roborama25_ws/install/robo24_interfaces/include/robo24_interfaces/robo24_interfaces/msg
[18.807s] -- Installing: /home/mike/roborama25_ws/install/robo24_interfaces/include/robo24_interfaces/robo24_interfaces/msg/rosidl_generator_c__visibility_control.h
[18.808s] -- Installing: /home/mike/roborama25_ws/install/robo24_interfaces/include/robo24_interfaces/robo24_interfaces/srv
[18.808s] -- Installing: /home/mike/roborama25_ws/install/robo24_interfaces/include/robo24_interfaces/robo24_interfaces/srv/detail
[18.809s] -- Installing: /home/mike/roborama25_ws/install/robo24_interfaces/include/robo24_interfaces/robo24_interfaces/srv/detail/claw__type_support.h
[18.810s] -- Installing: /home/mike/roborama25_ws/install/robo24_interfaces/include/robo24_interfaces/robo24_interfaces/srv/detail/claw__struct.h
[18.811s] -- Installing: /home/mike/roborama25_ws/install/robo24_interfaces/include/robo24_interfaces/robo24_interfaces/srv/detail/claw__functions.h
[18.813s] -- Installing: /home/mike/roborama25_ws/install/robo24_interfaces/include/robo24_interfaces/robo24_interfaces/srv/detail/claw__functions.c
[18.814s] -- Installing: /home/mike/roborama25_ws/install/robo24_interfaces/include/robo24_interfaces/robo24_interfaces/srv/claw.h
[18.815s] -- Installing: /home/mike/roborama25_ws/install/robo24_interfaces/share/robo24_interfaces/environment/library_path.sh
[18.816s] -- Installing: /home/mike/roborama25_ws/install/robo24_interfaces/share/robo24_interfaces/environment/library_path.dsv
[18.818s] -- Installing: /home/mike/roborama25_ws/install/robo24_interfaces/lib/librobo24_interfaces__rosidl_generator_c.so
[18.821s] -- Set runtime path of "/home/mike/roborama25_ws/install/robo24_interfaces/lib/librobo24_interfaces__rosidl_generator_c.so" to ""
[18.821s] -- Up-to-date: /home/mike/roborama25_ws/install/robo24_interfaces/include/robo24_interfaces/robo24_interfaces
[18.821s] -- Up-to-date: /home/mike/roborama25_ws/install/robo24_interfaces/include/robo24_interfaces/robo24_interfaces/msg
[18.822s] -- Installing: /home/mike/roborama25_ws/install/robo24_interfaces/include/robo24_interfaces/robo24_interfaces/msg/rosidl_typesupport_fastrtps_c__visibility_control.h
[18.823s] -- Up-to-date: /home/mike/roborama25_ws/install/robo24_interfaces/include/robo24_interfaces/robo24_interfaces/srv
[18.823s] -- Up-to-date: /home/mike/roborama25_ws/install/robo24_interfaces/include/robo24_interfaces/robo24_interfaces/srv/detail
[18.824s] -- Installing: /home/mike/roborama25_ws/install/robo24_interfaces/include/robo24_interfaces/robo24_interfaces/srv/detail/claw__rosidl_typesupport_fastrtps_c.h
[18.825s] -- Installing: /home/mike/roborama25_ws/install/robo24_interfaces/lib/librobo24_interfaces__rosidl_typesupport_fastrtps_c.so
[18.828s] -- Set runtime path of "/home/mike/roborama25_ws/install/robo24_interfaces/lib/librobo24_interfaces__rosidl_typesupport_fastrtps_c.so" to ""
[18.829s] -- Up-to-date: /home/mike/roborama25_ws/install/robo24_interfaces/include/robo24_interfaces/robo24_interfaces
[18.829s] -- Up-to-date: /home/mike/roborama25_ws/install/robo24_interfaces/include/robo24_interfaces/robo24_interfaces/msg
[18.829s] -- Installing: /home/mike/roborama25_ws/install/robo24_interfaces/include/robo24_interfaces/robo24_interfaces/msg/rosidl_typesupport_introspection_c__visibility_control.h
[18.830s] -- Up-to-date: /home/mike/roborama25_ws/install/robo24_interfaces/include/robo24_interfaces/robo24_interfaces/srv
[18.831s] -- Up-to-date: /home/mike/roborama25_ws/install/robo24_interfaces/include/robo24_interfaces/robo24_interfaces/srv/detail
[18.831s] -- Installing: /home/mike/roborama25_ws/install/robo24_interfaces/include/robo24_interfaces/robo24_interfaces/srv/detail/claw__rosidl_typesupport_introspection_c.h
[18.832s] -- Installing: /home/mike/roborama25_ws/install/robo24_interfaces/include/robo24_interfaces/robo24_interfaces/srv/detail/claw__type_support.c
[18.834s] -- Installing: /home/mike/roborama25_ws/install/robo24_interfaces/lib/librobo24_interfaces__rosidl_typesupport_introspection_c.so
[18.837s] -- Set runtime path of "/home/mike/roborama25_ws/install/robo24_interfaces/lib/librobo24_interfaces__rosidl_typesupport_introspection_c.so" to ""
[18.837s] -- Installing: /home/mike/roborama25_ws/install/robo24_interfaces/lib/librobo24_interfaces__rosidl_typesupport_c.so
[18.840s] -- Set runtime path of "/home/mike/roborama25_ws/install/robo24_interfaces/lib/librobo24_interfaces__rosidl_typesupport_c.so" to ""
[18.840s] -- Up-to-date: /home/mike/roborama25_ws/install/robo24_interfaces/include/robo24_interfaces/robo24_interfaces
[18.841s] -- Up-to-date: /home/mike/roborama25_ws/install/robo24_interfaces/include/robo24_interfaces/robo24_interfaces/msg
[18.841s] -- Installing: /home/mike/roborama25_ws/install/robo24_interfaces/include/robo24_interfaces/robo24_interfaces/msg/rosidl_generator_cpp__visibility_control.hpp
[18.842s] -- Up-to-date: /home/mike/roborama25_ws/install/robo24_interfaces/include/robo24_interfaces/robo24_interfaces/srv
[18.843s] -- Up-to-date: /home/mike/roborama25_ws/install/robo24_interfaces/include/robo24_interfaces/robo24_interfaces/srv/detail
[18.843s] -- Installing: /home/mike/roborama25_ws/install/robo24_interfaces/include/robo24_interfaces/robo24_interfaces/srv/detail/claw__struct.hpp
[18.844s] -- Installing: /home/mike/roborama25_ws/install/robo24_interfaces/include/robo24_interfaces/robo24_interfaces/srv/detail/claw__type_support.hpp
[18.845s] -- Installing: /home/mike/roborama25_ws/install/robo24_interfaces/include/robo24_interfaces/robo24_interfaces/srv/detail/claw__builder.hpp
[18.846s] -- Installing: /home/mike/roborama25_ws/install/robo24_interfaces/include/robo24_interfaces/robo24_interfaces/srv/detail/claw__traits.hpp
[18.848s] -- Installing: /home/mike/roborama25_ws/install/robo24_interfaces/include/robo24_interfaces/robo24_interfaces/srv/claw.hpp
[18.849s] -- Up-to-date: /home/mike/roborama25_ws/install/robo24_interfaces/include/robo24_interfaces/robo24_interfaces
[18.849s] -- Up-to-date: /home/mike/roborama25_ws/install/robo24_interfaces/include/robo24_interfaces/robo24_interfaces/msg
[18.849s] -- Installing: /home/mike/roborama25_ws/install/robo24_interfaces/include/robo24_interfaces/robo24_interfaces/msg/rosidl_typesupport_fastrtps_cpp__visibility_control.h
[18.852s] -- Up-to-date: /home/mike/roborama25_ws/install/robo24_interfaces/include/robo24_interfaces/robo24_interfaces/srv
[18.853s] -- Up-to-date: /home/mike/roborama25_ws/install/robo24_interfaces/include/robo24_interfaces/robo24_interfaces/srv/detail
[18.853s] -- Installing: /home/mike/roborama25_ws/install/robo24_interfaces/include/robo24_interfaces/robo24_interfaces/srv/detail/dds_fastrtps
[18.854s] -- Installing: /home/mike/roborama25_ws/install/robo24_interfaces/include/robo24_interfaces/robo24_interfaces/srv/detail/claw__rosidl_typesupport_fastrtps_cpp.hpp
[18.855s] -- Installing: /home/mike/roborama25_ws/install/robo24_interfaces/lib/librobo24_interfaces__rosidl_typesupport_fastrtps_cpp.so
[18.857s] -- Set runtime path of "/home/mike/roborama25_ws/install/robo24_interfaces/lib/librobo24_interfaces__rosidl_typesupport_fastrtps_cpp.so" to ""
[18.858s] -- Up-to-date: /home/mike/roborama25_ws/install/robo24_interfaces/include/robo24_interfaces/robo24_interfaces
[18.858s] -- Up-to-date: /home/mike/roborama25_ws/install/robo24_interfaces/include/robo24_interfaces/robo24_interfaces/srv
[18.859s] -- Up-to-date: /home/mike/roborama25_ws/install/robo24_interfaces/include/robo24_interfaces/robo24_interfaces/srv/detail
[18.859s] -- Installing: /home/mike/roborama25_ws/install/robo24_interfaces/include/robo24_interfaces/robo24_interfaces/srv/detail/claw__type_support.cpp
[18.860s] -- Installing: /home/mike/roborama25_ws/install/robo24_interfaces/include/robo24_interfaces/robo24_interfaces/srv/detail/claw__rosidl_typesupport_introspection_cpp.hpp
[18.862s] -- Installing: /home/mike/roborama25_ws/install/robo24_interfaces/lib/librobo24_interfaces__rosidl_typesupport_introspection_cpp.so
[18.865s] -- Set runtime path of "/home/mike/roborama25_ws/install/robo24_interfaces/lib/librobo24_interfaces__rosidl_typesupport_introspection_cpp.so" to ""
[18.865s] -- Installing: /home/mike/roborama25_ws/install/robo24_interfaces/lib/librobo24_interfaces__rosidl_typesupport_cpp.so
[18.868s] -- Set runtime path of "/home/mike/roborama25_ws/install/robo24_interfaces/lib/librobo24_interfaces__rosidl_typesupport_cpp.so" to ""
[18.868s] -- Installing: /home/mike/roborama25_ws/install/robo24_interfaces/share/robo24_interfaces/environment/pythonpath.sh
[18.869s] -- Installing: /home/mike/roborama25_ws/install/robo24_interfaces/share/robo24_interfaces/environment/pythonpath.dsv
[18.871s] -- Installing: /home/mike/roborama25_ws/install/robo24_interfaces/local/lib/python3.10/dist-packages/robo24_interfaces-0.0.0-py3.10.egg-info
[18.872s] -- Installing: /home/mike/roborama25_ws/install/robo24_interfaces/local/lib/python3.10/dist-packages/robo24_interfaces-0.0.0-py3.10.egg-info/SOURCES.txt
[18.873s] -- Installing: /home/mike/roborama25_ws/install/robo24_interfaces/local/lib/python3.10/dist-packages/robo24_interfaces-0.0.0-py3.10.egg-info/dependency_links.txt
[18.874s] -- Installing: /home/mike/roborama25_ws/install/robo24_interfaces/local/lib/python3.10/dist-packages/robo24_interfaces-0.0.0-py3.10.egg-info/PKG-INFO
[18.875s] -- Installing: /home/mike/roborama25_ws/install/robo24_interfaces/local/lib/python3.10/dist-packages/robo24_interfaces-0.0.0-py3.10.egg-info/top_level.txt
[18.877s] -- Installing: /home/mike/roborama25_ws/install/robo24_interfaces/local/lib/python3.10/dist-packages/robo24_interfaces
[18.878s] -- Installing: /home/mike/roborama25_ws/install/robo24_interfaces/local/lib/python3.10/dist-packages/robo24_interfaces/librobo24_interfaces__rosidl_generator_py.so
[18.879s] -- Installing: /home/mike/roborama25_ws/install/robo24_interfaces/local/lib/python3.10/dist-packages/robo24_interfaces/robo24_interfaces_s__rosidl_typesupport_fastrtps_c.cpython-310-aarch64-linux-gnu.so
[18.880s] -- Installing: /home/mike/roborama25_ws/install/robo24_interfaces/local/lib/python3.10/dist-packages/robo24_interfaces/_robo24_interfaces_s.ep.rosidl_typesupport_fastrtps_c.c
[18.882s] -- Installing: /home/mike/roborama25_ws/install/robo24_interfaces/local/lib/python3.10/dist-packages/robo24_interfaces/robo24_interfaces_s__rosidl_typesupport_introspection_c.cpython-310-aarch64-linux-gnu.so
[18.883s] -- Installing: /home/mike/roborama25_ws/install/robo24_interfaces/local/lib/python3.10/dist-packages/robo24_interfaces/robo24_interfaces_s__rosidl_typesupport_c.cpython-310-aarch64-linux-gnu.so
[18.885s] -- Installing: /home/mike/roborama25_ws/install/robo24_interfaces/local/lib/python3.10/dist-packages/robo24_interfaces/_robo24_interfaces_s.ep.rosidl_typesupport_introspection_c.c
[18.886s] -- Installing: /home/mike/roborama25_ws/install/robo24_interfaces/local/lib/python3.10/dist-packages/robo24_interfaces/_robo24_interfaces_s.ep.rosidl_typesupport_c.c
[18.887s] -- Installing: /home/mike/roborama25_ws/install/robo24_interfaces/local/lib/python3.10/dist-packages/robo24_interfaces/srv
[18.888s] -- Installing: /home/mike/roborama25_ws/install/robo24_interfaces/local/lib/python3.10/dist-packages/robo24_interfaces/srv/_claw.py
[18.889s] -- Installing: /home/mike/roborama25_ws/install/robo24_interfaces/local/lib/python3.10/dist-packages/robo24_interfaces/srv/__init__.py
[18.890s] -- Installing: /home/mike/roborama25_ws/install/robo24_interfaces/local/lib/python3.10/dist-packages/robo24_interfaces/srv/_claw_s.c
[18.891s] -- Installing: /home/mike/roborama25_ws/install/robo24_interfaces/local/lib/python3.10/dist-packages/robo24_interfaces/__init__.py
[19.057s] Listing '/home/mike/roborama25_ws/install/robo24_interfaces/local/lib/python3.10/dist-packages/robo24_interfaces'...
[19.058s] Compiling '/home/mike/roborama25_ws/install/robo24_interfaces/local/lib/python3.10/dist-packages/robo24_interfaces/__init__.py'...
[19.059s] Listing '/home/mike/roborama25_ws/install/robo24_interfaces/local/lib/python3.10/dist-packages/robo24_interfaces/srv'...
[19.060s] Compiling '/home/mike/roborama25_ws/install/robo24_interfaces/local/lib/python3.10/dist-packages/robo24_interfaces/srv/__init__.py'...
[19.061s] Compiling '/home/mike/roborama25_ws/install/robo24_interfaces/local/lib/python3.10/dist-packages/robo24_interfaces/srv/_claw.py'...
[19.082s] -- Installing: /home/mike/roborama25_ws/install/robo24_interfaces/local/lib/python3.10/dist-packages/robo24_interfaces/robo24_interfaces_s__rosidl_typesupport_fastrtps_c.cpython-310-aarch64-linux-gnu.so
[19.085s] -- Set runtime path of "/home/mike/roborama25_ws/install/robo24_interfaces/local/lib/python3.10/dist-packages/robo24_interfaces/robo24_interfaces_s__rosidl_typesupport_fastrtps_c.cpython-310-aarch64-linux-gnu.so" to ""
[19.086s] -- Installing: /home/mike/roborama25_ws/install/robo24_interfaces/local/lib/python3.10/dist-packages/robo24_interfaces/robo24_interfaces_s__rosidl_typesupport_introspection_c.cpython-310-aarch64-linux-gnu.so
[19.089s] -- Set runtime path of "/home/mike/roborama25_ws/install/robo24_interfaces/local/lib/python3.10/dist-packages/robo24_interfaces/robo24_interfaces_s__rosidl_typesupport_introspection_c.cpython-310-aarch64-linux-gnu.so" to ""
[19.091s] -- Installing: /home/mike/roborama25_ws/install/robo24_interfaces/local/lib/python3.10/dist-packages/robo24_interfaces/robo24_interfaces_s__rosidl_typesupport_c.cpython-310-aarch64-linux-gnu.so
[19.094s] -- Set runtime path of "/home/mike/roborama25_ws/install/robo24_interfaces/local/lib/python3.10/dist-packages/robo24_interfaces/robo24_interfaces_s__rosidl_typesupport_c.cpython-310-aarch64-linux-gnu.so" to ""
[19.095s] -- Installing: /home/mike/roborama25_ws/install/robo24_interfaces/lib/librobo24_interfaces__rosidl_generator_py.so
[19.098s] -- Set runtime path of "/home/mike/roborama25_ws/install/robo24_interfaces/lib/librobo24_interfaces__rosidl_generator_py.so" to ""
[19.098s] -- Installing: /home/mike/roborama25_ws/install/robo24_interfaces/share/robo24_interfaces/srv/Claw.idl
[19.099s] -- Installing: /home/mike/roborama25_ws/install/robo24_interfaces/share/robo24_interfaces/srv/Claw.srv
[19.100s] -- Installing: /home/mike/roborama25_ws/install/robo24_interfaces/share/robo24_interfaces/srv/Claw_Request.msg
[19.101s] -- Installing: /home/mike/roborama25_ws/install/robo24_interfaces/share/robo24_interfaces/srv/Claw_Response.msg
[19.103s] -- Installing: /home/mike/roborama25_ws/install/robo24_interfaces/share/ament_index/resource_index/package_run_dependencies/robo24_interfaces
[19.105s] -- Installing: /home/mike/roborama25_ws/install/robo24_interfaces/share/ament_index/resource_index/parent_prefix_path/robo24_interfaces
[19.106s] -- Installing: /home/mike/roborama25_ws/install/robo24_interfaces/share/robo24_interfaces/environment/ament_prefix_path.sh
[19.107s] -- Installing: /home/mike/roborama25_ws/install/robo24_interfaces/share/robo24_interfaces/environment/ament_prefix_path.dsv
[19.108s] -- Installing: /home/mike/roborama25_ws/install/robo24_interfaces/share/robo24_interfaces/environment/path.sh
[19.109s] -- Installing: /home/mike/roborama25_ws/install/robo24_interfaces/share/robo24_interfaces/environment/path.dsv
[19.110s] -- Installing: /home/mike/roborama25_ws/install/robo24_interfaces/share/robo24_interfaces/local_setup.bash
[19.112s] -- Installing: /home/mike/roborama25_ws/install/robo24_interfaces/share/robo24_interfaces/local_setup.sh
[19.113s] -- Installing: /home/mike/roborama25_ws/install/robo24_interfaces/share/robo24_interfaces/local_setup.zsh
[19.114s] -- Installing: /home/mike/roborama25_ws/install/robo24_interfaces/share/robo24_interfaces/local_setup.dsv
[19.115s] -- Installing: /home/mike/roborama25_ws/install/robo24_interfaces/share/robo24_interfaces/package.dsv
[19.116s] -- Installing: /home/mike/roborama25_ws/install/robo24_interfaces/share/ament_index/resource_index/packages/robo24_interfaces
[19.118s] -- Installing: /home/mike/roborama25_ws/install/robo24_interfaces/share/robo24_interfaces/cmake/export_robo24_interfaces__rosidl_generator_cExport.cmake
[19.119s] -- Installing: /home/mike/roborama25_ws/install/robo24_interfaces/share/robo24_interfaces/cmake/export_robo24_interfaces__rosidl_generator_cExport-noconfig.cmake
[19.121s] -- Installing: /home/mike/roborama25_ws/install/robo24_interfaces/share/robo24_interfaces/cmake/export_robo24_interfaces__rosidl_typesupport_fastrtps_cExport.cmake
[19.122s] -- Installing: /home/mike/roborama25_ws/install/robo24_interfaces/share/robo24_interfaces/cmake/export_robo24_interfaces__rosidl_typesupport_fastrtps_cExport-noconfig.cmake
[19.124s] -- Installing: /home/mike/roborama25_ws/install/robo24_interfaces/share/robo24_interfaces/cmake/robo24_interfaces__rosidl_typesupport_introspection_cExport.cmake
[19.125s] -- Installing: /home/mike/roborama25_ws/install/robo24_interfaces/share/robo24_interfaces/cmake/robo24_interfaces__rosidl_typesupport_introspection_cExport-noconfig.cmake
[19.127s] -- Installing: /home/mike/roborama25_ws/install/robo24_interfaces/share/robo24_interfaces/cmake/robo24_interfaces__rosidl_typesupport_cExport.cmake
[19.128s] -- Installing: /home/mike/roborama25_ws/install/robo24_interfaces/share/robo24_interfaces/cmake/robo24_interfaces__rosidl_typesupport_cExport-noconfig.cmake
[19.130s] -- Installing: /home/mike/roborama25_ws/install/robo24_interfaces/share/robo24_interfaces/cmake/export_robo24_interfaces__rosidl_generator_cppExport.cmake
[19.131s] -- Installing: /home/mike/roborama25_ws/install/robo24_interfaces/share/robo24_interfaces/cmake/export_robo24_interfaces__rosidl_typesupport_fastrtps_cppExport.cmake
[19.132s] -- Installing: /home/mike/roborama25_ws/install/robo24_interfaces/share/robo24_interfaces/cmake/export_robo24_interfaces__rosidl_typesupport_fastrtps_cppExport-noconfig.cmake
[19.134s] -- Installing: /home/mike/roborama25_ws/install/robo24_interfaces/share/robo24_interfaces/cmake/robo24_interfaces__rosidl_typesupport_introspection_cppExport.cmake
[19.136s] -- Installing: /home/mike/roborama25_ws/install/robo24_interfaces/share/robo24_interfaces/cmake/robo24_interfaces__rosidl_typesupport_introspection_cppExport-noconfig.cmake
[19.137s] -- Installing: /home/mike/roborama25_ws/install/robo24_interfaces/share/robo24_interfaces/cmake/robo24_interfaces__rosidl_typesupport_cppExport.cmake
[19.138s] -- Installing: /home/mike/roborama25_ws/install/robo24_interfaces/share/robo24_interfaces/cmake/robo24_interfaces__rosidl_typesupport_cppExport-noconfig.cmake
[19.140s] -- Installing: /home/mike/roborama25_ws/install/robo24_interfaces/share/robo24_interfaces/cmake/export_robo24_interfaces__rosidl_generator_pyExport.cmake
[19.141s] -- Installing: /home/mike/roborama25_ws/install/robo24_interfaces/share/robo24_interfaces/cmake/export_robo24_interfaces__rosidl_generator_pyExport-noconfig.cmake
[19.143s] -- Installing: /home/mike/roborama25_ws/install/robo24_interfaces/share/robo24_interfaces/cmake/rosidl_cmake-extras.cmake
[19.144s] -- Installing: /home/mike/roborama25_ws/install/robo24_interfaces/share/robo24_interfaces/cmake/ament_cmake_export_include_directories-extras.cmake
[19.145s] -- Installing: /home/mike/roborama25_ws/install/robo24_interfaces/share/robo24_interfaces/cmake/ament_cmake_export_libraries-extras.cmake
[19.147s] -- Installing: /home/mike/roborama25_ws/install/robo24_interfaces/share/robo24_interfaces/cmake/ament_cmake_export_targets-extras.cmake
[19.148s] -- Installing: /home/mike/roborama25_ws/install/robo24_interfaces/share/robo24_interfaces/cmake/rosidl_cmake_export_typesupport_targets-extras.cmake
[19.149s] -- Installing: /home/mike/roborama25_ws/install/robo24_interfaces/share/robo24_interfaces/cmake/ament_cmake_export_dependencies-extras.cmake
[19.151s] -- Installing: /home/mike/roborama25_ws/install/robo24_interfaces/share/robo24_interfaces/cmake/rosidl_cmake_export_typesupport_libraries-extras.cmake
[19.152s] -- Installing: /home/mike/roborama25_ws/install/robo24_interfaces/share/robo24_interfaces/cmake/robo24_interfacesConfig.cmake
[19.153s] -- Installing: /home/mike/roborama25_ws/install/robo24_interfaces/share/robo24_interfaces/cmake/robo24_interfacesConfig-version.cmake
[19.154s] -- Installing: /home/mike/roborama25_ws/install/robo24_interfaces/share/robo24_interfaces/package.xml
[19.163s] Invoked command in '/home/mike/roborama25_ws/build/robo24_interfaces' returned '0': CMAKE_PREFIX_PATH=${CMAKE_PREFIX_PATH}:/home/mike/ros2_ws/install/robo24_stuff:/home/mike/ros2_ws/install/robo24_nav:/home/mike/ros2_ws/install/robo24_localization:/home/mike/ros2_ws/install/robo24_bringup:/home/mike/ros2_ws/install/moonday24_demo:/opt/ros/humble /usr/bin/cmake --install /home/mike/roborama25_ws/build/robo24_interfaces
