[3.321s] Invoking command in '/home/mike/roborama25_ws/src/robo24_stuff': PYTHONPATH=/home/mike/roborama25_ws/build/robo24_stuff/prefix_override:/usr/lib/python3/dist-packages/colcon_core/task/python/colcon_distutils_commands:/home/mike/roborama25_ws/install/robo24_stuff/lib/python3.10/site-packages:${PYTHONPATH} /usr/bin/python3 -W ignore:setup.py install is deprecated -W ignore:easy_install command is deprecated setup.py egg_info --egg-base ../../build/robo24_stuff build --build-base /home/mike/roborama25_ws/build/robo24_stuff/build install --record /home/mike/roborama25_ws/build/robo24_stuff/install.log --single-version-externally-managed install_data
[4.576s] running egg_info
[4.578s] creating ../../build/robo24_stuff/robo24_stuff.egg-info
[4.580s] writing ../../build/robo24_stuff/robo24_stuff.egg-info/PKG-INFO
[4.582s] writing dependency_links to ../../build/robo24_stuff/robo24_stuff.egg-info/dependency_links.txt
[4.582s] writing entry points to ../../build/robo24_stuff/robo24_stuff.egg-info/entry_points.txt
[4.583s] writing requirements to ../../build/robo24_stuff/robo24_stuff.egg-info/requires.txt
[4.584s] writing top-level names to ../../build/robo24_stuff/robo24_stuff.egg-info/top_level.txt
[4.586s] writing manifest file '../../build/robo24_stuff/robo24_stuff.egg-info/SOURCES.txt'
[4.595s] reading manifest file '../../build/robo24_stuff/robo24_stuff.egg-info/SOURCES.txt'
[4.599s] writing manifest file '../../build/robo24_stuff/robo24_stuff.egg-info/SOURCES.txt'
[4.599s] running build
[4.600s] running build_py
[4.601s] creating /home/mike/roborama25_ws/build/robo24_stuff/build
[4.601s] creating /home/mike/roborama25_ws/build/robo24_stuff/build/lib
[4.602s] creating /home/mike/roborama25_ws/build/robo24_stuff/build/lib/robo24_stuff
[4.603s] copying robo24_stuff/robo24_teleop_node.py -> /home/mike/roborama25_ws/build/robo24_stuff/build/lib/robo24_stuff
[4.603s] copying robo24_stuff/openmv_serial_node.py -> /home/mike/roborama25_ws/build/robo24_stuff/build/lib/robo24_stuff
[4.604s] copying robo24_stuff/robo24_can_xy_node.py -> /home/mike/roborama25_ws/build/robo24_stuff/build/lib/robo24_stuff
[4.605s] copying robo24_stuff/robo24_imu_serial_node.py -> /home/mike/roborama25_ws/build/robo24_stuff/build/lib/robo24_stuff
[4.606s] copying robo24_stuff/sensor_serial_node.py -> /home/mike/roborama25_ws/build/robo24_stuff/build/lib/robo24_stuff
[4.607s] copying robo24_stuff/robo24_diynav_node.py -> /home/mike/roborama25_ws/build/robo24_stuff/build/lib/robo24_stuff
[4.609s] copying robo24_stuff/robo24_watch_serial_node.py -> /home/mike/roborama25_ws/build/robo24_stuff/build/lib/robo24_stuff
[4.610s] copying robo24_stuff/__init__.py -> /home/mike/roborama25_ws/build/robo24_stuff/build/lib/robo24_stuff
[4.611s] copying robo24_stuff/robo24_wheel_controller_node.py -> /home/mike/roborama25_ws/build/robo24_stuff/build/lib/robo24_stuff
[4.612s] copying robo24_stuff/robo24_diyslam_node.py -> /home/mike/roborama25_ws/build/robo24_stuff/build/lib/robo24_stuff
[4.614s] running install
[4.616s] running install_lib
[4.620s] creating /home/mike/roborama25_ws/install/robo24_stuff/lib/python3.10/site-packages/robo24_stuff
[4.620s] copying /home/mike/roborama25_ws/build/robo24_stuff/build/lib/robo24_stuff/robo24_teleop_node.py -> /home/mike/roborama25_ws/install/robo24_stuff/lib/python3.10/site-packages/robo24_stuff
[4.622s] copying /home/mike/roborama25_ws/build/robo24_stuff/build/lib/robo24_stuff/openmv_serial_node.py -> /home/mike/roborama25_ws/install/robo24_stuff/lib/python3.10/site-packages/robo24_stuff
[4.623s] copying /home/mike/roborama25_ws/build/robo24_stuff/build/lib/robo24_stuff/robo24_can_xy_node.py -> /home/mike/roborama25_ws/install/robo24_stuff/lib/python3.10/site-packages/robo24_stuff
[4.624s] copying /home/mike/roborama25_ws/build/robo24_stuff/build/lib/robo24_stuff/robo24_imu_serial_node.py -> /home/mike/roborama25_ws/install/robo24_stuff/lib/python3.10/site-packages/robo24_stuff
[4.625s] copying /home/mike/roborama25_ws/build/robo24_stuff/build/lib/robo24_stuff/sensor_serial_node.py -> /home/mike/roborama25_ws/install/robo24_stuff/lib/python3.10/site-packages/robo24_stuff
[4.627s] copying /home/mike/roborama25_ws/build/robo24_stuff/build/lib/robo24_stuff/robo24_diynav_node.py -> /home/mike/roborama25_ws/install/robo24_stuff/lib/python3.10/site-packages/robo24_stuff
[4.628s] copying /home/mike/roborama25_ws/build/robo24_stuff/build/lib/robo24_stuff/robo24_watch_serial_node.py -> /home/mike/roborama25_ws/install/robo24_stuff/lib/python3.10/site-packages/robo24_stuff
[4.630s] copying /home/mike/roborama25_ws/build/robo24_stuff/build/lib/robo24_stuff/__init__.py -> /home/mike/roborama25_ws/install/robo24_stuff/lib/python3.10/site-packages/robo24_stuff
[4.631s] copying /home/mike/roborama25_ws/build/robo24_stuff/build/lib/robo24_stuff/robo24_wheel_controller_node.py -> /home/mike/roborama25_ws/install/robo24_stuff/lib/python3.10/site-packages/robo24_stuff
[4.633s] copying /home/mike/roborama25_ws/build/robo24_stuff/build/lib/robo24_stuff/robo24_diyslam_node.py -> /home/mike/roborama25_ws/install/robo24_stuff/lib/python3.10/site-packages/robo24_stuff
[4.636s] byte-compiling /home/mike/roborama25_ws/install/robo24_stuff/lib/python3.10/site-packages/robo24_stuff/robo24_teleop_node.py to robo24_teleop_node.cpython-310.pyc
[4.639s] byte-compiling /home/mike/roborama25_ws/install/robo24_stuff/lib/python3.10/site-packages/robo24_stuff/openmv_serial_node.py to openmv_serial_node.cpython-310.pyc
[4.642s] byte-compiling /home/mike/roborama25_ws/install/robo24_stuff/lib/python3.10/site-packages/robo24_stuff/robo24_can_xy_node.py to robo24_can_xy_node.cpython-310.pyc
[4.649s] byte-compiling /home/mike/roborama25_ws/install/robo24_stuff/lib/python3.10/site-packages/robo24_stuff/robo24_imu_serial_node.py to robo24_imu_serial_node.cpython-310.pyc
[4.653s] byte-compiling /home/mike/roborama25_ws/install/robo24_stuff/lib/python3.10/site-packages/robo24_stuff/sensor_serial_node.py to sensor_serial_node.cpython-310.pyc
[4.656s] byte-compiling /home/mike/roborama25_ws/install/robo24_stuff/lib/python3.10/site-packages/robo24_stuff/robo24_diynav_node.py to robo24_diynav_node.cpython-310.pyc
[4.689s] byte-compiling /home/mike/roborama25_ws/install/robo24_stuff/lib/python3.10/site-packages/robo24_stuff/robo24_watch_serial_node.py to robo24_watch_serial_node.cpython-310.pyc
[4.693s] byte-compiling /home/mike/roborama25_ws/install/robo24_stuff/lib/python3.10/site-packages/robo24_stuff/__init__.py to __init__.cpython-310.pyc
[4.694s] byte-compiling /home/mike/roborama25_ws/install/robo24_stuff/lib/python3.10/site-packages/robo24_stuff/robo24_wheel_controller_node.py to robo24_wheel_controller_node.cpython-310.pyc
[4.705s] byte-compiling /home/mike/roborama25_ws/install/robo24_stuff/lib/python3.10/site-packages/robo24_stuff/robo24_diyslam_node.py to robo24_diyslam_node.cpython-310.pyc
[4.723s] running install_data
[4.725s] creating /home/mike/roborama25_ws/install/robo24_stuff/share/ament_index
[4.726s] creating /home/mike/roborama25_ws/install/robo24_stuff/share/ament_index/resource_index
[4.727s] creating /home/mike/roborama25_ws/install/robo24_stuff/share/ament_index/resource_index/packages
[4.728s] copying resource/robo24_stuff -> /home/mike/roborama25_ws/install/robo24_stuff/share/ament_index/resource_index/packages
[4.729s] copying package.xml -> /home/mike/roborama25_ws/install/robo24_stuff/share/robo24_stuff
[4.730s] creating /home/mike/roborama25_ws/install/robo24_stuff/share/robo24_stuff/launch
[4.731s] copying launch/robo24_bringup_launch.py -> /home/mike/roborama25_ws/install/robo24_stuff/share/robo24_stuff/launch
[4.733s] running install_egg_info
[4.744s] Copying ../../build/robo24_stuff/robo24_stuff.egg-info to /home/mike/roborama25_ws/install/robo24_stuff/lib/python3.10/site-packages/robo24_stuff-0.0.0-py3.10.egg-info
[4.752s] running install_scripts
[4.830s] Installing openmv_serial_node script to /home/mike/roborama25_ws/install/robo24_stuff/lib/robo24_stuff
[4.831s] Installing robo24_can_xy_node script to /home/mike/roborama25_ws/install/robo24_stuff/lib/robo24_stuff
[4.831s] Installing robo24_diynav_node script to /home/mike/roborama25_ws/install/robo24_stuff/lib/robo24_stuff
[4.832s] Installing robo24_diyslam_node script to /home/mike/roborama25_ws/install/robo24_stuff/lib/robo24_stuff
[4.833s] Installing robo24_imu_serial_node script to /home/mike/roborama25_ws/install/robo24_stuff/lib/robo24_stuff
[4.834s] Installing robo24_teleop_node script to /home/mike/roborama25_ws/install/robo24_stuff/lib/robo24_stuff
[4.834s] Installing robo24_watch_serial_node script to /home/mike/roborama25_ws/install/robo24_stuff/lib/robo24_stuff
[4.835s] Installing robo24_wheel_controller_node script to /home/mike/roborama25_ws/install/robo24_stuff/lib/robo24_stuff
[4.836s] Installing sensor_serial_node script to /home/mike/roborama25_ws/install/robo24_stuff/lib/robo24_stuff
[4.838s] writing list of installed files to '/home/mike/roborama25_ws/build/robo24_stuff/install.log'
[4.982s] Invoked command in '/home/mike/roborama25_ws/src/robo24_stuff' returned '0': PYTHONPATH=/home/mike/roborama25_ws/build/robo24_stuff/prefix_override:/usr/lib/python3/dist-packages/colcon_core/task/python/colcon_distutils_commands:/home/mike/roborama25_ws/install/robo24_stuff/lib/python3.10/site-packages:${PYTHONPATH} /usr/bin/python3 -W ignore:setup.py install is deprecated -W ignore:easy_install command is deprecated setup.py egg_info --egg-base ../../build/robo24_stuff build --build-base /home/mike/roborama25_ws/build/robo24_stuff/build install --record /home/mike/roborama25_ws/build/robo24_stuff/install.log --single-version-externally-managed install_data
