/home/mike/roborama25_ws/install/robo24_stuff/lib/python3.10/site-packages/robo24_stuff/robo24_teleop_node.py
/home/mike/roborama25_ws/install/robo24_stuff/lib/python3.10/site-packages/robo24_stuff/openmv_serial_node.py
/home/mike/roborama25_ws/install/robo24_stuff/lib/python3.10/site-packages/robo24_stuff/robo24_can_xy_node.py
/home/mike/roborama25_ws/install/robo24_stuff/lib/python3.10/site-packages/robo24_stuff/robo24_imu_serial_node.py
/home/mike/roborama25_ws/install/robo24_stuff/lib/python3.10/site-packages/robo24_stuff/sensor_serial_node.py
/home/mike/roborama25_ws/install/robo24_stuff/lib/python3.10/site-packages/robo24_stuff/robo24_diynav_node.py
/home/mike/roborama25_ws/install/robo24_stuff/lib/python3.10/site-packages/robo24_stuff/robo24_watch_serial_node.py
/home/mike/roborama25_ws/install/robo24_stuff/lib/python3.10/site-packages/robo24_stuff/__init__.py
/home/mike/roborama25_ws/install/robo24_stuff/lib/python3.10/site-packages/robo24_stuff/robo24_wheel_controller_node.py
/home/mike/roborama25_ws/install/robo24_stuff/lib/python3.10/site-packages/robo24_stuff/robo24_diyslam_node.py
/home/mike/roborama25_ws/install/robo24_stuff/lib/python3.10/site-packages/robo24_stuff/__pycache__/robo24_teleop_node.cpython-310.pyc
/home/mike/roborama25_ws/install/robo24_stuff/lib/python3.10/site-packages/robo24_stuff/__pycache__/openmv_serial_node.cpython-310.pyc
/home/mike/roborama25_ws/install/robo24_stuff/lib/python3.10/site-packages/robo24_stuff/__pycache__/robo24_can_xy_node.cpython-310.pyc
/home/mike/roborama25_ws/install/robo24_stuff/lib/python3.10/site-packages/robo24_stuff/__pycache__/robo24_imu_serial_node.cpython-310.pyc
/home/mike/roborama25_ws/install/robo24_stuff/lib/python3.10/site-packages/robo24_stuff/__pycache__/sensor_serial_node.cpython-310.pyc
/home/mike/roborama25_ws/install/robo24_stuff/lib/python3.10/site-packages/robo24_stuff/__pycache__/robo24_diynav_node.cpython-310.pyc
/home/mike/roborama25_ws/install/robo24_stuff/lib/python3.10/site-packages/robo24_stuff/__pycache__/robo24_watch_serial_node.cpython-310.pyc
/home/mike/roborama25_ws/install/robo24_stuff/lib/python3.10/site-packages/robo24_stuff/__pycache__/__init__.cpython-310.pyc
/home/mike/roborama25_ws/install/robo24_stuff/lib/python3.10/site-packages/robo24_stuff/__pycache__/robo24_wheel_controller_node.cpython-310.pyc
/home/mike/roborama25_ws/install/robo24_stuff/lib/python3.10/site-packages/robo24_stuff/__pycache__/robo24_diyslam_node.cpython-310.pyc
/home/mike/roborama25_ws/install/robo24_stuff/share/ament_index/resource_index/packages/robo24_stuff
/home/mike/roborama25_ws/install/robo24_stuff/share/robo24_stuff/package.xml
/home/mike/roborama25_ws/install/robo24_stuff/share/robo24_stuff/launch/robo24_bringup_launch.py
/home/mike/roborama25_ws/install/robo24_stuff/lib/python3.10/site-packages/robo24_stuff-0.0.0-py3.10.egg-info/entry_points.txt
/home/mike/roborama25_ws/install/robo24_stuff/lib/python3.10/site-packages/robo24_stuff-0.0.0-py3.10.egg-info/SOURCES.txt
/home/mike/roborama25_ws/install/robo24_stuff/lib/python3.10/site-packages/robo24_stuff-0.0.0-py3.10.egg-info/dependency_links.txt
/home/mike/roborama25_ws/install/robo24_stuff/lib/python3.10/site-packages/robo24_stuff-0.0.0-py3.10.egg-info/PKG-INFO
/home/mike/roborama25_ws/install/robo24_stuff/lib/python3.10/site-packages/robo24_stuff-0.0.0-py3.10.egg-info/zip-safe
/home/mike/roborama25_ws/install/robo24_stuff/lib/python3.10/site-packages/robo24_stuff-0.0.0-py3.10.egg-info/requires.txt
/home/mike/roborama25_ws/install/robo24_stuff/lib/python3.10/site-packages/robo24_stuff-0.0.0-py3.10.egg-info/top_level.txt
/home/mike/roborama25_ws/install/robo24_stuff/lib/robo24_stuff/openmv_serial_node
/home/mike/roborama25_ws/install/robo24_stuff/lib/robo24_stuff/robo24_can_xy_node
/home/mike/roborama25_ws/install/robo24_stuff/lib/robo24_stuff/robo24_diynav_node
/home/mike/roborama25_ws/install/robo24_stuff/lib/robo24_stuff/robo24_diyslam_node
/home/mike/roborama25_ws/install/robo24_stuff/lib/robo24_stuff/robo24_imu_serial_node
/home/mike/roborama25_ws/install/robo24_stuff/lib/robo24_stuff/robo24_teleop_node
/home/mike/roborama25_ws/install/robo24_stuff/lib/robo24_stuff/robo24_watch_serial_node
/home/mike/roborama25_ws/install/robo24_stuff/lib/robo24_stuff/robo24_wheel_controller_node
/home/mike/roborama25_ws/install/robo24_stuff/lib/robo24_stuff/sensor_serial_node
