[2.858s] Invoking command in '/home/mike/roborama25_ws/build/robo24_stuff': PYTHONPATH=/home/mike/roborama25_ws/build/robo24_stuff/prefix_override:/usr/lib/python3/dist-packages/colcon_core/task/python/colcon_distutils_commands:/home/mike/roborama25_ws/install/robo24_stuff/lib/python3.10/site-packages:${PYTHONPATH} /usr/bin/python3 -W ignore:setup.py install is deprecated -W ignore:easy_install command is deprecated setup.py develop --editable --build-directory /home/mike/roborama25_ws/build/robo24_stuff/build --no-deps symlink_data
[4.027s] running develop
[4.666s] running egg_info
[4.666s] writing robo24_stuff.egg-info/PKG-INFO
[4.667s] writing dependency_links to robo24_stuff.egg-info/dependency_links.txt
[4.669s] writing entry points to robo24_stuff.egg-info/entry_points.txt
[4.669s] writing requirements to robo24_stuff.egg-info/requires.txt
[4.670s] writing top-level names to robo24_stuff.egg-info/top_level.txt
[4.678s] reading manifest file 'robo24_stuff.egg-info/SOURCES.txt'
[4.682s] writing manifest file 'robo24_stuff.egg-info/SOURCES.txt'
[4.688s] running build_ext
[4.689s] Creating /home/mike/roborama25_ws/install/robo24_stuff/lib/python3.10/site-packages/robo24-stuff.egg-link (link to .)
[4.693s] Installing openmv_serial_node script to /home/mike/roborama25_ws/install/robo24_stuff/lib/robo24_stuff
[4.693s] Installing robo24_can_xy_node script to /home/mike/roborama25_ws/install/robo24_stuff/lib/robo24_stuff
[4.694s] Installing robo24_diynav_node script to /home/mike/roborama25_ws/install/robo24_stuff/lib/robo24_stuff
[4.695s] Installing robo24_diyslam_node script to /home/mike/roborama25_ws/install/robo24_stuff/lib/robo24_stuff
[4.696s] Installing robo24_imu_serial_node script to /home/mike/roborama25_ws/install/robo24_stuff/lib/robo24_stuff
[4.697s] Installing robo24_teleop_node script to /home/mike/roborama25_ws/install/robo24_stuff/lib/robo24_stuff
[4.697s] Installing robo24_watch_serial_node script to /home/mike/roborama25_ws/install/robo24_stuff/lib/robo24_stuff
[4.698s] Installing robo24_wheel_controller_node script to /home/mike/roborama25_ws/install/robo24_stuff/lib/robo24_stuff
[4.699s] Installing sensor_serial_node script to /home/mike/roborama25_ws/install/robo24_stuff/lib/robo24_stuff
[4.701s] 
[4.701s] Installed /home/mike/roborama25_ws/build/robo24_stuff
[4.702s] running symlink_data
[4.837s] Invoked command in '/home/mike/roborama25_ws/build/robo24_stuff' returned '0': PYTHONPATH=/home/mike/roborama25_ws/build/robo24_stuff/prefix_override:/usr/lib/python3/dist-packages/colcon_core/task/python/colcon_distutils_commands:/home/mike/roborama25_ws/install/robo24_stuff/lib/python3.10/site-packages:${PYTHONPATH} /usr/bin/python3 -W ignore:setup.py install is deprecated -W ignore:easy_install command is deprecated setup.py develop --editable --build-directory /home/mike/roborama25_ws/build/robo24_stuff/build --no-deps symlink_data
