[3.321s] Invoking command in '/home/mike/roborama25_ws/src/robo24_stuff': PYTHONPATH=/home/mike/roborama25_ws/build/robo24_stuff/prefix_override:/usr/lib/python3/dist-packages/colcon_core/task/python/colcon_distutils_commands:/home/mike/roborama25_ws/install/robo24_stuff/lib/python3.10/site-packages:${PYTHONPATH} /usr/bin/python3 -W ignore:setup.py install is deprecated -W ignore:easy_install command is deprecated setup.py egg_info --egg-base ../../build/robo24_stuff build --build-base /home/mike/roborama25_ws/build/robo24_stuff/build install --record /home/mike/roborama25_ws/build/robo24_stuff/install.log --single-version-externally-managed install_data
[4.575s] running egg_info
[4.579s] creating ../../build/robo24_stuff/robo24_stuff.egg-info
[4.581s] writing ../../build/robo24_stuff/robo24_stuff.egg-info/PKG-INFO
[4.584s] writing dependency_links to ../../build/robo24_stuff/robo24_stuff.egg-info/dependency_links.txt
[4.586s] writing entry points to ../../build/robo24_stuff/robo24_stuff.egg-info/entry_points.txt
[4.589s] writing requirements to ../../build/robo24_stuff/robo24_stuff.egg-info/requires.txt
[4.590s] writing top-level names to ../../build/robo24_stuff/robo24_stuff.egg-info/top_level.txt
[4.591s] writing manifest file '../../build/robo24_stuff/robo24_stuff.egg-info/SOURCES.txt'
[4.604s] reading manifest file '../../build/robo24_stuff/robo24_stuff.egg-info/SOURCES.txt'
[4.609s] writing manifest file '../../build/robo24_stuff/robo24_stuff.egg-info/SOURCES.txt'
[4.610s] running build
[4.612s] running build_py
[4.614s] creating /home/mike/roborama25_ws/build/robo24_stuff/build
[4.616s] creating /home/mike/roborama25_ws/build/robo24_stuff/build/lib
[4.617s] creating /home/mike/roborama25_ws/build/robo24_stuff/build/lib/robo24_stuff
[4.619s] copying robo24_stuff/robo24_teleop_node.py -> /home/mike/roborama25_ws/build/robo24_stuff/build/lib/robo24_stuff
[4.619s] copying robo24_stuff/openmv_serial_node.py -> /home/mike/roborama25_ws/build/robo24_stuff/build/lib/robo24_stuff
[4.620s] copying robo24_stuff/robo24_can_xy_node.py -> /home/mike/roborama25_ws/build/robo24_stuff/build/lib/robo24_stuff
[4.622s] copying robo24_stuff/robo24_imu_serial_node.py -> /home/mike/roborama25_ws/build/robo24_stuff/build/lib/robo24_stuff
[4.622s] copying robo24_stuff/sensor_serial_node.py -> /home/mike/roborama25_ws/build/robo24_stuff/build/lib/robo24_stuff
[4.623s] copying robo24_stuff/robo24_diynav_node.py -> /home/mike/roborama25_ws/build/robo24_stuff/build/lib/robo24_stuff
[4.624s] copying robo24_stuff/robo24_watch_serial_node.py -> /home/mike/roborama25_ws/build/robo24_stuff/build/lib/robo24_stuff
[4.625s] copying robo24_stuff/__init__.py -> /home/mike/roborama25_ws/build/robo24_stuff/build/lib/robo24_stuff
[4.626s] copying robo24_stuff/robo24_wheel_controller_node.py -> /home/mike/roborama25_ws/build/robo24_stuff/build/lib/robo24_stuff
[4.627s] copying robo24_stuff/robo24_diyslam_node.py -> /home/mike/roborama25_ws/build/robo24_stuff/build/lib/robo24_stuff
[4.629s] running install
[4.630s] running install_lib
[4.634s] creating /home/mike/roborama25_ws/install/robo24_stuff/lib/python3.10/site-packages/robo24_stuff
[4.634s] copying /home/mike/roborama25_ws/build/robo24_stuff/build/lib/robo24_stuff/robo24_teleop_node.py -> /home/mike/roborama25_ws/install/robo24_stuff/lib/python3.10/site-packages/robo24_stuff
[4.635s] copying /home/mike/roborama25_ws/build/robo24_stuff/build/lib/robo24_stuff/openmv_serial_node.py -> /home/mike/roborama25_ws/install/robo24_stuff/lib/python3.10/site-packages/robo24_stuff
[4.636s] copying /home/mike/roborama25_ws/build/robo24_stuff/build/lib/robo24_stuff/robo24_can_xy_node.py -> /home/mike/roborama25_ws/install/robo24_stuff/lib/python3.10/site-packages/robo24_stuff
[4.637s] copying /home/mike/roborama25_ws/build/robo24_stuff/build/lib/robo24_stuff/robo24_imu_serial_node.py -> /home/mike/roborama25_ws/install/robo24_stuff/lib/python3.10/site-packages/robo24_stuff
[4.638s] copying /home/mike/roborama25_ws/build/robo24_stuff/build/lib/robo24_stuff/sensor_serial_node.py -> /home/mike/roborama25_ws/install/robo24_stuff/lib/python3.10/site-packages/robo24_stuff
[4.638s] copying /home/mike/roborama25_ws/build/robo24_stuff/build/lib/robo24_stuff/robo24_diynav_node.py -> /home/mike/roborama25_ws/install/robo24_stuff/lib/python3.10/site-packages/robo24_stuff
[4.639s] copying /home/mike/roborama25_ws/build/robo24_stuff/build/lib/robo24_stuff/robo24_watch_serial_node.py -> /home/mike/roborama25_ws/install/robo24_stuff/lib/python3.10/site-packages/robo24_stuff
[4.640s] copying /home/mike/roborama25_ws/build/robo24_stuff/build/lib/robo24_stuff/__init__.py -> /home/mike/roborama25_ws/install/robo24_stuff/lib/python3.10/site-packages/robo24_stuff
[4.641s] copying /home/mike/roborama25_ws/build/robo24_stuff/build/lib/robo24_stuff/robo24_wheel_controller_node.py -> /home/mike/roborama25_ws/install/robo24_stuff/lib/python3.10/site-packages/robo24_stuff
[4.642s] copying /home/mike/roborama25_ws/build/robo24_stuff/build/lib/robo24_stuff/robo24_diyslam_node.py -> /home/mike/roborama25_ws/install/robo24_stuff/lib/python3.10/site-packages/robo24_stuff
[4.645s] byte-compiling /home/mike/roborama25_ws/install/robo24_stuff/lib/python3.10/site-packages/robo24_stuff/robo24_teleop_node.py to robo24_teleop_node.cpython-310.pyc
[4.648s] byte-compiling /home/mike/roborama25_ws/install/robo24_stuff/lib/python3.10/site-packages/robo24_stuff/openmv_serial_node.py to openmv_serial_node.cpython-310.pyc
[4.650s] byte-compiling /home/mike/roborama25_ws/install/robo24_stuff/lib/python3.10/site-packages/robo24_stuff/robo24_can_xy_node.py to robo24_can_xy_node.cpython-310.pyc
[4.657s] byte-compiling /home/mike/roborama25_ws/install/robo24_stuff/lib/python3.10/site-packages/robo24_stuff/robo24_imu_serial_node.py to robo24_imu_serial_node.cpython-310.pyc
[4.661s] byte-compiling /home/mike/roborama25_ws/install/robo24_stuff/lib/python3.10/site-packages/robo24_stuff/sensor_serial_node.py to sensor_serial_node.cpython-310.pyc
[4.664s] byte-compiling /home/mike/roborama25_ws/install/robo24_stuff/lib/python3.10/site-packages/robo24_stuff/robo24_diynav_node.py to robo24_diynav_node.cpython-310.pyc
[4.694s] byte-compiling /home/mike/roborama25_ws/install/robo24_stuff/lib/python3.10/site-packages/robo24_stuff/robo24_watch_serial_node.py to robo24_watch_serial_node.cpython-310.pyc
[4.698s] byte-compiling /home/mike/roborama25_ws/install/robo24_stuff/lib/python3.10/site-packages/robo24_stuff/__init__.py to __init__.cpython-310.pyc
[4.700s] byte-compiling /home/mike/roborama25_ws/install/robo24_stuff/lib/python3.10/site-packages/robo24_stuff/robo24_wheel_controller_node.py to robo24_wheel_controller_node.cpython-310.pyc
[4.707s] byte-compiling /home/mike/roborama25_ws/install/robo24_stuff/lib/python3.10/site-packages/robo24_stuff/robo24_diyslam_node.py to robo24_diyslam_node.cpython-310.pyc
[4.720s] running install_data
[4.721s] creating /home/mike/roborama25_ws/install/robo24_stuff/share/ament_index
[4.722s] creating /home/mike/roborama25_ws/install/robo24_stuff/share/ament_index/resource_index
[4.722s] creating /home/mike/roborama25_ws/install/robo24_stuff/share/ament_index/resource_index/packages
[4.722s] copying resource/robo24_stuff -> /home/mike/roborama25_ws/install/robo24_stuff/share/ament_index/resource_index/packages
[4.723s] copying package.xml -> /home/mike/roborama25_ws/install/robo24_stuff/share/robo24_stuff
[4.724s] creating /home/mike/roborama25_ws/install/robo24_stuff/share/robo24_stuff/launch
[4.724s] copying launch/robo24_bringup_launch.py -> /home/mike/roborama25_ws/install/robo24_stuff/share/robo24_stuff/launch
[4.725s] running install_egg_info
[4.733s] Copying ../../build/robo24_stuff/robo24_stuff.egg-info to /home/mike/roborama25_ws/install/robo24_stuff/lib/python3.10/site-packages/robo24_stuff-0.0.0-py3.10.egg-info
[4.739s] running install_scripts
[4.826s] Installing openmv_serial_node script to /home/mike/roborama25_ws/install/robo24_stuff/lib/robo24_stuff
[4.827s] Installing robo24_can_xy_node script to /home/mike/roborama25_ws/install/robo24_stuff/lib/robo24_stuff
[4.828s] Installing robo24_diynav_node script to /home/mike/roborama25_ws/install/robo24_stuff/lib/robo24_stuff
[4.829s] Installing robo24_diyslam_node script to /home/mike/roborama25_ws/install/robo24_stuff/lib/robo24_stuff
[4.830s] Installing robo24_imu_serial_node script to /home/mike/roborama25_ws/install/robo24_stuff/lib/robo24_stuff
[4.832s] Installing robo24_teleop_node script to /home/mike/roborama25_ws/install/robo24_stuff/lib/robo24_stuff
[4.832s] Installing robo24_watch_serial_node script to /home/mike/roborama25_ws/install/robo24_stuff/lib/robo24_stuff
[4.833s] Installing robo24_wheel_controller_node script to /home/mike/roborama25_ws/install/robo24_stuff/lib/robo24_stuff
[4.833s] Installing sensor_serial_node script to /home/mike/roborama25_ws/install/robo24_stuff/lib/robo24_stuff
[4.835s] writing list of installed files to '/home/mike/roborama25_ws/build/robo24_stuff/install.log'
[4.977s] Invoked command in '/home/mike/roborama25_ws/src/robo24_stuff' returned '0': PYTHONPATH=/home/mike/roborama25_ws/build/robo24_stuff/prefix_override:/usr/lib/python3/dist-packages/colcon_core/task/python/colcon_distutils_commands:/home/mike/roborama25_ws/install/robo24_stuff/lib/python3.10/site-packages:${PYTHONPATH} /usr/bin/python3 -W ignore:setup.py install is deprecated -W ignore:easy_install command is deprecated setup.py egg_info --egg-base ../../build/robo24_stuff build --build-base /home/mike/roborama25_ws/build/robo24_stuff/build install --record /home/mike/roborama25_ws/build/robo24_stuff/install.log --single-version-externally-managed install_data
