[3.415s] Invoking command in '/home/mike/roborama25_ws/src/robo24_stuff': PYTHONPATH=/home/mike/roborama25_ws/build/robo24_stuff/prefix_override:/usr/lib/python3/dist-packages/colcon_core/task/python/colcon_distutils_commands:/home/mike/roborama25_ws/install/robo24_stuff/lib/python3.10/site-packages:${PYTHONPATH} /usr/bin/python3 -W ignore:setup.py install is deprecated -W ignore:easy_install command is deprecated setup.py egg_info --egg-base ../../build/robo24_stuff build --build-base /home/mike/roborama25_ws/build/robo24_stuff/build install --record /home/mike/roborama25_ws/build/robo24_stuff/install.log --single-version-externally-managed install_data
[4.481s] running egg_info
[4.484s] writing ../../build/robo24_stuff/robo24_stuff.egg-info/PKG-INFO
[4.485s] writing dependency_links to ../../build/robo24_stuff/robo24_stuff.egg-info/dependency_links.txt
[4.486s] writing entry points to ../../build/robo24_stuff/robo24_stuff.egg-info/entry_points.txt
[4.487s] writing requirements to ../../build/robo24_stuff/robo24_stuff.egg-info/requires.txt
[4.488s] writing top-level names to ../../build/robo24_stuff/robo24_stuff.egg-info/top_level.txt
[4.497s] reading manifest file '../../build/robo24_stuff/robo24_stuff.egg-info/SOURCES.txt'
[4.501s] writing manifest file '../../build/robo24_stuff/robo24_stuff.egg-info/SOURCES.txt'
[4.502s] running build
[4.502s] running build_py
[4.504s] copying robo24_stuff/sensor_serial_node.py -> /home/mike/roborama25_ws/build/robo24_stuff/build/lib/robo24_stuff
[4.507s] running install
[4.508s] running install_lib
[4.512s] copying /home/mike/roborama25_ws/build/robo24_stuff/build/lib/robo24_stuff/sensor_serial_node.py -> /home/mike/roborama25_ws/install/robo24_stuff/lib/python3.10/site-packages/robo24_stuff
[4.517s] byte-compiling /home/mike/roborama25_ws/install/robo24_stuff/lib/python3.10/site-packages/robo24_stuff/sensor_serial_node.py to sensor_serial_node.cpython-310.pyc
[4.526s] running install_data
[4.526s] running install_egg_info
[4.534s] removing '/home/mike/roborama25_ws/install/robo24_stuff/lib/python3.10/site-packages/robo24_stuff-0.0.0-py3.10.egg-info' (and everything under it)
[4.535s] Copying ../../build/robo24_stuff/robo24_stuff.egg-info to /home/mike/roborama25_ws/install/robo24_stuff/lib/python3.10/site-packages/robo24_stuff-0.0.0-py3.10.egg-info
[4.541s] running install_scripts
[4.615s] Installing openmv_serial_node script to /home/mike/roborama25_ws/install/robo24_stuff/lib/robo24_stuff
[4.616s] Installing robo24_can_xy_node script to /home/mike/roborama25_ws/install/robo24_stuff/lib/robo24_stuff
[4.616s] Installing robo24_diynav_node script to /home/mike/roborama25_ws/install/robo24_stuff/lib/robo24_stuff
[4.617s] Installing robo24_diyslam_node script to /home/mike/roborama25_ws/install/robo24_stuff/lib/robo24_stuff
[4.618s] Installing robo24_imu_serial_node script to /home/mike/roborama25_ws/install/robo24_stuff/lib/robo24_stuff
[4.619s] Installing robo24_teleop_node script to /home/mike/roborama25_ws/install/robo24_stuff/lib/robo24_stuff
[4.620s] Installing robo24_watch_serial_node script to /home/mike/roborama25_ws/install/robo24_stuff/lib/robo24_stuff
[4.621s] Installing robo24_wheel_controller_node script to /home/mike/roborama25_ws/install/robo24_stuff/lib/robo24_stuff
[4.622s] Installing sensor_serial_node script to /home/mike/roborama25_ws/install/robo24_stuff/lib/robo24_stuff
[4.624s] writing list of installed files to '/home/mike/roborama25_ws/build/robo24_stuff/install.log'
[4.743s] Invoked command in '/home/mike/roborama25_ws/src/robo24_stuff' returned '0': PYTHONPATH=/home/mike/roborama25_ws/build/robo24_stuff/prefix_override:/usr/lib/python3/dist-packages/colcon_core/task/python/colcon_distutils_commands:/home/mike/roborama25_ws/install/robo24_stuff/lib/python3.10/site-packages:${PYTHONPATH} /usr/bin/python3 -W ignore:setup.py install is deprecated -W ignore:easy_install command is deprecated setup.py egg_info --egg-base ../../build/robo24_stuff build --build-base /home/mike/roborama25_ws/build/robo24_stuff/build install --record /home/mike/roborama25_ws/build/robo24_stuff/install.log --single-version-externally-managed install_data
