[0.892s] DEBUG:colcon:Command line arguments: ['/usr/bin/colcon', 'build']
[0.893s] DEBUG:colcon:Parsed command line arguments: Namespace(log_base=None, log_level=None, verb_name='build', build_base='build', install_base='install', merge_install=False, symlink_install=False, test_result_base=None, continue_on_error=False, executor='parallel', parallel_workers=4, event_handlers=None, ignore_user_meta=False, metas=['./colcon.meta'], base_paths=['.'], packages_ignore=None, packages_ignore_regex=None, paths=None, packages_up_to=None, packages_up_to_regex=None, packages_above=None, packages_above_and_dependencies=None, packages_above_depth=None, packages_select_by_dep=None, packages_skip_by_dep=None, packages_skip_up_to=None, packages_select_build_failed=False, packages_skip_build_finished=False, packages_select_test_failures=False, packages_skip_test_passed=False, packages_select=None, packages_skip=None, packages_select_regex=None, packages_skip_regex=None, packages_start=None, packages_end=None, allow_overriding=[], cmake_args=None, cmake_target=None, cmake_target_skip_unavailable=False, cmake_clean_cache=False, cmake_clean_first=False, cmake_force_configure=False, ament_cmake_args=None, catkin_cmake_args=None, catkin_skip_building_tests=False, verb_parser=<colcon_defaults.argument_parser.defaults.DefaultArgumentsDecorator object at 0xffff8e7f3370>, verb_extension=<colcon_core.verb.build.BuildVerb object at 0xffff8e9d87c0>, main=<bound method BuildVerb.main of <colcon_core.verb.build.BuildVerb object at 0xffff8e9d87c0>>)
[1.980s] Level 1:colcon.colcon_core.package_discovery:discover_packages(colcon_meta) check parameters
[1.980s] Level 1:colcon.colcon_core.package_discovery:discover_packages(recursive) check parameters
[1.980s] Level 1:colcon.colcon_core.package_discovery:discover_packages(ignore) check parameters
[1.981s] Level 1:colcon.colcon_core.package_discovery:discover_packages(path) check parameters
[1.981s] Level 1:colcon.colcon_core.package_discovery:discover_packages(colcon_meta) discover
[1.981s] Level 1:colcon.colcon_core.package_discovery:discover_packages(recursive) discover
[1.981s] INFO:colcon.colcon_core.package_discovery:Crawling recursively for packages in '/home/mike/roborama25_ws'
[1.982s] Level 1:colcon.colcon_core.package_identification:_identify(.) by extensions ['ignore', 'ignore_ament_install']
[1.985s] Level 1:colcon.colcon_core.package_identification:_identify(.) by extension 'ignore'
[1.986s] Level 1:colcon.colcon_core.package_identification:_identify(.) by extension 'ignore_ament_install'
[1.986s] Level 1:colcon.colcon_core.package_identification:_identify(.) by extensions ['colcon_pkg']
[1.987s] Level 1:colcon.colcon_core.package_identification:_identify(.) by extension 'colcon_pkg'
[1.987s] Level 1:colcon.colcon_core.package_identification:_identify(.) by extensions ['colcon_meta']
[1.987s] Level 1:colcon.colcon_core.package_identification:_identify(.) by extension 'colcon_meta'
[1.987s] Level 1:colcon.colcon_core.package_identification:_identify(.) by extensions ['ros']
[1.988s] Level 1:colcon.colcon_core.package_identification:_identify(.) by extension 'ros'
[2.057s] Level 1:colcon.colcon_core.package_identification:_identify(.) by extensions ['cmake', 'python']
[2.058s] Level 1:colcon.colcon_core.package_identification:_identify(.) by extension 'cmake'
[2.058s] Level 1:colcon.colcon_core.package_identification:_identify(.) by extension 'python'
[2.058s] Level 1:colcon.colcon_core.package_identification:_identify(.) by extensions ['python_setup_py']
[2.058s] Level 1:colcon.colcon_core.package_identification:_identify(.) by extension 'python_setup_py'
[2.059s] Level 1:colcon.colcon_core.package_identification:_identify(build) by extensions ['ignore', 'ignore_ament_install']
[2.060s] Level 1:colcon.colcon_core.package_identification:_identify(build) by extension 'ignore'
[2.060s] Level 1:colcon.colcon_core.package_identification:_identify(build) ignored
[2.061s] Level 1:colcon.colcon_core.package_identification:_identify(install) by extensions ['ignore', 'ignore_ament_install']
[2.061s] Level 1:colcon.colcon_core.package_identification:_identify(install) by extension 'ignore'
[2.061s] Level 1:colcon.colcon_core.package_identification:_identify(install) ignored
[2.062s] Level 1:colcon.colcon_core.package_identification:_identify(log) by extensions ['ignore', 'ignore_ament_install']
[2.063s] Level 1:colcon.colcon_core.package_identification:_identify(log) by extension 'ignore'
[2.063s] Level 1:colcon.colcon_core.package_identification:_identify(log) ignored
[2.063s] Level 1:colcon.colcon_core.package_identification:_identify(src) by extensions ['ignore', 'ignore_ament_install']
[2.063s] Level 1:colcon.colcon_core.package_identification:_identify(src) by extension 'ignore'
[2.064s] Level 1:colcon.colcon_core.package_identification:_identify(src) by extension 'ignore_ament_install'
[2.064s] Level 1:colcon.colcon_core.package_identification:_identify(src) by extensions ['colcon_pkg']
[2.064s] Level 1:colcon.colcon_core.package_identification:_identify(src) by extension 'colcon_pkg'
[2.064s] Level 1:colcon.colcon_core.package_identification:_identify(src) by extensions ['colcon_meta']
[2.064s] Level 1:colcon.colcon_core.package_identification:_identify(src) by extension 'colcon_meta'
[2.065s] Level 1:colcon.colcon_core.package_identification:_identify(src) by extensions ['ros']
[2.065s] Level 1:colcon.colcon_core.package_identification:_identify(src) by extension 'ros'
[2.065s] Level 1:colcon.colcon_core.package_identification:_identify(src) by extensions ['cmake', 'python']
[2.065s] Level 1:colcon.colcon_core.package_identification:_identify(src) by extension 'cmake'
[2.066s] Level 1:colcon.colcon_core.package_identification:_identify(src) by extension 'python'
[2.066s] Level 1:colcon.colcon_core.package_identification:_identify(src) by extensions ['python_setup_py']
[2.066s] Level 1:colcon.colcon_core.package_identification:_identify(src) by extension 'python_setup_py'
[2.066s] Level 1:colcon.colcon_core.package_identification:_identify(src/robo24_interfaces) by extensions ['ignore', 'ignore_ament_install']
[2.067s] Level 1:colcon.colcon_core.package_identification:_identify(src/robo24_interfaces) by extension 'ignore'
[2.067s] Level 1:colcon.colcon_core.package_identification:_identify(src/robo24_interfaces) by extension 'ignore_ament_install'
[2.067s] Level 1:colcon.colcon_core.package_identification:_identify(src/robo24_interfaces) by extensions ['colcon_pkg']
[2.067s] Level 1:colcon.colcon_core.package_identification:_identify(src/robo24_interfaces) by extension 'colcon_pkg'
[2.068s] Level 1:colcon.colcon_core.package_identification:_identify(src/robo24_interfaces) by extensions ['colcon_meta']
[2.068s] Level 1:colcon.colcon_core.package_identification:_identify(src/robo24_interfaces) by extension 'colcon_meta'
[2.068s] Level 1:colcon.colcon_core.package_identification:_identify(src/robo24_interfaces) by extensions ['ros']
[2.068s] Level 1:colcon.colcon_core.package_identification:_identify(src/robo24_interfaces) by extension 'ros'
[2.080s] DEBUG:colcon.colcon_core.package_identification:Package 'src/robo24_interfaces' with type 'ros.ament_cmake' and name 'robo24_interfaces'
[2.081s] Level 1:colcon.colcon_core.package_identification:_identify(src/robo24_stuff) by extensions ['ignore', 'ignore_ament_install']
[2.081s] Level 1:colcon.colcon_core.package_identification:_identify(src/robo24_stuff) by extension 'ignore'
[2.081s] Level 1:colcon.colcon_core.package_identification:_identify(src/robo24_stuff) by extension 'ignore_ament_install'
[2.082s] Level 1:colcon.colcon_core.package_identification:_identify(src/robo24_stuff) by extensions ['colcon_pkg']
[2.082s] Level 1:colcon.colcon_core.package_identification:_identify(src/robo24_stuff) by extension 'colcon_pkg'
[2.082s] Level 1:colcon.colcon_core.package_identification:_identify(src/robo24_stuff) by extensions ['colcon_meta']
[2.082s] Level 1:colcon.colcon_core.package_identification:_identify(src/robo24_stuff) by extension 'colcon_meta'
[2.083s] Level 1:colcon.colcon_core.package_identification:_identify(src/robo24_stuff) by extensions ['ros']
[2.083s] Level 1:colcon.colcon_core.package_identification:_identify(src/robo24_stuff) by extension 'ros'
[2.085s] DEBUG:colcon.colcon_core.package_identification:Package 'src/robo24_stuff' with type 'ros.ament_python' and name 'robo24_stuff'
[2.086s] Level 1:colcon.colcon_core.package_discovery:discover_packages(recursive) using defaults
[2.086s] Level 1:colcon.colcon_core.package_discovery:discover_packages(ignore) discover
[2.086s] Level 1:colcon.colcon_core.package_discovery:discover_packages(ignore) using defaults
[2.086s] Level 1:colcon.colcon_core.package_discovery:discover_packages(path) discover
[2.086s] Level 1:colcon.colcon_core.package_discovery:discover_packages(path) using defaults
[2.249s] Level 1:colcon.colcon_core.package_discovery:discover_packages(prefix_path) check parameters
[2.249s] Level 1:colcon.colcon_core.package_discovery:discover_packages(prefix_path) discover
[2.265s] DEBUG:colcon.colcon_installed_package_information.package_discovery:Found 2 installed packages in /home/mike/roborama25_ws/install
[2.269s] DEBUG:colcon.colcon_installed_package_information.package_discovery:Found 6 installed packages in /home/mike/ros2_ws/install
[2.279s] DEBUG:colcon.colcon_installed_package_information.package_discovery:Found 254 installed packages in /opt/ros/humble
[2.285s] Level 1:colcon.colcon_core.package_discovery:discover_packages(prefix_path) using defaults
[2.446s] Level 5:colcon.colcon_core.verb:set package 'robo24_interfaces' build argument 'cmake_args' from command line to 'None'
[2.446s] Level 5:colcon.colcon_core.verb:set package 'robo24_interfaces' build argument 'cmake_target' from command line to 'None'
[2.446s] Level 5:colcon.colcon_core.verb:set package 'robo24_interfaces' build argument 'cmake_target_skip_unavailable' from command line to 'False'
[2.447s] Level 5:colcon.colcon_core.verb:set package 'robo24_interfaces' build argument 'cmake_clean_cache' from command line to 'False'
[2.447s] Level 5:colcon.colcon_core.verb:set package 'robo24_interfaces' build argument 'cmake_clean_first' from command line to 'False'
[2.447s] Level 5:colcon.colcon_core.verb:set package 'robo24_interfaces' build argument 'cmake_force_configure' from command line to 'False'
[2.447s] Level 5:colcon.colcon_core.verb:set package 'robo24_interfaces' build argument 'ament_cmake_args' from command line to 'None'
[2.447s] Level 5:colcon.colcon_core.verb:set package 'robo24_interfaces' build argument 'catkin_cmake_args' from command line to 'None'
[2.447s] Level 5:colcon.colcon_core.verb:set package 'robo24_interfaces' build argument 'catkin_skip_building_tests' from command line to 'False'
[2.447s] DEBUG:colcon.colcon_core.verb:Building package 'robo24_interfaces' with the following arguments: {'ament_cmake_args': None, 'build_base': '/home/mike/roborama25_ws/build/robo24_interfaces', 'catkin_cmake_args': None, 'catkin_skip_building_tests': False, 'cmake_args': None, 'cmake_clean_cache': False, 'cmake_clean_first': False, 'cmake_force_configure': False, 'cmake_target': None, 'cmake_target_skip_unavailable': False, 'install_base': '/home/mike/roborama25_ws/install/robo24_interfaces', 'merge_install': False, 'path': '/home/mike/roborama25_ws/src/robo24_interfaces', 'symlink_install': False, 'test_result_base': None}
[2.449s] Level 5:colcon.colcon_core.verb:set package 'robo24_stuff' build argument 'cmake_args' from command line to 'None'
[2.449s] Level 5:colcon.colcon_core.verb:set package 'robo24_stuff' build argument 'cmake_target' from command line to 'None'
[2.449s] Level 5:colcon.colcon_core.verb:set package 'robo24_stuff' build argument 'cmake_target_skip_unavailable' from command line to 'False'
[2.449s] Level 5:colcon.colcon_core.verb:set package 'robo24_stuff' build argument 'cmake_clean_cache' from command line to 'False'
[2.449s] Level 5:colcon.colcon_core.verb:set package 'robo24_stuff' build argument 'cmake_clean_first' from command line to 'False'
[2.449s] Level 5:colcon.colcon_core.verb:set package 'robo24_stuff' build argument 'cmake_force_configure' from command line to 'False'
[2.450s] Level 5:colcon.colcon_core.verb:set package 'robo24_stuff' build argument 'ament_cmake_args' from command line to 'None'
[2.450s] Level 5:colcon.colcon_core.verb:set package 'robo24_stuff' build argument 'catkin_cmake_args' from command line to 'None'
[2.450s] Level 5:colcon.colcon_core.verb:set package 'robo24_stuff' build argument 'catkin_skip_building_tests' from command line to 'False'
[2.450s] DEBUG:colcon.colcon_core.verb:Building package 'robo24_stuff' with the following arguments: {'ament_cmake_args': None, 'build_base': '/home/mike/roborama25_ws/build/robo24_stuff', 'catkin_cmake_args': None, 'catkin_skip_building_tests': False, 'cmake_args': None, 'cmake_clean_cache': False, 'cmake_clean_first': False, 'cmake_force_configure': False, 'cmake_target': None, 'cmake_target_skip_unavailable': False, 'install_base': '/home/mike/roborama25_ws/install/robo24_stuff', 'merge_install': False, 'path': '/home/mike/roborama25_ws/src/robo24_stuff', 'symlink_install': False, 'test_result_base': None}
[2.450s] INFO:colcon.colcon_core.executor:Executing jobs using 'parallel' executor
[2.454s] DEBUG:colcon.colcon_parallel_executor.executor.parallel:run_until_complete
[2.455s] INFO:colcon.colcon_ros.task.ament_cmake.build:Building ROS package in '/home/mike/roborama25_ws/src/robo24_interfaces' with build type 'ament_cmake'
[2.455s] INFO:colcon.colcon_cmake.task.cmake.build:Building CMake package in '/home/mike/roborama25_ws/src/robo24_interfaces'
[2.477s] INFO:colcon.colcon_core.plugin_system:Skipping extension 'colcon_core.shell.bat': Not used on non-Windows systems
[2.478s] INFO:colcon.colcon_core.shell:Skip shell extension 'powershell' for command environment: Not usable outside of PowerShell
[2.479s] DEBUG:colcon.colcon_core.shell:Skip shell extension 'dsv' for command environment
[2.503s] INFO:colcon.colcon_ros.task.ament_python.build:Building ROS package in '/home/mike/roborama25_ws/src/robo24_stuff' with build type 'ament_python'
[2.504s] Level 1:colcon.colcon_core.shell:create_environment_hook('robo24_stuff', 'ament_prefix_path')
[2.505s] INFO:colcon.colcon_core.shell:Creating environment hook '/home/mike/roborama25_ws/install/robo24_stuff/share/robo24_stuff/hook/ament_prefix_path.ps1'
[2.510s] INFO:colcon.colcon_core.shell:Creating environment descriptor '/home/mike/roborama25_ws/install/robo24_stuff/share/robo24_stuff/hook/ament_prefix_path.dsv'
[2.515s] INFO:colcon.colcon_core.shell:Creating environment hook '/home/mike/roborama25_ws/install/robo24_stuff/share/robo24_stuff/hook/ament_prefix_path.sh'
[2.522s] INFO:colcon.colcon_core.shell:Skip shell extension 'powershell' for command environment: Not usable outside of PowerShell
[2.522s] DEBUG:colcon.colcon_core.shell:Skip shell extension 'dsv' for command environment
[2.563s] DEBUG:colcon.colcon_core.event_handler.log_command:Invoking command in '/home/mike/roborama25_ws/build/robo24_interfaces': CMAKE_PREFIX_PATH=${CMAKE_PREFIX_PATH}:/home/mike/roborama25_ws/install/robo24_stuff:/home/mike/ros2_ws/install/robo24_stuff:/home/mike/ros2_ws/install/robo24_nav:/home/mike/ros2_ws/install/robo24_localization:/home/mike/ros2_ws/install/robo24_bringup:/home/mike/ros2_ws/install/moonday24_demo:/opt/ros/humble /usr/bin/cmake --build /home/mike/roborama25_ws/build/robo24_interfaces -- -j4 -l4
[4.219s] INFO:colcon.colcon_core.task.python.build:Building Python package in '/home/mike/roborama25_ws/src/robo24_stuff'
[4.220s] INFO:colcon.colcon_core.shell:Skip shell extension 'powershell' for command environment: Not usable outside of PowerShell
[4.220s] DEBUG:colcon.colcon_core.shell:Skip shell extension 'dsv' for command environment
[4.999s] DEBUG:colcon.colcon_core.event_handler.log_command:Invoked command in '/home/mike/roborama25_ws/build/robo24_interfaces' returned '0': CMAKE_PREFIX_PATH=${CMAKE_PREFIX_PATH}:/home/mike/roborama25_ws/install/robo24_stuff:/home/mike/ros2_ws/install/robo24_stuff:/home/mike/ros2_ws/install/robo24_nav:/home/mike/ros2_ws/install/robo24_localization:/home/mike/ros2_ws/install/robo24_bringup:/home/mike/ros2_ws/install/moonday24_demo:/opt/ros/humble /usr/bin/cmake --build /home/mike/roborama25_ws/build/robo24_interfaces -- -j4 -l4
[5.041s] DEBUG:colcon.colcon_core.event_handler.log_command:Invoking command in '/home/mike/roborama25_ws/build/robo24_interfaces': CMAKE_PREFIX_PATH=${CMAKE_PREFIX_PATH}:/home/mike/roborama25_ws/install/robo24_stuff:/home/mike/ros2_ws/install/robo24_stuff:/home/mike/ros2_ws/install/robo24_nav:/home/mike/ros2_ws/install/robo24_localization:/home/mike/ros2_ws/install/robo24_bringup:/home/mike/ros2_ws/install/moonday24_demo:/opt/ros/humble /usr/bin/cmake --install /home/mike/roborama25_ws/build/robo24_interfaces
[5.408s] Level 1:colcon.colcon_core.environment:create_environment_scripts_only(robo24_interfaces)
[5.410s] DEBUG:colcon.colcon_core.event_handler.log_command:Invoked command in '/home/mike/roborama25_ws/build/robo24_interfaces' returned '0': CMAKE_PREFIX_PATH=${CMAKE_PREFIX_PATH}:/home/mike/roborama25_ws/install/robo24_stuff:/home/mike/ros2_ws/install/robo24_stuff:/home/mike/ros2_ws/install/robo24_nav:/home/mike/ros2_ws/install/robo24_localization:/home/mike/ros2_ws/install/robo24_bringup:/home/mike/ros2_ws/install/moonday24_demo:/opt/ros/humble /usr/bin/cmake --install /home/mike/roborama25_ws/build/robo24_interfaces
[5.434s] Level 1:colcon.colcon_core.environment:checking '/home/mike/roborama25_ws/install/robo24_interfaces' for CMake module files
[5.438s] Level 1:colcon.colcon_core.environment:checking '/home/mike/roborama25_ws/install/robo24_interfaces' for CMake config files
[5.442s] Level 1:colcon.colcon_core.shell:create_environment_hook('robo24_interfaces', 'cmake_prefix_path')
[5.443s] INFO:colcon.colcon_core.shell:Creating environment hook '/home/mike/roborama25_ws/install/robo24_interfaces/share/robo24_interfaces/hook/cmake_prefix_path.ps1'
[5.446s] INFO:colcon.colcon_core.shell:Creating environment descriptor '/home/mike/roborama25_ws/install/robo24_interfaces/share/robo24_interfaces/hook/cmake_prefix_path.dsv'
[5.448s] INFO:colcon.colcon_core.shell:Creating environment hook '/home/mike/roborama25_ws/install/robo24_interfaces/share/robo24_interfaces/hook/cmake_prefix_path.sh'
[5.451s] Level 1:colcon.colcon_core.environment:checking '/home/mike/roborama25_ws/install/robo24_interfaces/lib'
[5.452s] Level 1:colcon.colcon_core.shell:create_environment_hook('robo24_interfaces', 'ld_library_path_lib')
[5.453s] INFO:colcon.colcon_core.shell:Creating environment hook '/home/mike/roborama25_ws/install/robo24_interfaces/share/robo24_interfaces/hook/ld_library_path_lib.ps1'
[5.455s] INFO:colcon.colcon_core.shell:Creating environment descriptor '/home/mike/roborama25_ws/install/robo24_interfaces/share/robo24_interfaces/hook/ld_library_path_lib.dsv'
[5.457s] INFO:colcon.colcon_core.shell:Creating environment hook '/home/mike/roborama25_ws/install/robo24_interfaces/share/robo24_interfaces/hook/ld_library_path_lib.sh'
[5.460s] Level 1:colcon.colcon_core.environment:checking '/home/mike/roborama25_ws/install/robo24_interfaces/bin'
[5.460s] Level 1:colcon.colcon_core.environment:checking '/home/mike/roborama25_ws/install/robo24_interfaces/lib/pkgconfig/robo24_interfaces.pc'
[5.461s] Level 1:colcon.colcon_core.environment:checking '/home/mike/roborama25_ws/install/robo24_interfaces/lib/python3.10/site-packages'
[5.462s] Level 1:colcon.colcon_core.environment:checking '/home/mike/roborama25_ws/install/robo24_interfaces/bin'
[5.464s] INFO:colcon.colcon_core.shell:Creating package script '/home/mike/roborama25_ws/install/robo24_interfaces/share/robo24_interfaces/package.ps1'
[5.468s] INFO:colcon.colcon_core.shell:Creating package descriptor '/home/mike/roborama25_ws/install/robo24_interfaces/share/robo24_interfaces/package.dsv'
[5.473s] INFO:colcon.colcon_core.shell:Creating package script '/home/mike/roborama25_ws/install/robo24_interfaces/share/robo24_interfaces/package.sh'
[5.479s] INFO:colcon.colcon_core.shell:Creating package script '/home/mike/roborama25_ws/install/robo24_interfaces/share/robo24_interfaces/package.bash'
[5.486s] INFO:colcon.colcon_core.shell:Creating package script '/home/mike/roborama25_ws/install/robo24_interfaces/share/robo24_interfaces/package.zsh'
[5.492s] Level 1:colcon.colcon_core.environment:create_file_with_runtime_dependencies(/home/mike/roborama25_ws/install/robo24_interfaces/share/colcon-core/packages/robo24_interfaces)
[5.495s] Level 1:colcon.colcon_core.environment:create_environment_scripts_only(robo24_interfaces)
[5.496s] Level 1:colcon.colcon_core.environment:checking '/home/mike/roborama25_ws/install/robo24_interfaces' for CMake module files
[5.501s] Level 1:colcon.colcon_core.environment:checking '/home/mike/roborama25_ws/install/robo24_interfaces' for CMake config files
[5.505s] Level 1:colcon.colcon_core.shell:create_environment_hook('robo24_interfaces', 'cmake_prefix_path')
[5.506s] INFO:colcon.colcon_core.shell:Creating environment hook '/home/mike/roborama25_ws/install/robo24_interfaces/share/robo24_interfaces/hook/cmake_prefix_path.ps1'
[5.508s] INFO:colcon.colcon_core.shell:Creating environment descriptor '/home/mike/roborama25_ws/install/robo24_interfaces/share/robo24_interfaces/hook/cmake_prefix_path.dsv'
[5.510s] INFO:colcon.colcon_core.shell:Creating environment hook '/home/mike/roborama25_ws/install/robo24_interfaces/share/robo24_interfaces/hook/cmake_prefix_path.sh'
[5.515s] Level 1:colcon.colcon_core.environment:checking '/home/mike/roborama25_ws/install/robo24_interfaces/lib'
[5.516s] Level 1:colcon.colcon_core.shell:create_environment_hook('robo24_interfaces', 'ld_library_path_lib')
[5.517s] INFO:colcon.colcon_core.shell:Creating environment hook '/home/mike/roborama25_ws/install/robo24_interfaces/share/robo24_interfaces/hook/ld_library_path_lib.ps1'
[5.519s] INFO:colcon.colcon_core.shell:Creating environment descriptor '/home/mike/roborama25_ws/install/robo24_interfaces/share/robo24_interfaces/hook/ld_library_path_lib.dsv'
[5.522s] INFO:colcon.colcon_core.shell:Creating environment hook '/home/mike/roborama25_ws/install/robo24_interfaces/share/robo24_interfaces/hook/ld_library_path_lib.sh'
[5.524s] Level 1:colcon.colcon_core.environment:checking '/home/mike/roborama25_ws/install/robo24_interfaces/bin'
[5.525s] Level 1:colcon.colcon_core.environment:checking '/home/mike/roborama25_ws/install/robo24_interfaces/lib/pkgconfig/robo24_interfaces.pc'
[5.526s] Level 1:colcon.colcon_core.environment:checking '/home/mike/roborama25_ws/install/robo24_interfaces/lib/python3.10/site-packages'
[5.527s] Level 1:colcon.colcon_core.environment:checking '/home/mike/roborama25_ws/install/robo24_interfaces/bin'
[5.528s] INFO:colcon.colcon_core.shell:Creating package script '/home/mike/roborama25_ws/install/robo24_interfaces/share/robo24_interfaces/package.ps1'
[5.531s] INFO:colcon.colcon_core.shell:Creating package descriptor '/home/mike/roborama25_ws/install/robo24_interfaces/share/robo24_interfaces/package.dsv'
[5.534s] INFO:colcon.colcon_core.shell:Creating package script '/home/mike/roborama25_ws/install/robo24_interfaces/share/robo24_interfaces/package.sh'
[5.537s] INFO:colcon.colcon_core.shell:Creating package script '/home/mike/roborama25_ws/install/robo24_interfaces/share/robo24_interfaces/package.bash'
[5.540s] INFO:colcon.colcon_core.shell:Creating package script '/home/mike/roborama25_ws/install/robo24_interfaces/share/robo24_interfaces/package.zsh'
[5.542s] Level 1:colcon.colcon_core.environment:create_file_with_runtime_dependencies(/home/mike/roborama25_ws/install/robo24_interfaces/share/colcon-core/packages/robo24_interfaces)
[6.556s] DEBUG:colcon.colcon_core.event_handler.log_command:Invoking command in '/home/mike/roborama25_ws/src/robo24_stuff': PYTHONPATH=/home/mike/roborama25_ws/build/robo24_stuff/prefix_override:/usr/lib/python3/dist-packages/colcon_core/task/python/colcon_distutils_commands:/home/mike/roborama25_ws/install/robo24_stuff/lib/python3.10/site-packages:${PYTHONPATH} /usr/bin/python3 -W ignore:setup.py install is deprecated -W ignore:easy_install command is deprecated setup.py egg_info --egg-base ../../build/robo24_stuff build --build-base /home/mike/roborama25_ws/build/robo24_stuff/build install --record /home/mike/roborama25_ws/build/robo24_stuff/install.log --single-version-externally-managed install_data
[7.911s] Level 1:colcon.colcon_core.environment:checking '/home/mike/roborama25_ws/install/robo24_stuff' for CMake module files
[7.913s] DEBUG:colcon.colcon_core.event_handler.log_command:Invoked command in '/home/mike/roborama25_ws/src/robo24_stuff' returned '0': PYTHONPATH=/home/mike/roborama25_ws/build/robo24_stuff/prefix_override:/usr/lib/python3/dist-packages/colcon_core/task/python/colcon_distutils_commands:/home/mike/roborama25_ws/install/robo24_stuff/lib/python3.10/site-packages:${PYTHONPATH} /usr/bin/python3 -W ignore:setup.py install is deprecated -W ignore:easy_install command is deprecated setup.py egg_info --egg-base ../../build/robo24_stuff build --build-base /home/mike/roborama25_ws/build/robo24_stuff/build install --record /home/mike/roborama25_ws/build/robo24_stuff/install.log --single-version-externally-managed install_data
[7.915s] Level 1:colcon.colcon_core.environment:checking '/home/mike/roborama25_ws/install/robo24_stuff' for CMake config files
[7.919s] Level 1:colcon.colcon_core.environment:checking '/home/mike/roborama25_ws/install/robo24_stuff/lib'
[7.919s] Level 1:colcon.colcon_core.environment:checking '/home/mike/roborama25_ws/install/robo24_stuff/bin'
[7.920s] Level 1:colcon.colcon_core.environment:checking '/home/mike/roborama25_ws/install/robo24_stuff/lib/pkgconfig/robo24_stuff.pc'
[7.920s] Level 1:colcon.colcon_core.environment:checking '/home/mike/roborama25_ws/install/robo24_stuff/lib/python3.10/site-packages'
[7.921s] Level 1:colcon.colcon_core.shell:create_environment_hook('robo24_stuff', 'pythonpath')
[7.922s] INFO:colcon.colcon_core.shell:Creating environment hook '/home/mike/roborama25_ws/install/robo24_stuff/share/robo24_stuff/hook/pythonpath.ps1'
[7.925s] INFO:colcon.colcon_core.shell:Creating environment descriptor '/home/mike/roborama25_ws/install/robo24_stuff/share/robo24_stuff/hook/pythonpath.dsv'
[7.928s] INFO:colcon.colcon_core.shell:Creating environment hook '/home/mike/roborama25_ws/install/robo24_stuff/share/robo24_stuff/hook/pythonpath.sh'
[7.931s] Level 1:colcon.colcon_core.environment:checking '/home/mike/roborama25_ws/install/robo24_stuff/bin'
[7.931s] Level 1:colcon.colcon_core.environment:create_environment_scripts_only(robo24_stuff)
[7.933s] INFO:colcon.colcon_core.shell:Creating package script '/home/mike/roborama25_ws/install/robo24_stuff/share/robo24_stuff/package.ps1'
[7.935s] INFO:colcon.colcon_core.shell:Creating package descriptor '/home/mike/roborama25_ws/install/robo24_stuff/share/robo24_stuff/package.dsv'
[7.937s] INFO:colcon.colcon_core.shell:Creating package script '/home/mike/roborama25_ws/install/robo24_stuff/share/robo24_stuff/package.sh'
[7.939s] INFO:colcon.colcon_core.shell:Creating package script '/home/mike/roborama25_ws/install/robo24_stuff/share/robo24_stuff/package.bash'
[7.941s] INFO:colcon.colcon_core.shell:Creating package script '/home/mike/roborama25_ws/install/robo24_stuff/share/robo24_stuff/package.zsh'
[7.943s] Level 1:colcon.colcon_core.environment:create_file_with_runtime_dependencies(/home/mike/roborama25_ws/install/robo24_stuff/share/colcon-core/packages/robo24_stuff)
[7.944s] DEBUG:colcon.colcon_parallel_executor.executor.parallel:closing loop
[7.945s] DEBUG:colcon.colcon_parallel_executor.executor.parallel:loop closed
[7.946s] DEBUG:colcon.colcon_parallel_executor.executor.parallel:run_until_complete finished with '0'
[7.946s] DEBUG:colcon.colcon_core.event_reactor:joining thread
[7.974s] INFO:colcon.colcon_core.plugin_system:Skipping extension 'colcon_notification.desktop_notification.notify_send': Could not find 'notify-send'
[7.975s] INFO:colcon.colcon_core.plugin_system:Skipping extension 'colcon_notification.desktop_notification.terminal_notifier': Not used on non-Darwin systems
[7.975s] INFO:colcon.colcon_core.plugin_system:Skipping extension 'colcon_notification.desktop_notification.win32': Not used on non-Windows systems
[7.975s] INFO:colcon.colcon_notification.desktop_notification:Sending desktop notification using 'notify2'
[7.978s] DEBUG:colcon.colcon_notification.desktop_notification.notify2:Failed to initialize notify2: org.freedesktop.DBus.Error.ServiceUnknown: The name org.freedesktop.Notifications was not provided by any .service files
[7.979s] DEBUG:colcon.colcon_core.event_reactor:joined thread
[7.980s] INFO:colcon.colcon_core.shell:Creating prefix script '/home/mike/roborama25_ws/install/local_setup.ps1'
[7.984s] INFO:colcon.colcon_core.shell:Creating prefix util module '/home/mike/roborama25_ws/install/_local_setup_util_ps1.py'
[7.994s] INFO:colcon.colcon_core.shell:Creating prefix chain script '/home/mike/roborama25_ws/install/setup.ps1'
[8.002s] INFO:colcon.colcon_core.shell:Creating prefix script '/home/mike/roborama25_ws/install/local_setup.sh'
[8.006s] INFO:colcon.colcon_core.shell:Creating prefix util module '/home/mike/roborama25_ws/install/_local_setup_util_sh.py'
[8.009s] INFO:colcon.colcon_core.shell:Creating prefix chain script '/home/mike/roborama25_ws/install/setup.sh'
[8.017s] INFO:colcon.colcon_core.shell:Creating prefix script '/home/mike/roborama25_ws/install/local_setup.bash'
[8.021s] INFO:colcon.colcon_core.shell:Creating prefix chain script '/home/mike/roborama25_ws/install/setup.bash'
[8.029s] INFO:colcon.colcon_core.shell:Creating prefix script '/home/mike/roborama25_ws/install/local_setup.zsh'
[8.032s] INFO:colcon.colcon_core.shell:Creating prefix chain script '/home/mike/roborama25_ws/install/setup.zsh'
