[4.277s] Invoking command in '/home/mike/roborama25_ws/src/robo24_stuff': PYTHONPATH=/home/mike/roborama25_ws/build/robo24_stuff/prefix_override:/usr/lib/python3/dist-packages/colcon_core/task/python/colcon_distutils_commands:/home/mike/roborama25_ws/install/robo24_stuff/lib/python3.10/site-packages:${PYTHONPATH} /usr/bin/python3 -W ignore:setup.py install is deprecated -W ignore:easy_install command is deprecated setup.py egg_info --egg-base ../../build/robo24_stuff build --build-base /home/mike/roborama25_ws/build/robo24_stuff/build install --record /home/mike/roborama25_ws/build/robo24_stuff/install.log --single-version-externally-managed install_data
[5.443s] running egg_info
[5.445s] writing ../../build/robo24_stuff/robo24_stuff.egg-info/PKG-INFO
[5.446s] writing dependency_links to ../../build/robo24_stuff/robo24_stuff.egg-info/dependency_links.txt
[5.447s] writing entry points to ../../build/robo24_stuff/robo24_stuff.egg-info/entry_points.txt
[5.448s] writing requirements to ../../build/robo24_stuff/robo24_stuff.egg-info/requires.txt
[5.449s] writing top-level names to ../../build/robo24_stuff/robo24_stuff.egg-info/top_level.txt
[5.459s] reading manifest file '../../build/robo24_stuff/robo24_stuff.egg-info/SOURCES.txt'
[5.463s] writing manifest file '../../build/robo24_stuff/robo24_stuff.egg-info/SOURCES.txt'
[5.464s] running build
[5.464s] running build_py
[5.466s] copying robo24_stuff/sensor_serial_node.py -> /home/mike/roborama25_ws/build/robo24_stuff/build/lib/robo24_stuff
[5.469s] running install
[5.470s] running install_lib
[5.474s] copying /home/mike/roborama25_ws/build/robo24_stuff/build/lib/robo24_stuff/sensor_serial_node.py -> /home/mike/roborama25_ws/install/robo24_stuff/lib/python3.10/site-packages/robo24_stuff
[5.479s] byte-compiling /home/mike/roborama25_ws/install/robo24_stuff/lib/python3.10/site-packages/robo24_stuff/sensor_serial_node.py to sensor_serial_node.cpython-310.pyc
[5.488s] running install_data
[5.489s] running install_egg_info
[5.496s] removing '/home/mike/roborama25_ws/install/robo24_stuff/lib/python3.10/site-packages/robo24_stuff-0.0.0-py3.10.egg-info' (and everything under it)
[5.498s] Copying ../../build/robo24_stuff/robo24_stuff.egg-info to /home/mike/roborama25_ws/install/robo24_stuff/lib/python3.10/site-packages/robo24_stuff-0.0.0-py3.10.egg-info
[5.504s] running install_scripts
[5.578s] Installing openmv_serial_node script to /home/mike/roborama25_ws/install/robo24_stuff/lib/robo24_stuff
[5.579s] Installing robo24_can_xy_node script to /home/mike/roborama25_ws/install/robo24_stuff/lib/robo24_stuff
[5.580s] Installing robo24_diynav_node script to /home/mike/roborama25_ws/install/robo24_stuff/lib/robo24_stuff
[5.581s] Installing robo24_diyslam_node script to /home/mike/roborama25_ws/install/robo24_stuff/lib/robo24_stuff
[5.582s] Installing robo24_imu_serial_node script to /home/mike/roborama25_ws/install/robo24_stuff/lib/robo24_stuff
[5.583s] Installing robo24_teleop_node script to /home/mike/roborama25_ws/install/robo24_stuff/lib/robo24_stuff
[5.584s] Installing robo24_watch_serial_node script to /home/mike/roborama25_ws/install/robo24_stuff/lib/robo24_stuff
[5.585s] Installing robo24_wheel_controller_node script to /home/mike/roborama25_ws/install/robo24_stuff/lib/robo24_stuff
[5.585s] Installing sensor_serial_node script to /home/mike/roborama25_ws/install/robo24_stuff/lib/robo24_stuff
[5.588s] writing list of installed files to '/home/mike/roborama25_ws/build/robo24_stuff/install.log'
[5.713s] Invoked command in '/home/mike/roborama25_ws/src/robo24_stuff' returned '0': PYTHONPATH=/home/mike/roborama25_ws/build/robo24_stuff/prefix_override:/usr/lib/python3/dist-packages/colcon_core/task/python/colcon_distutils_commands:/home/mike/roborama25_ws/install/robo24_stuff/lib/python3.10/site-packages:${PYTHONPATH} /usr/bin/python3 -W ignore:setup.py install is deprecated -W ignore:easy_install command is deprecated setup.py egg_info --egg-base ../../build/robo24_stuff build --build-base /home/mike/roborama25_ws/build/robo24_stuff/build install --record /home/mike/roborama25_ws/build/robo24_stuff/install.log --single-version-externally-managed install_data
