[1.917s] Invoking command in '/home/mike/roborama25_ws/build/sllidar_ros2': CMAKE_PREFIX_PATH=${CMAKE_PREFIX_PATH}:/home/mike/roborama25_ws/install/robo24_stuff:/home/mike/ros2_ws/install/robo24_stuff:/home/mike/ros2_ws/install/robo24_nav:/home/mike/ros2_ws/install/robo24_localization:/home/mike/ros2_ws/install/robo24_bringup:/home/mike/ros2_ws/install/moonday24_demo:/opt/ros/humble /usr/bin/cmake --build /home/mike/roborama25_ws/build/sllidar_ros2 -- -j4 -l4
[2.411s] [ 10%] Built target sllidar_client
[2.466s] [100%] Built target sllidar_node
[2.601s] Invoked command in '/home/mike/roborama25_ws/build/sllidar_ros2' returned '0': CMAKE_PREFIX_PATH=${CMAKE_PREFIX_PATH}:/home/mike/roborama25_ws/install/robo24_stuff:/home/mike/ros2_ws/install/robo24_stuff:/home/mike/ros2_ws/install/robo24_nav:/home/mike/ros2_ws/install/robo24_localization:/home/mike/ros2_ws/install/robo24_bringup:/home/mike/ros2_ws/install/moonday24_demo:/opt/ros/humble /usr/bin/cmake --build /home/mike/roborama25_ws/build/sllidar_ros2 -- -j4 -l4
[2.603s] Invoking command in '/home/mike/roborama25_ws/build/sllidar_ros2': CMAKE_PREFIX_PATH=${CMAKE_PREFIX_PATH}:/home/mike/roborama25_ws/install/robo24_stuff:/home/mike/ros2_ws/install/robo24_stuff:/home/mike/ros2_ws/install/robo24_nav:/home/mike/ros2_ws/install/robo24_localization:/home/mike/ros2_ws/install/robo24_bringup:/home/mike/ros2_ws/install/moonday24_demo:/opt/ros/humble /usr/bin/cmake --install /home/mike/roborama25_ws/build/sllidar_ros2
[2.799s] -- Install configuration: ""
[2.799s] -- Up-to-date: /home/mike/roborama25_ws/install/sllidar_ros2/share/sllidar_ros2/launch
[2.800s] -- Up-to-date: /home/mike/roborama25_ws/install/sllidar_ros2/share/sllidar_ros2/launch/view_sllidar_a3_launch.py
[2.801s] -- Up-to-date: /home/mike/roborama25_ws/install/sllidar_ros2/share/sllidar_ros2/launch/view_sllidar_a2m8_launch.py
[2.801s] -- Up-to-date: /home/mike/roborama25_ws/install/sllidar_ros2/share/sllidar_ros2/launch/view_sllidar_c1_launch.py
[2.802s] -- Up-to-date: /home/mike/roborama25_ws/install/sllidar_ros2/share/sllidar_ros2/launch/sllidar_a3_launch.py
[2.802s] -- Up-to-date: /home/mike/roborama25_ws/install/sllidar_ros2/share/sllidar_ros2/launch/view_sllidar_s3_launch.py
[2.803s] -- Up-to-date: /home/mike/roborama25_ws/install/sllidar_ros2/share/sllidar_ros2/launch/view_sllidar_s2e_launch.py
[2.804s] -- Up-to-date: /home/mike/roborama25_ws/install/sllidar_ros2/share/sllidar_ros2/launch/sllidar_s1_launch.py
[2.804s] -- Up-to-date: /home/mike/roborama25_ws/install/sllidar_ros2/share/sllidar_ros2/launch/sllidar_s1_tcp_launch.py
[2.805s] -- Up-to-date: /home/mike/roborama25_ws/install/sllidar_ros2/share/sllidar_ros2/launch/sllidar_s2_launch.py
[2.813s] -- Up-to-date: /home/mike/roborama25_ws/install/sllidar_ros2/share/sllidar_ros2/launch/sllidar_a1_launch.py
[2.814s] -- Up-to-date: /home/mike/roborama25_ws/install/sllidar_ros2/share/sllidar_ros2/launch/view_sllidar_s1_launch.py
[2.814s] -- Up-to-date: /home/mike/roborama25_ws/install/sllidar_ros2/share/sllidar_ros2/launch/sllidar_c1_launch.py
[2.815s] -- Up-to-date: /home/mike/roborama25_ws/install/sllidar_ros2/share/sllidar_ros2/launch/sllidar_s3_launch.py
[2.816s] -- Up-to-date: /home/mike/roborama25_ws/install/sllidar_ros2/share/sllidar_ros2/launch/view_sllidar_a2m7_launch.py
[2.816s] -- Up-to-date: /home/mike/roborama25_ws/install/sllidar_ros2/share/sllidar_ros2/launch/sllidar_t1_launch.py
[2.821s] -- Up-to-date: /home/mike/roborama25_ws/install/sllidar_ros2/share/sllidar_ros2/launch/view_sllidar_a2m12_launch.py
[2.834s] -- Up-to-date: /home/mike/roborama25_ws/install/sllidar_ros2/share/sllidar_ros2/launch/sllidar_a2m12_launch .py
[2.835s] -- Up-to-date: /home/mike/roborama25_ws/install/sllidar_ros2/share/sllidar_ros2/launch/view_sllidar_s2_launch.py
[2.836s] -- Up-to-date: /home/mike/roborama25_ws/install/sllidar_ros2/share/sllidar_ros2/launch/view_sllidar_s1_tcp_launch.py
[2.836s] -- Up-to-date: /home/mike/roborama25_ws/install/sllidar_ros2/share/sllidar_ros2/launch/view_sllidar_a1_launch.py
[2.837s] -- Up-to-date: /home/mike/roborama25_ws/install/sllidar_ros2/share/sllidar_ros2/launch/sllidar_a2m7_launch.py
[2.838s] -- Up-to-date: /home/mike/roborama25_ws/install/sllidar_ros2/share/sllidar_ros2/launch/view_sllidar_t1_launch.py
[2.838s] -- Up-to-date: /home/mike/roborama25_ws/install/sllidar_ros2/share/sllidar_ros2/launch/sllidar_a2m8_launch.py
[2.839s] -- Up-to-date: /home/mike/roborama25_ws/install/sllidar_ros2/share/sllidar_ros2/launch/sllidar_s2e_launch.py
[2.840s] -- Up-to-date: /home/mike/roborama25_ws/install/sllidar_ros2/share/sllidar_ros2/rviz
[2.840s] -- Up-to-date: /home/mike/roborama25_ws/install/sllidar_ros2/share/sllidar_ros2/rviz/sllidar_ros2.rviz
[2.841s] -- Up-to-date: /home/mike/roborama25_ws/install/sllidar_ros2/lib/sllidar_ros2/sllidar_node
[2.841s] -- Up-to-date: /home/mike/roborama25_ws/install/sllidar_ros2/lib/sllidar_ros2/sllidar_client
[2.842s] -- Up-to-date: /home/mike/roborama25_ws/install/sllidar_ros2/share/ament_index/resource_index/package_run_dependencies/sllidar_ros2
[2.843s] -- Up-to-date: /home/mike/roborama25_ws/install/sllidar_ros2/share/ament_index/resource_index/parent_prefix_path/sllidar_ros2
[2.843s] -- Up-to-date: /home/mike/roborama25_ws/install/sllidar_ros2/share/sllidar_ros2/environment/ament_prefix_path.sh
[2.844s] -- Up-to-date: /home/mike/roborama25_ws/install/sllidar_ros2/share/sllidar_ros2/environment/ament_prefix_path.dsv
[2.845s] -- Up-to-date: /home/mike/roborama25_ws/install/sllidar_ros2/share/sllidar_ros2/environment/path.sh
[2.859s] -- Up-to-date: /home/mike/roborama25_ws/install/sllidar_ros2/share/sllidar_ros2/environment/path.dsv
[2.860s] -- Up-to-date: /home/mike/roborama25_ws/install/sllidar_ros2/share/sllidar_ros2/local_setup.bash
[2.861s] -- Up-to-date: /home/mike/roborama25_ws/install/sllidar_ros2/share/sllidar_ros2/local_setup.sh
[2.862s] -- Up-to-date: /home/mike/roborama25_ws/install/sllidar_ros2/share/sllidar_ros2/local_setup.zsh
[2.862s] -- Up-to-date: /home/mike/roborama25_ws/install/sllidar_ros2/share/sllidar_ros2/local_setup.dsv
[2.863s] -- Installing: /home/mike/roborama25_ws/install/sllidar_ros2/share/sllidar_ros2/package.dsv
[2.863s] -- Up-to-date: /home/mike/roborama25_ws/install/sllidar_ros2/share/ament_index/resource_index/packages/sllidar_ros2
[2.864s] -- Up-to-date: /home/mike/roborama25_ws/install/sllidar_ros2/share/sllidar_ros2/cmake/ament_cmake_export_dependencies-extras.cmake
[2.864s] -- Up-to-date: /home/mike/roborama25_ws/install/sllidar_ros2/share/sllidar_ros2/cmake/ament_cmake_export_include_directories-extras.cmake
[2.865s] -- Up-to-date: /home/mike/roborama25_ws/install/sllidar_ros2/share/sllidar_ros2/cmake/sllidar_ros2Config.cmake
[2.866s] -- Up-to-date: /home/mike/roborama25_ws/install/sllidar_ros2/share/sllidar_ros2/cmake/sllidar_ros2Config-version.cmake
[2.866s] -- Up-to-date: /home/mike/roborama25_ws/install/sllidar_ros2/share/sllidar_ros2/package.xml
[2.867s] Invoked command in '/home/mike/roborama25_ws/build/sllidar_ros2' returned '0': CMAKE_PREFIX_PATH=${CMAKE_PREFIX_PATH}:/home/mike/roborama25_ws/install/robo24_stuff:/home/mike/ros2_ws/install/robo24_stuff:/home/mike/ros2_ws/install/robo24_nav:/home/mike/ros2_ws/install/robo24_localization:/home/mike/ros2_ws/install/robo24_bringup:/home/mike/ros2_ws/install/moonday24_demo:/opt/ros/humble /usr/bin/cmake --install /home/mike/roborama25_ws/build/sllidar_ros2
